[1.707s] DEBUG:colcon:Command line arguments: ['/usr/bin/colcon', 'build']
[1.707s] DEBUG:colcon:Parsed command line arguments: Namespace(log_base=None, log_level=None, verb_name='build', build_base='build', install_base='install', merge_install=False, symlink_install=False, test_result_base=None, continue_on_error=False, executor='parallel', parallel_workers=4, event_handlers=None, ignore_user_meta=False, metas=['./colcon.meta'], base_paths=['.'], packages_ignore=None, packages_ignore_regex=None, paths=None, packages_up_to=None, packages_up_to_regex=None, packages_above=None, packages_above_and_dependencies=None, packages_above_depth=None, packages_select_by_dep=None, packages_skip_by_dep=None, packages_skip_up_to=None, packages_select_build_failed=False, packages_skip_build_finished=False, packages_select_test_failures=False, packages_skip_test_passed=False, packages_select=None, packages_skip=None, packages_select_regex=None, packages_skip_regex=None, packages_start=None, packages_end=None, allow_overriding=[], cmake_args=None, cmake_target=None, cmake_target_skip_unavailable=False, cmake_clean_cache=False, cmake_clean_first=False, cmake_force_configure=False, ament_cmake_args=None, catkin_cmake_args=None, catkin_skip_building_tests=False, mixin_files=None, mixin=None, verb_parser=<colcon_mixin.mixin.mixin_argument.MixinArgumentDecorator object at 0xffff7e1ddb10>, verb_extension=<colcon_core.verb.build.BuildVerb object at 0xffff7e46ec80>, main=<bound method BuildVerb.main of <colcon_core.verb.build.BuildVerb object at 0xffff7e46ec80>>, mixin_verb=('build',))
[3.070s] Level 1:colcon.colcon_core.package_discovery:discover_packages(colcon_meta) check parameters
[3.071s] Level 1:colcon.colcon_core.package_discovery:discover_packages(recursive) check parameters
[3.071s] Level 1:colcon.colcon_core.package_discovery:discover_packages(ignore) check parameters
[3.071s] Level 1:colcon.colcon_core.package_discovery:discover_packages(path) check parameters
[3.071s] Level 1:colcon.colcon_core.package_discovery:discover_packages(colcon_meta) discover
[3.072s] Level 1:colcon.colcon_core.package_discovery:discover_packages(recursive) discover
[3.072s] INFO:colcon.colcon_core.package_discovery:Crawling recursively for packages in '/home/pi/omnicar_ws'
[3.073s] Level 1:colcon.colcon_core.package_identification:_identify(.) by extensions ['ignore', 'ignore_ament_install']
[3.073s] Level 1:colcon.colcon_core.package_identification:_identify(.) by extension 'ignore'
[3.073s] Level 1:colcon.colcon_core.package_identification:_identify(.) by extension 'ignore_ament_install'
[3.074s] Level 1:colcon.colcon_core.package_identification:_identify(.) by extensions ['colcon_pkg']
[3.074s] Level 1:colcon.colcon_core.package_identification:_identify(.) by extension 'colcon_pkg'
[3.075s] Level 1:colcon.colcon_core.package_identification:_identify(.) by extensions ['colcon_meta']
[3.075s] Level 1:colcon.colcon_core.package_identification:_identify(.) by extension 'colcon_meta'
[3.075s] Level 1:colcon.colcon_core.package_identification:_identify(.) by extensions ['ros']
[3.075s] Level 1:colcon.colcon_core.package_identification:_identify(.) by extension 'ros'
[3.194s] Level 1:colcon.colcon_core.package_identification:_identify(.) by extensions ['cmake', 'python']
[3.194s] Level 1:colcon.colcon_core.package_identification:_identify(.) by extension 'cmake'
[3.194s] Level 1:colcon.colcon_core.package_identification:_identify(.) by extension 'python'
[3.195s] Level 1:colcon.colcon_core.package_identification:_identify(.) by extensions ['python_setup_py']
[3.195s] Level 1:colcon.colcon_core.package_identification:_identify(.) by extension 'python_setup_py'
[3.195s] Level 1:colcon.colcon_core.package_identification:_identify(build) by extensions ['ignore', 'ignore_ament_install']
[3.196s] Level 1:colcon.colcon_core.package_identification:_identify(build) by extension 'ignore'
[3.196s] Level 1:colcon.colcon_core.package_identification:_identify(build) ignored
[3.197s] Level 1:colcon.colcon_core.package_identification:_identify(install) by extensions ['ignore', 'ignore_ament_install']
[3.197s] Level 1:colcon.colcon_core.package_identification:_identify(install) by extension 'ignore'
[3.197s] Level 1:colcon.colcon_core.package_identification:_identify(install) ignored
[3.198s] Level 1:colcon.colcon_core.package_identification:_identify(log) by extensions ['ignore', 'ignore_ament_install']
[3.198s] Level 1:colcon.colcon_core.package_identification:_identify(log) by extension 'ignore'
[3.198s] Level 1:colcon.colcon_core.package_identification:_identify(log) ignored
[3.199s] Level 1:colcon.colcon_core.package_identification:_identify(src) by extensions ['ignore', 'ignore_ament_install']
[3.199s] Level 1:colcon.colcon_core.package_identification:_identify(src) by extension 'ignore'
[3.199s] Level 1:colcon.colcon_core.package_identification:_identify(src) by extension 'ignore_ament_install'
[3.200s] Level 1:colcon.colcon_core.package_identification:_identify(src) by extensions ['colcon_pkg']
[3.200s] Level 1:colcon.colcon_core.package_identification:_identify(src) by extension 'colcon_pkg'
[3.200s] Level 1:colcon.colcon_core.package_identification:_identify(src) by extensions ['colcon_meta']
[3.200s] Level 1:colcon.colcon_core.package_identification:_identify(src) by extension 'colcon_meta'
[3.200s] Level 1:colcon.colcon_core.package_identification:_identify(src) by extensions ['ros']
[3.201s] Level 1:colcon.colcon_core.package_identification:_identify(src) by extension 'ros'
[3.201s] Level 1:colcon.colcon_core.package_identification:_identify(src) by extensions ['cmake', 'python']
[3.201s] Level 1:colcon.colcon_core.package_identification:_identify(src) by extension 'cmake'
[3.201s] Level 1:colcon.colcon_core.package_identification:_identify(src) by extension 'python'
[3.202s] Level 1:colcon.colcon_core.package_identification:_identify(src) by extensions ['python_setup_py']
[3.202s] Level 1:colcon.colcon_core.package_identification:_identify(src) by extension 'python_setup_py'
[3.202s] Level 1:colcon.colcon_core.package_identification:_identify(src/diffdrive_arduino) by extensions ['ignore', 'ignore_ament_install']
[3.203s] Level 1:colcon.colcon_core.package_identification:_identify(src/diffdrive_arduino) by extension 'ignore'
[3.203s] Level 1:colcon.colcon_core.package_identification:_identify(src/diffdrive_arduino) by extension 'ignore_ament_install'
[3.203s] Level 1:colcon.colcon_core.package_identification:_identify(src/diffdrive_arduino) by extensions ['colcon_pkg']
[3.203s] Level 1:colcon.colcon_core.package_identification:_identify(src/diffdrive_arduino) by extension 'colcon_pkg'
[3.203s] Level 1:colcon.colcon_core.package_identification:_identify(src/diffdrive_arduino) by extensions ['colcon_meta']
[3.204s] Level 1:colcon.colcon_core.package_identification:_identify(src/diffdrive_arduino) by extension 'colcon_meta'
[3.204s] Level 1:colcon.colcon_core.package_identification:_identify(src/diffdrive_arduino) by extensions ['ros']
[3.204s] Level 1:colcon.colcon_core.package_identification:_identify(src/diffdrive_arduino) by extension 'ros'
[3.226s] DEBUG:colcon.colcon_core.package_identification:Package 'src/diffdrive_arduino' with type 'ros.ament_cmake' and name 'diffdrive_arduino'
[3.228s] Level 1:colcon.colcon_core.package_identification:_identify(src/mecanum_drive_controller) by extensions ['ignore', 'ignore_ament_install']
[3.229s] Level 1:colcon.colcon_core.package_identification:_identify(src/mecanum_drive_controller) by extension 'ignore'
[3.229s] Level 1:colcon.colcon_core.package_identification:_identify(src/mecanum_drive_controller) by extension 'ignore_ament_install'
[3.230s] Level 1:colcon.colcon_core.package_identification:_identify(src/mecanum_drive_controller) by extensions ['colcon_pkg']
[3.230s] Level 1:colcon.colcon_core.package_identification:_identify(src/mecanum_drive_controller) by extension 'colcon_pkg'
[3.230s] Level 1:colcon.colcon_core.package_identification:_identify(src/mecanum_drive_controller) by extensions ['colcon_meta']
[3.230s] Level 1:colcon.colcon_core.package_identification:_identify(src/mecanum_drive_controller) by extension 'colcon_meta'
[3.230s] Level 1:colcon.colcon_core.package_identification:_identify(src/mecanum_drive_controller) by extensions ['ros']
[3.231s] Level 1:colcon.colcon_core.package_identification:_identify(src/mecanum_drive_controller) by extension 'ros'
[3.243s] DEBUG:colcon.colcon_core.package_identification:Package 'src/mecanum_drive_controller' with type 'ros.ament_cmake' and name 'mecanum_drive_controller'
[3.244s] Level 1:colcon.colcon_core.package_identification:_identify(src/omnicar) by extensions ['ignore', 'ignore_ament_install']
[3.245s] Level 1:colcon.colcon_core.package_identification:_identify(src/omnicar) by extension 'ignore'
[3.245s] Level 1:colcon.colcon_core.package_identification:_identify(src/omnicar) by extension 'ignore_ament_install'
[3.246s] Level 1:colcon.colcon_core.package_identification:_identify(src/omnicar) by extensions ['colcon_pkg']
[3.246s] Level 1:colcon.colcon_core.package_identification:_identify(src/omnicar) by extension 'colcon_pkg'
[3.247s] Level 1:colcon.colcon_core.package_identification:_identify(src/omnicar) by extensions ['colcon_meta']
[3.247s] Level 1:colcon.colcon_core.package_identification:_identify(src/omnicar) by extension 'colcon_meta'
[3.247s] Level 1:colcon.colcon_core.package_identification:_identify(src/omnicar) by extensions ['ros']
[3.247s] Level 1:colcon.colcon_core.package_identification:_identify(src/omnicar) by extension 'ros'
[3.251s] DEBUG:colcon.colcon_core.package_identification:Package 'src/omnicar' with type 'ros.ament_cmake' and name 'omnicar'
[3.252s] Level 1:colcon.colcon_core.package_discovery:discover_packages(recursive) using defaults
[3.252s] Level 1:colcon.colcon_core.package_discovery:discover_packages(ignore) discover
[3.252s] Level 1:colcon.colcon_core.package_discovery:discover_packages(ignore) using defaults
[3.253s] Level 1:colcon.colcon_core.package_discovery:discover_packages(path) discover
[3.253s] Level 1:colcon.colcon_core.package_discovery:discover_packages(path) using defaults
[3.382s] Level 1:colcon.colcon_core.package_discovery:discover_packages(prefix_path) check parameters
[3.383s] Level 1:colcon.colcon_core.package_discovery:discover_packages(prefix_path) discover
[3.391s] WARNING:colcon.colcon_ros.prefix_path.ament:The path '/home/pi/omnicar_ws/install/mecanum_drive_controller' in the environment variable AMENT_PREFIX_PATH doesn't exist
[3.392s] WARNING:colcon.colcon_ros.prefix_path.catkin:The path '/home/pi/omnicar_ws/install/mecanum_drive_controller' in the environment variable CMAKE_PREFIX_PATH doesn't exist
[3.406s] DEBUG:colcon.colcon_installed_package_information.package_discovery:Found 2 installed packages in /home/pi/omnicar_ws/install
[3.425s] DEBUG:colcon.colcon_installed_package_information.package_discovery:Found 323 installed packages in /opt/ros/humble
[3.433s] Level 1:colcon.colcon_core.package_discovery:discover_packages(prefix_path) using defaults
[3.826s] WARNING:colcon.colcon_core.package_selection:Some selected packages are already built in one or more underlay workspaces:
	'mecanum_drive_controller' is in: /opt/ros/humble
If a package in a merged underlay workspace is overridden and it installs headers, then all packages in the overlay must sort their include directories by workspace order. Failure to do so may result in build failures or undefined behavior at run time.
If the overridden package is used by another package in any underlay, then the overriding package in the overlay must be API and ABI compatible or undefined behavior at run time may occur.

If you understand the risks and want to override a package anyways, add the following to the command line:
	--allow-overriding mecanum_drive_controller

This may be promoted to an error in a future release of colcon-override-check.
[3.829s] Level 5:colcon.colcon_core.verb:set package 'diffdrive_arduino' build argument 'cmake_args' from command line to 'None'
[3.830s] Level 5:colcon.colcon_core.verb:set package 'diffdrive_arduino' build argument 'cmake_target' from command line to 'None'
[3.830s] Level 5:colcon.colcon_core.verb:set package 'diffdrive_arduino' build argument 'cmake_target_skip_unavailable' from command line to 'False'
[3.830s] Level 5:colcon.colcon_core.verb:set package 'diffdrive_arduino' build argument 'cmake_clean_cache' from command line to 'False'
[3.830s] Level 5:colcon.colcon_core.verb:set package 'diffdrive_arduino' build argument 'cmake_clean_first' from command line to 'False'
[3.830s] Level 5:colcon.colcon_core.verb:set package 'diffdrive_arduino' build argument 'cmake_force_configure' from command line to 'False'
[3.830s] Level 5:colcon.colcon_core.verb:set package 'diffdrive_arduino' build argument 'ament_cmake_args' from command line to 'None'
[3.831s] Level 5:colcon.colcon_core.verb:set package 'diffdrive_arduino' build argument 'catkin_cmake_args' from command line to 'None'
[3.831s] Level 5:colcon.colcon_core.verb:set package 'diffdrive_arduino' build argument 'catkin_skip_building_tests' from command line to 'False'
[3.831s] DEBUG:colcon.colcon_core.verb:Building package 'diffdrive_arduino' with the following arguments: {'ament_cmake_args': None, 'build_base': '/home/pi/omnicar_ws/build/diffdrive_arduino', 'catkin_cmake_args': None, 'catkin_skip_building_tests': False, 'cmake_args': None, 'cmake_clean_cache': False, 'cmake_clean_first': False, 'cmake_force_configure': False, 'cmake_target': None, 'cmake_target_skip_unavailable': False, 'install_base': '/home/pi/omnicar_ws/install/diffdrive_arduino', 'merge_install': False, 'path': '/home/pi/omnicar_ws/src/diffdrive_arduino', 'symlink_install': False, 'test_result_base': None}
[3.832s] Level 5:colcon.colcon_core.verb:set package 'mecanum_drive_controller' build argument 'cmake_args' from command line to 'None'
[3.833s] Level 5:colcon.colcon_core.verb:set package 'mecanum_drive_controller' build argument 'cmake_target' from command line to 'None'
[3.833s] Level 5:colcon.colcon_core.verb:set package 'mecanum_drive_controller' build argument 'cmake_target_skip_unavailable' from command line to 'False'
[3.833s] Level 5:colcon.colcon_core.verb:set package 'mecanum_drive_controller' build argument 'cmake_clean_cache' from command line to 'False'
[3.833s] Level 5:colcon.colcon_core.verb:set package 'mecanum_drive_controller' build argument 'cmake_clean_first' from command line to 'False'
[3.833s] Level 5:colcon.colcon_core.verb:set package 'mecanum_drive_controller' build argument 'cmake_force_configure' from command line to 'False'
[3.833s] Level 5:colcon.colcon_core.verb:set package 'mecanum_drive_controller' build argument 'ament_cmake_args' from command line to 'None'
[3.833s] Level 5:colcon.colcon_core.verb:set package 'mecanum_drive_controller' build argument 'catkin_cmake_args' from command line to 'None'
[3.833s] Level 5:colcon.colcon_core.verb:set package 'mecanum_drive_controller' build argument 'catkin_skip_building_tests' from command line to 'False'
[3.833s] DEBUG:colcon.colcon_core.verb:Building package 'mecanum_drive_controller' with the following arguments: {'ament_cmake_args': None, 'build_base': '/home/pi/omnicar_ws/build/mecanum_drive_controller', 'catkin_cmake_args': None, 'catkin_skip_building_tests': False, 'cmake_args': None, 'cmake_clean_cache': False, 'cmake_clean_first': False, 'cmake_force_configure': False, 'cmake_target': None, 'cmake_target_skip_unavailable': False, 'install_base': '/home/pi/omnicar_ws/install/mecanum_drive_controller', 'merge_install': False, 'path': '/home/pi/omnicar_ws/src/mecanum_drive_controller', 'symlink_install': False, 'test_result_base': None}
[3.835s] Level 5:colcon.colcon_core.verb:set package 'omnicar' build argument 'cmake_args' from command line to 'None'
[3.835s] Level 5:colcon.colcon_core.verb:set package 'omnicar' build argument 'cmake_target' from command line to 'None'
[3.835s] Level 5:colcon.colcon_core.verb:set package 'omnicar' build argument 'cmake_target_skip_unavailable' from command line to 'False'
[3.835s] Level 5:colcon.colcon_core.verb:set package 'omnicar' build argument 'cmake_clean_cache' from command line to 'False'
[3.835s] Level 5:colcon.colcon_core.verb:set package 'omnicar' build argument 'cmake_clean_first' from command line to 'False'
[3.836s] Level 5:colcon.colcon_core.verb:set package 'omnicar' build argument 'cmake_force_configure' from command line to 'False'
[3.836s] Level 5:colcon.colcon_core.verb:set package 'omnicar' build argument 'ament_cmake_args' from command line to 'None'
[3.836s] Level 5:colcon.colcon_core.verb:set package 'omnicar' build argument 'catkin_cmake_args' from command line to 'None'
[3.836s] Level 5:colcon.colcon_core.verb:set package 'omnicar' build argument 'catkin_skip_building_tests' from command line to 'False'
[3.836s] DEBUG:colcon.colcon_core.verb:Building package 'omnicar' with the following arguments: {'ament_cmake_args': None, 'build_base': '/home/pi/omnicar_ws/build/omnicar', 'catkin_cmake_args': None, 'catkin_skip_building_tests': False, 'cmake_args': None, 'cmake_clean_cache': False, 'cmake_clean_first': False, 'cmake_force_configure': False, 'cmake_target': None, 'cmake_target_skip_unavailable': False, 'install_base': '/home/pi/omnicar_ws/install/omnicar', 'merge_install': False, 'path': '/home/pi/omnicar_ws/src/omnicar', 'symlink_install': False, 'test_result_base': None}
[3.837s] INFO:colcon.colcon_core.executor:Executing jobs using 'parallel' executor
[3.840s] DEBUG:colcon.colcon_parallel_executor.executor.parallel:run_until_complete
[3.841s] INFO:colcon.colcon_ros.task.ament_cmake.build:Building ROS package in '/home/pi/omnicar_ws/src/diffdrive_arduino' with build type 'ament_cmake'
[3.842s] INFO:colcon.colcon_cmake.task.cmake.build:Building CMake package in '/home/pi/omnicar_ws/src/diffdrive_arduino'
[3.859s] INFO:colcon.colcon_core.plugin_system:Skipping extension 'colcon_core.shell.bat': Not used on non-Windows systems
[3.860s] INFO:colcon.colcon_core.shell:Skip shell extension 'powershell' for command environment: Not usable outside of PowerShell
[3.861s] DEBUG:colcon.colcon_core.shell:Skip shell extension 'dsv' for command environment
[3.884s] INFO:colcon.colcon_ros.task.ament_cmake.build:Building ROS package in '/home/pi/omnicar_ws/src/mecanum_drive_controller' with build type 'ament_cmake'
[3.885s] INFO:colcon.colcon_cmake.task.cmake.build:Building CMake package in '/home/pi/omnicar_ws/src/mecanum_drive_controller'
[3.886s] INFO:colcon.colcon_core.shell:Skip shell extension 'powershell' for command environment: Not usable outside of PowerShell
[3.886s] DEBUG:colcon.colcon_core.shell:Skip shell extension 'dsv' for command environment
[3.907s] INFO:colcon.colcon_ros.task.ament_cmake.build:Building ROS package in '/home/pi/omnicar_ws/src/omnicar' with build type 'ament_cmake'
[3.908s] INFO:colcon.colcon_cmake.task.cmake.build:Building CMake package in '/home/pi/omnicar_ws/src/omnicar'
[3.909s] INFO:colcon.colcon_core.shell:Skip shell extension 'powershell' for command environment: Not usable outside of PowerShell
[3.910s] DEBUG:colcon.colcon_core.shell:Skip shell extension 'dsv' for command environment
[3.946s] DEBUG:colcon.colcon_core.event_handler.log_command:Invoking command in '/home/pi/omnicar_ws/build/diffdrive_arduino': CMAKE_PREFIX_PATH=${CMAKE_PREFIX_PATH}:/opt/ros/humble /usr/bin/cmake --build /home/pi/omnicar_ws/build/diffdrive_arduino -- -j4 -l4
[3.979s] DEBUG:colcon.colcon_core.event_handler.log_command:Invoking command in '/home/pi/omnicar_ws/build/mecanum_drive_controller': CMAKE_PREFIX_PATH=${CMAKE_PREFIX_PATH}:/opt/ros/humble /usr/bin/cmake --build /home/pi/omnicar_ws/build/mecanum_drive_controller -- -j4 -l4
[4.002s] DEBUG:colcon.colcon_core.event_handler.log_command:Invoking command in '/home/pi/omnicar_ws/build/omnicar': CMAKE_PREFIX_PATH=${CMAKE_PREFIX_PATH}:/opt/ros/humble /usr/bin/cmake --build /home/pi/omnicar_ws/build/omnicar -- -j4 -l4
[4.731s] DEBUG:colcon.colcon_core.event_handler.log_command:Invoked command in '/home/pi/omnicar_ws/build/omnicar' returned '0': CMAKE_PREFIX_PATH=${CMAKE_PREFIX_PATH}:/opt/ros/humble /usr/bin/cmake --build /home/pi/omnicar_ws/build/omnicar -- -j4 -l4
[4.799s] DEBUG:colcon.colcon_core.event_handler.log_command:Invoking command in '/home/pi/omnicar_ws/build/omnicar': CMAKE_PREFIX_PATH=${CMAKE_PREFIX_PATH}:/opt/ros/humble /usr/bin/cmake --install /home/pi/omnicar_ws/build/omnicar
[4.902s] Level 1:colcon.colcon_core.environment:create_environment_scripts_only(omnicar)
[4.905s] DEBUG:colcon.colcon_core.event_handler.log_command:Invoked command in '/home/pi/omnicar_ws/build/omnicar' returned '0': CMAKE_PREFIX_PATH=${CMAKE_PREFIX_PATH}:/opt/ros/humble /usr/bin/cmake --install /home/pi/omnicar_ws/build/omnicar
[4.954s] Level 1:colcon.colcon_core.environment:checking '/home/pi/omnicar_ws/install/omnicar' for CMake module files
[4.958s] Level 1:colcon.colcon_core.environment:checking '/home/pi/omnicar_ws/install/omnicar' for CMake config files
[4.962s] Level 1:colcon.colcon_core.shell:create_environment_hook('omnicar', 'cmake_prefix_path')
[4.965s] INFO:colcon.colcon_core.shell:Creating environment hook '/home/pi/omnicar_ws/install/omnicar/share/omnicar/hook/cmake_prefix_path.ps1'
[4.973s] INFO:colcon.colcon_core.shell:Creating environment descriptor '/home/pi/omnicar_ws/install/omnicar/share/omnicar/hook/cmake_prefix_path.dsv'
[4.984s] INFO:colcon.colcon_core.shell:Creating environment hook '/home/pi/omnicar_ws/install/omnicar/share/omnicar/hook/cmake_prefix_path.sh'
[5.006s] Level 1:colcon.colcon_core.environment:checking '/home/pi/omnicar_ws/install/omnicar/bin'
[5.008s] Level 1:colcon.colcon_core.environment:checking '/home/pi/omnicar_ws/install/omnicar/lib/pkgconfig/omnicar.pc'
[5.010s] Level 1:colcon.colcon_core.environment:checking '/home/pi/omnicar_ws/install/omnicar/lib/python3.10/site-packages'
[5.012s] Level 1:colcon.colcon_core.environment:checking '/home/pi/omnicar_ws/install/omnicar/bin'
[5.014s] INFO:colcon.colcon_core.shell:Creating package script '/home/pi/omnicar_ws/install/omnicar/share/omnicar/package.ps1'
[5.020s] INFO:colcon.colcon_core.shell:Creating package descriptor '/home/pi/omnicar_ws/install/omnicar/share/omnicar/package.dsv'
[5.031s] INFO:colcon.colcon_core.shell:Creating package script '/home/pi/omnicar_ws/install/omnicar/share/omnicar/package.sh'
[5.051s] INFO:colcon.colcon_core.shell:Creating package script '/home/pi/omnicar_ws/install/omnicar/share/omnicar/package.bash'
[5.063s] INFO:colcon.colcon_core.shell:Creating package script '/home/pi/omnicar_ws/install/omnicar/share/omnicar/package.zsh'
[5.072s] Level 1:colcon.colcon_core.environment:create_file_with_runtime_dependencies(/home/pi/omnicar_ws/install/omnicar/share/colcon-core/packages/omnicar)
[5.076s] Level 1:colcon.colcon_core.environment:create_environment_scripts_only(omnicar)
[5.077s] Level 1:colcon.colcon_core.environment:checking '/home/pi/omnicar_ws/install/omnicar' for CMake module files
[5.081s] Level 1:colcon.colcon_core.environment:checking '/home/pi/omnicar_ws/install/omnicar' for CMake config files
[5.085s] Level 1:colcon.colcon_core.shell:create_environment_hook('omnicar', 'cmake_prefix_path')
[5.087s] INFO:colcon.colcon_core.shell:Creating environment hook '/home/pi/omnicar_ws/install/omnicar/share/omnicar/hook/cmake_prefix_path.ps1'
[5.090s] INFO:colcon.colcon_core.shell:Creating environment descriptor '/home/pi/omnicar_ws/install/omnicar/share/omnicar/hook/cmake_prefix_path.dsv'
[5.092s] INFO:colcon.colcon_core.shell:Creating environment hook '/home/pi/omnicar_ws/install/omnicar/share/omnicar/hook/cmake_prefix_path.sh'
[5.096s] Level 1:colcon.colcon_core.environment:checking '/home/pi/omnicar_ws/install/omnicar/bin'
[5.097s] Level 1:colcon.colcon_core.environment:checking '/home/pi/omnicar_ws/install/omnicar/lib/pkgconfig/omnicar.pc'
[5.098s] Level 1:colcon.colcon_core.environment:checking '/home/pi/omnicar_ws/install/omnicar/lib/python3.10/site-packages'
[5.099s] Level 1:colcon.colcon_core.environment:checking '/home/pi/omnicar_ws/install/omnicar/bin'
[5.100s] INFO:colcon.colcon_core.shell:Creating package script '/home/pi/omnicar_ws/install/omnicar/share/omnicar/package.ps1'
[5.103s] INFO:colcon.colcon_core.shell:Creating package descriptor '/home/pi/omnicar_ws/install/omnicar/share/omnicar/package.dsv'
[5.106s] INFO:colcon.colcon_core.shell:Creating package script '/home/pi/omnicar_ws/install/omnicar/share/omnicar/package.sh'
[5.109s] INFO:colcon.colcon_core.shell:Creating package script '/home/pi/omnicar_ws/install/omnicar/share/omnicar/package.bash'
[5.112s] INFO:colcon.colcon_core.shell:Creating package script '/home/pi/omnicar_ws/install/omnicar/share/omnicar/package.zsh'
[5.115s] Level 1:colcon.colcon_core.environment:create_file_with_runtime_dependencies(/home/pi/omnicar_ws/install/omnicar/share/colcon-core/packages/omnicar)
