[1.255s] DEBUG:colcon:Command line arguments: ['/usr/bin/colcon', 'build']
[1.256s] DEBUG:colcon:Parsed command line arguments: Namespace(log_base=None, log_level=None, verb_name='build', build_base='build', install_base='install', merge_install=False, symlink_install=False, test_result_base=None, continue_on_error=False, executor='parallel', parallel_workers=8, event_handlers=None, ignore_user_meta=False, metas=['./colcon.meta'], base_paths=['.'], packages_ignore=None, packages_ignore_regex=None, paths=None, packages_up_to=None, packages_up_to_regex=None, packages_above=None, packages_above_and_dependencies=None, packages_above_depth=None, packages_select_by_dep=None, packages_skip_by_dep=None, packages_skip_up_to=None, packages_select_build_failed=False, packages_skip_build_finished=False, packages_select_test_failures=False, packages_skip_test_passed=False, packages_select=None, packages_skip=None, packages_select_regex=None, packages_skip_regex=None, packages_start=None, packages_end=None, allow_overriding=[], cmake_args=None, cmake_target=None, cmake_target_skip_unavailable=False, cmake_clean_cache=False, cmake_clean_first=False, cmake_force_configure=False, ament_cmake_args=None, catkin_cmake_args=None, catkin_skip_building_tests=False, mixin_files=None, mixin=None, verb_parser=<colcon_mixin.mixin.mixin_argument.MixinArgumentDecorator object at 0x7f158832d870>, verb_extension=<colcon_core.verb.build.BuildVerb object at 0x7f158832d1e0>, main=<bound method BuildVerb.main of <colcon_core.verb.build.BuildVerb object at 0x7f158832d1e0>>, mixin_verb=('build',))
[1.934s] Level 1:colcon.colcon_core.package_discovery:discover_packages(colcon_meta) check parameters
[1.934s] Level 1:colcon.colcon_core.package_discovery:discover_packages(recursive) check parameters
[1.934s] Level 1:colcon.colcon_core.package_discovery:discover_packages(ignore) check parameters
[1.935s] Level 1:colcon.colcon_core.package_discovery:discover_packages(path) check parameters
[1.935s] Level 1:colcon.colcon_core.package_discovery:discover_packages(colcon_meta) discover
[1.935s] Level 1:colcon.colcon_core.package_discovery:discover_packages(recursive) discover
[1.935s] INFO:colcon.colcon_core.package_discovery:Crawling recursively for packages in '/home/nwhit210/omnicar_ws'
[1.935s] Level 1:colcon.colcon_core.package_identification:_identify(.) by extensions ['ignore', 'ignore_ament_install']
[1.936s] Level 1:colcon.colcon_core.package_identification:_identify(.) by extension 'ignore'
[1.936s] Level 1:colcon.colcon_core.package_identification:_identify(.) by extension 'ignore_ament_install'
[1.936s] Level 1:colcon.colcon_core.package_identification:_identify(.) by extensions ['colcon_pkg']
[1.936s] Level 1:colcon.colcon_core.package_identification:_identify(.) by extension 'colcon_pkg'
[1.937s] Level 1:colcon.colcon_core.package_identification:_identify(.) by extensions ['colcon_meta']
[1.937s] Level 1:colcon.colcon_core.package_identification:_identify(.) by extension 'colcon_meta'
[1.937s] Level 1:colcon.colcon_core.package_identification:_identify(.) by extensions ['ros']
[1.937s] Level 1:colcon.colcon_core.package_identification:_identify(.) by extension 'ros'
[1.977s] Level 1:colcon.colcon_core.package_identification:_identify(.) by extensions ['cmake', 'python']
[1.978s] Level 1:colcon.colcon_core.package_identification:_identify(.) by extension 'cmake'
[1.978s] Level 1:colcon.colcon_core.package_identification:_identify(.) by extension 'python'
[1.978s] Level 1:colcon.colcon_core.package_identification:_identify(.) by extensions ['python_setup_py']
[1.978s] Level 1:colcon.colcon_core.package_identification:_identify(.) by extension 'python_setup_py'
[1.978s] Level 1:colcon.colcon_core.package_identification:_identify(build) by extensions ['ignore', 'ignore_ament_install']
[1.978s] Level 1:colcon.colcon_core.package_identification:_identify(build) by extension 'ignore'
[1.978s] Level 1:colcon.colcon_core.package_identification:_identify(build) ignored
[1.979s] Level 1:colcon.colcon_core.package_identification:_identify(install) by extensions ['ignore', 'ignore_ament_install']
[1.979s] Level 1:colcon.colcon_core.package_identification:_identify(install) by extension 'ignore'
[1.979s] Level 1:colcon.colcon_core.package_identification:_identify(install) ignored
[1.979s] Level 1:colcon.colcon_core.package_identification:_identify(log) by extensions ['ignore', 'ignore_ament_install']
[1.979s] Level 1:colcon.colcon_core.package_identification:_identify(log) by extension 'ignore'
[1.979s] Level 1:colcon.colcon_core.package_identification:_identify(log) ignored
[1.979s] Level 1:colcon.colcon_core.package_identification:_identify(src) by extensions ['ignore', 'ignore_ament_install']
[1.979s] Level 1:colcon.colcon_core.package_identification:_identify(src) by extension 'ignore'
[1.980s] Level 1:colcon.colcon_core.package_identification:_identify(src) by extension 'ignore_ament_install'
[1.980s] Level 1:colcon.colcon_core.package_identification:_identify(src) by extensions ['colcon_pkg']
[1.980s] Level 1:colcon.colcon_core.package_identification:_identify(src) by extension 'colcon_pkg'
[1.980s] Level 1:colcon.colcon_core.package_identification:_identify(src) by extensions ['colcon_meta']
[1.980s] Level 1:colcon.colcon_core.package_identification:_identify(src) by extension 'colcon_meta'
[1.980s] Level 1:colcon.colcon_core.package_identification:_identify(src) by extensions ['ros']
[1.980s] Level 1:colcon.colcon_core.package_identification:_identify(src) by extension 'ros'
[1.980s] Level 1:colcon.colcon_core.package_identification:_identify(src) by extensions ['cmake', 'python']
[1.980s] Level 1:colcon.colcon_core.package_identification:_identify(src) by extension 'cmake'
[1.980s] Level 1:colcon.colcon_core.package_identification:_identify(src) by extension 'python'
[1.981s] Level 1:colcon.colcon_core.package_identification:_identify(src) by extensions ['python_setup_py']
[1.981s] Level 1:colcon.colcon_core.package_identification:_identify(src) by extension 'python_setup_py'
[1.981s] Level 1:colcon.colcon_core.package_identification:_identify(src/arduino_controller) by extensions ['ignore', 'ignore_ament_install']
[1.981s] Level 1:colcon.colcon_core.package_identification:_identify(src/arduino_controller) by extension 'ignore'
[1.981s] Level 1:colcon.colcon_core.package_identification:_identify(src/arduino_controller) by extension 'ignore_ament_install'
[1.981s] Level 1:colcon.colcon_core.package_identification:_identify(src/arduino_controller) by extensions ['colcon_pkg']
[1.981s] Level 1:colcon.colcon_core.package_identification:_identify(src/arduino_controller) by extension 'colcon_pkg'
[1.982s] Level 1:colcon.colcon_core.package_identification:_identify(src/arduino_controller) by extensions ['colcon_meta']
[1.982s] Level 1:colcon.colcon_core.package_identification:_identify(src/arduino_controller) by extension 'colcon_meta'
[1.982s] Level 1:colcon.colcon_core.package_identification:_identify(src/arduino_controller) by extensions ['ros']
[1.982s] Level 1:colcon.colcon_core.package_identification:_identify(src/arduino_controller) by extension 'ros'
[1.991s] DEBUG:colcon.colcon_core.package_identification:Package 'src/arduino_controller' with type 'ros.ament_cmake' and name 'arduino_hardware_controller'
[1.992s] Level 1:colcon.colcon_core.package_identification:_identify(src/diffdrive_arduino) by extensions ['ignore', 'ignore_ament_install']
[1.993s] Level 1:colcon.colcon_core.package_identification:_identify(src/diffdrive_arduino) by extension 'ignore'
[1.993s] Level 1:colcon.colcon_core.package_identification:_identify(src/diffdrive_arduino) by extension 'ignore_ament_install'
[1.993s] Level 1:colcon.colcon_core.package_identification:_identify(src/diffdrive_arduino) by extensions ['colcon_pkg']
[1.993s] Level 1:colcon.colcon_core.package_identification:_identify(src/diffdrive_arduino) by extension 'colcon_pkg'
[1.993s] Level 1:colcon.colcon_core.package_identification:_identify(src/diffdrive_arduino) by extensions ['colcon_meta']
[1.993s] Level 1:colcon.colcon_core.package_identification:_identify(src/diffdrive_arduino) by extension 'colcon_meta'
[1.994s] Level 1:colcon.colcon_core.package_identification:_identify(src/diffdrive_arduino) by extensions ['ros']
[1.994s] Level 1:colcon.colcon_core.package_identification:_identify(src/diffdrive_arduino) by extension 'ros'
[1.997s] DEBUG:colcon.colcon_core.package_identification:Package 'src/diffdrive_arduino' with type 'ros.ament_cmake' and name 'diffdrive_arduino'
[1.998s] Level 1:colcon.colcon_core.package_identification:_identify(src/mecanum_drive_controller) by extensions ['ignore', 'ignore_ament_install']
[1.998s] Level 1:colcon.colcon_core.package_identification:_identify(src/mecanum_drive_controller) by extension 'ignore'
[1.998s] Level 1:colcon.colcon_core.package_identification:_identify(src/mecanum_drive_controller) by extension 'ignore_ament_install'
[1.999s] Level 1:colcon.colcon_core.package_identification:_identify(src/mecanum_drive_controller) by extensions ['colcon_pkg']
[1.999s] Level 1:colcon.colcon_core.package_identification:_identify(src/mecanum_drive_controller) by extension 'colcon_pkg'
[1.999s] Level 1:colcon.colcon_core.package_identification:_identify(src/mecanum_drive_controller) by extensions ['colcon_meta']
[1.999s] Level 1:colcon.colcon_core.package_identification:_identify(src/mecanum_drive_controller) by extension 'colcon_meta'
[1.999s] Level 1:colcon.colcon_core.package_identification:_identify(src/mecanum_drive_controller) by extensions ['ros']
[1.999s] Level 1:colcon.colcon_core.package_identification:_identify(src/mecanum_drive_controller) by extension 'ros'
[2.003s] DEBUG:colcon.colcon_core.package_identification:Package 'src/mecanum_drive_controller' with type 'ros.ament_cmake' and name 'mecanum_drive_controller'
[2.004s] Level 1:colcon.colcon_core.package_identification:_identify(src/omnicar) by extensions ['ignore', 'ignore_ament_install']
[2.004s] Level 1:colcon.colcon_core.package_identification:_identify(src/omnicar) by extension 'ignore'
[2.004s] Level 1:colcon.colcon_core.package_identification:_identify(src/omnicar) by extension 'ignore_ament_install'
[2.005s] Level 1:colcon.colcon_core.package_identification:_identify(src/omnicar) by extensions ['colcon_pkg']
[2.005s] Level 1:colcon.colcon_core.package_identification:_identify(src/omnicar) by extension 'colcon_pkg'
[2.005s] Level 1:colcon.colcon_core.package_identification:_identify(src/omnicar) by extensions ['colcon_meta']
[2.005s] Level 1:colcon.colcon_core.package_identification:_identify(src/omnicar) by extension 'colcon_meta'
[2.005s] Level 1:colcon.colcon_core.package_identification:_identify(src/omnicar) by extensions ['ros']
[2.006s] Level 1:colcon.colcon_core.package_identification:_identify(src/omnicar) by extension 'ros'
[2.007s] DEBUG:colcon.colcon_core.package_identification:Package 'src/omnicar' with type 'ros.ament_cmake' and name 'omnicar'
[2.007s] Level 1:colcon.colcon_core.package_discovery:discover_packages(recursive) using defaults
[2.007s] Level 1:colcon.colcon_core.package_discovery:discover_packages(ignore) discover
[2.007s] Level 1:colcon.colcon_core.package_discovery:discover_packages(ignore) using defaults
[2.007s] Level 1:colcon.colcon_core.package_discovery:discover_packages(path) discover
[2.007s] Level 1:colcon.colcon_core.package_discovery:discover_packages(path) using defaults
[2.118s] Level 1:colcon.colcon_core.package_discovery:discover_packages(prefix_path) check parameters
[2.119s] Level 1:colcon.colcon_core.package_discovery:discover_packages(prefix_path) discover
[2.132s] DEBUG:colcon.colcon_installed_package_information.package_discovery:Found 376 installed packages in /opt/ros/humble
[2.137s] Level 1:colcon.colcon_core.package_discovery:discover_packages(prefix_path) using defaults
[2.303s] Level 5:colcon.colcon_core.verb:set package 'arduino_hardware_controller' build argument 'cmake_args' from command line to 'None'
[2.303s] Level 5:colcon.colcon_core.verb:set package 'arduino_hardware_controller' build argument 'cmake_target' from command line to 'None'
[2.303s] Level 5:colcon.colcon_core.verb:set package 'arduino_hardware_controller' build argument 'cmake_target_skip_unavailable' from command line to 'False'
[2.303s] Level 5:colcon.colcon_core.verb:set package 'arduino_hardware_controller' build argument 'cmake_clean_cache' from command line to 'False'
[2.303s] Level 5:colcon.colcon_core.verb:set package 'arduino_hardware_controller' build argument 'cmake_clean_first' from command line to 'False'
[2.304s] Level 5:colcon.colcon_core.verb:set package 'arduino_hardware_controller' build argument 'cmake_force_configure' from command line to 'False'
[2.304s] Level 5:colcon.colcon_core.verb:set package 'arduino_hardware_controller' build argument 'ament_cmake_args' from command line to 'None'
[2.304s] Level 5:colcon.colcon_core.verb:set package 'arduino_hardware_controller' build argument 'catkin_cmake_args' from command line to 'None'
[2.304s] Level 5:colcon.colcon_core.verb:set package 'arduino_hardware_controller' build argument 'catkin_skip_building_tests' from command line to 'False'
[2.304s] DEBUG:colcon.colcon_core.verb:Building package 'arduino_hardware_controller' with the following arguments: {'ament_cmake_args': None, 'build_base': '/home/nwhit210/omnicar_ws/build/arduino_hardware_controller', 'catkin_cmake_args': None, 'catkin_skip_building_tests': False, 'cmake_args': None, 'cmake_clean_cache': False, 'cmake_clean_first': False, 'cmake_force_configure': False, 'cmake_target': None, 'cmake_target_skip_unavailable': False, 'install_base': '/home/nwhit210/omnicar_ws/install/arduino_hardware_controller', 'merge_install': False, 'path': '/home/nwhit210/omnicar_ws/src/arduino_controller', 'symlink_install': False, 'test_result_base': None}
[2.304s] Level 5:colcon.colcon_core.verb:set package 'diffdrive_arduino' build argument 'cmake_args' from command line to 'None'
[2.304s] Level 5:colcon.colcon_core.verb:set package 'diffdrive_arduino' build argument 'cmake_target' from command line to 'None'
[2.304s] Level 5:colcon.colcon_core.verb:set package 'diffdrive_arduino' build argument 'cmake_target_skip_unavailable' from command line to 'False'
[2.304s] Level 5:colcon.colcon_core.verb:set package 'diffdrive_arduino' build argument 'cmake_clean_cache' from command line to 'False'
[2.304s] Level 5:colcon.colcon_core.verb:set package 'diffdrive_arduino' build argument 'cmake_clean_first' from command line to 'False'
[2.305s] Level 5:colcon.colcon_core.verb:set package 'diffdrive_arduino' build argument 'cmake_force_configure' from command line to 'False'
[2.305s] Level 5:colcon.colcon_core.verb:set package 'diffdrive_arduino' build argument 'ament_cmake_args' from command line to 'None'
[2.305s] Level 5:colcon.colcon_core.verb:set package 'diffdrive_arduino' build argument 'catkin_cmake_args' from command line to 'None'
[2.305s] Level 5:colcon.colcon_core.verb:set package 'diffdrive_arduino' build argument 'catkin_skip_building_tests' from command line to 'False'
[2.305s] DEBUG:colcon.colcon_core.verb:Building package 'diffdrive_arduino' with the following arguments: {'ament_cmake_args': None, 'build_base': '/home/nwhit210/omnicar_ws/build/diffdrive_arduino', 'catkin_cmake_args': None, 'catkin_skip_building_tests': False, 'cmake_args': None, 'cmake_clean_cache': False, 'cmake_clean_first': False, 'cmake_force_configure': False, 'cmake_target': None, 'cmake_target_skip_unavailable': False, 'install_base': '/home/nwhit210/omnicar_ws/install/diffdrive_arduino', 'merge_install': False, 'path': '/home/nwhit210/omnicar_ws/src/diffdrive_arduino', 'symlink_install': False, 'test_result_base': None}
[2.305s] Level 5:colcon.colcon_core.verb:set package 'mecanum_drive_controller' build argument 'cmake_args' from command line to 'None'
[2.305s] Level 5:colcon.colcon_core.verb:set package 'mecanum_drive_controller' build argument 'cmake_target' from command line to 'None'
[2.305s] Level 5:colcon.colcon_core.verb:set package 'mecanum_drive_controller' build argument 'cmake_target_skip_unavailable' from command line to 'False'
[2.305s] Level 5:colcon.colcon_core.verb:set package 'mecanum_drive_controller' build argument 'cmake_clean_cache' from command line to 'False'
[2.305s] Level 5:colcon.colcon_core.verb:set package 'mecanum_drive_controller' build argument 'cmake_clean_first' from command line to 'False'
[2.305s] Level 5:colcon.colcon_core.verb:set package 'mecanum_drive_controller' build argument 'cmake_force_configure' from command line to 'False'
[2.305s] Level 5:colcon.colcon_core.verb:set package 'mecanum_drive_controller' build argument 'ament_cmake_args' from command line to 'None'
[2.305s] Level 5:colcon.colcon_core.verb:set package 'mecanum_drive_controller' build argument 'catkin_cmake_args' from command line to 'None'
[2.305s] Level 5:colcon.colcon_core.verb:set package 'mecanum_drive_controller' build argument 'catkin_skip_building_tests' from command line to 'False'
[2.306s] DEBUG:colcon.colcon_core.verb:Building package 'mecanum_drive_controller' with the following arguments: {'ament_cmake_args': None, 'build_base': '/home/nwhit210/omnicar_ws/build/mecanum_drive_controller', 'catkin_cmake_args': None, 'catkin_skip_building_tests': False, 'cmake_args': None, 'cmake_clean_cache': False, 'cmake_clean_first': False, 'cmake_force_configure': False, 'cmake_target': None, 'cmake_target_skip_unavailable': False, 'install_base': '/home/nwhit210/omnicar_ws/install/mecanum_drive_controller', 'merge_install': False, 'path': '/home/nwhit210/omnicar_ws/src/mecanum_drive_controller', 'symlink_install': False, 'test_result_base': None}
[2.306s] Level 5:colcon.colcon_core.verb:set package 'omnicar' build argument 'cmake_args' from command line to 'None'
[2.306s] Level 5:colcon.colcon_core.verb:set package 'omnicar' build argument 'cmake_target' from command line to 'None'
[2.306s] Level 5:colcon.colcon_core.verb:set package 'omnicar' build argument 'cmake_target_skip_unavailable' from command line to 'False'
[2.306s] Level 5:colcon.colcon_core.verb:set package 'omnicar' build argument 'cmake_clean_cache' from command line to 'False'
[2.306s] Level 5:colcon.colcon_core.verb:set package 'omnicar' build argument 'cmake_clean_first' from command line to 'False'
[2.306s] Level 5:colcon.colcon_core.verb:set package 'omnicar' build argument 'cmake_force_configure' from command line to 'False'
[2.306s] Level 5:colcon.colcon_core.verb:set package 'omnicar' build argument 'ament_cmake_args' from command line to 'None'
[2.306s] Level 5:colcon.colcon_core.verb:set package 'omnicar' build argument 'catkin_cmake_args' from command line to 'None'
[2.306s] Level 5:colcon.colcon_core.verb:set package 'omnicar' build argument 'catkin_skip_building_tests' from command line to 'False'
[2.306s] DEBUG:colcon.colcon_core.verb:Building package 'omnicar' with the following arguments: {'ament_cmake_args': None, 'build_base': '/home/nwhit210/omnicar_ws/build/omnicar', 'catkin_cmake_args': None, 'catkin_skip_building_tests': False, 'cmake_args': None, 'cmake_clean_cache': False, 'cmake_clean_first': False, 'cmake_force_configure': False, 'cmake_target': None, 'cmake_target_skip_unavailable': False, 'install_base': '/home/nwhit210/omnicar_ws/install/omnicar', 'merge_install': False, 'path': '/home/nwhit210/omnicar_ws/src/omnicar', 'symlink_install': False, 'test_result_base': None}
[2.307s] INFO:colcon.colcon_core.executor:Executing jobs using 'parallel' executor
[2.310s] DEBUG:colcon.colcon_parallel_executor.executor.parallel:run_until_complete
[2.311s] INFO:colcon.colcon_ros.task.ament_cmake.build:Building ROS package in '/home/nwhit210/omnicar_ws/src/arduino_controller' with build type 'ament_cmake'
[2.311s] INFO:colcon.colcon_cmake.task.cmake.build:Building CMake package in '/home/nwhit210/omnicar_ws/src/arduino_controller'
[2.335s] INFO:colcon.colcon_core.plugin_system:Skipping extension 'colcon_core.shell.bat': Not used on non-Windows systems
[2.336s] INFO:colcon.colcon_core.shell:Skip shell extension 'powershell' for command environment: Not usable outside of PowerShell
[2.336s] DEBUG:colcon.colcon_core.shell:Skip shell extension 'dsv' for command environment
[2.350s] INFO:colcon.colcon_ros.task.ament_cmake.build:Building ROS package in '/home/nwhit210/omnicar_ws/src/diffdrive_arduino' with build type 'ament_cmake'
[2.351s] INFO:colcon.colcon_cmake.task.cmake.build:Building CMake package in '/home/nwhit210/omnicar_ws/src/diffdrive_arduino'
[2.352s] INFO:colcon.colcon_core.shell:Skip shell extension 'powershell' for command environment: Not usable outside of PowerShell
[2.352s] DEBUG:colcon.colcon_core.shell:Skip shell extension 'dsv' for command environment
[2.360s] INFO:colcon.colcon_ros.task.ament_cmake.build:Building ROS package in '/home/nwhit210/omnicar_ws/src/mecanum_drive_controller' with build type 'ament_cmake'
[2.361s] INFO:colcon.colcon_cmake.task.cmake.build:Building CMake package in '/home/nwhit210/omnicar_ws/src/mecanum_drive_controller'
[2.362s] INFO:colcon.colcon_core.shell:Skip shell extension 'powershell' for command environment: Not usable outside of PowerShell
[2.362s] DEBUG:colcon.colcon_core.shell:Skip shell extension 'dsv' for command environment
[2.371s] INFO:colcon.colcon_ros.task.ament_cmake.build:Building ROS package in '/home/nwhit210/omnicar_ws/src/omnicar' with build type 'ament_cmake'
[2.372s] INFO:colcon.colcon_cmake.task.cmake.build:Building CMake package in '/home/nwhit210/omnicar_ws/src/omnicar'
[2.373s] INFO:colcon.colcon_core.shell:Skip shell extension 'powershell' for command environment: Not usable outside of PowerShell
[2.374s] DEBUG:colcon.colcon_core.shell:Skip shell extension 'dsv' for command environment
[2.408s] DEBUG:colcon.colcon_core.event_handler.log_command:Invoking command in '/home/nwhit210/omnicar_ws/build/arduino_hardware_controller': CMAKE_PREFIX_PATH=/opt/ros/humble /usr/bin/cmake --build /home/nwhit210/omnicar_ws/build/arduino_hardware_controller -- -j8 -l8
[2.422s] DEBUG:colcon.colcon_core.event_handler.log_command:Invoking command in '/home/nwhit210/omnicar_ws/build/diffdrive_arduino': CMAKE_PREFIX_PATH=/opt/ros/humble /usr/bin/cmake /home/nwhit210/omnicar_ws/src/diffdrive_arduino -DCMAKE_INSTALL_PREFIX=/home/nwhit210/omnicar_ws/install/diffdrive_arduino
[2.448s] DEBUG:colcon.colcon_core.event_handler.log_command:Invoking command in '/home/nwhit210/omnicar_ws/build/mecanum_drive_controller': CMAKE_PREFIX_PATH=/opt/ros/humble /usr/bin/cmake --build /home/nwhit210/omnicar_ws/build/mecanum_drive_controller -- -j8 -l8
[2.469s] DEBUG:colcon.colcon_core.event_handler.log_command:Invoking command in '/home/nwhit210/omnicar_ws/build/omnicar': CMAKE_PREFIX_PATH=/opt/ros/humble /usr/bin/cmake --build /home/nwhit210/omnicar_ws/build/omnicar -- -j8 -l8
[2.722s] DEBUG:colcon.colcon_core.event_handler.log_command:Invoked command in '/home/nwhit210/omnicar_ws/build/omnicar' returned '0': CMAKE_PREFIX_PATH=/opt/ros/humble /usr/bin/cmake --build /home/nwhit210/omnicar_ws/build/omnicar -- -j8 -l8
[2.754s] DEBUG:colcon.colcon_core.event_handler.log_command:Invoking command in '/home/nwhit210/omnicar_ws/build/omnicar': CMAKE_PREFIX_PATH=/opt/ros/humble /usr/bin/cmake --install /home/nwhit210/omnicar_ws/build/omnicar
[2.799s] Level 1:colcon.colcon_core.environment:create_environment_scripts_only(omnicar)
[2.813s] DEBUG:colcon.colcon_core.event_handler.log_command:Invoked command in '/home/nwhit210/omnicar_ws/build/omnicar' returned '0': CMAKE_PREFIX_PATH=/opt/ros/humble /usr/bin/cmake --install /home/nwhit210/omnicar_ws/build/omnicar
[2.841s] Level 1:colcon.colcon_core.environment:checking '/home/nwhit210/omnicar_ws/install/omnicar' for CMake module files
[2.844s] Level 1:colcon.colcon_core.environment:checking '/home/nwhit210/omnicar_ws/install/omnicar' for CMake config files
[2.846s] Level 1:colcon.colcon_core.shell:create_environment_hook('omnicar', 'cmake_prefix_path')
[2.847s] INFO:colcon.colcon_core.shell:Creating environment hook '/home/nwhit210/omnicar_ws/install/omnicar/share/omnicar/hook/cmake_prefix_path.ps1'
[2.852s] INFO:colcon.colcon_core.shell:Creating environment descriptor '/home/nwhit210/omnicar_ws/install/omnicar/share/omnicar/hook/cmake_prefix_path.dsv'
[2.856s] INFO:colcon.colcon_core.shell:Creating environment hook '/home/nwhit210/omnicar_ws/install/omnicar/share/omnicar/hook/cmake_prefix_path.sh'
[2.860s] Level 1:colcon.colcon_core.environment:checking '/home/nwhit210/omnicar_ws/install/omnicar/bin'
[2.860s] Level 1:colcon.colcon_core.environment:checking '/home/nwhit210/omnicar_ws/install/omnicar/lib/pkgconfig/omnicar.pc'
[2.861s] Level 1:colcon.colcon_core.environment:checking '/home/nwhit210/omnicar_ws/install/omnicar/lib/python3.10/site-packages'
[2.862s] Level 1:colcon.colcon_core.environment:checking '/home/nwhit210/omnicar_ws/install/omnicar/bin'
[2.864s] INFO:colcon.colcon_core.shell:Creating package script '/home/nwhit210/omnicar_ws/install/omnicar/share/omnicar/package.ps1'
[2.870s] INFO:colcon.colcon_core.shell:Creating package descriptor '/home/nwhit210/omnicar_ws/install/omnicar/share/omnicar/package.dsv'
[2.874s] INFO:colcon.colcon_core.shell:Creating package script '/home/nwhit210/omnicar_ws/install/omnicar/share/omnicar/package.sh'
[2.879s] INFO:colcon.colcon_core.shell:Creating package script '/home/nwhit210/omnicar_ws/install/omnicar/share/omnicar/package.bash'
[2.886s] INFO:colcon.colcon_core.shell:Creating package script '/home/nwhit210/omnicar_ws/install/omnicar/share/omnicar/package.zsh'
[2.892s] Level 1:colcon.colcon_core.environment:create_file_with_runtime_dependencies(/home/nwhit210/omnicar_ws/install/omnicar/share/colcon-core/packages/omnicar)
[2.894s] Level 1:colcon.colcon_core.environment:create_environment_scripts_only(omnicar)
[2.896s] Level 1:colcon.colcon_core.environment:checking '/home/nwhit210/omnicar_ws/install/omnicar' for CMake module files
[2.898s] Level 1:colcon.colcon_core.environment:checking '/home/nwhit210/omnicar_ws/install/omnicar' for CMake config files
[2.899s] Level 1:colcon.colcon_core.shell:create_environment_hook('omnicar', 'cmake_prefix_path')
[2.900s] INFO:colcon.colcon_core.shell:Creating environment hook '/home/nwhit210/omnicar_ws/install/omnicar/share/omnicar/hook/cmake_prefix_path.ps1'
[2.902s] INFO:colcon.colcon_core.shell:Creating environment descriptor '/home/nwhit210/omnicar_ws/install/omnicar/share/omnicar/hook/cmake_prefix_path.dsv'
[2.904s] INFO:colcon.colcon_core.shell:Creating environment hook '/home/nwhit210/omnicar_ws/install/omnicar/share/omnicar/hook/cmake_prefix_path.sh'
[2.907s] Level 1:colcon.colcon_core.environment:checking '/home/nwhit210/omnicar_ws/install/omnicar/bin'
[2.908s] Level 1:colcon.colcon_core.environment:checking '/home/nwhit210/omnicar_ws/install/omnicar/lib/pkgconfig/omnicar.pc'
[2.908s] Level 1:colcon.colcon_core.environment:checking '/home/nwhit210/omnicar_ws/install/omnicar/lib/python3.10/site-packages'
[2.909s] Level 1:colcon.colcon_core.environment:checking '/home/nwhit210/omnicar_ws/install/omnicar/bin'
[2.910s] INFO:colcon.colcon_core.shell:Creating package script '/home/nwhit210/omnicar_ws/install/omnicar/share/omnicar/package.ps1'
[2.912s] INFO:colcon.colcon_core.shell:Creating package descriptor '/home/nwhit210/omnicar_ws/install/omnicar/share/omnicar/package.dsv'
[2.913s] INFO:colcon.colcon_core.shell:Creating package script '/home/nwhit210/omnicar_ws/install/omnicar/share/omnicar/package.sh'
[2.916s] INFO:colcon.colcon_core.shell:Creating package script '/home/nwhit210/omnicar_ws/install/omnicar/share/omnicar/package.bash'
[2.919s] INFO:colcon.colcon_core.shell:Creating package script '/home/nwhit210/omnicar_ws/install/omnicar/share/omnicar/package.zsh'
[2.921s] Level 1:colcon.colcon_core.environment:create_file_with_runtime_dependencies(/home/nwhit210/omnicar_ws/install/omnicar/share/colcon-core/packages/omnicar)
[3.536s] DEBUG:colcon.colcon_core.event_handler.log_command:Invoked command in '/home/nwhit210/omnicar_ws/build/mecanum_drive_controller' returned '0': CMAKE_PREFIX_PATH=/opt/ros/humble /usr/bin/cmake --build /home/nwhit210/omnicar_ws/build/mecanum_drive_controller -- -j8 -l8
[3.547s] DEBUG:colcon.colcon_core.event_handler.log_command:Invoking command in '/home/nwhit210/omnicar_ws/build/mecanum_drive_controller': CMAKE_PREFIX_PATH=/opt/ros/humble /usr/bin/cmake --install /home/nwhit210/omnicar_ws/build/mecanum_drive_controller
[3.633s] Level 1:colcon.colcon_core.environment:create_environment_scripts_only(mecanum_drive_controller)
[3.635s] Level 1:colcon.colcon_core.environment:checking '/home/nwhit210/omnicar_ws/install/mecanum_drive_controller' for CMake module files
[3.638s] DEBUG:colcon.colcon_core.event_handler.log_command:Invoked command in '/home/nwhit210/omnicar_ws/build/mecanum_drive_controller' returned '0': CMAKE_PREFIX_PATH=/opt/ros/humble /usr/bin/cmake --install /home/nwhit210/omnicar_ws/build/mecanum_drive_controller
[3.642s] Level 1:colcon.colcon_core.environment:checking '/home/nwhit210/omnicar_ws/install/mecanum_drive_controller' for CMake config files
[3.642s] Level 1:colcon.colcon_core.shell:create_environment_hook('mecanum_drive_controller', 'cmake_prefix_path')
[3.643s] INFO:colcon.colcon_core.shell:Creating environment hook '/home/nwhit210/omnicar_ws/install/mecanum_drive_controller/share/mecanum_drive_controller/hook/cmake_prefix_path.ps1'
[3.645s] INFO:colcon.colcon_core.shell:Creating environment descriptor '/home/nwhit210/omnicar_ws/install/mecanum_drive_controller/share/mecanum_drive_controller/hook/cmake_prefix_path.dsv'
[3.646s] INFO:colcon.colcon_core.shell:Creating environment hook '/home/nwhit210/omnicar_ws/install/mecanum_drive_controller/share/mecanum_drive_controller/hook/cmake_prefix_path.sh'
[3.648s] Level 1:colcon.colcon_core.environment:checking '/home/nwhit210/omnicar_ws/install/mecanum_drive_controller/lib'
[3.649s] Level 1:colcon.colcon_core.shell:create_environment_hook('mecanum_drive_controller', 'ld_library_path_lib')
[3.649s] INFO:colcon.colcon_core.shell:Creating environment hook '/home/nwhit210/omnicar_ws/install/mecanum_drive_controller/share/mecanum_drive_controller/hook/ld_library_path_lib.ps1'
[3.651s] INFO:colcon.colcon_core.shell:Creating environment descriptor '/home/nwhit210/omnicar_ws/install/mecanum_drive_controller/share/mecanum_drive_controller/hook/ld_library_path_lib.dsv'
[3.653s] INFO:colcon.colcon_core.shell:Creating environment hook '/home/nwhit210/omnicar_ws/install/mecanum_drive_controller/share/mecanum_drive_controller/hook/ld_library_path_lib.sh'
[3.654s] Level 1:colcon.colcon_core.environment:checking '/home/nwhit210/omnicar_ws/install/mecanum_drive_controller/bin'
[3.654s] Level 1:colcon.colcon_core.environment:checking '/home/nwhit210/omnicar_ws/install/mecanum_drive_controller/lib/pkgconfig/mecanum_drive_controller.pc'
[3.655s] Level 1:colcon.colcon_core.environment:checking '/home/nwhit210/omnicar_ws/install/mecanum_drive_controller/lib/python3.10/site-packages'
[3.656s] Level 1:colcon.colcon_core.environment:checking '/home/nwhit210/omnicar_ws/install/mecanum_drive_controller/bin'
[3.657s] INFO:colcon.colcon_core.shell:Creating package script '/home/nwhit210/omnicar_ws/install/mecanum_drive_controller/share/mecanum_drive_controller/package.ps1'
[3.659s] INFO:colcon.colcon_core.shell:Creating package descriptor '/home/nwhit210/omnicar_ws/install/mecanum_drive_controller/share/mecanum_drive_controller/package.dsv'
[3.661s] INFO:colcon.colcon_core.shell:Creating package script '/home/nwhit210/omnicar_ws/install/mecanum_drive_controller/share/mecanum_drive_controller/package.sh'
[3.662s] INFO:colcon.colcon_core.shell:Creating package script '/home/nwhit210/omnicar_ws/install/mecanum_drive_controller/share/mecanum_drive_controller/package.bash'
[3.663s] INFO:colcon.colcon_core.shell:Creating package script '/home/nwhit210/omnicar_ws/install/mecanum_drive_controller/share/mecanum_drive_controller/package.zsh'
[3.665s] Level 1:colcon.colcon_core.environment:create_file_with_runtime_dependencies(/home/nwhit210/omnicar_ws/install/mecanum_drive_controller/share/colcon-core/packages/mecanum_drive_controller)
[3.668s] Level 1:colcon.colcon_core.environment:create_environment_scripts_only(mecanum_drive_controller)
[3.669s] Level 1:colcon.colcon_core.environment:checking '/home/nwhit210/omnicar_ws/install/mecanum_drive_controller' for CMake module files
[3.671s] Level 1:colcon.colcon_core.environment:checking '/home/nwhit210/omnicar_ws/install/mecanum_drive_controller' for CMake config files
[3.672s] Level 1:colcon.colcon_core.shell:create_environment_hook('mecanum_drive_controller', 'cmake_prefix_path')
[3.673s] INFO:colcon.colcon_core.shell:Creating environment hook '/home/nwhit210/omnicar_ws/install/mecanum_drive_controller/share/mecanum_drive_controller/hook/cmake_prefix_path.ps1'
[3.675s] INFO:colcon.colcon_core.shell:Creating environment descriptor '/home/nwhit210/omnicar_ws/install/mecanum_drive_controller/share/mecanum_drive_controller/hook/cmake_prefix_path.dsv'
[3.676s] INFO:colcon.colcon_core.shell:Creating environment hook '/home/nwhit210/omnicar_ws/install/mecanum_drive_controller/share/mecanum_drive_controller/hook/cmake_prefix_path.sh'
[3.677s] Level 1:colcon.colcon_core.environment:checking '/home/nwhit210/omnicar_ws/install/mecanum_drive_controller/lib'
[3.677s] Level 1:colcon.colcon_core.shell:create_environment_hook('mecanum_drive_controller', 'ld_library_path_lib')
[3.678s] INFO:colcon.colcon_core.shell:Creating environment hook '/home/nwhit210/omnicar_ws/install/mecanum_drive_controller/share/mecanum_drive_controller/hook/ld_library_path_lib.ps1'
[3.679s] INFO:colcon.colcon_core.shell:Creating environment descriptor '/home/nwhit210/omnicar_ws/install/mecanum_drive_controller/share/mecanum_drive_controller/hook/ld_library_path_lib.dsv'
[3.680s] INFO:colcon.colcon_core.shell:Creating environment hook '/home/nwhit210/omnicar_ws/install/mecanum_drive_controller/share/mecanum_drive_controller/hook/ld_library_path_lib.sh'
[3.681s] Level 1:colcon.colcon_core.environment:checking '/home/nwhit210/omnicar_ws/install/mecanum_drive_controller/bin'
[3.681s] Level 1:colcon.colcon_core.environment:checking '/home/nwhit210/omnicar_ws/install/mecanum_drive_controller/lib/pkgconfig/mecanum_drive_controller.pc'
[3.681s] Level 1:colcon.colcon_core.environment:checking '/home/nwhit210/omnicar_ws/install/mecanum_drive_controller/lib/python3.10/site-packages'
[3.682s] Level 1:colcon.colcon_core.environment:checking '/home/nwhit210/omnicar_ws/install/mecanum_drive_controller/bin'
[3.684s] INFO:colcon.colcon_core.shell:Creating package script '/home/nwhit210/omnicar_ws/install/mecanum_drive_controller/share/mecanum_drive_controller/package.ps1'
[3.685s] INFO:colcon.colcon_core.shell:Creating package descriptor '/home/nwhit210/omnicar_ws/install/mecanum_drive_controller/share/mecanum_drive_controller/package.dsv'
[3.687s] INFO:colcon.colcon_core.shell:Creating package script '/home/nwhit210/omnicar_ws/install/mecanum_drive_controller/share/mecanum_drive_controller/package.sh'
[3.689s] INFO:colcon.colcon_core.shell:Creating package script '/home/nwhit210/omnicar_ws/install/mecanum_drive_controller/share/mecanum_drive_controller/package.bash'
[3.691s] INFO:colcon.colcon_core.shell:Creating package script '/home/nwhit210/omnicar_ws/install/mecanum_drive_controller/share/mecanum_drive_controller/package.zsh'
[3.693s] Level 1:colcon.colcon_core.environment:create_file_with_runtime_dependencies(/home/nwhit210/omnicar_ws/install/mecanum_drive_controller/share/colcon-core/packages/mecanum_drive_controller)
[20.335s] DEBUG:colcon.colcon_core.event_handler.log_command:Invoked command in '/home/nwhit210/omnicar_ws/build/arduino_hardware_controller' returned '2': CMAKE_PREFIX_PATH=/opt/ros/humble /usr/bin/cmake --build /home/nwhit210/omnicar_ws/build/arduino_hardware_controller -- -j8 -l8
[20.353s] Level 1:colcon.colcon_core.environment:create_environment_scripts_only(arduino_hardware_controller)
[20.356s] Level 1:colcon.colcon_core.environment:checking '/home/nwhit210/omnicar_ws/install/arduino_hardware_controller' for CMake module files
[20.359s] Level 1:colcon.colcon_core.environment:checking '/home/nwhit210/omnicar_ws/install/arduino_hardware_controller' for CMake config files
[20.362s] Level 1:colcon.colcon_core.shell:create_environment_hook('arduino_hardware_controller', 'cmake_prefix_path')
[20.363s] INFO:colcon.colcon_core.shell:Creating environment hook '/home/nwhit210/omnicar_ws/install/arduino_hardware_controller/share/arduino_hardware_controller/hook/cmake_prefix_path.ps1'
[20.368s] INFO:colcon.colcon_core.shell:Creating environment descriptor '/home/nwhit210/omnicar_ws/install/arduino_hardware_controller/share/arduino_hardware_controller/hook/cmake_prefix_path.dsv'
[20.370s] INFO:colcon.colcon_core.shell:Creating environment hook '/home/nwhit210/omnicar_ws/install/arduino_hardware_controller/share/arduino_hardware_controller/hook/cmake_prefix_path.sh'
[20.375s] Level 1:colcon.colcon_core.environment:checking '/home/nwhit210/omnicar_ws/install/arduino_hardware_controller/lib'
[20.376s] Level 1:colcon.colcon_core.shell:create_environment_hook('arduino_hardware_controller', 'ld_library_path_lib')
[20.378s] INFO:colcon.colcon_core.shell:Creating environment hook '/home/nwhit210/omnicar_ws/install/arduino_hardware_controller/share/arduino_hardware_controller/hook/ld_library_path_lib.ps1'
[20.381s] INFO:colcon.colcon_core.shell:Creating environment descriptor '/home/nwhit210/omnicar_ws/install/arduino_hardware_controller/share/arduino_hardware_controller/hook/ld_library_path_lib.dsv'
[20.382s] INFO:colcon.colcon_core.shell:Creating environment hook '/home/nwhit210/omnicar_ws/install/arduino_hardware_controller/share/arduino_hardware_controller/hook/ld_library_path_lib.sh'
[20.385s] Level 1:colcon.colcon_core.environment:checking '/home/nwhit210/omnicar_ws/install/arduino_hardware_controller/bin'
[20.386s] Level 1:colcon.colcon_core.environment:checking '/home/nwhit210/omnicar_ws/install/arduino_hardware_controller/lib/pkgconfig/arduino_hardware_controller.pc'
[20.390s] Level 1:colcon.colcon_core.environment:checking '/home/nwhit210/omnicar_ws/install/arduino_hardware_controller/lib/python3.10/site-packages'
[20.391s] Level 1:colcon.colcon_core.environment:checking '/home/nwhit210/omnicar_ws/install/arduino_hardware_controller/bin'
[20.392s] INFO:colcon.colcon_core.shell:Creating package script '/home/nwhit210/omnicar_ws/install/arduino_hardware_controller/share/arduino_hardware_controller/package.ps1'
[20.395s] INFO:colcon.colcon_core.shell:Creating package descriptor '/home/nwhit210/omnicar_ws/install/arduino_hardware_controller/share/arduino_hardware_controller/package.dsv'
[20.397s] INFO:colcon.colcon_core.shell:Creating package script '/home/nwhit210/omnicar_ws/install/arduino_hardware_controller/share/arduino_hardware_controller/package.sh'
[20.398s] INFO:colcon.colcon_core.shell:Creating package script '/home/nwhit210/omnicar_ws/install/arduino_hardware_controller/share/arduino_hardware_controller/package.bash'
[20.399s] INFO:colcon.colcon_core.shell:Creating package script '/home/nwhit210/omnicar_ws/install/arduino_hardware_controller/share/arduino_hardware_controller/package.zsh'
[20.401s] Level 1:colcon.colcon_core.environment:create_file_with_runtime_dependencies(/home/nwhit210/omnicar_ws/install/arduino_hardware_controller/share/colcon-core/packages/arduino_hardware_controller)
[21.741s] DEBUG:colcon.colcon_parallel_executor.executor.parallel:closing loop
[21.742s] DEBUG:colcon.colcon_parallel_executor.executor.parallel:loop closed
[21.743s] DEBUG:colcon.colcon_parallel_executor.executor.parallel:run_until_complete finished with '2'
[21.743s] DEBUG:colcon.colcon_core.event_reactor:joining thread
[22.070s] INFO:colcon.colcon_core.plugin_system:Skipping extension 'colcon_notification.desktop_notification.notify_send': Could not find 'notify-send'
[22.071s] INFO:colcon.colcon_core.plugin_system:Skipping extension 'colcon_notification.desktop_notification.terminal_notifier': Not used on non-Darwin systems
[22.071s] INFO:colcon.colcon_core.plugin_system:Skipping extension 'colcon_notification.desktop_notification.win32': Not used on non-Windows systems
[22.071s] INFO:colcon.colcon_notification.desktop_notification:Sending desktop notification using 'notify2'
[22.074s] DEBUG:colcon.colcon_notification.desktop_notification.notify2:Failed to initialize notify2: org.freedesktop.DBus.Error.FileNotFound: Failed to connect to socket /run/user/1000/bus: No such file or directory
[22.075s] DEBUG:colcon.colcon_core.event_reactor:joined thread
[22.076s] INFO:colcon.colcon_core.shell:Creating prefix script '/home/nwhit210/omnicar_ws/install/local_setup.ps1'
[22.082s] INFO:colcon.colcon_core.shell:Creating prefix util module '/home/nwhit210/omnicar_ws/install/_local_setup_util_ps1.py'
[22.089s] INFO:colcon.colcon_core.shell:Creating prefix chain script '/home/nwhit210/omnicar_ws/install/setup.ps1'
[22.095s] INFO:colcon.colcon_core.shell:Creating prefix script '/home/nwhit210/omnicar_ws/install/local_setup.sh'
[22.097s] INFO:colcon.colcon_core.shell:Creating prefix util module '/home/nwhit210/omnicar_ws/install/_local_setup_util_sh.py'
[22.099s] INFO:colcon.colcon_core.shell:Creating prefix chain script '/home/nwhit210/omnicar_ws/install/setup.sh'
[22.103s] INFO:colcon.colcon_core.shell:Creating prefix script '/home/nwhit210/omnicar_ws/install/local_setup.bash'
[22.106s] INFO:colcon.colcon_core.shell:Creating prefix chain script '/home/nwhit210/omnicar_ws/install/setup.bash'
[22.111s] INFO:colcon.colcon_core.shell:Creating prefix script '/home/nwhit210/omnicar_ws/install/local_setup.zsh'
[22.114s] INFO:colcon.colcon_core.shell:Creating prefix chain script '/home/nwhit210/omnicar_ws/install/setup.zsh'
