[0.544s] DEBUG:colcon:Command line arguments: ['/usr/bin/colcon', 'build', '--symlink-install', '--allow-overriding', 'mecanum_drive_controller']
[0.544s] DEBUG:colcon:Parsed command line arguments: Namespace(log_base=None, log_level=None, verb_name='build', build_base='build', install_base='install', merge_install=False, symlink_install=True, test_result_base=None, continue_on_error=False, executor='parallel', parallel_workers=4, event_handlers=None, ignore_user_meta=False, metas=['./colcon.meta'], base_paths=['.'], packages_ignore=None, packages_ignore_regex=None, paths=None, packages_up_to=None, packages_up_to_regex=None, packages_above=None, packages_above_and_dependencies=None, packages_above_depth=None, packages_select_by_dep=None, packages_skip_by_dep=None, packages_skip_up_to=None, packages_select_build_failed=False, packages_skip_build_finished=False, packages_select_test_failures=False, packages_skip_test_passed=False, packages_select=None, packages_skip=None, packages_select_regex=None, packages_skip_regex=None, packages_start=None, packages_end=None, allow_overriding=['mecanum_drive_controller'], cmake_args=None, cmake_target=None, cmake_target_skip_unavailable=False, cmake_clean_cache=False, cmake_clean_first=False, cmake_force_configure=False, ament_cmake_args=None, catkin_cmake_args=None, catkin_skip_building_tests=False, mixin_files=None, mixin=None, verb_parser=<colcon_mixin.mixin.mixin_argument.MixinArgumentDecorator object at 0xffff8273db70>, verb_extension=<colcon_core.verb.build.BuildVerb object at 0xffff829cece0>, main=<bound method BuildVerb.main of <colcon_core.verb.build.BuildVerb object at 0xffff829cece0>>, mixin_verb=('build',))
[1.883s] Level 1:colcon.colcon_core.package_discovery:discover_packages(colcon_meta) check parameters
[1.884s] Level 1:colcon.colcon_core.package_discovery:discover_packages(recursive) check parameters
[1.884s] Level 1:colcon.colcon_core.package_discovery:discover_packages(ignore) check parameters
[1.885s] Level 1:colcon.colcon_core.package_discovery:discover_packages(path) check parameters
[1.885s] Level 1:colcon.colcon_core.package_discovery:discover_packages(colcon_meta) discover
[1.885s] Level 1:colcon.colcon_core.package_discovery:discover_packages(recursive) discover
[1.885s] INFO:colcon.colcon_core.package_discovery:Crawling recursively for packages in '/home/pi/omnicar_ws'
[1.886s] Level 1:colcon.colcon_core.package_identification:_identify(.) by extensions ['ignore', 'ignore_ament_install']
[1.886s] Level 1:colcon.colcon_core.package_identification:_identify(.) by extension 'ignore'
[1.887s] Level 1:colcon.colcon_core.package_identification:_identify(.) by extension 'ignore_ament_install'
[1.887s] Level 1:colcon.colcon_core.package_identification:_identify(.) by extensions ['colcon_pkg']
[1.887s] Level 1:colcon.colcon_core.package_identification:_identify(.) by extension 'colcon_pkg'
[1.888s] Level 1:colcon.colcon_core.package_identification:_identify(.) by extensions ['colcon_meta']
[1.888s] Level 1:colcon.colcon_core.package_identification:_identify(.) by extension 'colcon_meta'
[1.888s] Level 1:colcon.colcon_core.package_identification:_identify(.) by extensions ['ros']
[1.888s] Level 1:colcon.colcon_core.package_identification:_identify(.) by extension 'ros'
[1.992s] Level 1:colcon.colcon_core.package_identification:_identify(.) by extensions ['cmake', 'python']
[1.992s] Level 1:colcon.colcon_core.package_identification:_identify(.) by extension 'cmake'
[1.992s] Level 1:colcon.colcon_core.package_identification:_identify(.) by extension 'python'
[1.993s] Level 1:colcon.colcon_core.package_identification:_identify(.) by extensions ['python_setup_py']
[1.993s] Level 1:colcon.colcon_core.package_identification:_identify(.) by extension 'python_setup_py'
[1.993s] Level 1:colcon.colcon_core.package_identification:_identify(build) by extensions ['ignore', 'ignore_ament_install']
[1.994s] Level 1:colcon.colcon_core.package_identification:_identify(build) by extension 'ignore'
[1.994s] Level 1:colcon.colcon_core.package_identification:_identify(build) ignored
[1.995s] Level 1:colcon.colcon_core.package_identification:_identify(install) by extensions ['ignore', 'ignore_ament_install']
[1.995s] Level 1:colcon.colcon_core.package_identification:_identify(install) by extension 'ignore'
[1.995s] Level 1:colcon.colcon_core.package_identification:_identify(install) ignored
[1.996s] Level 1:colcon.colcon_core.package_identification:_identify(log) by extensions ['ignore', 'ignore_ament_install']
[1.996s] Level 1:colcon.colcon_core.package_identification:_identify(log) by extension 'ignore'
[1.996s] Level 1:colcon.colcon_core.package_identification:_identify(log) ignored
[1.997s] Level 1:colcon.colcon_core.package_identification:_identify(src) by extensions ['ignore', 'ignore_ament_install']
[1.997s] Level 1:colcon.colcon_core.package_identification:_identify(src) by extension 'ignore'
[1.997s] Level 1:colcon.colcon_core.package_identification:_identify(src) by extension 'ignore_ament_install'
[1.998s] Level 1:colcon.colcon_core.package_identification:_identify(src) by extensions ['colcon_pkg']
[1.998s] Level 1:colcon.colcon_core.package_identification:_identify(src) by extension 'colcon_pkg'
[1.998s] Level 1:colcon.colcon_core.package_identification:_identify(src) by extensions ['colcon_meta']
[1.998s] Level 1:colcon.colcon_core.package_identification:_identify(src) by extension 'colcon_meta'
[1.998s] Level 1:colcon.colcon_core.package_identification:_identify(src) by extensions ['ros']
[1.999s] Level 1:colcon.colcon_core.package_identification:_identify(src) by extension 'ros'
[1.999s] Level 1:colcon.colcon_core.package_identification:_identify(src) by extensions ['cmake', 'python']
[1.999s] Level 1:colcon.colcon_core.package_identification:_identify(src) by extension 'cmake'
[1.999s] Level 1:colcon.colcon_core.package_identification:_identify(src) by extension 'python'
[2.000s] Level 1:colcon.colcon_core.package_identification:_identify(src) by extensions ['python_setup_py']
[2.000s] Level 1:colcon.colcon_core.package_identification:_identify(src) by extension 'python_setup_py'
[2.000s] Level 1:colcon.colcon_core.package_identification:_identify(src/diffdrive_arduino) by extensions ['ignore', 'ignore_ament_install']
[2.001s] Level 1:colcon.colcon_core.package_identification:_identify(src/diffdrive_arduino) by extension 'ignore'
[2.001s] Level 1:colcon.colcon_core.package_identification:_identify(src/diffdrive_arduino) by extension 'ignore_ament_install'
[2.001s] Level 1:colcon.colcon_core.package_identification:_identify(src/diffdrive_arduino) by extensions ['colcon_pkg']
[2.001s] Level 1:colcon.colcon_core.package_identification:_identify(src/diffdrive_arduino) by extension 'colcon_pkg'
[2.002s] Level 1:colcon.colcon_core.package_identification:_identify(src/diffdrive_arduino) by extensions ['colcon_meta']
[2.002s] Level 1:colcon.colcon_core.package_identification:_identify(src/diffdrive_arduino) by extension 'colcon_meta'
[2.002s] Level 1:colcon.colcon_core.package_identification:_identify(src/diffdrive_arduino) by extensions ['ros']
[2.002s] Level 1:colcon.colcon_core.package_identification:_identify(src/diffdrive_arduino) by extension 'ros'
[2.014s] DEBUG:colcon.colcon_core.package_identification:Package 'src/diffdrive_arduino' with type 'ros.ament_cmake' and name 'diffdrive_arduino'
[2.015s] Level 1:colcon.colcon_core.package_identification:_identify(src/mecanum_drive_controller) by extensions ['ignore', 'ignore_ament_install']
[2.016s] Level 1:colcon.colcon_core.package_identification:_identify(src/mecanum_drive_controller) by extension 'ignore'
[2.016s] Level 1:colcon.colcon_core.package_identification:_identify(src/mecanum_drive_controller) by extension 'ignore_ament_install'
[2.016s] Level 1:colcon.colcon_core.package_identification:_identify(src/mecanum_drive_controller) by extensions ['colcon_pkg']
[2.016s] Level 1:colcon.colcon_core.package_identification:_identify(src/mecanum_drive_controller) by extension 'colcon_pkg'
[2.017s] Level 1:colcon.colcon_core.package_identification:_identify(src/mecanum_drive_controller) by extensions ['colcon_meta']
[2.017s] Level 1:colcon.colcon_core.package_identification:_identify(src/mecanum_drive_controller) by extension 'colcon_meta'
[2.017s] Level 1:colcon.colcon_core.package_identification:_identify(src/mecanum_drive_controller) by extensions ['ros']
[2.017s] Level 1:colcon.colcon_core.package_identification:_identify(src/mecanum_drive_controller) by extension 'ros'
[2.024s] DEBUG:colcon.colcon_core.package_identification:Package 'src/mecanum_drive_controller' with type 'ros.ament_cmake' and name 'mecanum_drive_controller'
[2.025s] Level 1:colcon.colcon_core.package_identification:_identify(src/omnicar) by extensions ['ignore', 'ignore_ament_install']
[2.025s] Level 1:colcon.colcon_core.package_identification:_identify(src/omnicar) by extension 'ignore'
[2.026s] Level 1:colcon.colcon_core.package_identification:_identify(src/omnicar) by extension 'ignore_ament_install'
[2.026s] Level 1:colcon.colcon_core.package_identification:_identify(src/omnicar) by extensions ['colcon_pkg']
[2.026s] Level 1:colcon.colcon_core.package_identification:_identify(src/omnicar) by extension 'colcon_pkg'
[2.026s] Level 1:colcon.colcon_core.package_identification:_identify(src/omnicar) by extensions ['colcon_meta']
[2.027s] Level 1:colcon.colcon_core.package_identification:_identify(src/omnicar) by extension 'colcon_meta'
[2.027s] Level 1:colcon.colcon_core.package_identification:_identify(src/omnicar) by extensions ['ros']
[2.027s] Level 1:colcon.colcon_core.package_identification:_identify(src/omnicar) by extension 'ros'
[2.030s] DEBUG:colcon.colcon_core.package_identification:Package 'src/omnicar' with type 'ros.ament_cmake' and name 'omnicar'
[2.030s] Level 1:colcon.colcon_core.package_discovery:discover_packages(recursive) using defaults
[2.031s] Level 1:colcon.colcon_core.package_discovery:discover_packages(ignore) discover
[2.031s] Level 1:colcon.colcon_core.package_discovery:discover_packages(ignore) using defaults
[2.031s] Level 1:colcon.colcon_core.package_discovery:discover_packages(path) discover
[2.031s] Level 1:colcon.colcon_core.package_discovery:discover_packages(path) using defaults
[2.156s] Level 1:colcon.colcon_core.package_discovery:discover_packages(prefix_path) check parameters
[2.156s] Level 1:colcon.colcon_core.package_discovery:discover_packages(prefix_path) discover
[2.171s] DEBUG:colcon.colcon_installed_package_information.package_discovery:Found 3 installed packages in /home/pi/omnicar_ws/install
[2.183s] DEBUG:colcon.colcon_installed_package_information.package_discovery:Found 323 installed packages in /opt/ros/humble
[2.191s] Level 1:colcon.colcon_core.package_discovery:discover_packages(prefix_path) using defaults
[2.584s] Level 5:colcon.colcon_core.verb:set package 'diffdrive_arduino' build argument 'cmake_args' from command line to 'None'
[2.584s] Level 5:colcon.colcon_core.verb:set package 'diffdrive_arduino' build argument 'cmake_target' from command line to 'None'
[2.585s] Level 5:colcon.colcon_core.verb:set package 'diffdrive_arduino' build argument 'cmake_target_skip_unavailable' from command line to 'False'
[2.585s] Level 5:colcon.colcon_core.verb:set package 'diffdrive_arduino' build argument 'cmake_clean_cache' from command line to 'False'
[2.585s] Level 5:colcon.colcon_core.verb:set package 'diffdrive_arduino' build argument 'cmake_clean_first' from command line to 'False'
[2.585s] Level 5:colcon.colcon_core.verb:set package 'diffdrive_arduino' build argument 'cmake_force_configure' from command line to 'False'
[2.585s] Level 5:colcon.colcon_core.verb:set package 'diffdrive_arduino' build argument 'ament_cmake_args' from command line to 'None'
[2.585s] Level 5:colcon.colcon_core.verb:set package 'diffdrive_arduino' build argument 'catkin_cmake_args' from command line to 'None'
[2.585s] Level 5:colcon.colcon_core.verb:set package 'diffdrive_arduino' build argument 'catkin_skip_building_tests' from command line to 'False'
[2.585s] DEBUG:colcon.colcon_core.verb:Building package 'diffdrive_arduino' with the following arguments: {'ament_cmake_args': None, 'build_base': '/home/pi/omnicar_ws/build/diffdrive_arduino', 'catkin_cmake_args': None, 'catkin_skip_building_tests': False, 'cmake_args': None, 'cmake_clean_cache': False, 'cmake_clean_first': False, 'cmake_force_configure': False, 'cmake_target': None, 'cmake_target_skip_unavailable': False, 'install_base': '/home/pi/omnicar_ws/install/diffdrive_arduino', 'merge_install': False, 'path': '/home/pi/omnicar_ws/src/diffdrive_arduino', 'symlink_install': True, 'test_result_base': None}
[2.587s] Level 5:colcon.colcon_core.verb:set package 'mecanum_drive_controller' build argument 'cmake_args' from command line to 'None'
[2.587s] Level 5:colcon.colcon_core.verb:set package 'mecanum_drive_controller' build argument 'cmake_target' from command line to 'None'
[2.587s] Level 5:colcon.colcon_core.verb:set package 'mecanum_drive_controller' build argument 'cmake_target_skip_unavailable' from command line to 'False'
[2.588s] Level 5:colcon.colcon_core.verb:set package 'mecanum_drive_controller' build argument 'cmake_clean_cache' from command line to 'False'
[2.588s] Level 5:colcon.colcon_core.verb:set package 'mecanum_drive_controller' build argument 'cmake_clean_first' from command line to 'False'
[2.588s] Level 5:colcon.colcon_core.verb:set package 'mecanum_drive_controller' build argument 'cmake_force_configure' from command line to 'False'
[2.588s] Level 5:colcon.colcon_core.verb:set package 'mecanum_drive_controller' build argument 'ament_cmake_args' from command line to 'None'
[2.588s] Level 5:colcon.colcon_core.verb:set package 'mecanum_drive_controller' build argument 'catkin_cmake_args' from command line to 'None'
[2.588s] Level 5:colcon.colcon_core.verb:set package 'mecanum_drive_controller' build argument 'catkin_skip_building_tests' from command line to 'False'
[2.588s] DEBUG:colcon.colcon_core.verb:Building package 'mecanum_drive_controller' with the following arguments: {'ament_cmake_args': None, 'build_base': '/home/pi/omnicar_ws/build/mecanum_drive_controller', 'catkin_cmake_args': None, 'catkin_skip_building_tests': False, 'cmake_args': None, 'cmake_clean_cache': False, 'cmake_clean_first': False, 'cmake_force_configure': False, 'cmake_target': None, 'cmake_target_skip_unavailable': False, 'install_base': '/home/pi/omnicar_ws/install/mecanum_drive_controller', 'merge_install': False, 'path': '/home/pi/omnicar_ws/src/mecanum_drive_controller', 'symlink_install': True, 'test_result_base': None}
[2.590s] Level 5:colcon.colcon_core.verb:set package 'omnicar' build argument 'cmake_args' from command line to 'None'
[2.590s] Level 5:colcon.colcon_core.verb:set package 'omnicar' build argument 'cmake_target' from command line to 'None'
[2.590s] Level 5:colcon.colcon_core.verb:set package 'omnicar' build argument 'cmake_target_skip_unavailable' from command line to 'False'
[2.590s] Level 5:colcon.colcon_core.verb:set package 'omnicar' build argument 'cmake_clean_cache' from command line to 'False'
[2.590s] Level 5:colcon.colcon_core.verb:set package 'omnicar' build argument 'cmake_clean_first' from command line to 'False'
[2.590s] Level 5:colcon.colcon_core.verb:set package 'omnicar' build argument 'cmake_force_configure' from command line to 'False'
[2.590s] Level 5:colcon.colcon_core.verb:set package 'omnicar' build argument 'ament_cmake_args' from command line to 'None'
[2.591s] Level 5:colcon.colcon_core.verb:set package 'omnicar' build argument 'catkin_cmake_args' from command line to 'None'
[2.591s] Level 5:colcon.colcon_core.verb:set package 'omnicar' build argument 'catkin_skip_building_tests' from command line to 'False'
[2.591s] DEBUG:colcon.colcon_core.verb:Building package 'omnicar' with the following arguments: {'ament_cmake_args': None, 'build_base': '/home/pi/omnicar_ws/build/omnicar', 'catkin_cmake_args': None, 'catkin_skip_building_tests': False, 'cmake_args': None, 'cmake_clean_cache': False, 'cmake_clean_first': False, 'cmake_force_configure': False, 'cmake_target': None, 'cmake_target_skip_unavailable': False, 'install_base': '/home/pi/omnicar_ws/install/omnicar', 'merge_install': False, 'path': '/home/pi/omnicar_ws/src/omnicar', 'symlink_install': True, 'test_result_base': None}
[2.591s] INFO:colcon.colcon_core.executor:Executing jobs using 'parallel' executor
[2.595s] DEBUG:colcon.colcon_parallel_executor.executor.parallel:run_until_complete
[2.596s] INFO:colcon.colcon_ros.task.ament_cmake.build:Building ROS package in '/home/pi/omnicar_ws/src/diffdrive_arduino' with build type 'ament_cmake'
[2.597s] INFO:colcon.colcon_cmake.task.cmake.build:Building CMake package in '/home/pi/omnicar_ws/src/diffdrive_arduino'
[2.614s] INFO:colcon.colcon_core.plugin_system:Skipping extension 'colcon_core.shell.bat': Not used on non-Windows systems
[2.615s] INFO:colcon.colcon_core.shell:Skip shell extension 'powershell' for command environment: Not usable outside of PowerShell
[2.616s] DEBUG:colcon.colcon_core.shell:Skip shell extension 'dsv' for command environment
[2.639s] INFO:colcon.colcon_ros.task.ament_cmake.build:Building ROS package in '/home/pi/omnicar_ws/src/mecanum_drive_controller' with build type 'ament_cmake'
[2.640s] INFO:colcon.colcon_cmake.task.cmake.build:Building CMake package in '/home/pi/omnicar_ws/src/mecanum_drive_controller'
[2.641s] INFO:colcon.colcon_core.shell:Skip shell extension 'powershell' for command environment: Not usable outside of PowerShell
[2.641s] DEBUG:colcon.colcon_core.shell:Skip shell extension 'dsv' for command environment
[2.662s] INFO:colcon.colcon_ros.task.ament_cmake.build:Building ROS package in '/home/pi/omnicar_ws/src/omnicar' with build type 'ament_cmake'
[2.663s] INFO:colcon.colcon_cmake.task.cmake.build:Building CMake package in '/home/pi/omnicar_ws/src/omnicar'
[2.664s] INFO:colcon.colcon_core.shell:Skip shell extension 'powershell' for command environment: Not usable outside of PowerShell
[2.665s] DEBUG:colcon.colcon_core.shell:Skip shell extension 'dsv' for command environment
[2.728s] DEBUG:colcon.colcon_core.event_handler.log_command:Invoking command in '/home/pi/omnicar_ws/build/diffdrive_arduino': CMAKE_PREFIX_PATH=${CMAKE_PREFIX_PATH}:/opt/ros/humble /usr/bin/cmake --build /home/pi/omnicar_ws/build/diffdrive_arduino -- -j4 -l4
[2.764s] DEBUG:colcon.colcon_core.event_handler.log_command:Invoking command in '/home/pi/omnicar_ws/build/mecanum_drive_controller': CMAKE_PREFIX_PATH=${CMAKE_PREFIX_PATH}:/opt/ros/humble /usr/bin/cmake --build /home/pi/omnicar_ws/build/mecanum_drive_controller -- -j4 -l4
[2.811s] DEBUG:colcon.colcon_core.event_handler.log_command:Invoking command in '/home/pi/omnicar_ws/build/omnicar': CMAKE_PREFIX_PATH=${CMAKE_PREFIX_PATH}:/opt/ros/humble /usr/bin/cmake --build /home/pi/omnicar_ws/build/omnicar -- -j4 -l4
[3.036s] DEBUG:colcon.colcon_core.event_handler.log_command:Invoked command in '/home/pi/omnicar_ws/build/omnicar' returned '0': CMAKE_PREFIX_PATH=${CMAKE_PREFIX_PATH}:/opt/ros/humble /usr/bin/cmake --build /home/pi/omnicar_ws/build/omnicar -- -j4 -l4
[3.080s] DEBUG:colcon.colcon_core.event_handler.log_command:Invoking command in '/home/pi/omnicar_ws/build/omnicar': CMAKE_PREFIX_PATH=${CMAKE_PREFIX_PATH}:/opt/ros/humble /usr/bin/cmake --install /home/pi/omnicar_ws/build/omnicar
[3.253s] Level 1:colcon.colcon_core.environment:create_environment_scripts_only(omnicar)
[3.257s] DEBUG:colcon.colcon_core.event_handler.log_command:Invoked command in '/home/pi/omnicar_ws/build/omnicar' returned '0': CMAKE_PREFIX_PATH=${CMAKE_PREFIX_PATH}:/opt/ros/humble /usr/bin/cmake --install /home/pi/omnicar_ws/build/omnicar
[3.292s] Level 1:colcon.colcon_core.environment:checking '/home/pi/omnicar_ws/install/omnicar' for CMake module files
[3.295s] Level 1:colcon.colcon_core.environment:checking '/home/pi/omnicar_ws/install/omnicar' for CMake config files
[3.299s] Level 1:colcon.colcon_core.shell:create_environment_hook('omnicar', 'cmake_prefix_path')
[3.300s] INFO:colcon.colcon_core.shell:Creating environment hook '/home/pi/omnicar_ws/install/omnicar/share/omnicar/hook/cmake_prefix_path.ps1'
[3.305s] INFO:colcon.colcon_core.shell:Creating environment descriptor '/home/pi/omnicar_ws/install/omnicar/share/omnicar/hook/cmake_prefix_path.dsv'
[3.308s] INFO:colcon.colcon_core.shell:Creating environment hook '/home/pi/omnicar_ws/install/omnicar/share/omnicar/hook/cmake_prefix_path.sh'
[3.313s] Level 1:colcon.colcon_core.environment:checking '/home/pi/omnicar_ws/install/omnicar/bin'
[3.313s] Level 1:colcon.colcon_core.environment:checking '/home/pi/omnicar_ws/install/omnicar/lib/pkgconfig/omnicar.pc'
[3.315s] Level 1:colcon.colcon_core.environment:checking '/home/pi/omnicar_ws/install/omnicar/lib/python3.10/site-packages'
[3.316s] Level 1:colcon.colcon_core.environment:checking '/home/pi/omnicar_ws/install/omnicar/bin'
[3.317s] INFO:colcon.colcon_core.shell:Creating package script '/home/pi/omnicar_ws/install/omnicar/share/omnicar/package.ps1'
[3.321s] INFO:colcon.colcon_core.shell:Creating package descriptor '/home/pi/omnicar_ws/install/omnicar/share/omnicar/package.dsv'
[3.324s] INFO:colcon.colcon_core.shell:Creating package script '/home/pi/omnicar_ws/install/omnicar/share/omnicar/package.sh'
[3.327s] INFO:colcon.colcon_core.shell:Creating package script '/home/pi/omnicar_ws/install/omnicar/share/omnicar/package.bash'
[3.331s] INFO:colcon.colcon_core.shell:Creating package script '/home/pi/omnicar_ws/install/omnicar/share/omnicar/package.zsh'
[3.335s] Level 1:colcon.colcon_core.environment:create_file_with_runtime_dependencies(/home/pi/omnicar_ws/install/omnicar/share/colcon-core/packages/omnicar)
[3.337s] Level 1:colcon.colcon_core.environment:create_environment_scripts_only(omnicar)
[3.339s] Level 1:colcon.colcon_core.environment:checking '/home/pi/omnicar_ws/install/omnicar' for CMake module files
[3.342s] Level 1:colcon.colcon_core.environment:checking '/home/pi/omnicar_ws/install/omnicar' for CMake config files
[3.346s] Level 1:colcon.colcon_core.shell:create_environment_hook('omnicar', 'cmake_prefix_path')
[3.348s] INFO:colcon.colcon_core.shell:Creating environment hook '/home/pi/omnicar_ws/install/omnicar/share/omnicar/hook/cmake_prefix_path.ps1'
[3.351s] INFO:colcon.colcon_core.shell:Creating environment descriptor '/home/pi/omnicar_ws/install/omnicar/share/omnicar/hook/cmake_prefix_path.dsv'
[3.353s] INFO:colcon.colcon_core.shell:Creating environment hook '/home/pi/omnicar_ws/install/omnicar/share/omnicar/hook/cmake_prefix_path.sh'
[3.356s] Level 1:colcon.colcon_core.environment:checking '/home/pi/omnicar_ws/install/omnicar/bin'
[3.357s] Level 1:colcon.colcon_core.environment:checking '/home/pi/omnicar_ws/install/omnicar/lib/pkgconfig/omnicar.pc'
[3.358s] Level 1:colcon.colcon_core.environment:checking '/home/pi/omnicar_ws/install/omnicar/lib/python3.10/site-packages'
[3.359s] Level 1:colcon.colcon_core.environment:checking '/home/pi/omnicar_ws/install/omnicar/bin'
[3.362s] INFO:colcon.colcon_core.shell:Creating package script '/home/pi/omnicar_ws/install/omnicar/share/omnicar/package.ps1'
[3.365s] INFO:colcon.colcon_core.shell:Creating package descriptor '/home/pi/omnicar_ws/install/omnicar/share/omnicar/package.dsv'
[3.368s] INFO:colcon.colcon_core.shell:Creating package script '/home/pi/omnicar_ws/install/omnicar/share/omnicar/package.sh'
[3.371s] INFO:colcon.colcon_core.shell:Creating package script '/home/pi/omnicar_ws/install/omnicar/share/omnicar/package.bash'
[3.374s] INFO:colcon.colcon_core.shell:Creating package script '/home/pi/omnicar_ws/install/omnicar/share/omnicar/package.zsh'
[3.377s] Level 1:colcon.colcon_core.environment:create_file_with_runtime_dependencies(/home/pi/omnicar_ws/install/omnicar/share/colcon-core/packages/omnicar)
[3.385s] DEBUG:colcon.colcon_core.event_handler.log_command:Invoked command in '/home/pi/omnicar_ws/build/diffdrive_arduino' returned '0': CMAKE_PREFIX_PATH=${CMAKE_PREFIX_PATH}:/opt/ros/humble /usr/bin/cmake --build /home/pi/omnicar_ws/build/diffdrive_arduino -- -j4 -l4
[3.423s] DEBUG:colcon.colcon_core.event_handler.log_command:Invoking command in '/home/pi/omnicar_ws/build/diffdrive_arduino': CMAKE_PREFIX_PATH=${CMAKE_PREFIX_PATH}:/opt/ros/humble /usr/bin/cmake --install /home/pi/omnicar_ws/build/diffdrive_arduino
[3.597s] Level 1:colcon.colcon_core.environment:create_environment_scripts_only(diffdrive_arduino)
[3.600s] Level 1:colcon.colcon_core.environment:checking '/home/pi/omnicar_ws/install/diffdrive_arduino' for CMake module files
[3.602s] DEBUG:colcon.colcon_core.event_handler.log_command:Invoked command in '/home/pi/omnicar_ws/build/diffdrive_arduino' returned '0': CMAKE_PREFIX_PATH=${CMAKE_PREFIX_PATH}:/opt/ros/humble /usr/bin/cmake --install /home/pi/omnicar_ws/build/diffdrive_arduino
[3.605s] Level 1:colcon.colcon_core.environment:checking '/home/pi/omnicar_ws/install/diffdrive_arduino' for CMake config files
[3.610s] Level 1:colcon.colcon_core.shell:create_environment_hook('diffdrive_arduino', 'cmake_prefix_path')
[3.612s] INFO:colcon.colcon_core.shell:Creating environment hook '/home/pi/omnicar_ws/install/diffdrive_arduino/share/diffdrive_arduino/hook/cmake_prefix_path.ps1'
[3.615s] INFO:colcon.colcon_core.shell:Creating environment descriptor '/home/pi/omnicar_ws/install/diffdrive_arduino/share/diffdrive_arduino/hook/cmake_prefix_path.dsv'
[3.617s] INFO:colcon.colcon_core.shell:Creating environment hook '/home/pi/omnicar_ws/install/diffdrive_arduino/share/diffdrive_arduino/hook/cmake_prefix_path.sh'
[3.621s] Level 1:colcon.colcon_core.environment:checking '/home/pi/omnicar_ws/install/diffdrive_arduino/lib'
[3.622s] Level 1:colcon.colcon_core.shell:create_environment_hook('diffdrive_arduino', 'ld_library_path_lib')
[3.623s] INFO:colcon.colcon_core.shell:Creating environment hook '/home/pi/omnicar_ws/install/diffdrive_arduino/share/diffdrive_arduino/hook/ld_library_path_lib.ps1'
[3.626s] INFO:colcon.colcon_core.shell:Creating environment descriptor '/home/pi/omnicar_ws/install/diffdrive_arduino/share/diffdrive_arduino/hook/ld_library_path_lib.dsv'
[3.628s] INFO:colcon.colcon_core.shell:Creating environment hook '/home/pi/omnicar_ws/install/diffdrive_arduino/share/diffdrive_arduino/hook/ld_library_path_lib.sh'
[3.631s] Level 1:colcon.colcon_core.environment:checking '/home/pi/omnicar_ws/install/diffdrive_arduino/bin'
[3.632s] Level 1:colcon.colcon_core.environment:checking '/home/pi/omnicar_ws/install/diffdrive_arduino/lib/pkgconfig/diffdrive_arduino.pc'
[3.633s] Level 1:colcon.colcon_core.environment:checking '/home/pi/omnicar_ws/install/diffdrive_arduino/lib/python3.10/site-packages'
[3.635s] Level 1:colcon.colcon_core.environment:checking '/home/pi/omnicar_ws/install/diffdrive_arduino/bin'
[3.637s] INFO:colcon.colcon_core.shell:Creating package script '/home/pi/omnicar_ws/install/diffdrive_arduino/share/diffdrive_arduino/package.ps1'
[3.641s] INFO:colcon.colcon_core.shell:Creating package descriptor '/home/pi/omnicar_ws/install/diffdrive_arduino/share/diffdrive_arduino/package.dsv'
[3.644s] INFO:colcon.colcon_core.shell:Creating package script '/home/pi/omnicar_ws/install/diffdrive_arduino/share/diffdrive_arduino/package.sh'
[3.649s] INFO:colcon.colcon_core.shell:Creating package script '/home/pi/omnicar_ws/install/diffdrive_arduino/share/diffdrive_arduino/package.bash'
[3.652s] INFO:colcon.colcon_core.shell:Creating package script '/home/pi/omnicar_ws/install/diffdrive_arduino/share/diffdrive_arduino/package.zsh'
[3.654s] Level 1:colcon.colcon_core.environment:create_file_with_runtime_dependencies(/home/pi/omnicar_ws/install/diffdrive_arduino/share/colcon-core/packages/diffdrive_arduino)
[3.657s] Level 1:colcon.colcon_core.environment:create_environment_scripts_only(diffdrive_arduino)
[3.659s] Level 1:colcon.colcon_core.environment:checking '/home/pi/omnicar_ws/install/diffdrive_arduino' for CMake module files
[3.664s] Level 1:colcon.colcon_core.environment:checking '/home/pi/omnicar_ws/install/diffdrive_arduino' for CMake config files
[3.668s] Level 1:colcon.colcon_core.shell:create_environment_hook('diffdrive_arduino', 'cmake_prefix_path')
[3.670s] INFO:colcon.colcon_core.shell:Creating environment hook '/home/pi/omnicar_ws/install/diffdrive_arduino/share/diffdrive_arduino/hook/cmake_prefix_path.ps1'
[3.672s] INFO:colcon.colcon_core.shell:Creating environment descriptor '/home/pi/omnicar_ws/install/diffdrive_arduino/share/diffdrive_arduino/hook/cmake_prefix_path.dsv'
[3.674s] INFO:colcon.colcon_core.shell:Creating environment hook '/home/pi/omnicar_ws/install/diffdrive_arduino/share/diffdrive_arduino/hook/cmake_prefix_path.sh'
[3.678s] Level 1:colcon.colcon_core.environment:checking '/home/pi/omnicar_ws/install/diffdrive_arduino/lib'
[3.679s] Level 1:colcon.colcon_core.shell:create_environment_hook('diffdrive_arduino', 'ld_library_path_lib')
[3.680s] INFO:colcon.colcon_core.shell:Creating environment hook '/home/pi/omnicar_ws/install/diffdrive_arduino/share/diffdrive_arduino/hook/ld_library_path_lib.ps1'
[3.683s] INFO:colcon.colcon_core.shell:Creating environment descriptor '/home/pi/omnicar_ws/install/diffdrive_arduino/share/diffdrive_arduino/hook/ld_library_path_lib.dsv'
[3.686s] INFO:colcon.colcon_core.shell:Creating environment hook '/home/pi/omnicar_ws/install/diffdrive_arduino/share/diffdrive_arduino/hook/ld_library_path_lib.sh'
[3.688s] Level 1:colcon.colcon_core.environment:checking '/home/pi/omnicar_ws/install/diffdrive_arduino/bin'
[3.689s] Level 1:colcon.colcon_core.environment:checking '/home/pi/omnicar_ws/install/diffdrive_arduino/lib/pkgconfig/diffdrive_arduino.pc'
[3.690s] Level 1:colcon.colcon_core.environment:checking '/home/pi/omnicar_ws/install/diffdrive_arduino/lib/python3.10/site-packages'
[3.691s] Level 1:colcon.colcon_core.environment:checking '/home/pi/omnicar_ws/install/diffdrive_arduino/bin'
[3.692s] INFO:colcon.colcon_core.shell:Creating package script '/home/pi/omnicar_ws/install/diffdrive_arduino/share/diffdrive_arduino/package.ps1'
[3.696s] INFO:colcon.colcon_core.shell:Creating package descriptor '/home/pi/omnicar_ws/install/diffdrive_arduino/share/diffdrive_arduino/package.dsv'
[3.699s] INFO:colcon.colcon_core.shell:Creating package script '/home/pi/omnicar_ws/install/diffdrive_arduino/share/diffdrive_arduino/package.sh'
[3.702s] INFO:colcon.colcon_core.shell:Creating package script '/home/pi/omnicar_ws/install/diffdrive_arduino/share/diffdrive_arduino/package.bash'
[3.705s] INFO:colcon.colcon_core.shell:Creating package script '/home/pi/omnicar_ws/install/diffdrive_arduino/share/diffdrive_arduino/package.zsh'
[3.707s] Level 1:colcon.colcon_core.environment:create_file_with_runtime_dependencies(/home/pi/omnicar_ws/install/diffdrive_arduino/share/colcon-core/packages/diffdrive_arduino)
[3.713s] DEBUG:colcon.colcon_core.event_handler.log_command:Invoked command in '/home/pi/omnicar_ws/build/mecanum_drive_controller' returned '0': CMAKE_PREFIX_PATH=${CMAKE_PREFIX_PATH}:/opt/ros/humble /usr/bin/cmake --build /home/pi/omnicar_ws/build/mecanum_drive_controller -- -j4 -l4
[3.721s] DEBUG:colcon.colcon_core.event_handler.log_command:Invoking command in '/home/pi/omnicar_ws/build/mecanum_drive_controller': CMAKE_PREFIX_PATH=${CMAKE_PREFIX_PATH}:/opt/ros/humble /usr/bin/cmake --install /home/pi/omnicar_ws/build/mecanum_drive_controller
[3.822s] Level 1:colcon.colcon_core.environment:create_environment_scripts_only(mecanum_drive_controller)
[3.823s] Level 1:colcon.colcon_core.environment:checking '/home/pi/omnicar_ws/install/mecanum_drive_controller' for CMake module files
[3.825s] DEBUG:colcon.colcon_core.event_handler.log_command:Invoked command in '/home/pi/omnicar_ws/build/mecanum_drive_controller' returned '0': CMAKE_PREFIX_PATH=${CMAKE_PREFIX_PATH}:/opt/ros/humble /usr/bin/cmake --install /home/pi/omnicar_ws/build/mecanum_drive_controller
[3.827s] Level 1:colcon.colcon_core.environment:checking '/home/pi/omnicar_ws/install/mecanum_drive_controller' for CMake config files
[3.833s] Level 1:colcon.colcon_core.shell:create_environment_hook('mecanum_drive_controller', 'cmake_prefix_path')
[3.835s] INFO:colcon.colcon_core.shell:Creating environment hook '/home/pi/omnicar_ws/install/mecanum_drive_controller/share/mecanum_drive_controller/hook/cmake_prefix_path.ps1'
[3.838s] INFO:colcon.colcon_core.shell:Creating environment descriptor '/home/pi/omnicar_ws/install/mecanum_drive_controller/share/mecanum_drive_controller/hook/cmake_prefix_path.dsv'
[3.840s] INFO:colcon.colcon_core.shell:Creating environment hook '/home/pi/omnicar_ws/install/mecanum_drive_controller/share/mecanum_drive_controller/hook/cmake_prefix_path.sh'
[3.843s] Level 1:colcon.colcon_core.environment:checking '/home/pi/omnicar_ws/install/mecanum_drive_controller/lib'
[3.843s] Level 1:colcon.colcon_core.shell:create_environment_hook('mecanum_drive_controller', 'ld_library_path_lib')
[3.844s] INFO:colcon.colcon_core.shell:Creating environment hook '/home/pi/omnicar_ws/install/mecanum_drive_controller/share/mecanum_drive_controller/hook/ld_library_path_lib.ps1'
[3.846s] INFO:colcon.colcon_core.shell:Creating environment descriptor '/home/pi/omnicar_ws/install/mecanum_drive_controller/share/mecanum_drive_controller/hook/ld_library_path_lib.dsv'
[3.848s] INFO:colcon.colcon_core.shell:Creating environment hook '/home/pi/omnicar_ws/install/mecanum_drive_controller/share/mecanum_drive_controller/hook/ld_library_path_lib.sh'
[3.850s] Level 1:colcon.colcon_core.environment:checking '/home/pi/omnicar_ws/install/mecanum_drive_controller/bin'
[3.851s] Level 1:colcon.colcon_core.environment:checking '/home/pi/omnicar_ws/install/mecanum_drive_controller/lib/pkgconfig/mecanum_drive_controller.pc'
[3.852s] Level 1:colcon.colcon_core.environment:checking '/home/pi/omnicar_ws/install/mecanum_drive_controller/lib/python3.10/site-packages'
[3.853s] Level 1:colcon.colcon_core.environment:checking '/home/pi/omnicar_ws/install/mecanum_drive_controller/bin'
[3.854s] INFO:colcon.colcon_core.shell:Creating package script '/home/pi/omnicar_ws/install/mecanum_drive_controller/share/mecanum_drive_controller/package.ps1'
[3.856s] INFO:colcon.colcon_core.shell:Creating package descriptor '/home/pi/omnicar_ws/install/mecanum_drive_controller/share/mecanum_drive_controller/package.dsv'
[3.859s] INFO:colcon.colcon_core.shell:Creating package script '/home/pi/omnicar_ws/install/mecanum_drive_controller/share/mecanum_drive_controller/package.sh'
[3.861s] INFO:colcon.colcon_core.shell:Creating package script '/home/pi/omnicar_ws/install/mecanum_drive_controller/share/mecanum_drive_controller/package.bash'
[3.863s] INFO:colcon.colcon_core.shell:Creating package script '/home/pi/omnicar_ws/install/mecanum_drive_controller/share/mecanum_drive_controller/package.zsh'
[3.865s] Level 1:colcon.colcon_core.environment:create_file_with_runtime_dependencies(/home/pi/omnicar_ws/install/mecanum_drive_controller/share/colcon-core/packages/mecanum_drive_controller)
[3.867s] Level 1:colcon.colcon_core.environment:create_environment_scripts_only(mecanum_drive_controller)
[3.868s] Level 1:colcon.colcon_core.environment:checking '/home/pi/omnicar_ws/install/mecanum_drive_controller' for CMake module files
[3.871s] Level 1:colcon.colcon_core.environment:checking '/home/pi/omnicar_ws/install/mecanum_drive_controller' for CMake config files
[3.875s] Level 1:colcon.colcon_core.shell:create_environment_hook('mecanum_drive_controller', 'cmake_prefix_path')
[3.876s] INFO:colcon.colcon_core.shell:Creating environment hook '/home/pi/omnicar_ws/install/mecanum_drive_controller/share/mecanum_drive_controller/hook/cmake_prefix_path.ps1'
[3.878s] INFO:colcon.colcon_core.shell:Creating environment descriptor '/home/pi/omnicar_ws/install/mecanum_drive_controller/share/mecanum_drive_controller/hook/cmake_prefix_path.dsv'
[3.880s] INFO:colcon.colcon_core.shell:Creating environment hook '/home/pi/omnicar_ws/install/mecanum_drive_controller/share/mecanum_drive_controller/hook/cmake_prefix_path.sh'
[3.883s] Level 1:colcon.colcon_core.environment:checking '/home/pi/omnicar_ws/install/mecanum_drive_controller/lib'
[3.883s] Level 1:colcon.colcon_core.shell:create_environment_hook('mecanum_drive_controller', 'ld_library_path_lib')
[3.884s] INFO:colcon.colcon_core.shell:Creating environment hook '/home/pi/omnicar_ws/install/mecanum_drive_controller/share/mecanum_drive_controller/hook/ld_library_path_lib.ps1'
[3.886s] INFO:colcon.colcon_core.shell:Creating environment descriptor '/home/pi/omnicar_ws/install/mecanum_drive_controller/share/mecanum_drive_controller/hook/ld_library_path_lib.dsv'
[3.892s] INFO:colcon.colcon_core.shell:Creating environment hook '/home/pi/omnicar_ws/install/mecanum_drive_controller/share/mecanum_drive_controller/hook/ld_library_path_lib.sh'
[3.895s] Level 1:colcon.colcon_core.environment:checking '/home/pi/omnicar_ws/install/mecanum_drive_controller/bin'
[3.895s] Level 1:colcon.colcon_core.environment:checking '/home/pi/omnicar_ws/install/mecanum_drive_controller/lib/pkgconfig/mecanum_drive_controller.pc'
[3.896s] Level 1:colcon.colcon_core.environment:checking '/home/pi/omnicar_ws/install/mecanum_drive_controller/lib/python3.10/site-packages'
[3.897s] Level 1:colcon.colcon_core.environment:checking '/home/pi/omnicar_ws/install/mecanum_drive_controller/bin'
[3.899s] INFO:colcon.colcon_core.shell:Creating package script '/home/pi/omnicar_ws/install/mecanum_drive_controller/share/mecanum_drive_controller/package.ps1'
[3.902s] INFO:colcon.colcon_core.shell:Creating package descriptor '/home/pi/omnicar_ws/install/mecanum_drive_controller/share/mecanum_drive_controller/package.dsv'
[3.905s] INFO:colcon.colcon_core.shell:Creating package script '/home/pi/omnicar_ws/install/mecanum_drive_controller/share/mecanum_drive_controller/package.sh'
[3.908s] INFO:colcon.colcon_core.shell:Creating package script '/home/pi/omnicar_ws/install/mecanum_drive_controller/share/mecanum_drive_controller/package.bash'
[3.910s] INFO:colcon.colcon_core.shell:Creating package script '/home/pi/omnicar_ws/install/mecanum_drive_controller/share/mecanum_drive_controller/package.zsh'
[3.913s] Level 1:colcon.colcon_core.environment:create_file_with_runtime_dependencies(/home/pi/omnicar_ws/install/mecanum_drive_controller/share/colcon-core/packages/mecanum_drive_controller)
[3.914s] DEBUG:colcon.colcon_parallel_executor.executor.parallel:closing loop
[3.917s] DEBUG:colcon.colcon_parallel_executor.executor.parallel:loop closed
[3.918s] DEBUG:colcon.colcon_parallel_executor.executor.parallel:run_until_complete finished with '0'
[3.919s] DEBUG:colcon.colcon_core.event_reactor:joining thread
[3.943s] INFO:colcon.colcon_core.plugin_system:Skipping extension 'colcon_notification.desktop_notification.terminal_notifier': Not used on non-Darwin systems
[3.943s] INFO:colcon.colcon_core.plugin_system:Skipping extension 'colcon_notification.desktop_notification.win32': Not used on non-Windows systems
[3.943s] INFO:colcon.colcon_notification.desktop_notification:Sending desktop notification using 'notify2'
[3.987s] DEBUG:colcon.colcon_core.event_reactor:joined thread
[3.989s] INFO:colcon.colcon_core.shell:Creating prefix script '/home/pi/omnicar_ws/install/local_setup.ps1'
[3.993s] INFO:colcon.colcon_core.shell:Creating prefix util module '/home/pi/omnicar_ws/install/_local_setup_util_ps1.py'
[4.000s] INFO:colcon.colcon_core.shell:Creating prefix chain script '/home/pi/omnicar_ws/install/setup.ps1'
[4.006s] INFO:colcon.colcon_core.shell:Creating prefix script '/home/pi/omnicar_ws/install/local_setup.sh'
[4.009s] INFO:colcon.colcon_core.shell:Creating prefix util module '/home/pi/omnicar_ws/install/_local_setup_util_sh.py'
[4.012s] INFO:colcon.colcon_core.shell:Creating prefix chain script '/home/pi/omnicar_ws/install/setup.sh'
[4.017s] INFO:colcon.colcon_core.shell:Creating prefix script '/home/pi/omnicar_ws/install/local_setup.bash'
[4.019s] INFO:colcon.colcon_core.shell:Creating prefix chain script '/home/pi/omnicar_ws/install/setup.bash'
[4.024s] INFO:colcon.colcon_core.shell:Creating prefix script '/home/pi/omnicar_ws/install/local_setup.zsh'
[4.027s] INFO:colcon.colcon_core.shell:Creating prefix chain script '/home/pi/omnicar_ws/install/setup.zsh'
