[0.599s] DEBUG:colcon:Command line arguments: ['/usr/bin/colcon', 'build']
[0.599s] DEBUG:colcon:Parsed command line arguments: Namespace(log_base=None, log_level=None, verb_name='build', build_base='build', install_base='install', merge_install=False, symlink_install=False, test_result_base=None, continue_on_error=False, executor='parallel', parallel_workers=8, event_handlers=None, ignore_user_meta=False, metas=['./colcon.meta'], base_paths=['.'], packages_ignore=None, packages_ignore_regex=None, paths=None, packages_up_to=None, packages_up_to_regex=None, packages_above=None, packages_above_and_dependencies=None, packages_above_depth=None, packages_select_by_dep=None, packages_skip_by_dep=None, packages_skip_up_to=None, packages_select_build_failed=False, packages_skip_build_finished=False, packages_select_test_failures=False, packages_skip_test_passed=False, packages_select=None, packages_skip=None, packages_select_regex=None, packages_skip_regex=None, packages_start=None, packages_end=None, allow_overriding=[], cmake_args=None, cmake_target=None, cmake_target_skip_unavailable=False, cmake_clean_cache=False, cmake_clean_first=False, cmake_force_configure=False, ament_cmake_args=None, catkin_cmake_args=None, catkin_skip_building_tests=False, mixin_files=None, mixin=None, verb_parser=<colcon_mixin.mixin.mixin_argument.MixinArgumentDecorator object at 0x7f733624d810>, verb_extension=<colcon_core.verb.build.BuildVerb object at 0x7f733624d180>, main=<bound method BuildVerb.main of <colcon_core.verb.build.BuildVerb object at 0x7f733624d180>>, mixin_verb=('build',))
[0.940s] Level 1:colcon.colcon_core.package_discovery:discover_packages(colcon_meta) check parameters
[0.940s] Level 1:colcon.colcon_core.package_discovery:discover_packages(recursive) check parameters
[0.940s] Level 1:colcon.colcon_core.package_discovery:discover_packages(ignore) check parameters
[0.940s] Level 1:colcon.colcon_core.package_discovery:discover_packages(path) check parameters
[0.940s] Level 1:colcon.colcon_core.package_discovery:discover_packages(colcon_meta) discover
[0.940s] Level 1:colcon.colcon_core.package_discovery:discover_packages(recursive) discover
[0.940s] INFO:colcon.colcon_core.package_discovery:Crawling recursively for packages in '/home/nwhit210/omnicar_ws'
[0.941s] Level 1:colcon.colcon_core.package_identification:_identify(.) by extensions ['ignore', 'ignore_ament_install']
[0.941s] Level 1:colcon.colcon_core.package_identification:_identify(.) by extension 'ignore'
[0.941s] Level 1:colcon.colcon_core.package_identification:_identify(.) by extension 'ignore_ament_install'
[0.941s] Level 1:colcon.colcon_core.package_identification:_identify(.) by extensions ['colcon_pkg']
[0.941s] Level 1:colcon.colcon_core.package_identification:_identify(.) by extension 'colcon_pkg'
[0.941s] Level 1:colcon.colcon_core.package_identification:_identify(.) by extensions ['colcon_meta']
[0.941s] Level 1:colcon.colcon_core.package_identification:_identify(.) by extension 'colcon_meta'
[0.941s] Level 1:colcon.colcon_core.package_identification:_identify(.) by extensions ['ros']
[0.941s] Level 1:colcon.colcon_core.package_identification:_identify(.) by extension 'ros'
[0.961s] Level 1:colcon.colcon_core.package_identification:_identify(.) by extensions ['cmake', 'python']
[0.961s] Level 1:colcon.colcon_core.package_identification:_identify(.) by extension 'cmake'
[0.961s] Level 1:colcon.colcon_core.package_identification:_identify(.) by extension 'python'
[0.961s] Level 1:colcon.colcon_core.package_identification:_identify(.) by extensions ['python_setup_py']
[0.961s] Level 1:colcon.colcon_core.package_identification:_identify(.) by extension 'python_setup_py'
[0.962s] Level 1:colcon.colcon_core.package_identification:_identify(build) by extensions ['ignore', 'ignore_ament_install']
[0.962s] Level 1:colcon.colcon_core.package_identification:_identify(build) by extension 'ignore'
[0.962s] Level 1:colcon.colcon_core.package_identification:_identify(build) ignored
[0.962s] Level 1:colcon.colcon_core.package_identification:_identify(install) by extensions ['ignore', 'ignore_ament_install']
[0.962s] Level 1:colcon.colcon_core.package_identification:_identify(install) by extension 'ignore'
[0.962s] Level 1:colcon.colcon_core.package_identification:_identify(install) ignored
[0.962s] Level 1:colcon.colcon_core.package_identification:_identify(log) by extensions ['ignore', 'ignore_ament_install']
[0.962s] Level 1:colcon.colcon_core.package_identification:_identify(log) by extension 'ignore'
[0.962s] Level 1:colcon.colcon_core.package_identification:_identify(log) ignored
[0.963s] Level 1:colcon.colcon_core.package_identification:_identify(src) by extensions ['ignore', 'ignore_ament_install']
[0.963s] Level 1:colcon.colcon_core.package_identification:_identify(src) by extension 'ignore'
[0.963s] Level 1:colcon.colcon_core.package_identification:_identify(src) by extension 'ignore_ament_install'
[0.963s] Level 1:colcon.colcon_core.package_identification:_identify(src) by extensions ['colcon_pkg']
[0.963s] Level 1:colcon.colcon_core.package_identification:_identify(src) by extension 'colcon_pkg'
[0.963s] Level 1:colcon.colcon_core.package_identification:_identify(src) by extensions ['colcon_meta']
[0.963s] Level 1:colcon.colcon_core.package_identification:_identify(src) by extension 'colcon_meta'
[0.963s] Level 1:colcon.colcon_core.package_identification:_identify(src) by extensions ['ros']
[0.963s] Level 1:colcon.colcon_core.package_identification:_identify(src) by extension 'ros'
[0.963s] Level 1:colcon.colcon_core.package_identification:_identify(src) by extensions ['cmake', 'python']
[0.963s] Level 1:colcon.colcon_core.package_identification:_identify(src) by extension 'cmake'
[0.963s] Level 1:colcon.colcon_core.package_identification:_identify(src) by extension 'python'
[0.963s] Level 1:colcon.colcon_core.package_identification:_identify(src) by extensions ['python_setup_py']
[0.963s] Level 1:colcon.colcon_core.package_identification:_identify(src) by extension 'python_setup_py'
[0.964s] Level 1:colcon.colcon_core.package_identification:_identify(src/arduino_controller) by extensions ['ignore', 'ignore_ament_install']
[0.964s] Level 1:colcon.colcon_core.package_identification:_identify(src/arduino_controller) by extension 'ignore'
[0.964s] Level 1:colcon.colcon_core.package_identification:_identify(src/arduino_controller) by extension 'ignore_ament_install'
[0.964s] Level 1:colcon.colcon_core.package_identification:_identify(src/arduino_controller) by extensions ['colcon_pkg']
[0.964s] Level 1:colcon.colcon_core.package_identification:_identify(src/arduino_controller) by extension 'colcon_pkg'
[0.964s] Level 1:colcon.colcon_core.package_identification:_identify(src/arduino_controller) by extensions ['colcon_meta']
[0.964s] Level 1:colcon.colcon_core.package_identification:_identify(src/arduino_controller) by extension 'colcon_meta'
[0.964s] Level 1:colcon.colcon_core.package_identification:_identify(src/arduino_controller) by extensions ['ros']
[0.964s] Level 1:colcon.colcon_core.package_identification:_identify(src/arduino_controller) by extension 'ros'
[0.969s] DEBUG:colcon.colcon_core.package_identification:Package 'src/arduino_controller' with type 'ros.ament_cmake' and name 'arduino_hardware_controller'
[0.970s] Level 1:colcon.colcon_core.package_identification:_identify(src/mecanum_drive_controller) by extensions ['ignore', 'ignore_ament_install']
[0.970s] Level 1:colcon.colcon_core.package_identification:_identify(src/mecanum_drive_controller) by extension 'ignore'
[0.970s] Level 1:colcon.colcon_core.package_identification:_identify(src/mecanum_drive_controller) by extension 'ignore_ament_install'
[0.970s] Level 1:colcon.colcon_core.package_identification:_identify(src/mecanum_drive_controller) by extensions ['colcon_pkg']
[0.970s] Level 1:colcon.colcon_core.package_identification:_identify(src/mecanum_drive_controller) by extension 'colcon_pkg'
[0.970s] Level 1:colcon.colcon_core.package_identification:_identify(src/mecanum_drive_controller) by extensions ['colcon_meta']
[0.970s] Level 1:colcon.colcon_core.package_identification:_identify(src/mecanum_drive_controller) by extension 'colcon_meta'
[0.970s] Level 1:colcon.colcon_core.package_identification:_identify(src/mecanum_drive_controller) by extensions ['ros']
[0.970s] Level 1:colcon.colcon_core.package_identification:_identify(src/mecanum_drive_controller) by extension 'ros'
[0.973s] DEBUG:colcon.colcon_core.package_identification:Package 'src/mecanum_drive_controller' with type 'ros.ament_cmake' and name 'mecanum_drive_controller'
[0.973s] Level 1:colcon.colcon_core.package_identification:_identify(src/omnicar) by extensions ['ignore', 'ignore_ament_install']
[0.973s] Level 1:colcon.colcon_core.package_identification:_identify(src/omnicar) by extension 'ignore'
[0.973s] Level 1:colcon.colcon_core.package_identification:_identify(src/omnicar) by extension 'ignore_ament_install'
[0.973s] Level 1:colcon.colcon_core.package_identification:_identify(src/omnicar) by extensions ['colcon_pkg']
[0.973s] Level 1:colcon.colcon_core.package_identification:_identify(src/omnicar) by extension 'colcon_pkg'
[0.973s] Level 1:colcon.colcon_core.package_identification:_identify(src/omnicar) by extensions ['colcon_meta']
[0.973s] Level 1:colcon.colcon_core.package_identification:_identify(src/omnicar) by extension 'colcon_meta'
[0.974s] Level 1:colcon.colcon_core.package_identification:_identify(src/omnicar) by extensions ['ros']
[0.974s] Level 1:colcon.colcon_core.package_identification:_identify(src/omnicar) by extension 'ros'
[0.976s] DEBUG:colcon.colcon_core.package_identification:Package 'src/omnicar' with type 'ros.ament_cmake' and name 'omnicar'
[0.976s] Level 1:colcon.colcon_core.package_discovery:discover_packages(recursive) using defaults
[0.976s] Level 1:colcon.colcon_core.package_discovery:discover_packages(ignore) discover
[0.977s] Level 1:colcon.colcon_core.package_discovery:discover_packages(ignore) using defaults
[0.977s] Level 1:colcon.colcon_core.package_discovery:discover_packages(path) discover
[0.977s] Level 1:colcon.colcon_core.package_discovery:discover_packages(path) using defaults
[1.051s] Level 1:colcon.colcon_core.package_discovery:discover_packages(prefix_path) check parameters
[1.052s] Level 1:colcon.colcon_core.package_discovery:discover_packages(prefix_path) discover
[1.054s] WARNING:colcon.colcon_ros.prefix_path.ament:The path '/home/nwhit210/omnicar_ws/install/omnicar' in the environment variable AMENT_PREFIX_PATH doesn't exist
[1.054s] WARNING:colcon.colcon_ros.prefix_path.ament:The path '/home/nwhit210/omnicar_ws/install/mecanum_drive_controller' in the environment variable AMENT_PREFIX_PATH doesn't exist
[1.054s] WARNING:colcon.colcon_ros.prefix_path.ament:The path '/home/nwhit210/omnicar_ws/install/arduino_hardware_controller' in the environment variable AMENT_PREFIX_PATH doesn't exist
[1.055s] WARNING:colcon.colcon_ros.prefix_path.catkin:The path '/home/nwhit210/omnicar_ws/install/omnicar' in the environment variable CMAKE_PREFIX_PATH doesn't exist
[1.055s] WARNING:colcon.colcon_ros.prefix_path.catkin:The path '/home/nwhit210/omnicar_ws/install/mecanum_drive_controller' in the environment variable CMAKE_PREFIX_PATH doesn't exist
[1.055s] WARNING:colcon.colcon_ros.prefix_path.catkin:The path '/home/nwhit210/omnicar_ws/install/arduino_hardware_controller' in the environment variable CMAKE_PREFIX_PATH doesn't exist
[1.057s] DEBUG:colcon.colcon_installed_package_information.package_discovery:Found 0 installed packages in /home/nwhit210/omnicar_ws/install
[1.059s] DEBUG:colcon.colcon_installed_package_information.package_discovery:Found 376 installed packages in /opt/ros/humble
[1.062s] Level 1:colcon.colcon_core.package_discovery:discover_packages(prefix_path) using defaults
[1.152s] Level 5:colcon.colcon_core.verb:set package 'arduino_hardware_controller' build argument 'cmake_args' from command line to 'None'
[1.152s] Level 5:colcon.colcon_core.verb:set package 'arduino_hardware_controller' build argument 'cmake_target' from command line to 'None'
[1.152s] Level 5:colcon.colcon_core.verb:set package 'arduino_hardware_controller' build argument 'cmake_target_skip_unavailable' from command line to 'False'
[1.152s] Level 5:colcon.colcon_core.verb:set package 'arduino_hardware_controller' build argument 'cmake_clean_cache' from command line to 'False'
[1.152s] Level 5:colcon.colcon_core.verb:set package 'arduino_hardware_controller' build argument 'cmake_clean_first' from command line to 'False'
[1.152s] Level 5:colcon.colcon_core.verb:set package 'arduino_hardware_controller' build argument 'cmake_force_configure' from command line to 'False'
[1.152s] Level 5:colcon.colcon_core.verb:set package 'arduino_hardware_controller' build argument 'ament_cmake_args' from command line to 'None'
[1.152s] Level 5:colcon.colcon_core.verb:set package 'arduino_hardware_controller' build argument 'catkin_cmake_args' from command line to 'None'
[1.153s] Level 5:colcon.colcon_core.verb:set package 'arduino_hardware_controller' build argument 'catkin_skip_building_tests' from command line to 'False'
[1.153s] DEBUG:colcon.colcon_core.verb:Building package 'arduino_hardware_controller' with the following arguments: {'ament_cmake_args': None, 'build_base': '/home/nwhit210/omnicar_ws/build/arduino_hardware_controller', 'catkin_cmake_args': None, 'catkin_skip_building_tests': False, 'cmake_args': None, 'cmake_clean_cache': False, 'cmake_clean_first': False, 'cmake_force_configure': False, 'cmake_target': None, 'cmake_target_skip_unavailable': False, 'install_base': '/home/nwhit210/omnicar_ws/install/arduino_hardware_controller', 'merge_install': False, 'path': '/home/nwhit210/omnicar_ws/src/arduino_controller', 'symlink_install': False, 'test_result_base': None}
[1.153s] Level 5:colcon.colcon_core.verb:set package 'mecanum_drive_controller' build argument 'cmake_args' from command line to 'None'
[1.153s] Level 5:colcon.colcon_core.verb:set package 'mecanum_drive_controller' build argument 'cmake_target' from command line to 'None'
[1.153s] Level 5:colcon.colcon_core.verb:set package 'mecanum_drive_controller' build argument 'cmake_target_skip_unavailable' from command line to 'False'
[1.153s] Level 5:colcon.colcon_core.verb:set package 'mecanum_drive_controller' build argument 'cmake_clean_cache' from command line to 'False'
[1.153s] Level 5:colcon.colcon_core.verb:set package 'mecanum_drive_controller' build argument 'cmake_clean_first' from command line to 'False'
[1.153s] Level 5:colcon.colcon_core.verb:set package 'mecanum_drive_controller' build argument 'cmake_force_configure' from command line to 'False'
[1.153s] Level 5:colcon.colcon_core.verb:set package 'mecanum_drive_controller' build argument 'ament_cmake_args' from command line to 'None'
[1.153s] Level 5:colcon.colcon_core.verb:set package 'mecanum_drive_controller' build argument 'catkin_cmake_args' from command line to 'None'
[1.153s] Level 5:colcon.colcon_core.verb:set package 'mecanum_drive_controller' build argument 'catkin_skip_building_tests' from command line to 'False'
[1.154s] DEBUG:colcon.colcon_core.verb:Building package 'mecanum_drive_controller' with the following arguments: {'ament_cmake_args': None, 'build_base': '/home/nwhit210/omnicar_ws/build/mecanum_drive_controller', 'catkin_cmake_args': None, 'catkin_skip_building_tests': False, 'cmake_args': None, 'cmake_clean_cache': False, 'cmake_clean_first': False, 'cmake_force_configure': False, 'cmake_target': None, 'cmake_target_skip_unavailable': False, 'install_base': '/home/nwhit210/omnicar_ws/install/mecanum_drive_controller', 'merge_install': False, 'path': '/home/nwhit210/omnicar_ws/src/mecanum_drive_controller', 'symlink_install': False, 'test_result_base': None}
[1.154s] Level 5:colcon.colcon_core.verb:set package 'omnicar' build argument 'cmake_args' from command line to 'None'
[1.154s] Level 5:colcon.colcon_core.verb:set package 'omnicar' build argument 'cmake_target' from command line to 'None'
[1.154s] Level 5:colcon.colcon_core.verb:set package 'omnicar' build argument 'cmake_target_skip_unavailable' from command line to 'False'
[1.154s] Level 5:colcon.colcon_core.verb:set package 'omnicar' build argument 'cmake_clean_cache' from command line to 'False'
[1.154s] Level 5:colcon.colcon_core.verb:set package 'omnicar' build argument 'cmake_clean_first' from command line to 'False'
[1.154s] Level 5:colcon.colcon_core.verb:set package 'omnicar' build argument 'cmake_force_configure' from command line to 'False'
[1.154s] Level 5:colcon.colcon_core.verb:set package 'omnicar' build argument 'ament_cmake_args' from command line to 'None'
[1.154s] Level 5:colcon.colcon_core.verb:set package 'omnicar' build argument 'catkin_cmake_args' from command line to 'None'
[1.154s] Level 5:colcon.colcon_core.verb:set package 'omnicar' build argument 'catkin_skip_building_tests' from command line to 'False'
[1.154s] DEBUG:colcon.colcon_core.verb:Building package 'omnicar' with the following arguments: {'ament_cmake_args': None, 'build_base': '/home/nwhit210/omnicar_ws/build/omnicar', 'catkin_cmake_args': None, 'catkin_skip_building_tests': False, 'cmake_args': None, 'cmake_clean_cache': False, 'cmake_clean_first': False, 'cmake_force_configure': False, 'cmake_target': None, 'cmake_target_skip_unavailable': False, 'install_base': '/home/nwhit210/omnicar_ws/install/omnicar', 'merge_install': False, 'path': '/home/nwhit210/omnicar_ws/src/omnicar', 'symlink_install': False, 'test_result_base': None}
[1.155s] INFO:colcon.colcon_core.executor:Executing jobs using 'parallel' executor
[1.157s] DEBUG:colcon.colcon_parallel_executor.executor.parallel:run_until_complete
[1.159s] INFO:colcon.colcon_ros.task.ament_cmake.build:Building ROS package in '/home/nwhit210/omnicar_ws/src/arduino_controller' with build type 'ament_cmake'
[1.159s] INFO:colcon.colcon_cmake.task.cmake.build:Building CMake package in '/home/nwhit210/omnicar_ws/src/arduino_controller'
[1.165s] INFO:colcon.colcon_core.plugin_system:Skipping extension 'colcon_core.shell.bat': Not used on non-Windows systems
[1.166s] INFO:colcon.colcon_core.shell:Skip shell extension 'powershell' for command environment: Not usable outside of PowerShell
[1.166s] DEBUG:colcon.colcon_core.shell:Skip shell extension 'dsv' for command environment
[1.174s] INFO:colcon.colcon_ros.task.ament_cmake.build:Building ROS package in '/home/nwhit210/omnicar_ws/src/mecanum_drive_controller' with build type 'ament_cmake'
[1.175s] INFO:colcon.colcon_cmake.task.cmake.build:Building CMake package in '/home/nwhit210/omnicar_ws/src/mecanum_drive_controller'
[1.175s] INFO:colcon.colcon_core.shell:Skip shell extension 'powershell' for command environment: Not usable outside of PowerShell
[1.176s] DEBUG:colcon.colcon_core.shell:Skip shell extension 'dsv' for command environment
[1.186s] INFO:colcon.colcon_ros.task.ament_cmake.build:Building ROS package in '/home/nwhit210/omnicar_ws/src/omnicar' with build type 'ament_cmake'
[1.187s] INFO:colcon.colcon_cmake.task.cmake.build:Building CMake package in '/home/nwhit210/omnicar_ws/src/omnicar'
[1.187s] INFO:colcon.colcon_core.shell:Skip shell extension 'powershell' for command environment: Not usable outside of PowerShell
[1.188s] DEBUG:colcon.colcon_core.shell:Skip shell extension 'dsv' for command environment
[1.215s] DEBUG:colcon.colcon_core.event_handler.log_command:Invoking command in '/home/nwhit210/omnicar_ws/build/arduino_hardware_controller': CMAKE_PREFIX_PATH=${CMAKE_PREFIX_PATH}:/opt/ros/humble /usr/bin/cmake /home/nwhit210/omnicar_ws/src/arduino_controller -DCMAKE_INSTALL_PREFIX=/home/nwhit210/omnicar_ws/install/arduino_hardware_controller
[1.225s] DEBUG:colcon.colcon_core.event_handler.log_command:Invoking command in '/home/nwhit210/omnicar_ws/build/mecanum_drive_controller': CMAKE_PREFIX_PATH=${CMAKE_PREFIX_PATH}:/opt/ros/humble /usr/bin/cmake /home/nwhit210/omnicar_ws/src/mecanum_drive_controller -DCMAKE_INSTALL_PREFIX=/home/nwhit210/omnicar_ws/install/mecanum_drive_controller
[1.247s] DEBUG:colcon.colcon_core.event_handler.log_command:Invoking command in '/home/nwhit210/omnicar_ws/build/omnicar': CMAKE_PREFIX_PATH=${CMAKE_PREFIX_PATH}:/opt/ros/humble /usr/bin/cmake /home/nwhit210/omnicar_ws/src/omnicar -DCMAKE_INSTALL_PREFIX=/home/nwhit210/omnicar_ws/install/omnicar
[7.538s] DEBUG:colcon.colcon_core.event_handler.log_command:Invoked command in '/home/nwhit210/omnicar_ws/build/omnicar' returned '0': CMAKE_PREFIX_PATH=${CMAKE_PREFIX_PATH}:/opt/ros/humble /usr/bin/cmake /home/nwhit210/omnicar_ws/src/omnicar -DCMAKE_INSTALL_PREFIX=/home/nwhit210/omnicar_ws/install/omnicar
[7.540s] DEBUG:colcon.colcon_core.event_handler.log_command:Invoking command in '/home/nwhit210/omnicar_ws/build/omnicar': CMAKE_PREFIX_PATH=${CMAKE_PREFIX_PATH}:/opt/ros/humble /usr/bin/cmake --build /home/nwhit210/omnicar_ws/build/omnicar -- -j8 -l8
[7.630s] DEBUG:colcon.colcon_core.event_handler.log_command:Invoked command in '/home/nwhit210/omnicar_ws/build/omnicar' returned '0': CMAKE_PREFIX_PATH=${CMAKE_PREFIX_PATH}:/opt/ros/humble /usr/bin/cmake --build /home/nwhit210/omnicar_ws/build/omnicar -- -j8 -l8
[7.657s] DEBUG:colcon.colcon_core.event_handler.log_command:Invoking command in '/home/nwhit210/omnicar_ws/build/omnicar': CMAKE_PREFIX_PATH=${CMAKE_PREFIX_PATH}:/opt/ros/humble /usr/bin/cmake --install /home/nwhit210/omnicar_ws/build/omnicar
[7.745s] Level 1:colcon.colcon_core.environment:create_environment_scripts_only(omnicar)
[7.747s] DEBUG:colcon.colcon_core.event_handler.log_command:Invoked command in '/home/nwhit210/omnicar_ws/build/omnicar' returned '0': CMAKE_PREFIX_PATH=${CMAKE_PREFIX_PATH}:/opt/ros/humble /usr/bin/cmake --install /home/nwhit210/omnicar_ws/build/omnicar
[7.756s] Level 1:colcon.colcon_core.environment:checking '/home/nwhit210/omnicar_ws/install/omnicar' for CMake module files
[7.758s] Level 1:colcon.colcon_core.environment:checking '/home/nwhit210/omnicar_ws/install/omnicar' for CMake config files
[7.759s] Level 1:colcon.colcon_core.shell:create_environment_hook('omnicar', 'cmake_prefix_path')
[7.759s] INFO:colcon.colcon_core.shell:Creating environment hook '/home/nwhit210/omnicar_ws/install/omnicar/share/omnicar/hook/cmake_prefix_path.ps1'
[7.761s] INFO:colcon.colcon_core.shell:Creating environment descriptor '/home/nwhit210/omnicar_ws/install/omnicar/share/omnicar/hook/cmake_prefix_path.dsv'
[7.762s] INFO:colcon.colcon_core.shell:Creating environment hook '/home/nwhit210/omnicar_ws/install/omnicar/share/omnicar/hook/cmake_prefix_path.sh'
[7.764s] Level 1:colcon.colcon_core.environment:checking '/home/nwhit210/omnicar_ws/install/omnicar/bin'
[7.764s] Level 1:colcon.colcon_core.environment:checking '/home/nwhit210/omnicar_ws/install/omnicar/lib/pkgconfig/omnicar.pc'
[7.765s] Level 1:colcon.colcon_core.environment:checking '/home/nwhit210/omnicar_ws/install/omnicar/lib/python3.10/site-packages'
[7.765s] Level 1:colcon.colcon_core.environment:checking '/home/nwhit210/omnicar_ws/install/omnicar/bin'
[7.766s] INFO:colcon.colcon_core.shell:Creating package script '/home/nwhit210/omnicar_ws/install/omnicar/share/omnicar/package.ps1'
[7.769s] INFO:colcon.colcon_core.shell:Creating package descriptor '/home/nwhit210/omnicar_ws/install/omnicar/share/omnicar/package.dsv'
[7.771s] INFO:colcon.colcon_core.shell:Creating package script '/home/nwhit210/omnicar_ws/install/omnicar/share/omnicar/package.sh'
[7.773s] INFO:colcon.colcon_core.shell:Creating package script '/home/nwhit210/omnicar_ws/install/omnicar/share/omnicar/package.bash'
[7.776s] INFO:colcon.colcon_core.shell:Creating package script '/home/nwhit210/omnicar_ws/install/omnicar/share/omnicar/package.zsh'
[7.778s] Level 1:colcon.colcon_core.environment:create_file_with_runtime_dependencies(/home/nwhit210/omnicar_ws/install/omnicar/share/colcon-core/packages/omnicar)
[7.780s] Level 1:colcon.colcon_core.environment:create_environment_scripts_only(omnicar)
[7.781s] Level 1:colcon.colcon_core.environment:checking '/home/nwhit210/omnicar_ws/install/omnicar' for CMake module files
[7.782s] Level 1:colcon.colcon_core.environment:checking '/home/nwhit210/omnicar_ws/install/omnicar' for CMake config files
[7.783s] Level 1:colcon.colcon_core.shell:create_environment_hook('omnicar', 'cmake_prefix_path')
[7.783s] INFO:colcon.colcon_core.shell:Creating environment hook '/home/nwhit210/omnicar_ws/install/omnicar/share/omnicar/hook/cmake_prefix_path.ps1'
[7.785s] INFO:colcon.colcon_core.shell:Creating environment descriptor '/home/nwhit210/omnicar_ws/install/omnicar/share/omnicar/hook/cmake_prefix_path.dsv'
[7.786s] INFO:colcon.colcon_core.shell:Creating environment hook '/home/nwhit210/omnicar_ws/install/omnicar/share/omnicar/hook/cmake_prefix_path.sh'
[7.787s] Level 1:colcon.colcon_core.environment:checking '/home/nwhit210/omnicar_ws/install/omnicar/bin'
[7.788s] Level 1:colcon.colcon_core.environment:checking '/home/nwhit210/omnicar_ws/install/omnicar/lib/pkgconfig/omnicar.pc'
[7.788s] Level 1:colcon.colcon_core.environment:checking '/home/nwhit210/omnicar_ws/install/omnicar/lib/python3.10/site-packages'
[7.789s] Level 1:colcon.colcon_core.environment:checking '/home/nwhit210/omnicar_ws/install/omnicar/bin'
[7.790s] INFO:colcon.colcon_core.shell:Creating package script '/home/nwhit210/omnicar_ws/install/omnicar/share/omnicar/package.ps1'
[7.791s] INFO:colcon.colcon_core.shell:Creating package descriptor '/home/nwhit210/omnicar_ws/install/omnicar/share/omnicar/package.dsv'
[7.793s] INFO:colcon.colcon_core.shell:Creating package script '/home/nwhit210/omnicar_ws/install/omnicar/share/omnicar/package.sh'
[7.794s] INFO:colcon.colcon_core.shell:Creating package script '/home/nwhit210/omnicar_ws/install/omnicar/share/omnicar/package.bash'
[7.795s] INFO:colcon.colcon_core.shell:Creating package script '/home/nwhit210/omnicar_ws/install/omnicar/share/omnicar/package.zsh'
[7.797s] Level 1:colcon.colcon_core.environment:create_file_with_runtime_dependencies(/home/nwhit210/omnicar_ws/install/omnicar/share/colcon-core/packages/omnicar)
[14.250s] DEBUG:colcon.colcon_core.event_handler.log_command:Invoked command in '/home/nwhit210/omnicar_ws/build/arduino_hardware_controller' returned '0': CMAKE_PREFIX_PATH=${CMAKE_PREFIX_PATH}:/opt/ros/humble /usr/bin/cmake /home/nwhit210/omnicar_ws/src/arduino_controller -DCMAKE_INSTALL_PREFIX=/home/nwhit210/omnicar_ws/install/arduino_hardware_controller
[14.255s] DEBUG:colcon.colcon_core.event_handler.log_command:Invoking command in '/home/nwhit210/omnicar_ws/build/arduino_hardware_controller': CMAKE_PREFIX_PATH=${CMAKE_PREFIX_PATH}:/opt/ros/humble /usr/bin/cmake --build /home/nwhit210/omnicar_ws/build/arduino_hardware_controller -- -j8 -l8
[14.680s] DEBUG:colcon.colcon_core.event_handler.log_command:Invoked command in '/home/nwhit210/omnicar_ws/build/mecanum_drive_controller' returned '0': CMAKE_PREFIX_PATH=${CMAKE_PREFIX_PATH}:/opt/ros/humble /usr/bin/cmake /home/nwhit210/omnicar_ws/src/mecanum_drive_controller -DCMAKE_INSTALL_PREFIX=/home/nwhit210/omnicar_ws/install/mecanum_drive_controller
[14.687s] DEBUG:colcon.colcon_core.event_handler.log_command:Invoking command in '/home/nwhit210/omnicar_ws/build/mecanum_drive_controller': CMAKE_PREFIX_PATH=${CMAKE_PREFIX_PATH}:/opt/ros/humble /usr/bin/cmake --build /home/nwhit210/omnicar_ws/build/mecanum_drive_controller -- -j8 -l8
[32.076s] DEBUG:colcon.colcon_core.event_handler.log_command:Invoked command in '/home/nwhit210/omnicar_ws/build/arduino_hardware_controller' returned '0': CMAKE_PREFIX_PATH=${CMAKE_PREFIX_PATH}:/opt/ros/humble /usr/bin/cmake --build /home/nwhit210/omnicar_ws/build/arduino_hardware_controller -- -j8 -l8
[32.077s] DEBUG:colcon.colcon_core.event_handler.log_command:Invoking command in '/home/nwhit210/omnicar_ws/build/arduino_hardware_controller': CMAKE_PREFIX_PATH=${CMAKE_PREFIX_PATH}:/opt/ros/humble /usr/bin/cmake --install /home/nwhit210/omnicar_ws/build/arduino_hardware_controller
[32.145s] Level 1:colcon.colcon_core.environment:create_environment_scripts_only(arduino_hardware_controller)
[32.146s] Level 1:colcon.colcon_core.environment:checking '/home/nwhit210/omnicar_ws/install/arduino_hardware_controller' for CMake module files
[32.154s] DEBUG:colcon.colcon_core.event_handler.log_command:Invoked command in '/home/nwhit210/omnicar_ws/build/arduino_hardware_controller' returned '0': CMAKE_PREFIX_PATH=${CMAKE_PREFIX_PATH}:/opt/ros/humble /usr/bin/cmake --install /home/nwhit210/omnicar_ws/build/arduino_hardware_controller
[32.155s] Level 1:colcon.colcon_core.environment:checking '/home/nwhit210/omnicar_ws/install/arduino_hardware_controller' for CMake config files
[32.157s] Level 1:colcon.colcon_core.shell:create_environment_hook('arduino_hardware_controller', 'cmake_prefix_path')
[32.158s] INFO:colcon.colcon_core.shell:Creating environment hook '/home/nwhit210/omnicar_ws/install/arduino_hardware_controller/share/arduino_hardware_controller/hook/cmake_prefix_path.ps1'
[32.161s] INFO:colcon.colcon_core.shell:Creating environment descriptor '/home/nwhit210/omnicar_ws/install/arduino_hardware_controller/share/arduino_hardware_controller/hook/cmake_prefix_path.dsv'
[32.163s] INFO:colcon.colcon_core.shell:Creating environment hook '/home/nwhit210/omnicar_ws/install/arduino_hardware_controller/share/arduino_hardware_controller/hook/cmake_prefix_path.sh'
[32.166s] Level 1:colcon.colcon_core.environment:checking '/home/nwhit210/omnicar_ws/install/arduino_hardware_controller/lib'
[32.168s] Level 1:colcon.colcon_core.shell:create_environment_hook('arduino_hardware_controller', 'ld_library_path_lib')
[32.170s] INFO:colcon.colcon_core.shell:Creating environment hook '/home/nwhit210/omnicar_ws/install/arduino_hardware_controller/share/arduino_hardware_controller/hook/ld_library_path_lib.ps1'
[32.174s] INFO:colcon.colcon_core.shell:Creating environment descriptor '/home/nwhit210/omnicar_ws/install/arduino_hardware_controller/share/arduino_hardware_controller/hook/ld_library_path_lib.dsv'
[32.176s] INFO:colcon.colcon_core.shell:Creating environment hook '/home/nwhit210/omnicar_ws/install/arduino_hardware_controller/share/arduino_hardware_controller/hook/ld_library_path_lib.sh'
[32.178s] Level 1:colcon.colcon_core.environment:checking '/home/nwhit210/omnicar_ws/install/arduino_hardware_controller/bin'
[32.179s] Level 1:colcon.colcon_core.environment:checking '/home/nwhit210/omnicar_ws/install/arduino_hardware_controller/lib/pkgconfig/arduino_hardware_controller.pc'
[32.180s] Level 1:colcon.colcon_core.environment:checking '/home/nwhit210/omnicar_ws/install/arduino_hardware_controller/lib/python3.10/site-packages'
[32.181s] Level 1:colcon.colcon_core.environment:checking '/home/nwhit210/omnicar_ws/install/arduino_hardware_controller/bin'
[32.182s] INFO:colcon.colcon_core.shell:Creating package script '/home/nwhit210/omnicar_ws/install/arduino_hardware_controller/share/arduino_hardware_controller/package.ps1'
[32.184s] INFO:colcon.colcon_core.shell:Creating package descriptor '/home/nwhit210/omnicar_ws/install/arduino_hardware_controller/share/arduino_hardware_controller/package.dsv'
[32.186s] INFO:colcon.colcon_core.shell:Creating package script '/home/nwhit210/omnicar_ws/install/arduino_hardware_controller/share/arduino_hardware_controller/package.sh'
[32.191s] INFO:colcon.colcon_core.shell:Creating package script '/home/nwhit210/omnicar_ws/install/arduino_hardware_controller/share/arduino_hardware_controller/package.bash'
[32.195s] INFO:colcon.colcon_core.shell:Creating package script '/home/nwhit210/omnicar_ws/install/arduino_hardware_controller/share/arduino_hardware_controller/package.zsh'
[32.198s] Level 1:colcon.colcon_core.environment:create_file_with_runtime_dependencies(/home/nwhit210/omnicar_ws/install/arduino_hardware_controller/share/colcon-core/packages/arduino_hardware_controller)
[32.202s] Level 1:colcon.colcon_core.environment:create_environment_scripts_only(arduino_hardware_controller)
[32.204s] Level 1:colcon.colcon_core.environment:checking '/home/nwhit210/omnicar_ws/install/arduino_hardware_controller' for CMake module files
[32.208s] Level 1:colcon.colcon_core.environment:checking '/home/nwhit210/omnicar_ws/install/arduino_hardware_controller' for CMake config files
[32.211s] Level 1:colcon.colcon_core.shell:create_environment_hook('arduino_hardware_controller', 'cmake_prefix_path')
[32.213s] INFO:colcon.colcon_core.shell:Creating environment hook '/home/nwhit210/omnicar_ws/install/arduino_hardware_controller/share/arduino_hardware_controller/hook/cmake_prefix_path.ps1'
[32.216s] INFO:colcon.colcon_core.shell:Creating environment descriptor '/home/nwhit210/omnicar_ws/install/arduino_hardware_controller/share/arduino_hardware_controller/hook/cmake_prefix_path.dsv'
[32.219s] INFO:colcon.colcon_core.shell:Creating environment hook '/home/nwhit210/omnicar_ws/install/arduino_hardware_controller/share/arduino_hardware_controller/hook/cmake_prefix_path.sh'
[32.221s] Level 1:colcon.colcon_core.environment:checking '/home/nwhit210/omnicar_ws/install/arduino_hardware_controller/lib'
[32.222s] Level 1:colcon.colcon_core.shell:create_environment_hook('arduino_hardware_controller', 'ld_library_path_lib')
[32.224s] INFO:colcon.colcon_core.shell:Creating environment hook '/home/nwhit210/omnicar_ws/install/arduino_hardware_controller/share/arduino_hardware_controller/hook/ld_library_path_lib.ps1'
[32.232s] INFO:colcon.colcon_core.shell:Creating environment descriptor '/home/nwhit210/omnicar_ws/install/arduino_hardware_controller/share/arduino_hardware_controller/hook/ld_library_path_lib.dsv'
[32.235s] INFO:colcon.colcon_core.shell:Creating environment hook '/home/nwhit210/omnicar_ws/install/arduino_hardware_controller/share/arduino_hardware_controller/hook/ld_library_path_lib.sh'
[32.242s] Level 1:colcon.colcon_core.environment:checking '/home/nwhit210/omnicar_ws/install/arduino_hardware_controller/bin'
[32.244s] Level 1:colcon.colcon_core.environment:checking '/home/nwhit210/omnicar_ws/install/arduino_hardware_controller/lib/pkgconfig/arduino_hardware_controller.pc'
[32.246s] Level 1:colcon.colcon_core.environment:checking '/home/nwhit210/omnicar_ws/install/arduino_hardware_controller/lib/python3.10/site-packages'
[32.247s] Level 1:colcon.colcon_core.environment:checking '/home/nwhit210/omnicar_ws/install/arduino_hardware_controller/bin'
[32.249s] INFO:colcon.colcon_core.shell:Creating package script '/home/nwhit210/omnicar_ws/install/arduino_hardware_controller/share/arduino_hardware_controller/package.ps1'
[32.253s] INFO:colcon.colcon_core.shell:Creating package descriptor '/home/nwhit210/omnicar_ws/install/arduino_hardware_controller/share/arduino_hardware_controller/package.dsv'
[32.257s] INFO:colcon.colcon_core.shell:Creating package script '/home/nwhit210/omnicar_ws/install/arduino_hardware_controller/share/arduino_hardware_controller/package.sh'
[32.262s] INFO:colcon.colcon_core.shell:Creating package script '/home/nwhit210/omnicar_ws/install/arduino_hardware_controller/share/arduino_hardware_controller/package.bash'
[32.267s] INFO:colcon.colcon_core.shell:Creating package script '/home/nwhit210/omnicar_ws/install/arduino_hardware_controller/share/arduino_hardware_controller/package.zsh'
[32.272s] Level 1:colcon.colcon_core.environment:create_file_with_runtime_dependencies(/home/nwhit210/omnicar_ws/install/arduino_hardware_controller/share/colcon-core/packages/arduino_hardware_controller)
[102.073s] DEBUG:colcon.colcon_core.event_handler.log_command:Invoked command in '/home/nwhit210/omnicar_ws/build/mecanum_drive_controller' returned '0': CMAKE_PREFIX_PATH=${CMAKE_PREFIX_PATH}:/opt/ros/humble /usr/bin/cmake --build /home/nwhit210/omnicar_ws/build/mecanum_drive_controller -- -j8 -l8
[102.080s] DEBUG:colcon.colcon_core.event_handler.log_command:Invoking command in '/home/nwhit210/omnicar_ws/build/mecanum_drive_controller': CMAKE_PREFIX_PATH=${CMAKE_PREFIX_PATH}:/opt/ros/humble /usr/bin/cmake --install /home/nwhit210/omnicar_ws/build/mecanum_drive_controller
[102.137s] Level 1:colcon.colcon_core.environment:create_environment_scripts_only(mecanum_drive_controller)
[102.138s] Level 1:colcon.colcon_core.environment:checking '/home/nwhit210/omnicar_ws/install/mecanum_drive_controller' for CMake module files
[102.141s] DEBUG:colcon.colcon_core.event_handler.log_command:Invoked command in '/home/nwhit210/omnicar_ws/build/mecanum_drive_controller' returned '0': CMAKE_PREFIX_PATH=${CMAKE_PREFIX_PATH}:/opt/ros/humble /usr/bin/cmake --install /home/nwhit210/omnicar_ws/build/mecanum_drive_controller
[102.142s] Level 1:colcon.colcon_core.environment:checking '/home/nwhit210/omnicar_ws/install/mecanum_drive_controller' for CMake config files
[102.143s] Level 1:colcon.colcon_core.shell:create_environment_hook('mecanum_drive_controller', 'cmake_prefix_path')
[102.143s] INFO:colcon.colcon_core.shell:Creating environment hook '/home/nwhit210/omnicar_ws/install/mecanum_drive_controller/share/mecanum_drive_controller/hook/cmake_prefix_path.ps1'
[102.145s] INFO:colcon.colcon_core.shell:Creating environment descriptor '/home/nwhit210/omnicar_ws/install/mecanum_drive_controller/share/mecanum_drive_controller/hook/cmake_prefix_path.dsv'
[102.146s] INFO:colcon.colcon_core.shell:Creating environment hook '/home/nwhit210/omnicar_ws/install/mecanum_drive_controller/share/mecanum_drive_controller/hook/cmake_prefix_path.sh'
[102.147s] Level 1:colcon.colcon_core.environment:checking '/home/nwhit210/omnicar_ws/install/mecanum_drive_controller/lib'
[102.147s] Level 1:colcon.colcon_core.shell:create_environment_hook('mecanum_drive_controller', 'ld_library_path_lib')
[102.148s] INFO:colcon.colcon_core.shell:Creating environment hook '/home/nwhit210/omnicar_ws/install/mecanum_drive_controller/share/mecanum_drive_controller/hook/ld_library_path_lib.ps1'
[102.148s] INFO:colcon.colcon_core.shell:Creating environment descriptor '/home/nwhit210/omnicar_ws/install/mecanum_drive_controller/share/mecanum_drive_controller/hook/ld_library_path_lib.dsv'
[102.149s] INFO:colcon.colcon_core.shell:Creating environment hook '/home/nwhit210/omnicar_ws/install/mecanum_drive_controller/share/mecanum_drive_controller/hook/ld_library_path_lib.sh'
[102.149s] Level 1:colcon.colcon_core.environment:checking '/home/nwhit210/omnicar_ws/install/mecanum_drive_controller/bin'
[102.149s] Level 1:colcon.colcon_core.environment:checking '/home/nwhit210/omnicar_ws/install/mecanum_drive_controller/lib/pkgconfig/mecanum_drive_controller.pc'
[102.150s] Level 1:colcon.colcon_core.environment:checking '/home/nwhit210/omnicar_ws/install/mecanum_drive_controller/lib/python3.10/site-packages'
[102.150s] Level 1:colcon.colcon_core.environment:checking '/home/nwhit210/omnicar_ws/install/mecanum_drive_controller/bin'
[102.151s] INFO:colcon.colcon_core.shell:Creating package script '/home/nwhit210/omnicar_ws/install/mecanum_drive_controller/share/mecanum_drive_controller/package.ps1'
[102.152s] INFO:colcon.colcon_core.shell:Creating package descriptor '/home/nwhit210/omnicar_ws/install/mecanum_drive_controller/share/mecanum_drive_controller/package.dsv'
[102.153s] INFO:colcon.colcon_core.shell:Creating package script '/home/nwhit210/omnicar_ws/install/mecanum_drive_controller/share/mecanum_drive_controller/package.sh'
[102.153s] INFO:colcon.colcon_core.shell:Creating package script '/home/nwhit210/omnicar_ws/install/mecanum_drive_controller/share/mecanum_drive_controller/package.bash'
[102.154s] INFO:colcon.colcon_core.shell:Creating package script '/home/nwhit210/omnicar_ws/install/mecanum_drive_controller/share/mecanum_drive_controller/package.zsh'
[102.155s] Level 1:colcon.colcon_core.environment:create_file_with_runtime_dependencies(/home/nwhit210/omnicar_ws/install/mecanum_drive_controller/share/colcon-core/packages/mecanum_drive_controller)
[102.158s] Level 1:colcon.colcon_core.environment:create_environment_scripts_only(mecanum_drive_controller)
[102.158s] Level 1:colcon.colcon_core.environment:checking '/home/nwhit210/omnicar_ws/install/mecanum_drive_controller' for CMake module files
[102.160s] Level 1:colcon.colcon_core.environment:checking '/home/nwhit210/omnicar_ws/install/mecanum_drive_controller' for CMake config files
[102.161s] Level 1:colcon.colcon_core.shell:create_environment_hook('mecanum_drive_controller', 'cmake_prefix_path')
[102.161s] INFO:colcon.colcon_core.shell:Creating environment hook '/home/nwhit210/omnicar_ws/install/mecanum_drive_controller/share/mecanum_drive_controller/hook/cmake_prefix_path.ps1'
[102.163s] INFO:colcon.colcon_core.shell:Creating environment descriptor '/home/nwhit210/omnicar_ws/install/mecanum_drive_controller/share/mecanum_drive_controller/hook/cmake_prefix_path.dsv'
[102.164s] INFO:colcon.colcon_core.shell:Creating environment hook '/home/nwhit210/omnicar_ws/install/mecanum_drive_controller/share/mecanum_drive_controller/hook/cmake_prefix_path.sh'
[102.165s] Level 1:colcon.colcon_core.environment:checking '/home/nwhit210/omnicar_ws/install/mecanum_drive_controller/lib'
[102.165s] Level 1:colcon.colcon_core.shell:create_environment_hook('mecanum_drive_controller', 'ld_library_path_lib')
[102.166s] INFO:colcon.colcon_core.shell:Creating environment hook '/home/nwhit210/omnicar_ws/install/mecanum_drive_controller/share/mecanum_drive_controller/hook/ld_library_path_lib.ps1'
[102.167s] INFO:colcon.colcon_core.shell:Creating environment descriptor '/home/nwhit210/omnicar_ws/install/mecanum_drive_controller/share/mecanum_drive_controller/hook/ld_library_path_lib.dsv'
[102.168s] INFO:colcon.colcon_core.shell:Creating environment hook '/home/nwhit210/omnicar_ws/install/mecanum_drive_controller/share/mecanum_drive_controller/hook/ld_library_path_lib.sh'
[102.169s] Level 1:colcon.colcon_core.environment:checking '/home/nwhit210/omnicar_ws/install/mecanum_drive_controller/bin'
[102.169s] Level 1:colcon.colcon_core.environment:checking '/home/nwhit210/omnicar_ws/install/mecanum_drive_controller/lib/pkgconfig/mecanum_drive_controller.pc'
[102.170s] Level 1:colcon.colcon_core.environment:checking '/home/nwhit210/omnicar_ws/install/mecanum_drive_controller/lib/python3.10/site-packages'
[102.170s] Level 1:colcon.colcon_core.environment:checking '/home/nwhit210/omnicar_ws/install/mecanum_drive_controller/bin'
[102.171s] INFO:colcon.colcon_core.shell:Creating package script '/home/nwhit210/omnicar_ws/install/mecanum_drive_controller/share/mecanum_drive_controller/package.ps1'
[102.174s] INFO:colcon.colcon_core.shell:Creating package descriptor '/home/nwhit210/omnicar_ws/install/mecanum_drive_controller/share/mecanum_drive_controller/package.dsv'
[102.176s] INFO:colcon.colcon_core.shell:Creating package script '/home/nwhit210/omnicar_ws/install/mecanum_drive_controller/share/mecanum_drive_controller/package.sh'
[102.177s] INFO:colcon.colcon_core.shell:Creating package script '/home/nwhit210/omnicar_ws/install/mecanum_drive_controller/share/mecanum_drive_controller/package.bash'
[102.178s] INFO:colcon.colcon_core.shell:Creating package script '/home/nwhit210/omnicar_ws/install/mecanum_drive_controller/share/mecanum_drive_controller/package.zsh'
[102.179s] Level 1:colcon.colcon_core.environment:create_file_with_runtime_dependencies(/home/nwhit210/omnicar_ws/install/mecanum_drive_controller/share/colcon-core/packages/mecanum_drive_controller)
[102.180s] DEBUG:colcon.colcon_parallel_executor.executor.parallel:closing loop
[102.183s] DEBUG:colcon.colcon_parallel_executor.executor.parallel:loop closed
[102.184s] DEBUG:colcon.colcon_parallel_executor.executor.parallel:run_until_complete finished with '0'
[102.184s] DEBUG:colcon.colcon_core.event_reactor:joining thread
[102.365s] INFO:colcon.colcon_core.plugin_system:Skipping extension 'colcon_notification.desktop_notification.notify_send': Could not find 'notify-send'
[102.366s] INFO:colcon.colcon_core.plugin_system:Skipping extension 'colcon_notification.desktop_notification.terminal_notifier': Not used on non-Darwin systems
[102.366s] INFO:colcon.colcon_core.plugin_system:Skipping extension 'colcon_notification.desktop_notification.win32': Not used on non-Windows systems
[102.366s] INFO:colcon.colcon_notification.desktop_notification:Sending desktop notification using 'notify2'
[102.366s] DEBUG:colcon.colcon_notification.desktop_notification.notify2:Failed to initialize notify2: org.freedesktop.DBus.Error.FileNotFound: Failed to connect to socket /run/user/1000/bus: No such file or directory
[102.367s] DEBUG:colcon.colcon_core.event_reactor:joined thread
[102.367s] INFO:colcon.colcon_core.shell:Creating prefix script '/home/nwhit210/omnicar_ws/install/local_setup.ps1'
[102.370s] INFO:colcon.colcon_core.shell:Creating prefix util module '/home/nwhit210/omnicar_ws/install/_local_setup_util_ps1.py'
[102.372s] INFO:colcon.colcon_core.shell:Creating prefix chain script '/home/nwhit210/omnicar_ws/install/setup.ps1'
[102.374s] INFO:colcon.colcon_core.shell:Creating prefix script '/home/nwhit210/omnicar_ws/install/local_setup.sh'
[102.375s] INFO:colcon.colcon_core.shell:Creating prefix util module '/home/nwhit210/omnicar_ws/install/_local_setup_util_sh.py'
[102.376s] INFO:colcon.colcon_core.shell:Creating prefix chain script '/home/nwhit210/omnicar_ws/install/setup.sh'
[102.379s] INFO:colcon.colcon_core.shell:Creating prefix script '/home/nwhit210/omnicar_ws/install/local_setup.bash'
[102.381s] INFO:colcon.colcon_core.shell:Creating prefix chain script '/home/nwhit210/omnicar_ws/install/setup.bash'
[102.383s] INFO:colcon.colcon_core.shell:Creating prefix script '/home/nwhit210/omnicar_ws/install/local_setup.zsh'
[102.385s] INFO:colcon.colcon_core.shell:Creating prefix chain script '/home/nwhit210/omnicar_ws/install/setup.zsh'
