[0.090s] Invoking command in '/home/pi/omnicar_ws/build/mecanum_drive_controller': CMAKE_PREFIX_PATH=${CMAKE_PREFIX_PATH}:/opt/ros/humble /usr/bin/cmake --build /home/pi/omnicar_ws/build/mecanum_drive_controller -- -j4 -l4
[0.595s] [ 12%] Built target gmock_main
[0.596s] [ 25%] Built target mecanum_drive_controller_parameters
[0.624s] [ 43%] Built target gmock
[0.727s] [35m[1mConsolidate compiler generated dependencies of target mecanum_drive_controller[0m
[0.808s] [ 56%] Built target test_load_mecanum_drive_controller
[0.874s] [ 62%] [32mBuilding CXX object CMakeFiles/mecanum_drive_controller.dir/src/mecanum_drive_controller.cpp.o[0m
[97.386s] [ 68%] [32m[1mLinking CXX shared library libmecanum_drive_controller.so[0m
[103.236s] [ 75%] Built target mecanum_drive_controller
[103.665s] [ 87%] [32m[1mLinking CXX executable test_mecanum_drive_controller_preceeding[0m
[103.666s] [ 87%] [32m[1mLinking CXX executable test_mecanum_drive_controller[0m
[110.828s] [ 93%] Built target test_mecanum_drive_controller_preceeding
[112.060s] [100%] Built target test_mecanum_drive_controller
[112.158s] Invoked command in '/home/pi/omnicar_ws/build/mecanum_drive_controller' returned '0': CMAKE_PREFIX_PATH=${CMAKE_PREFIX_PATH}:/opt/ros/humble /usr/bin/cmake --build /home/pi/omnicar_ws/build/mecanum_drive_controller -- -j4 -l4
[112.209s] Invoking command in '/home/pi/omnicar_ws/build/mecanum_drive_controller': CMAKE_PREFIX_PATH=${CMAKE_PREFIX_PATH}:/opt/ros/humble /usr/bin/cmake --install /home/pi/omnicar_ws/build/mecanum_drive_controller
[112.246s] -- Install configuration: ""
[112.257s] -- Execute custom install script
[112.266s] -- Up-to-date symlink: /home/pi/omnicar_ws/install/mecanum_drive_controller/include/mecanum_drive_controller/mecanum_drive_controller_parameters.hpp
[112.271s] -- Up-to-date symlink: /home/pi/omnicar_ws/install/mecanum_drive_controller/share/mecanum_drive_controller//mecanum_drive_controller.xml
[112.277s] -- Up-to-date symlink: /home/pi/omnicar_ws/install/mecanum_drive_controller/include/mecanum_drive_controller/mecanum_drive_controller/mecanum_drive_controller.hpp
[112.279s] -- Up-to-date symlink: /home/pi/omnicar_ws/install/mecanum_drive_controller/include/mecanum_drive_controller/mecanum_drive_controller/odometry.hpp
[112.281s] -- Up-to-date symlink: /home/pi/omnicar_ws/install/mecanum_drive_controller/include/mecanum_drive_controller/mecanum_drive_controller/visibility_control.h
[112.287s] -- Up-to-date symlink: /home/pi/omnicar_ws/install/mecanum_drive_controller/share/mecanum_drive_controller/environment/library_path.sh
[112.289s] -- Up-to-date symlink: /home/pi/omnicar_ws/install/mecanum_drive_controller/share/mecanum_drive_controller/environment/library_path.dsv
[112.296s] -- Up-to-date symlink: /home/pi/omnicar_ws/install/mecanum_drive_controller/share/ament_index/resource_index/package_run_dependencies/mecanum_drive_controller
[112.299s] -- Up-to-date symlink: /home/pi/omnicar_ws/install/mecanum_drive_controller/share/ament_index/resource_index/parent_prefix_path/mecanum_drive_controller
[112.305s] -- Up-to-date symlink: /home/pi/omnicar_ws/install/mecanum_drive_controller/share/mecanum_drive_controller/environment/ament_prefix_path.sh
[112.307s] -- Up-to-date symlink: /home/pi/omnicar_ws/install/mecanum_drive_controller/share/mecanum_drive_controller/environment/ament_prefix_path.dsv
[112.309s] -- Up-to-date symlink: /home/pi/omnicar_ws/install/mecanum_drive_controller/share/mecanum_drive_controller/environment/path.sh
[112.311s] -- Up-to-date symlink: /home/pi/omnicar_ws/install/mecanum_drive_controller/share/mecanum_drive_controller/environment/path.dsv
[112.313s] -- Up-to-date symlink: /home/pi/omnicar_ws/install/mecanum_drive_controller/share/mecanum_drive_controller/local_setup.bash
[112.314s] -- Up-to-date symlink: /home/pi/omnicar_ws/install/mecanum_drive_controller/share/mecanum_drive_controller/local_setup.sh
[112.316s] -- Up-to-date symlink: /home/pi/omnicar_ws/install/mecanum_drive_controller/share/mecanum_drive_controller/local_setup.zsh
[112.318s] -- Up-to-date symlink: /home/pi/omnicar_ws/install/mecanum_drive_controller/share/mecanum_drive_controller/local_setup.dsv
[112.319s] -- Symlinking: /home/pi/omnicar_ws/install/mecanum_drive_controller/share/mecanum_drive_controller/package.dsv
[112.357s] -- Up-to-date symlink: /home/pi/omnicar_ws/install/mecanum_drive_controller/share/ament_index/resource_index/packages/mecanum_drive_controller
[112.360s] -- Up-to-date symlink: /home/pi/omnicar_ws/install/mecanum_drive_controller/share/ament_index/resource_index/controller_interface__pluginlib__plugin/mecanum_drive_controller
[112.363s] -- Up-to-date symlink: /home/pi/omnicar_ws/install/mecanum_drive_controller/share/mecanum_drive_controller/cmake/ament_cmake_export_dependencies-extras.cmake
[112.366s] -- Up-to-date symlink: /home/pi/omnicar_ws/install/mecanum_drive_controller/share/mecanum_drive_controller/cmake/ament_cmake_export_targets-extras.cmake
[112.368s] -- Up-to-date symlink: /home/pi/omnicar_ws/install/mecanum_drive_controller/share/mecanum_drive_controller/cmake/mecanum_drive_controllerConfig.cmake
[112.370s] -- Up-to-date symlink: /home/pi/omnicar_ws/install/mecanum_drive_controller/share/mecanum_drive_controller/cmake/mecanum_drive_controllerConfig-version.cmake
[112.372s] -- Up-to-date symlink: /home/pi/omnicar_ws/install/mecanum_drive_controller/share/mecanum_drive_controller/package.xml
[112.379s] -- Installing: /home/pi/omnicar_ws/install/mecanum_drive_controller/lib/libmecanum_drive_controller.so
[112.488s] -- Set runtime path of "/home/pi/omnicar_ws/install/mecanum_drive_controller/lib/libmecanum_drive_controller.so" to ""
[112.508s] -- Up-to-date: /home/pi/omnicar_ws/install/mecanum_drive_controller/share/mecanum_drive_controller/cmake/export_mecanum_drive_controllerExport.cmake
[112.509s] -- Up-to-date: /home/pi/omnicar_ws/install/mecanum_drive_controller/share/mecanum_drive_controller/cmake/export_mecanum_drive_controllerExport-noconfig.cmake
[112.529s] Invoked command in '/home/pi/omnicar_ws/build/mecanum_drive_controller' returned '0': CMAKE_PREFIX_PATH=${CMAKE_PREFIX_PATH}:/opt/ros/humble /usr/bin/cmake --install /home/pi/omnicar_ws/build/mecanum_drive_controller
