[0.881s] DEBUG:colcon:Command line arguments: ['/usr/bin/colcon', 'build', '--allow-overriding', 'mecanum_drive_controller']
[0.881s] DEBUG:colcon:Parsed command line arguments: Namespace(log_base=None, log_level=None, verb_name='build', build_base='build', install_base='install', merge_install=False, symlink_install=False, test_result_base=None, continue_on_error=False, executor='parallel', parallel_workers=4, event_handlers=None, ignore_user_meta=False, metas=['./colcon.meta'], base_paths=['.'], packages_ignore=None, packages_ignore_regex=None, paths=None, packages_up_to=None, packages_up_to_regex=None, packages_above=None, packages_above_and_dependencies=None, packages_above_depth=None, packages_select_by_dep=None, packages_skip_by_dep=None, packages_skip_up_to=None, packages_select_build_failed=False, packages_skip_build_finished=False, packages_select_test_failures=False, packages_skip_test_passed=False, packages_select=None, packages_skip=None, packages_select_regex=None, packages_skip_regex=None, packages_start=None, packages_end=None, allow_overriding=['mecanum_drive_controller'], cmake_args=None, cmake_target=None, cmake_target_skip_unavailable=False, cmake_clean_cache=False, cmake_clean_first=False, cmake_force_configure=False, ament_cmake_args=None, catkin_cmake_args=None, catkin_skip_building_tests=False, mixin_files=None, mixin=None, verb_parser=<colcon_mixin.mixin.mixin_argument.MixinArgumentDecorator object at 0xffffa4a9dbd0>, verb_extension=<colcon_core.verb.build.BuildVerb object at 0xffffa4d2ece0>, main=<bound method BuildVerb.main of <colcon_core.verb.build.BuildVerb object at 0xffffa4d2ece0>>, mixin_verb=('build',))
[1.698s] Level 1:colcon.colcon_core.package_discovery:discover_packages(colcon_meta) check parameters
[1.698s] Level 1:colcon.colcon_core.package_discovery:discover_packages(recursive) check parameters
[1.699s] Level 1:colcon.colcon_core.package_discovery:discover_packages(ignore) check parameters
[1.699s] Level 1:colcon.colcon_core.package_discovery:discover_packages(path) check parameters
[1.699s] Level 1:colcon.colcon_core.package_discovery:discover_packages(colcon_meta) discover
[1.699s] Level 1:colcon.colcon_core.package_discovery:discover_packages(recursive) discover
[1.699s] INFO:colcon.colcon_core.package_discovery:Crawling recursively for packages in '/home/pi/omnicar_ws'
[1.700s] Level 1:colcon.colcon_core.package_identification:_identify(.) by extensions ['ignore', 'ignore_ament_install']
[1.700s] Level 1:colcon.colcon_core.package_identification:_identify(.) by extension 'ignore'
[1.701s] Level 1:colcon.colcon_core.package_identification:_identify(.) by extension 'ignore_ament_install'
[1.701s] Level 1:colcon.colcon_core.package_identification:_identify(.) by extensions ['colcon_pkg']
[1.701s] Level 1:colcon.colcon_core.package_identification:_identify(.) by extension 'colcon_pkg'
[1.701s] Level 1:colcon.colcon_core.package_identification:_identify(.) by extensions ['colcon_meta']
[1.701s] Level 1:colcon.colcon_core.package_identification:_identify(.) by extension 'colcon_meta'
[1.702s] Level 1:colcon.colcon_core.package_identification:_identify(.) by extensions ['ros']
[1.702s] Level 1:colcon.colcon_core.package_identification:_identify(.) by extension 'ros'
[1.783s] Level 1:colcon.colcon_core.package_identification:_identify(.) by extensions ['cmake', 'python']
[1.784s] Level 1:colcon.colcon_core.package_identification:_identify(.) by extension 'cmake'
[1.784s] Level 1:colcon.colcon_core.package_identification:_identify(.) by extension 'python'
[1.784s] Level 1:colcon.colcon_core.package_identification:_identify(.) by extensions ['python_setup_py']
[1.784s] Level 1:colcon.colcon_core.package_identification:_identify(.) by extension 'python_setup_py'
[1.785s] Level 1:colcon.colcon_core.package_identification:_identify(build) by extensions ['ignore', 'ignore_ament_install']
[1.785s] Level 1:colcon.colcon_core.package_identification:_identify(build) by extension 'ignore'
[1.786s] Level 1:colcon.colcon_core.package_identification:_identify(build) ignored
[1.786s] Level 1:colcon.colcon_core.package_identification:_identify(install) by extensions ['ignore', 'ignore_ament_install']
[1.787s] Level 1:colcon.colcon_core.package_identification:_identify(install) by extension 'ignore'
[1.787s] Level 1:colcon.colcon_core.package_identification:_identify(install) ignored
[1.789s] Level 1:colcon.colcon_core.package_identification:_identify(log) by extensions ['ignore', 'ignore_ament_install']
[1.789s] Level 1:colcon.colcon_core.package_identification:_identify(log) by extension 'ignore'
[1.790s] Level 1:colcon.colcon_core.package_identification:_identify(log) ignored
[1.791s] Level 1:colcon.colcon_core.package_identification:_identify(src) by extensions ['ignore', 'ignore_ament_install']
[1.792s] Level 1:colcon.colcon_core.package_identification:_identify(src) by extension 'ignore'
[1.792s] Level 1:colcon.colcon_core.package_identification:_identify(src) by extension 'ignore_ament_install'
[1.793s] Level 1:colcon.colcon_core.package_identification:_identify(src) by extensions ['colcon_pkg']
[1.793s] Level 1:colcon.colcon_core.package_identification:_identify(src) by extension 'colcon_pkg'
[1.793s] Level 1:colcon.colcon_core.package_identification:_identify(src) by extensions ['colcon_meta']
[1.794s] Level 1:colcon.colcon_core.package_identification:_identify(src) by extension 'colcon_meta'
[1.794s] Level 1:colcon.colcon_core.package_identification:_identify(src) by extensions ['ros']
[1.794s] Level 1:colcon.colcon_core.package_identification:_identify(src) by extension 'ros'
[1.795s] Level 1:colcon.colcon_core.package_identification:_identify(src) by extensions ['cmake', 'python']
[1.795s] Level 1:colcon.colcon_core.package_identification:_identify(src) by extension 'cmake'
[1.795s] Level 1:colcon.colcon_core.package_identification:_identify(src) by extension 'python'
[1.796s] Level 1:colcon.colcon_core.package_identification:_identify(src) by extensions ['python_setup_py']
[1.796s] Level 1:colcon.colcon_core.package_identification:_identify(src) by extension 'python_setup_py'
[1.797s] Level 1:colcon.colcon_core.package_identification:_identify(src/diffdrive_arduino) by extensions ['ignore', 'ignore_ament_install']
[1.798s] Level 1:colcon.colcon_core.package_identification:_identify(src/diffdrive_arduino) by extension 'ignore'
[1.798s] Level 1:colcon.colcon_core.package_identification:_identify(src/diffdrive_arduino) by extension 'ignore_ament_install'
[1.798s] Level 1:colcon.colcon_core.package_identification:_identify(src/diffdrive_arduino) by extensions ['colcon_pkg']
[1.799s] Level 1:colcon.colcon_core.package_identification:_identify(src/diffdrive_arduino) by extension 'colcon_pkg'
[1.799s] Level 1:colcon.colcon_core.package_identification:_identify(src/diffdrive_arduino) by extensions ['colcon_meta']
[1.799s] Level 1:colcon.colcon_core.package_identification:_identify(src/diffdrive_arduino) by extension 'colcon_meta'
[1.800s] Level 1:colcon.colcon_core.package_identification:_identify(src/diffdrive_arduino) by extensions ['ros']
[1.800s] Level 1:colcon.colcon_core.package_identification:_identify(src/diffdrive_arduino) by extension 'ros'
[1.813s] DEBUG:colcon.colcon_core.package_identification:Package 'src/diffdrive_arduino' with type 'ros.ament_cmake' and name 'diffdrive_arduino'
[1.813s] Level 1:colcon.colcon_core.package_identification:_identify(src/mecanum_drive_controller) by extensions ['ignore', 'ignore_ament_install']
[1.814s] Level 1:colcon.colcon_core.package_identification:_identify(src/mecanum_drive_controller) by extension 'ignore'
[1.814s] Level 1:colcon.colcon_core.package_identification:_identify(src/mecanum_drive_controller) by extension 'ignore_ament_install'
[1.814s] Level 1:colcon.colcon_core.package_identification:_identify(src/mecanum_drive_controller) by extensions ['colcon_pkg']
[1.815s] Level 1:colcon.colcon_core.package_identification:_identify(src/mecanum_drive_controller) by extension 'colcon_pkg'
[1.815s] Level 1:colcon.colcon_core.package_identification:_identify(src/mecanum_drive_controller) by extensions ['colcon_meta']
[1.815s] Level 1:colcon.colcon_core.package_identification:_identify(src/mecanum_drive_controller) by extension 'colcon_meta'
[1.815s] Level 1:colcon.colcon_core.package_identification:_identify(src/mecanum_drive_controller) by extensions ['ros']
[1.815s] Level 1:colcon.colcon_core.package_identification:_identify(src/mecanum_drive_controller) by extension 'ros'
[1.822s] DEBUG:colcon.colcon_core.package_identification:Package 'src/mecanum_drive_controller' with type 'ros.ament_cmake' and name 'mecanum_drive_controller'
[1.823s] Level 1:colcon.colcon_core.package_identification:_identify(src/omnicar) by extensions ['ignore', 'ignore_ament_install']
[1.823s] Level 1:colcon.colcon_core.package_identification:_identify(src/omnicar) by extension 'ignore'
[1.824s] Level 1:colcon.colcon_core.package_identification:_identify(src/omnicar) by extension 'ignore_ament_install'
[1.824s] Level 1:colcon.colcon_core.package_identification:_identify(src/omnicar) by extensions ['colcon_pkg']
[1.824s] Level 1:colcon.colcon_core.package_identification:_identify(src/omnicar) by extension 'colcon_pkg'
[1.824s] Level 1:colcon.colcon_core.package_identification:_identify(src/omnicar) by extensions ['colcon_meta']
[1.824s] Level 1:colcon.colcon_core.package_identification:_identify(src/omnicar) by extension 'colcon_meta'
[1.825s] Level 1:colcon.colcon_core.package_identification:_identify(src/omnicar) by extensions ['ros']
[1.825s] Level 1:colcon.colcon_core.package_identification:_identify(src/omnicar) by extension 'ros'
[1.827s] DEBUG:colcon.colcon_core.package_identification:Package 'src/omnicar' with type 'ros.ament_cmake' and name 'omnicar'
[1.827s] Level 1:colcon.colcon_core.package_discovery:discover_packages(recursive) using defaults
[1.827s] Level 1:colcon.colcon_core.package_discovery:discover_packages(ignore) discover
[1.827s] Level 1:colcon.colcon_core.package_discovery:discover_packages(ignore) using defaults
[1.827s] Level 1:colcon.colcon_core.package_discovery:discover_packages(path) discover
[1.827s] Level 1:colcon.colcon_core.package_discovery:discover_packages(path) using defaults
[1.907s] Level 1:colcon.colcon_core.package_discovery:discover_packages(prefix_path) check parameters
[1.907s] Level 1:colcon.colcon_core.package_discovery:discover_packages(prefix_path) discover
[1.923s] DEBUG:colcon.colcon_installed_package_information.package_discovery:Found 323 installed packages in /opt/ros/humble
[1.931s] Level 1:colcon.colcon_core.package_discovery:discover_packages(prefix_path) using defaults
[2.119s] Level 5:colcon.colcon_core.verb:set package 'diffdrive_arduino' build argument 'cmake_args' from command line to 'None'
[2.119s] Level 5:colcon.colcon_core.verb:set package 'diffdrive_arduino' build argument 'cmake_target' from command line to 'None'
[2.119s] Level 5:colcon.colcon_core.verb:set package 'diffdrive_arduino' build argument 'cmake_target_skip_unavailable' from command line to 'False'
[2.119s] Level 5:colcon.colcon_core.verb:set package 'diffdrive_arduino' build argument 'cmake_clean_cache' from command line to 'False'
[2.120s] Level 5:colcon.colcon_core.verb:set package 'diffdrive_arduino' build argument 'cmake_clean_first' from command line to 'False'
[2.120s] Level 5:colcon.colcon_core.verb:set package 'diffdrive_arduino' build argument 'cmake_force_configure' from command line to 'False'
[2.120s] Level 5:colcon.colcon_core.verb:set package 'diffdrive_arduino' build argument 'ament_cmake_args' from command line to 'None'
[2.120s] Level 5:colcon.colcon_core.verb:set package 'diffdrive_arduino' build argument 'catkin_cmake_args' from command line to 'None'
[2.120s] Level 5:colcon.colcon_core.verb:set package 'diffdrive_arduino' build argument 'catkin_skip_building_tests' from command line to 'False'
[2.120s] DEBUG:colcon.colcon_core.verb:Building package 'diffdrive_arduino' with the following arguments: {'ament_cmake_args': None, 'build_base': '/home/pi/omnicar_ws/build/diffdrive_arduino', 'catkin_cmake_args': None, 'catkin_skip_building_tests': False, 'cmake_args': None, 'cmake_clean_cache': False, 'cmake_clean_first': False, 'cmake_force_configure': False, 'cmake_target': None, 'cmake_target_skip_unavailable': False, 'install_base': '/home/pi/omnicar_ws/install/diffdrive_arduino', 'merge_install': False, 'path': '/home/pi/omnicar_ws/src/diffdrive_arduino', 'symlink_install': False, 'test_result_base': None}
[2.122s] Level 5:colcon.colcon_core.verb:set package 'mecanum_drive_controller' build argument 'cmake_args' from command line to 'None'
[2.122s] Level 5:colcon.colcon_core.verb:set package 'mecanum_drive_controller' build argument 'cmake_target' from command line to 'None'
[2.122s] Level 5:colcon.colcon_core.verb:set package 'mecanum_drive_controller' build argument 'cmake_target_skip_unavailable' from command line to 'False'
[2.122s] Level 5:colcon.colcon_core.verb:set package 'mecanum_drive_controller' build argument 'cmake_clean_cache' from command line to 'False'
[2.122s] Level 5:colcon.colcon_core.verb:set package 'mecanum_drive_controller' build argument 'cmake_clean_first' from command line to 'False'
[2.122s] Level 5:colcon.colcon_core.verb:set package 'mecanum_drive_controller' build argument 'cmake_force_configure' from command line to 'False'
[2.123s] Level 5:colcon.colcon_core.verb:set package 'mecanum_drive_controller' build argument 'ament_cmake_args' from command line to 'None'
[2.123s] Level 5:colcon.colcon_core.verb:set package 'mecanum_drive_controller' build argument 'catkin_cmake_args' from command line to 'None'
[2.123s] Level 5:colcon.colcon_core.verb:set package 'mecanum_drive_controller' build argument 'catkin_skip_building_tests' from command line to 'False'
[2.123s] DEBUG:colcon.colcon_core.verb:Building package 'mecanum_drive_controller' with the following arguments: {'ament_cmake_args': None, 'build_base': '/home/pi/omnicar_ws/build/mecanum_drive_controller', 'catkin_cmake_args': None, 'catkin_skip_building_tests': False, 'cmake_args': None, 'cmake_clean_cache': False, 'cmake_clean_first': False, 'cmake_force_configure': False, 'cmake_target': None, 'cmake_target_skip_unavailable': False, 'install_base': '/home/pi/omnicar_ws/install/mecanum_drive_controller', 'merge_install': False, 'path': '/home/pi/omnicar_ws/src/mecanum_drive_controller', 'symlink_install': False, 'test_result_base': None}
[2.124s] Level 5:colcon.colcon_core.verb:set package 'omnicar' build argument 'cmake_args' from command line to 'None'
[2.125s] Level 5:colcon.colcon_core.verb:set package 'omnicar' build argument 'cmake_target' from command line to 'None'
[2.125s] Level 5:colcon.colcon_core.verb:set package 'omnicar' build argument 'cmake_target_skip_unavailable' from command line to 'False'
[2.125s] Level 5:colcon.colcon_core.verb:set package 'omnicar' build argument 'cmake_clean_cache' from command line to 'False'
[2.125s] Level 5:colcon.colcon_core.verb:set package 'omnicar' build argument 'cmake_clean_first' from command line to 'False'
[2.125s] Level 5:colcon.colcon_core.verb:set package 'omnicar' build argument 'cmake_force_configure' from command line to 'False'
[2.125s] Level 5:colcon.colcon_core.verb:set package 'omnicar' build argument 'ament_cmake_args' from command line to 'None'
[2.125s] Level 5:colcon.colcon_core.verb:set package 'omnicar' build argument 'catkin_cmake_args' from command line to 'None'
[2.125s] Level 5:colcon.colcon_core.verb:set package 'omnicar' build argument 'catkin_skip_building_tests' from command line to 'False'
[2.126s] DEBUG:colcon.colcon_core.verb:Building package 'omnicar' with the following arguments: {'ament_cmake_args': None, 'build_base': '/home/pi/omnicar_ws/build/omnicar', 'catkin_cmake_args': None, 'catkin_skip_building_tests': False, 'cmake_args': None, 'cmake_clean_cache': False, 'cmake_clean_first': False, 'cmake_force_configure': False, 'cmake_target': None, 'cmake_target_skip_unavailable': False, 'install_base': '/home/pi/omnicar_ws/install/omnicar', 'merge_install': False, 'path': '/home/pi/omnicar_ws/src/omnicar', 'symlink_install': False, 'test_result_base': None}
[2.126s] INFO:colcon.colcon_core.executor:Executing jobs using 'parallel' executor
[2.130s] DEBUG:colcon.colcon_parallel_executor.executor.parallel:run_until_complete
[2.131s] INFO:colcon.colcon_ros.task.ament_cmake.build:Building ROS package in '/home/pi/omnicar_ws/src/diffdrive_arduino' with build type 'ament_cmake'
[2.132s] INFO:colcon.colcon_cmake.task.cmake.build:Building CMake package in '/home/pi/omnicar_ws/src/diffdrive_arduino'
[2.140s] INFO:colcon.colcon_core.plugin_system:Skipping extension 'colcon_core.shell.bat': Not used on non-Windows systems
[2.141s] INFO:colcon.colcon_core.shell:Skip shell extension 'powershell' for command environment: Not usable outside of PowerShell
[2.142s] DEBUG:colcon.colcon_core.shell:Skip shell extension 'dsv' for command environment
[2.159s] INFO:colcon.colcon_ros.task.ament_cmake.build:Building ROS package in '/home/pi/omnicar_ws/src/mecanum_drive_controller' with build type 'ament_cmake'
[2.160s] INFO:colcon.colcon_cmake.task.cmake.build:Building CMake package in '/home/pi/omnicar_ws/src/mecanum_drive_controller'
[2.161s] INFO:colcon.colcon_core.shell:Skip shell extension 'powershell' for command environment: Not usable outside of PowerShell
[2.162s] DEBUG:colcon.colcon_core.shell:Skip shell extension 'dsv' for command environment
[2.179s] INFO:colcon.colcon_ros.task.ament_cmake.build:Building ROS package in '/home/pi/omnicar_ws/src/omnicar' with build type 'ament_cmake'
[2.179s] INFO:colcon.colcon_cmake.task.cmake.build:Building CMake package in '/home/pi/omnicar_ws/src/omnicar'
[2.181s] INFO:colcon.colcon_core.shell:Skip shell extension 'powershell' for command environment: Not usable outside of PowerShell
[2.181s] DEBUG:colcon.colcon_core.shell:Skip shell extension 'dsv' for command environment
[2.220s] DEBUG:colcon.colcon_core.event_handler.log_command:Invoking command in '/home/pi/omnicar_ws/build/diffdrive_arduino': CMAKE_PREFIX_PATH=/opt/ros/humble /usr/bin/cmake --build /home/pi/omnicar_ws/build/diffdrive_arduino -- -j4 -l4
[2.242s] DEBUG:colcon.colcon_core.event_handler.log_command:Invoking command in '/home/pi/omnicar_ws/build/mecanum_drive_controller': CMAKE_PREFIX_PATH=/opt/ros/humble /usr/bin/cmake /home/pi/omnicar_ws/src/mecanum_drive_controller -DCMAKE_INSTALL_PREFIX=/home/pi/omnicar_ws/install/mecanum_drive_controller
[2.269s] DEBUG:colcon.colcon_core.event_handler.log_command:Invoking command in '/home/pi/omnicar_ws/build/omnicar': CMAKE_PREFIX_PATH=/opt/ros/humble /usr/bin/cmake --build /home/pi/omnicar_ws/build/omnicar -- -j4 -l4
[2.437s] DEBUG:colcon.colcon_core.event_handler.log_command:Invoked command in '/home/pi/omnicar_ws/build/omnicar' returned '0': CMAKE_PREFIX_PATH=/opt/ros/humble /usr/bin/cmake --build /home/pi/omnicar_ws/build/omnicar -- -j4 -l4
[2.491s] DEBUG:colcon.colcon_core.event_handler.log_command:Invoking command in '/home/pi/omnicar_ws/build/omnicar': CMAKE_PREFIX_PATH=/opt/ros/humble /usr/bin/cmake --install /home/pi/omnicar_ws/build/omnicar
[2.686s] Level 1:colcon.colcon_core.environment:create_environment_scripts_only(omnicar)
[2.690s] DEBUG:colcon.colcon_core.event_handler.log_command:Invoked command in '/home/pi/omnicar_ws/build/omnicar' returned '0': CMAKE_PREFIX_PATH=/opt/ros/humble /usr/bin/cmake --install /home/pi/omnicar_ws/build/omnicar
[2.706s] Level 1:colcon.colcon_core.environment:checking '/home/pi/omnicar_ws/install/omnicar' for CMake module files
[2.712s] Level 1:colcon.colcon_core.environment:checking '/home/pi/omnicar_ws/install/omnicar' for CMake config files
[2.716s] Level 1:colcon.colcon_core.shell:create_environment_hook('omnicar', 'cmake_prefix_path')
[2.718s] INFO:colcon.colcon_core.shell:Creating environment hook '/home/pi/omnicar_ws/install/omnicar/share/omnicar/hook/cmake_prefix_path.ps1'
[2.721s] INFO:colcon.colcon_core.shell:Creating environment descriptor '/home/pi/omnicar_ws/install/omnicar/share/omnicar/hook/cmake_prefix_path.dsv'
[2.724s] INFO:colcon.colcon_core.shell:Creating environment hook '/home/pi/omnicar_ws/install/omnicar/share/omnicar/hook/cmake_prefix_path.sh'
[2.729s] Level 1:colcon.colcon_core.environment:checking '/home/pi/omnicar_ws/install/omnicar/bin'
[2.729s] Level 1:colcon.colcon_core.environment:checking '/home/pi/omnicar_ws/install/omnicar/lib/pkgconfig/omnicar.pc'
[2.730s] Level 1:colcon.colcon_core.environment:checking '/home/pi/omnicar_ws/install/omnicar/lib/python3.10/site-packages'
[2.732s] Level 1:colcon.colcon_core.environment:checking '/home/pi/omnicar_ws/install/omnicar/bin'
[2.733s] INFO:colcon.colcon_core.shell:Creating package script '/home/pi/omnicar_ws/install/omnicar/share/omnicar/package.ps1'
[2.738s] INFO:colcon.colcon_core.shell:Creating package descriptor '/home/pi/omnicar_ws/install/omnicar/share/omnicar/package.dsv'
[2.742s] INFO:colcon.colcon_core.shell:Creating package script '/home/pi/omnicar_ws/install/omnicar/share/omnicar/package.sh'
[2.746s] INFO:colcon.colcon_core.shell:Creating package script '/home/pi/omnicar_ws/install/omnicar/share/omnicar/package.bash'
[2.753s] INFO:colcon.colcon_core.shell:Creating package script '/home/pi/omnicar_ws/install/omnicar/share/omnicar/package.zsh'
[2.758s] Level 1:colcon.colcon_core.environment:create_file_with_runtime_dependencies(/home/pi/omnicar_ws/install/omnicar/share/colcon-core/packages/omnicar)
[2.761s] Level 1:colcon.colcon_core.environment:create_environment_scripts_only(omnicar)
[2.762s] Level 1:colcon.colcon_core.environment:checking '/home/pi/omnicar_ws/install/omnicar' for CMake module files
[2.765s] Level 1:colcon.colcon_core.environment:checking '/home/pi/omnicar_ws/install/omnicar' for CMake config files
[2.769s] Level 1:colcon.colcon_core.shell:create_environment_hook('omnicar', 'cmake_prefix_path')
[2.770s] INFO:colcon.colcon_core.shell:Creating environment hook '/home/pi/omnicar_ws/install/omnicar/share/omnicar/hook/cmake_prefix_path.ps1'
[2.773s] INFO:colcon.colcon_core.shell:Creating environment descriptor '/home/pi/omnicar_ws/install/omnicar/share/omnicar/hook/cmake_prefix_path.dsv'
[2.776s] INFO:colcon.colcon_core.shell:Creating environment hook '/home/pi/omnicar_ws/install/omnicar/share/omnicar/hook/cmake_prefix_path.sh'
[2.780s] Level 1:colcon.colcon_core.environment:checking '/home/pi/omnicar_ws/install/omnicar/bin'
[2.780s] Level 1:colcon.colcon_core.environment:checking '/home/pi/omnicar_ws/install/omnicar/lib/pkgconfig/omnicar.pc'
[2.782s] Level 1:colcon.colcon_core.environment:checking '/home/pi/omnicar_ws/install/omnicar/lib/python3.10/site-packages'
[2.783s] Level 1:colcon.colcon_core.environment:checking '/home/pi/omnicar_ws/install/omnicar/bin'
[2.785s] INFO:colcon.colcon_core.shell:Creating package script '/home/pi/omnicar_ws/install/omnicar/share/omnicar/package.ps1'
[2.787s] INFO:colcon.colcon_core.shell:Creating package descriptor '/home/pi/omnicar_ws/install/omnicar/share/omnicar/package.dsv'
[2.790s] INFO:colcon.colcon_core.shell:Creating package script '/home/pi/omnicar_ws/install/omnicar/share/omnicar/package.sh'
[2.794s] INFO:colcon.colcon_core.shell:Creating package script '/home/pi/omnicar_ws/install/omnicar/share/omnicar/package.bash'
[2.797s] INFO:colcon.colcon_core.shell:Creating package script '/home/pi/omnicar_ws/install/omnicar/share/omnicar/package.zsh'
[2.800s] Level 1:colcon.colcon_core.environment:create_file_with_runtime_dependencies(/home/pi/omnicar_ws/install/omnicar/share/colcon-core/packages/omnicar)
[6.435s] DEBUG:colcon.colcon_core.event_handler.log_command:Invoked command in '/home/pi/omnicar_ws/build/diffdrive_arduino' returned '0': CMAKE_PREFIX_PATH=/opt/ros/humble /usr/bin/cmake --build /home/pi/omnicar_ws/build/diffdrive_arduino -- -j4 -l4
[6.446s] DEBUG:colcon.colcon_core.event_handler.log_command:Invoking command in '/home/pi/omnicar_ws/build/diffdrive_arduino': CMAKE_PREFIX_PATH=/opt/ros/humble /usr/bin/cmake --install /home/pi/omnicar_ws/build/diffdrive_arduino
[6.636s] Level 1:colcon.colcon_core.environment:create_environment_scripts_only(diffdrive_arduino)
[6.639s] Level 1:colcon.colcon_core.environment:checking '/home/pi/omnicar_ws/install/diffdrive_arduino' for CMake module files
[6.637s] DEBUG:colcon.colcon_core.event_handler.log_command:Invoked command in '/home/pi/omnicar_ws/build/diffdrive_arduino' returned '0': CMAKE_PREFIX_PATH=/opt/ros/humble /usr/bin/cmake --install /home/pi/omnicar_ws/build/diffdrive_arduino
[6.643s] Level 1:colcon.colcon_core.environment:checking '/home/pi/omnicar_ws/install/diffdrive_arduino' for CMake config files
[6.649s] Level 1:colcon.colcon_core.shell:create_environment_hook('diffdrive_arduino', 'cmake_prefix_path')
[6.651s] INFO:colcon.colcon_core.shell:Creating environment hook '/home/pi/omnicar_ws/install/diffdrive_arduino/share/diffdrive_arduino/hook/cmake_prefix_path.ps1'
[6.655s] INFO:colcon.colcon_core.shell:Creating environment descriptor '/home/pi/omnicar_ws/install/diffdrive_arduino/share/diffdrive_arduino/hook/cmake_prefix_path.dsv'
[6.658s] INFO:colcon.colcon_core.shell:Creating environment hook '/home/pi/omnicar_ws/install/diffdrive_arduino/share/diffdrive_arduino/hook/cmake_prefix_path.sh'
[6.662s] Level 1:colcon.colcon_core.environment:checking '/home/pi/omnicar_ws/install/diffdrive_arduino/lib'
[6.664s] Level 1:colcon.colcon_core.shell:create_environment_hook('diffdrive_arduino', 'ld_library_path_lib')
[6.665s] INFO:colcon.colcon_core.shell:Creating environment hook '/home/pi/omnicar_ws/install/diffdrive_arduino/share/diffdrive_arduino/hook/ld_library_path_lib.ps1'
[6.667s] INFO:colcon.colcon_core.shell:Creating environment descriptor '/home/pi/omnicar_ws/install/diffdrive_arduino/share/diffdrive_arduino/hook/ld_library_path_lib.dsv'
[6.670s] INFO:colcon.colcon_core.shell:Creating environment hook '/home/pi/omnicar_ws/install/diffdrive_arduino/share/diffdrive_arduino/hook/ld_library_path_lib.sh'
[6.680s] Level 1:colcon.colcon_core.environment:checking '/home/pi/omnicar_ws/install/diffdrive_arduino/bin'
[6.680s] Level 1:colcon.colcon_core.environment:checking '/home/pi/omnicar_ws/install/diffdrive_arduino/lib/pkgconfig/diffdrive_arduino.pc'
[6.682s] Level 1:colcon.colcon_core.environment:checking '/home/pi/omnicar_ws/install/diffdrive_arduino/lib/python3.10/site-packages'
[6.683s] Level 1:colcon.colcon_core.environment:checking '/home/pi/omnicar_ws/install/diffdrive_arduino/bin'
[6.684s] INFO:colcon.colcon_core.shell:Creating package script '/home/pi/omnicar_ws/install/diffdrive_arduino/share/diffdrive_arduino/package.ps1'
[6.687s] INFO:colcon.colcon_core.shell:Creating package descriptor '/home/pi/omnicar_ws/install/diffdrive_arduino/share/diffdrive_arduino/package.dsv'
[6.691s] INFO:colcon.colcon_core.shell:Creating package script '/home/pi/omnicar_ws/install/diffdrive_arduino/share/diffdrive_arduino/package.sh'
[6.693s] INFO:colcon.colcon_core.shell:Creating package script '/home/pi/omnicar_ws/install/diffdrive_arduino/share/diffdrive_arduino/package.bash'
[6.696s] INFO:colcon.colcon_core.shell:Creating package script '/home/pi/omnicar_ws/install/diffdrive_arduino/share/diffdrive_arduino/package.zsh'
[6.698s] Level 1:colcon.colcon_core.environment:create_file_with_runtime_dependencies(/home/pi/omnicar_ws/install/diffdrive_arduino/share/colcon-core/packages/diffdrive_arduino)
[6.702s] Level 1:colcon.colcon_core.environment:create_environment_scripts_only(diffdrive_arduino)
[6.703s] Level 1:colcon.colcon_core.environment:checking '/home/pi/omnicar_ws/install/diffdrive_arduino' for CMake module files
[6.709s] Level 1:colcon.colcon_core.environment:checking '/home/pi/omnicar_ws/install/diffdrive_arduino' for CMake config files
[6.717s] Level 1:colcon.colcon_core.shell:create_environment_hook('diffdrive_arduino', 'cmake_prefix_path')
[6.719s] INFO:colcon.colcon_core.shell:Creating environment hook '/home/pi/omnicar_ws/install/diffdrive_arduino/share/diffdrive_arduino/hook/cmake_prefix_path.ps1'
[6.724s] INFO:colcon.colcon_core.shell:Creating environment descriptor '/home/pi/omnicar_ws/install/diffdrive_arduino/share/diffdrive_arduino/hook/cmake_prefix_path.dsv'
[6.729s] INFO:colcon.colcon_core.shell:Creating environment hook '/home/pi/omnicar_ws/install/diffdrive_arduino/share/diffdrive_arduino/hook/cmake_prefix_path.sh'
[6.735s] Level 1:colcon.colcon_core.environment:checking '/home/pi/omnicar_ws/install/diffdrive_arduino/lib'
[6.736s] Level 1:colcon.colcon_core.shell:create_environment_hook('diffdrive_arduino', 'ld_library_path_lib')
[6.737s] INFO:colcon.colcon_core.shell:Creating environment hook '/home/pi/omnicar_ws/install/diffdrive_arduino/share/diffdrive_arduino/hook/ld_library_path_lib.ps1'
[6.743s] INFO:colcon.colcon_core.shell:Creating environment descriptor '/home/pi/omnicar_ws/install/diffdrive_arduino/share/diffdrive_arduino/hook/ld_library_path_lib.dsv'
[6.748s] INFO:colcon.colcon_core.shell:Creating environment hook '/home/pi/omnicar_ws/install/diffdrive_arduino/share/diffdrive_arduino/hook/ld_library_path_lib.sh'
[6.752s] Level 1:colcon.colcon_core.environment:checking '/home/pi/omnicar_ws/install/diffdrive_arduino/bin'
[6.754s] Level 1:colcon.colcon_core.environment:checking '/home/pi/omnicar_ws/install/diffdrive_arduino/lib/pkgconfig/diffdrive_arduino.pc'
[6.755s] Level 1:colcon.colcon_core.environment:checking '/home/pi/omnicar_ws/install/diffdrive_arduino/lib/python3.10/site-packages'
[6.757s] Level 1:colcon.colcon_core.environment:checking '/home/pi/omnicar_ws/install/diffdrive_arduino/bin'
[6.759s] INFO:colcon.colcon_core.shell:Creating package script '/home/pi/omnicar_ws/install/diffdrive_arduino/share/diffdrive_arduino/package.ps1'
[6.762s] INFO:colcon.colcon_core.shell:Creating package descriptor '/home/pi/omnicar_ws/install/diffdrive_arduino/share/diffdrive_arduino/package.dsv'
[6.765s] INFO:colcon.colcon_core.shell:Creating package script '/home/pi/omnicar_ws/install/diffdrive_arduino/share/diffdrive_arduino/package.sh'
[6.769s] INFO:colcon.colcon_core.shell:Creating package script '/home/pi/omnicar_ws/install/diffdrive_arduino/share/diffdrive_arduino/package.bash'
[6.772s] INFO:colcon.colcon_core.shell:Creating package script '/home/pi/omnicar_ws/install/diffdrive_arduino/share/diffdrive_arduino/package.zsh'
[6.776s] Level 1:colcon.colcon_core.environment:create_file_with_runtime_dependencies(/home/pi/omnicar_ws/install/diffdrive_arduino/share/colcon-core/packages/diffdrive_arduino)
[7.728s] DEBUG:colcon.colcon_core.event_handler.log_command:Invoked command in '/home/pi/omnicar_ws/build/mecanum_drive_controller' returned '0': CMAKE_PREFIX_PATH=/opt/ros/humble /usr/bin/cmake /home/pi/omnicar_ws/src/mecanum_drive_controller -DCMAKE_INSTALL_PREFIX=/home/pi/omnicar_ws/install/mecanum_drive_controller
[7.735s] DEBUG:colcon.colcon_core.event_handler.log_command:Invoking command in '/home/pi/omnicar_ws/build/mecanum_drive_controller': CMAKE_PREFIX_PATH=/opt/ros/humble /usr/bin/cmake --build /home/pi/omnicar_ws/build/mecanum_drive_controller -- -j4 -l4
[8.412s] DEBUG:colcon.colcon_core.event_handler.log_command:Invoked command in '/home/pi/omnicar_ws/build/mecanum_drive_controller' returned '0': CMAKE_PREFIX_PATH=/opt/ros/humble /usr/bin/cmake --build /home/pi/omnicar_ws/build/mecanum_drive_controller -- -j4 -l4
[8.421s] DEBUG:colcon.colcon_core.event_handler.log_command:Invoking command in '/home/pi/omnicar_ws/build/mecanum_drive_controller': CMAKE_PREFIX_PATH=/opt/ros/humble /usr/bin/cmake --install /home/pi/omnicar_ws/build/mecanum_drive_controller
[8.514s] Level 1:colcon.colcon_core.environment:create_environment_scripts_only(mecanum_drive_controller)
[8.515s] Level 1:colcon.colcon_core.environment:checking '/home/pi/omnicar_ws/install/mecanum_drive_controller' for CMake module files
[8.517s] DEBUG:colcon.colcon_core.event_handler.log_command:Invoked command in '/home/pi/omnicar_ws/build/mecanum_drive_controller' returned '0': CMAKE_PREFIX_PATH=/opt/ros/humble /usr/bin/cmake --install /home/pi/omnicar_ws/build/mecanum_drive_controller
[8.519s] Level 1:colcon.colcon_core.environment:checking '/home/pi/omnicar_ws/install/mecanum_drive_controller' for CMake config files
[8.523s] Level 1:colcon.colcon_core.shell:create_environment_hook('mecanum_drive_controller', 'cmake_prefix_path')
[8.524s] INFO:colcon.colcon_core.shell:Creating environment hook '/home/pi/omnicar_ws/install/mecanum_drive_controller/share/mecanum_drive_controller/hook/cmake_prefix_path.ps1'
[8.526s] INFO:colcon.colcon_core.shell:Creating environment descriptor '/home/pi/omnicar_ws/install/mecanum_drive_controller/share/mecanum_drive_controller/hook/cmake_prefix_path.dsv'
[8.528s] INFO:colcon.colcon_core.shell:Creating environment hook '/home/pi/omnicar_ws/install/mecanum_drive_controller/share/mecanum_drive_controller/hook/cmake_prefix_path.sh'
[8.531s] Level 1:colcon.colcon_core.environment:checking '/home/pi/omnicar_ws/install/mecanum_drive_controller/lib'
[8.532s] Level 1:colcon.colcon_core.shell:create_environment_hook('mecanum_drive_controller', 'ld_library_path_lib')
[8.533s] INFO:colcon.colcon_core.shell:Creating environment hook '/home/pi/omnicar_ws/install/mecanum_drive_controller/share/mecanum_drive_controller/hook/ld_library_path_lib.ps1'
[8.535s] INFO:colcon.colcon_core.shell:Creating environment descriptor '/home/pi/omnicar_ws/install/mecanum_drive_controller/share/mecanum_drive_controller/hook/ld_library_path_lib.dsv'
[8.537s] INFO:colcon.colcon_core.shell:Creating environment hook '/home/pi/omnicar_ws/install/mecanum_drive_controller/share/mecanum_drive_controller/hook/ld_library_path_lib.sh'
[8.539s] Level 1:colcon.colcon_core.environment:checking '/home/pi/omnicar_ws/install/mecanum_drive_controller/bin'
[8.539s] Level 1:colcon.colcon_core.environment:checking '/home/pi/omnicar_ws/install/mecanum_drive_controller/lib/pkgconfig/mecanum_drive_controller.pc'
[8.540s] Level 1:colcon.colcon_core.environment:checking '/home/pi/omnicar_ws/install/mecanum_drive_controller/lib/python3.10/site-packages'
[8.541s] Level 1:colcon.colcon_core.environment:checking '/home/pi/omnicar_ws/install/mecanum_drive_controller/bin'
[8.542s] INFO:colcon.colcon_core.shell:Creating package script '/home/pi/omnicar_ws/install/mecanum_drive_controller/share/mecanum_drive_controller/package.ps1'
[8.545s] INFO:colcon.colcon_core.shell:Creating package descriptor '/home/pi/omnicar_ws/install/mecanum_drive_controller/share/mecanum_drive_controller/package.dsv'
[8.547s] INFO:colcon.colcon_core.shell:Creating package script '/home/pi/omnicar_ws/install/mecanum_drive_controller/share/mecanum_drive_controller/package.sh'
[8.549s] INFO:colcon.colcon_core.shell:Creating package script '/home/pi/omnicar_ws/install/mecanum_drive_controller/share/mecanum_drive_controller/package.bash'
[8.551s] INFO:colcon.colcon_core.shell:Creating package script '/home/pi/omnicar_ws/install/mecanum_drive_controller/share/mecanum_drive_controller/package.zsh'
[8.553s] Level 1:colcon.colcon_core.environment:create_file_with_runtime_dependencies(/home/pi/omnicar_ws/install/mecanum_drive_controller/share/colcon-core/packages/mecanum_drive_controller)
[8.556s] Level 1:colcon.colcon_core.environment:create_environment_scripts_only(mecanum_drive_controller)
[8.557s] Level 1:colcon.colcon_core.environment:checking '/home/pi/omnicar_ws/install/mecanum_drive_controller' for CMake module files
[8.560s] Level 1:colcon.colcon_core.environment:checking '/home/pi/omnicar_ws/install/mecanum_drive_controller' for CMake config files
[8.564s] Level 1:colcon.colcon_core.shell:create_environment_hook('mecanum_drive_controller', 'cmake_prefix_path')
[8.565s] INFO:colcon.colcon_core.shell:Creating environment hook '/home/pi/omnicar_ws/install/mecanum_drive_controller/share/mecanum_drive_controller/hook/cmake_prefix_path.ps1'
[8.568s] INFO:colcon.colcon_core.shell:Creating environment descriptor '/home/pi/omnicar_ws/install/mecanum_drive_controller/share/mecanum_drive_controller/hook/cmake_prefix_path.dsv'
[8.569s] INFO:colcon.colcon_core.shell:Creating environment hook '/home/pi/omnicar_ws/install/mecanum_drive_controller/share/mecanum_drive_controller/hook/cmake_prefix_path.sh'
[8.572s] Level 1:colcon.colcon_core.environment:checking '/home/pi/omnicar_ws/install/mecanum_drive_controller/lib'
[8.573s] Level 1:colcon.colcon_core.shell:create_environment_hook('mecanum_drive_controller', 'ld_library_path_lib')
[8.574s] INFO:colcon.colcon_core.shell:Creating environment hook '/home/pi/omnicar_ws/install/mecanum_drive_controller/share/mecanum_drive_controller/hook/ld_library_path_lib.ps1'
[8.576s] INFO:colcon.colcon_core.shell:Creating environment descriptor '/home/pi/omnicar_ws/install/mecanum_drive_controller/share/mecanum_drive_controller/hook/ld_library_path_lib.dsv'
[8.578s] INFO:colcon.colcon_core.shell:Creating environment hook '/home/pi/omnicar_ws/install/mecanum_drive_controller/share/mecanum_drive_controller/hook/ld_library_path_lib.sh'
[8.580s] Level 1:colcon.colcon_core.environment:checking '/home/pi/omnicar_ws/install/mecanum_drive_controller/bin'
[8.580s] Level 1:colcon.colcon_core.environment:checking '/home/pi/omnicar_ws/install/mecanum_drive_controller/lib/pkgconfig/mecanum_drive_controller.pc'
[8.581s] Level 1:colcon.colcon_core.environment:checking '/home/pi/omnicar_ws/install/mecanum_drive_controller/lib/python3.10/site-packages'
[8.582s] Level 1:colcon.colcon_core.environment:checking '/home/pi/omnicar_ws/install/mecanum_drive_controller/bin'
[8.583s] INFO:colcon.colcon_core.shell:Creating package script '/home/pi/omnicar_ws/install/mecanum_drive_controller/share/mecanum_drive_controller/package.ps1'
[8.586s] INFO:colcon.colcon_core.shell:Creating package descriptor '/home/pi/omnicar_ws/install/mecanum_drive_controller/share/mecanum_drive_controller/package.dsv'
[8.588s] INFO:colcon.colcon_core.shell:Creating package script '/home/pi/omnicar_ws/install/mecanum_drive_controller/share/mecanum_drive_controller/package.sh'
[8.591s] INFO:colcon.colcon_core.shell:Creating package script '/home/pi/omnicar_ws/install/mecanum_drive_controller/share/mecanum_drive_controller/package.bash'
[8.593s] INFO:colcon.colcon_core.shell:Creating package script '/home/pi/omnicar_ws/install/mecanum_drive_controller/share/mecanum_drive_controller/package.zsh'
[8.595s] Level 1:colcon.colcon_core.environment:create_file_with_runtime_dependencies(/home/pi/omnicar_ws/install/mecanum_drive_controller/share/colcon-core/packages/mecanum_drive_controller)
[8.597s] DEBUG:colcon.colcon_parallel_executor.executor.parallel:closing loop
[8.598s] DEBUG:colcon.colcon_parallel_executor.executor.parallel:loop closed
[8.599s] DEBUG:colcon.colcon_parallel_executor.executor.parallel:run_until_complete finished with '0'
[8.599s] DEBUG:colcon.colcon_core.event_reactor:joining thread
[8.619s] INFO:colcon.colcon_core.plugin_system:Skipping extension 'colcon_notification.desktop_notification.terminal_notifier': Not used on non-Darwin systems
[8.619s] INFO:colcon.colcon_core.plugin_system:Skipping extension 'colcon_notification.desktop_notification.win32': Not used on non-Windows systems
[8.620s] INFO:colcon.colcon_notification.desktop_notification:Sending desktop notification using 'notify2'
[8.660s] DEBUG:colcon.colcon_core.event_reactor:joined thread
[8.661s] INFO:colcon.colcon_core.shell:Creating prefix script '/home/pi/omnicar_ws/install/local_setup.ps1'
[8.665s] INFO:colcon.colcon_core.shell:Creating prefix util module '/home/pi/omnicar_ws/install/_local_setup_util_ps1.py'
[8.671s] INFO:colcon.colcon_core.shell:Creating prefix chain script '/home/pi/omnicar_ws/install/setup.ps1'
[8.675s] INFO:colcon.colcon_core.shell:Creating prefix script '/home/pi/omnicar_ws/install/local_setup.sh'
[8.678s] INFO:colcon.colcon_core.shell:Creating prefix util module '/home/pi/omnicar_ws/install/_local_setup_util_sh.py'
[8.681s] INFO:colcon.colcon_core.shell:Creating prefix chain script '/home/pi/omnicar_ws/install/setup.sh'
[8.685s] INFO:colcon.colcon_core.shell:Creating prefix script '/home/pi/omnicar_ws/install/local_setup.bash'
[8.687s] INFO:colcon.colcon_core.shell:Creating prefix chain script '/home/pi/omnicar_ws/install/setup.bash'
[8.691s] INFO:colcon.colcon_core.shell:Creating prefix script '/home/pi/omnicar_ws/install/local_setup.zsh'
[8.694s] INFO:colcon.colcon_core.shell:Creating prefix chain script '/home/pi/omnicar_ws/install/setup.zsh'
