-- Install configuration: ""
-- Up-to-date: /home/pi/omnicar_ws/install/omnicar/share/omnicar/config
-- Up-to-date: /home/pi/omnicar_ws/install/omnicar/share/omnicar/config/my_controllers.yaml
-- Up-to-date: /home/pi/omnicar_ws/install/omnicar/share/omnicar/config/joystick.yaml
-- Up-to-date: /home/pi/omnicar_ws/install/omnicar/share/omnicar/config/sim.yaml
-- Up-to-date: /home/pi/omnicar_ws/install/omnicar/share/omnicar/config/empty.yaml
-- Up-to-date: /home/pi/omnicar_ws/install/omnicar/share/omnicar/description
-- Installing: /home/pi/omnicar_ws/install/omnicar/share/omnicar/description/ros2_control.xacro
-- Up-to-date: /home/pi/omnicar_ws/install/omnicar/share/omnicar/description/urdf
-- Up-to-date: /home/pi/omnicar_ws/install/omnicar/share/omnicar/description/urdf/mecanum_wheel.urdf.xacro
-- Up-to-date: /home/pi/omnicar_ws/install/omnicar/share/omnicar/description/urdf/rollers.xacro
-- Up-to-date: /home/pi/omnicar_ws/install/omnicar/share/omnicar/description/urdf/wheel.xacro
-- Up-to-date: /home/pi/omnicar_ws/install/omnicar/share/omnicar/description/urdf/mecanum_wheel_macro.xacro
-- Up-to-date: /home/pi/omnicar_ws/install/omnicar/share/omnicar/description/camera.xacro
-- Up-to-date: /home/pi/omnicar_ws/install/omnicar/share/omnicar/description/robot.urdf.xacro
-- Up-to-date: /home/pi/omnicar_ws/install/omnicar/share/omnicar/description/robot_core.xacro
-- Up-to-date: /home/pi/omnicar_ws/install/omnicar/share/omnicar/description/mesh
-- Up-to-date: /home/pi/omnicar_ws/install/omnicar/share/omnicar/description/mesh/collision
-- Up-to-date: /home/pi/omnicar_ws/install/omnicar/share/omnicar/description/mesh/collision/wheel.stl
-- Up-to-date: /home/pi/omnicar_ws/install/omnicar/share/omnicar/description/mesh/collision/roller.stl
-- Up-to-date: /home/pi/omnicar_ws/install/omnicar/share/omnicar/description/mesh/visual
-- Up-to-date: /home/pi/omnicar_ws/install/omnicar/share/omnicar/description/mesh/visual/wheel.dae
-- Up-to-date: /home/pi/omnicar_ws/install/omnicar/share/omnicar/description/mesh/visual/roller.dae
-- Up-to-date: /home/pi/omnicar_ws/install/omnicar/share/omnicar/launch
-- Up-to-date: /home/pi/omnicar_ws/install/omnicar/share/omnicar/launch/__pycache__
-- Up-to-date: /home/pi/omnicar_ws/install/omnicar/share/omnicar/launch/__pycache__/launch_sim.cpython-310.pyc
-- Up-to-date: /home/pi/omnicar_ws/install/omnicar/share/omnicar/launch/__pycache__/launch.cpython-310.pyc
-- Up-to-date: /home/pi/omnicar_ws/install/omnicar/share/omnicar/launch/launch_bot.launch.py
-- Up-to-date: /home/pi/omnicar_ws/install/omnicar/share/omnicar/launch/joystick.launch.py
-- Up-to-date: /home/pi/omnicar_ws/install/omnicar/share/omnicar/launch/launch_sim.launch.py
-- Up-to-date: /home/pi/omnicar_ws/install/omnicar/share/omnicar/launch/rsp.launch.py
-- Up-to-date: /home/pi/omnicar_ws/install/omnicar/share/omnicar/launch/joint_pub.launch.py
-- Up-to-date: /home/pi/omnicar_ws/install/omnicar/share/omnicar/worlds
-- Up-to-date: /home/pi/omnicar_ws/install/omnicar/share/omnicar/worlds/empty.world
-- Up-to-date: /home/pi/omnicar_ws/install/omnicar/share/ament_index/resource_index/package_run_dependencies/omnicar
-- Up-to-date: /home/pi/omnicar_ws/install/omnicar/share/ament_index/resource_index/parent_prefix_path/omnicar
-- Up-to-date: /home/pi/omnicar_ws/install/omnicar/share/omnicar/environment/ament_prefix_path.sh
-- Up-to-date: /home/pi/omnicar_ws/install/omnicar/share/omnicar/environment/ament_prefix_path.dsv
-- Up-to-date: /home/pi/omnicar_ws/install/omnicar/share/omnicar/environment/path.sh
-- Up-to-date: /home/pi/omnicar_ws/install/omnicar/share/omnicar/environment/path.dsv
-- Up-to-date: /home/pi/omnicar_ws/install/omnicar/share/omnicar/local_setup.bash
-- Up-to-date: /home/pi/omnicar_ws/install/omnicar/share/omnicar/local_setup.sh
-- Up-to-date: /home/pi/omnicar_ws/install/omnicar/share/omnicar/local_setup.zsh
-- Up-to-date: /home/pi/omnicar_ws/install/omnicar/share/omnicar/local_setup.dsv
-- Installing: /home/pi/omnicar_ws/install/omnicar/share/omnicar/package.dsv
-- Up-to-date: /home/pi/omnicar_ws/install/omnicar/share/ament_index/resource_index/packages/omnicar
-- Up-to-date: /home/pi/omnicar_ws/install/omnicar/share/omnicar/cmake/omnicarConfig.cmake
-- Up-to-date: /home/pi/omnicar_ws/install/omnicar/share/omnicar/cmake/omnicarConfig-version.cmake
-- Up-to-date: /home/pi/omnicar_ws/install/omnicar/share/omnicar/package.xml
