[0.113s] Invoking command in '/home/pi/omnicar_ws/build/diffdrive_arduino': CMAKE_PREFIX_PATH=${CMAKE_PREFIX_PATH}:/opt/ros/humble /usr/bin/cmake --build /home/pi/omnicar_ws/build/diffdrive_arduino -- -j4 -l4
[0.500s] [35m[1mConsolidate compiler generated dependencies of target diffdrive_arduino[0m
[0.651s] [ 50%] [32mBuilding CXX object CMakeFiles/diffdrive_arduino.dir/hardware/diffbot_system.cpp.o[0m
[6.248s] In file included from [01m[K/home/pi/omnicar_ws/src/diffdrive_arduino/hardware/include/diffdrive_arduino/diffbot_system.hpp:34[m[K,
[6.249s]                  from [01m[K/home/pi/omnicar_ws/src/diffdrive_arduino/hardware/diffbot_system.cpp:15[m[K:
[6.249s] [01m[K/home/pi/omnicar_ws/src/diffdrive_arduino/hardware/include/diffdrive_arduino/arduino_comms.hpp:[m[K In member function ‘[01m[Kstd::string ArduinoComms::send_msg(const string&, bool)[m[K’:
[6.250s] [01m[K/home/pi/omnicar_ws/src/diffdrive_arduino/hardware/include/diffdrive_arduino/arduino_comms.hpp:57:61:[m[K [01;35m[Kwarning: [m[Kunused parameter ‘[01m[Kprint_output[m[K’ [[01;35m[K]8;;https://gcc.gnu.org/onlinedocs/gcc/Warning-Options.html#index-Wunused-parameter-Wunused-parameter]8;;[m[K]
[6.250s]    57 |   std::string send_msg(const std::string &msg_to_send, [01;35m[Kbool print_output = false[m[K)
[6.253s]       |                                                        [01;35m[K~~~~~^~~~~~~~~~~~~~~~~~~~[m[K
[21.701s] [100%] [32m[1mLinking CXX shared library libdiffdrive_arduino.so[0m
[23.916s] [100%] Built target diffdrive_arduino
[24.220s] Invoked command in '/home/pi/omnicar_ws/build/diffdrive_arduino' returned '0': CMAKE_PREFIX_PATH=${CMAKE_PREFIX_PATH}:/opt/ros/humble /usr/bin/cmake --build /home/pi/omnicar_ws/build/diffdrive_arduino -- -j4 -l4
[24.654s] Invoking command in '/home/pi/omnicar_ws/build/diffdrive_arduino': CMAKE_PREFIX_PATH=${CMAKE_PREFIX_PATH}:/opt/ros/humble /usr/bin/cmake --install /home/pi/omnicar_ws/build/diffdrive_arduino
[24.828s] -- Install configuration: ""
[24.829s] -- Execute custom install script
[24.830s] -- Up-to-date symlink: /home/pi/omnicar_ws/install/diffdrive_arduino/share/diffdrive_arduino//diffdrive_arduino.xml
[24.830s] -- Up-to-date symlink: /home/pi/omnicar_ws/install/diffdrive_arduino/include/diffdrive_arduino/diffdrive_arduino/arduino_comms.hpp
[24.831s] -- Up-to-date symlink: /home/pi/omnicar_ws/install/diffdrive_arduino/include/diffdrive_arduino/diffdrive_arduino/diffbot_system.hpp
[24.831s] -- Up-to-date symlink: /home/pi/omnicar_ws/install/diffdrive_arduino/include/diffdrive_arduino/diffdrive_arduino/visibility_control.h
[24.831s] -- Up-to-date symlink: /home/pi/omnicar_ws/install/diffdrive_arduino/include/diffdrive_arduino/diffdrive_arduino/wheel.hpp
[24.832s] -- Up-to-date symlink: /home/pi/omnicar_ws/install/diffdrive_arduino/share/diffdrive_arduino/launch/view_robot.launch.py
[24.832s] -- Up-to-date symlink: /home/pi/omnicar_ws/install/diffdrive_arduino/share/diffdrive_arduino/ros2_control/diffbot.ros2_control.xacro
[24.836s] -- Up-to-date symlink: /home/pi/omnicar_ws/install/diffdrive_arduino/share/diffdrive_arduino/urdf/diffbot.materials.xacro
[24.842s] -- Up-to-date symlink: /home/pi/omnicar_ws/install/diffdrive_arduino/share/diffdrive_arduino/urdf/diffbot.urdf.xacro
[24.849s] -- Up-to-date symlink: /home/pi/omnicar_ws/install/diffdrive_arduino/share/diffdrive_arduino/urdf/diffbot_description.urdf.xacro
[24.855s] -- Up-to-date symlink: /home/pi/omnicar_ws/install/diffdrive_arduino/share/diffdrive_arduino/rviz/diffbot.rviz
[24.859s] -- Up-to-date symlink: /home/pi/omnicar_ws/install/diffdrive_arduino/share/diffdrive_arduino/rviz/diffbot_view.rviz
[24.865s] -- Up-to-date symlink: /home/pi/omnicar_ws/install/diffdrive_arduino/share/diffdrive_arduino/launch/diffbot.launch.py
[24.871s] -- Up-to-date symlink: /home/pi/omnicar_ws/install/diffdrive_arduino/share/diffdrive_arduino/config/diffbot_controllers.yaml
[24.897s] -- Up-to-date symlink: /home/pi/omnicar_ws/install/diffdrive_arduino/share/diffdrive_arduino/environment/library_path.sh
[24.903s] -- Up-to-date symlink: /home/pi/omnicar_ws/install/diffdrive_arduino/share/diffdrive_arduino/environment/library_path.dsv
[24.914s] -- Up-to-date symlink: /home/pi/omnicar_ws/install/diffdrive_arduino/share/ament_index/resource_index/package_run_dependencies/diffdrive_arduino
[24.924s] -- Up-to-date symlink: /home/pi/omnicar_ws/install/diffdrive_arduino/share/ament_index/resource_index/parent_prefix_path/diffdrive_arduino
[24.949s] -- Up-to-date symlink: /home/pi/omnicar_ws/install/diffdrive_arduino/share/diffdrive_arduino/environment/ament_prefix_path.sh
[24.951s] -- Up-to-date symlink: /home/pi/omnicar_ws/install/diffdrive_arduino/share/diffdrive_arduino/environment/ament_prefix_path.dsv
[24.953s] -- Up-to-date symlink: /home/pi/omnicar_ws/install/diffdrive_arduino/share/diffdrive_arduino/environment/path.sh
[24.957s] -- Up-to-date symlink: /home/pi/omnicar_ws/install/diffdrive_arduino/share/diffdrive_arduino/environment/path.dsv
[24.960s] -- Up-to-date symlink: /home/pi/omnicar_ws/install/diffdrive_arduino/share/diffdrive_arduino/local_setup.bash
[24.963s] -- Up-to-date symlink: /home/pi/omnicar_ws/install/diffdrive_arduino/share/diffdrive_arduino/local_setup.sh
[24.967s] -- Up-to-date symlink: /home/pi/omnicar_ws/install/diffdrive_arduino/share/diffdrive_arduino/local_setup.zsh
[24.970s] -- Up-to-date symlink: /home/pi/omnicar_ws/install/diffdrive_arduino/share/diffdrive_arduino/local_setup.dsv
[24.971s] -- Symlinking: /home/pi/omnicar_ws/install/diffdrive_arduino/share/diffdrive_arduino/package.dsv
[25.013s] -- Up-to-date symlink: /home/pi/omnicar_ws/install/diffdrive_arduino/share/ament_index/resource_index/packages/diffdrive_arduino
[25.019s] -- Up-to-date symlink: /home/pi/omnicar_ws/install/diffdrive_arduino/share/ament_index/resource_index/hardware_interface__pluginlib__plugin/diffdrive_arduino
[25.025s] -- Up-to-date symlink: /home/pi/omnicar_ws/install/diffdrive_arduino/share/diffdrive_arduino/cmake/ament_cmake_export_targets-extras.cmake
[25.029s] -- Up-to-date symlink: /home/pi/omnicar_ws/install/diffdrive_arduino/share/diffdrive_arduino/cmake/ament_cmake_export_dependencies-extras.cmake
[25.030s] -- Up-to-date symlink: /home/pi/omnicar_ws/install/diffdrive_arduino/share/diffdrive_arduino/cmake/diffdrive_arduinoConfig.cmake
[25.032s] -- Up-to-date symlink: /home/pi/omnicar_ws/install/diffdrive_arduino/share/diffdrive_arduino/cmake/diffdrive_arduinoConfig-version.cmake
[25.033s] -- Up-to-date symlink: /home/pi/omnicar_ws/install/diffdrive_arduino/share/diffdrive_arduino/package.xml
[25.045s] -- Installing: /home/pi/omnicar_ws/install/diffdrive_arduino/lib/libdiffdrive_arduino.so
[25.055s] -- Set runtime path of "/home/pi/omnicar_ws/install/diffdrive_arduino/lib/libdiffdrive_arduino.so" to ""
[25.063s] -- Up-to-date: /home/pi/omnicar_ws/install/diffdrive_arduino/share/diffdrive_arduino/cmake/export_diffdrive_arduinoExport.cmake
[25.063s] -- Up-to-date: /home/pi/omnicar_ws/install/diffdrive_arduino/share/diffdrive_arduino/cmake/export_diffdrive_arduinoExport-noconfig.cmake
[25.088s] Invoked command in '/home/pi/omnicar_ws/build/diffdrive_arduino' returned '0': CMAKE_PREFIX_PATH=${CMAKE_PREFIX_PATH}:/opt/ros/humble /usr/bin/cmake --install /home/pi/omnicar_ws/build/diffdrive_arduino
