[0.091s] Invoking command in '/home/pi/omnicar_ws/build/omnicar': CMAKE_PREFIX_PATH=${CMAKE_PREFIX_PATH}:/opt/ros/humble /usr/bin/cmake --build /home/pi/omnicar_ws/build/omnicar -- -j4 -l4
[0.320s] Invoked command in '/home/pi/omnicar_ws/build/omnicar' returned '0': CMAKE_PREFIX_PATH=${CMAKE_PREFIX_PATH}:/opt/ros/humble /usr/bin/cmake --build /home/pi/omnicar_ws/build/omnicar -- -j4 -l4
[0.406s] Invoking command in '/home/pi/omnicar_ws/build/omnicar': CMAKE_PREFIX_PATH=${CMAKE_PREFIX_PATH}:/opt/ros/humble /usr/bin/cmake --install /home/pi/omnicar_ws/build/omnicar
[0.457s] -- Install configuration: ""
[0.458s] -- Up-to-date: /home/pi/omnicar_ws/install/omnicar/share/omnicar/config
[0.458s] -- Up-to-date: /home/pi/omnicar_ws/install/omnicar/share/omnicar/config/my_controllers.yaml
[0.468s] -- Up-to-date: /home/pi/omnicar_ws/install/omnicar/share/omnicar/config/joystick.yaml
[0.470s] -- Up-to-date: /home/pi/omnicar_ws/install/omnicar/share/omnicar/config/sim.yaml
[0.475s] -- Up-to-date: /home/pi/omnicar_ws/install/omnicar/share/omnicar/config/empty.yaml
[0.476s] -- Up-to-date: /home/pi/omnicar_ws/install/omnicar/share/omnicar/description
[0.477s] -- Up-to-date: /home/pi/omnicar_ws/install/omnicar/share/omnicar/description/ros2_control.xacro
[0.478s] -- Up-to-date: /home/pi/omnicar_ws/install/omnicar/share/omnicar/description/urdf
[0.479s] -- Up-to-date: /home/pi/omnicar_ws/install/omnicar/share/omnicar/description/urdf/mecanum_wheel.urdf.xacro
[0.480s] -- Up-to-date: /home/pi/omnicar_ws/install/omnicar/share/omnicar/description/urdf/rollers.xacro
[0.480s] -- Up-to-date: /home/pi/omnicar_ws/install/omnicar/share/omnicar/description/urdf/wheel.xacro
[0.481s] -- Up-to-date: /home/pi/omnicar_ws/install/omnicar/share/omnicar/description/urdf/mecanum_wheel_macro.xacro
[0.481s] -- Up-to-date: /home/pi/omnicar_ws/install/omnicar/share/omnicar/description/camera.xacro
[0.482s] -- Up-to-date: /home/pi/omnicar_ws/install/omnicar/share/omnicar/description/robot.urdf.xacro
[0.482s] -- Up-to-date: /home/pi/omnicar_ws/install/omnicar/share/omnicar/description/robot_core.xacro
[0.482s] -- Up-to-date: /home/pi/omnicar_ws/install/omnicar/share/omnicar/description/mesh
[0.490s] -- Up-to-date: /home/pi/omnicar_ws/install/omnicar/share/omnicar/description/mesh/collision
[0.491s] -- Up-to-date: /home/pi/omnicar_ws/install/omnicar/share/omnicar/description/mesh/collision/wheel.stl
[0.491s] -- Up-to-date: /home/pi/omnicar_ws/install/omnicar/share/omnicar/description/mesh/collision/roller.stl
[0.492s] -- Up-to-date: /home/pi/omnicar_ws/install/omnicar/share/omnicar/description/mesh/visual
[0.492s] -- Up-to-date: /home/pi/omnicar_ws/install/omnicar/share/omnicar/description/mesh/visual/wheel.dae
[0.493s] -- Up-to-date: /home/pi/omnicar_ws/install/omnicar/share/omnicar/description/mesh/visual/roller.dae
[0.493s] -- Up-to-date: /home/pi/omnicar_ws/install/omnicar/share/omnicar/launch
[0.494s] -- Up-to-date: /home/pi/omnicar_ws/install/omnicar/share/omnicar/launch/__pycache__
[0.494s] -- Up-to-date: /home/pi/omnicar_ws/install/omnicar/share/omnicar/launch/__pycache__/launch_sim.cpython-310.pyc
[0.496s] -- Up-to-date: /home/pi/omnicar_ws/install/omnicar/share/omnicar/launch/__pycache__/launch.cpython-310.pyc
[0.497s] -- Installing: /home/pi/omnicar_ws/install/omnicar/share/omnicar/launch/launch_bot.launch.py
[0.497s] -- Up-to-date: /home/pi/omnicar_ws/install/omnicar/share/omnicar/launch/joystick.launch.py
[0.498s] -- Up-to-date: /home/pi/omnicar_ws/install/omnicar/share/omnicar/launch/launch_sim.launch.py
[0.498s] -- Up-to-date: /home/pi/omnicar_ws/install/omnicar/share/omnicar/launch/rsp.launch.py
[0.498s] -- Up-to-date: /home/pi/omnicar_ws/install/omnicar/share/omnicar/launch/joint_pub.launch.py
[0.499s] -- Up-to-date: /home/pi/omnicar_ws/install/omnicar/share/omnicar/worlds
[0.500s] -- Up-to-date: /home/pi/omnicar_ws/install/omnicar/share/omnicar/worlds/empty.world
[0.500s] -- Up-to-date: /home/pi/omnicar_ws/install/omnicar/share/ament_index/resource_index/package_run_dependencies/omnicar
[0.501s] -- Up-to-date: /home/pi/omnicar_ws/install/omnicar/share/ament_index/resource_index/parent_prefix_path/omnicar
[0.501s] -- Up-to-date: /home/pi/omnicar_ws/install/omnicar/share/omnicar/environment/ament_prefix_path.sh
[0.501s] -- Up-to-date: /home/pi/omnicar_ws/install/omnicar/share/omnicar/environment/ament_prefix_path.dsv
[0.502s] -- Up-to-date: /home/pi/omnicar_ws/install/omnicar/share/omnicar/environment/path.sh
[0.502s] -- Up-to-date: /home/pi/omnicar_ws/install/omnicar/share/omnicar/environment/path.dsv
[0.503s] -- Up-to-date: /home/pi/omnicar_ws/install/omnicar/share/omnicar/local_setup.bash
[0.503s] -- Up-to-date: /home/pi/omnicar_ws/install/omnicar/share/omnicar/local_setup.sh
[0.504s] -- Up-to-date: /home/pi/omnicar_ws/install/omnicar/share/omnicar/local_setup.zsh
[0.504s] -- Up-to-date: /home/pi/omnicar_ws/install/omnicar/share/omnicar/local_setup.dsv
[0.504s] -- Installing: /home/pi/omnicar_ws/install/omnicar/share/omnicar/package.dsv
[0.505s] -- Up-to-date: /home/pi/omnicar_ws/install/omnicar/share/ament_index/resource_index/packages/omnicar
[0.505s] -- Up-to-date: /home/pi/omnicar_ws/install/omnicar/share/omnicar/cmake/omnicarConfig.cmake
[0.507s] -- Up-to-date: /home/pi/omnicar_ws/install/omnicar/share/omnicar/cmake/omnicarConfig-version.cmake
[0.507s] -- Up-to-date: /home/pi/omnicar_ws/install/omnicar/share/omnicar/package.xml
[0.508s] Invoked command in '/home/pi/omnicar_ws/build/omnicar' returned '0': CMAKE_PREFIX_PATH=${CMAKE_PREFIX_PATH}:/opt/ros/humble /usr/bin/cmake --install /home/pi/omnicar_ws/build/omnicar
