[0.097s] Invoking command in '/home/pi/omnicar_ws/build/diffdrive_arduino': CMAKE_PREFIX_PATH=${CMAKE_PREFIX_PATH}:/opt/ros/humble /usr/bin/cmake /home/pi/omnicar_ws/src/diffdrive_arduino -DAMENT_CMAKE_SYMLINK_INSTALL=1 -DCMAKE_INSTALL_PREFIX=/home/pi/omnicar_ws/install/diffdrive_arduino
[0.171s] -- Found ament_cmake: 1.3.11 (/opt/ros/humble/share/ament_cmake/cmake)
[1.016s] -- Override CMake install command with custom implementation using symlinks instead of copying resources
[1.111s] -- Found hardware_interface: 2.49.0 (/opt/ros/humble/share/hardware_interface/cmake)
[1.361s] -- Found rosidl_generator_c: 3.1.6 (/opt/ros/humble/share/rosidl_generator_c/cmake)
[1.380s] -- Found rosidl_adapter: 3.1.6 (/opt/ros/humble/share/rosidl_adapter/cmake)
[1.437s] -- Found rosidl_generator_cpp: 3.1.6 (/opt/ros/humble/share/rosidl_generator_cpp/cmake)
[1.508s] -- Using all available rosidl_typesupport_c: rosidl_typesupport_fastrtps_c;rosidl_typesupport_introspection_c
[1.589s] -- Using all available rosidl_typesupport_cpp: rosidl_typesupport_fastrtps_cpp;rosidl_typesupport_introspection_cpp
[2.842s] -- Found rmw_implementation_cmake: 6.1.2 (/opt/ros/humble/share/rmw_implementation_cmake/cmake)
[2.854s] -- Found rmw_fastrtps_cpp: 6.2.7 (/opt/ros/humble/share/rmw_fastrtps_cpp/cmake)
[2.994s] -- Found TinyXML2 via Config file: TinyXML2_DIR-NOTFOUND
[3.051s] -- Found TinyXML2 via Config file: TinyXML2_DIR-NOTFOUND
[3.148s] -- Found TinyXML2 via Config file: TinyXML2_DIR-NOTFOUND
[3.187s] -- Found TinyXML2 via Config file: TinyXML2_DIR-NOTFOUND
[3.226s] -- Using RMW implementation 'rmw_fastrtps_cpp' as default
[3.542s] -- Found ament_cmake_gtest: 1.3.11 (/opt/ros/humble/share/ament_cmake_gtest/cmake)
[3.928s] -- Configuring done
[4.106s] -- Generating done
[4.132s] -- Build files have been written to: /home/pi/omnicar_ws/build/diffdrive_arduino
[4.171s] Invoked command in '/home/pi/omnicar_ws/build/diffdrive_arduino' returned '0': CMAKE_PREFIX_PATH=${CMAKE_PREFIX_PATH}:/opt/ros/humble /usr/bin/cmake /home/pi/omnicar_ws/src/diffdrive_arduino -DAMENT_CMAKE_SYMLINK_INSTALL=1 -DCMAKE_INSTALL_PREFIX=/home/pi/omnicar_ws/install/diffdrive_arduino
[4.179s] Invoking command in '/home/pi/omnicar_ws/build/diffdrive_arduino': CMAKE_PREFIX_PATH=${CMAKE_PREFIX_PATH}:/opt/ros/humble /usr/bin/cmake --build /home/pi/omnicar_ws/build/diffdrive_arduino -- -j4 -l4
[4.366s] [35m[1mConsolidate compiler generated dependencies of target diffdrive_arduino[0m
[4.478s] [100%] Built target diffdrive_arduino
[4.523s] Invoked command in '/home/pi/omnicar_ws/build/diffdrive_arduino' returned '0': CMAKE_PREFIX_PATH=${CMAKE_PREFIX_PATH}:/opt/ros/humble /usr/bin/cmake --build /home/pi/omnicar_ws/build/diffdrive_arduino -- -j4 -l4
[4.532s] Invoking command in '/home/pi/omnicar_ws/build/diffdrive_arduino': CMAKE_PREFIX_PATH=${CMAKE_PREFIX_PATH}:/opt/ros/humble /usr/bin/cmake --install /home/pi/omnicar_ws/build/diffdrive_arduino
[4.563s] -- Install configuration: ""
[4.565s] -- Execute custom install script
[4.566s] -- Symlinking: /home/pi/omnicar_ws/install/diffdrive_arduino/share/diffdrive_arduino//diffdrive_arduino.xml
[4.604s] -- Symlinking: /home/pi/omnicar_ws/install/diffdrive_arduino/include/diffdrive_arduino/diffdrive_arduino/arduino_comms.hpp
[4.641s] -- Symlinking: /home/pi/omnicar_ws/install/diffdrive_arduino/include/diffdrive_arduino/diffdrive_arduino/diffbot_system.hpp
[4.678s] -- Symlinking: /home/pi/omnicar_ws/install/diffdrive_arduino/include/diffdrive_arduino/diffdrive_arduino/visibility_control.h
[4.716s] -- Symlinking: /home/pi/omnicar_ws/install/diffdrive_arduino/include/diffdrive_arduino/diffdrive_arduino/wheel.hpp
[4.756s] -- Symlinking: /home/pi/omnicar_ws/install/diffdrive_arduino/share/diffdrive_arduino/launch/view_robot.launch.py
[4.795s] -- Symlinking: /home/pi/omnicar_ws/install/diffdrive_arduino/share/diffdrive_arduino/ros2_control/diffbot.ros2_control.xacro
[4.830s] -- Symlinking: /home/pi/omnicar_ws/install/diffdrive_arduino/share/diffdrive_arduino/urdf/diffbot.materials.xacro
[4.869s] -- Symlinking: /home/pi/omnicar_ws/install/diffdrive_arduino/share/diffdrive_arduino/urdf/diffbot.urdf.xacro
[4.920s] -- Symlinking: /home/pi/omnicar_ws/install/diffdrive_arduino/share/diffdrive_arduino/urdf/diffbot_description.urdf.xacro
[4.960s] -- Symlinking: /home/pi/omnicar_ws/install/diffdrive_arduino/share/diffdrive_arduino/rviz/diffbot.rviz
[4.994s] -- Symlinking: /home/pi/omnicar_ws/install/diffdrive_arduino/share/diffdrive_arduino/rviz/diffbot_view.rviz
[5.030s] -- Symlinking: /home/pi/omnicar_ws/install/diffdrive_arduino/share/diffdrive_arduino/launch/diffbot.launch.py
[5.066s] -- Symlinking: /home/pi/omnicar_ws/install/diffdrive_arduino/share/diffdrive_arduino/config/diffbot_controllers.yaml
[5.100s] -- Symlinking: /home/pi/omnicar_ws/install/diffdrive_arduino/share/diffdrive_arduino/environment/library_path.sh
[5.133s] -- Symlinking: /home/pi/omnicar_ws/install/diffdrive_arduino/share/diffdrive_arduino/environment/library_path.dsv
[5.168s] -- Symlinking: /home/pi/omnicar_ws/install/diffdrive_arduino/share/ament_index/resource_index/package_run_dependencies/diffdrive_arduino
[5.204s] -- Symlinking: /home/pi/omnicar_ws/install/diffdrive_arduino/share/ament_index/resource_index/parent_prefix_path/diffdrive_arduino
[5.239s] -- Symlinking: /home/pi/omnicar_ws/install/diffdrive_arduino/share/diffdrive_arduino/environment/ament_prefix_path.sh
[5.272s] -- Symlinking: /home/pi/omnicar_ws/install/diffdrive_arduino/share/diffdrive_arduino/environment/ament_prefix_path.dsv
[5.306s] -- Symlinking: /home/pi/omnicar_ws/install/diffdrive_arduino/share/diffdrive_arduino/environment/path.sh
[5.342s] -- Symlinking: /home/pi/omnicar_ws/install/diffdrive_arduino/share/diffdrive_arduino/environment/path.dsv
[5.377s] -- Symlinking: /home/pi/omnicar_ws/install/diffdrive_arduino/share/diffdrive_arduino/local_setup.bash
[5.413s] -- Symlinking: /home/pi/omnicar_ws/install/diffdrive_arduino/share/diffdrive_arduino/local_setup.sh
[5.448s] -- Symlinking: /home/pi/omnicar_ws/install/diffdrive_arduino/share/diffdrive_arduino/local_setup.zsh
[5.483s] -- Symlinking: /home/pi/omnicar_ws/install/diffdrive_arduino/share/diffdrive_arduino/local_setup.dsv
[5.517s] -- Symlinking: /home/pi/omnicar_ws/install/diffdrive_arduino/share/diffdrive_arduino/package.dsv
[5.551s] -- Symlinking: /home/pi/omnicar_ws/install/diffdrive_arduino/share/ament_index/resource_index/packages/diffdrive_arduino
[5.591s] -- Symlinking: /home/pi/omnicar_ws/install/diffdrive_arduino/share/ament_index/resource_index/hardware_interface__pluginlib__plugin/diffdrive_arduino
[5.628s] -- Symlinking: /home/pi/omnicar_ws/install/diffdrive_arduino/share/diffdrive_arduino/cmake/ament_cmake_export_targets-extras.cmake
[5.666s] -- Symlinking: /home/pi/omnicar_ws/install/diffdrive_arduino/share/diffdrive_arduino/cmake/ament_cmake_export_dependencies-extras.cmake
[5.704s] -- Symlinking: /home/pi/omnicar_ws/install/diffdrive_arduino/share/diffdrive_arduino/cmake/diffdrive_arduinoConfig.cmake
[5.744s] -- Symlinking: /home/pi/omnicar_ws/install/diffdrive_arduino/share/diffdrive_arduino/cmake/diffdrive_arduinoConfig-version.cmake
[5.804s] -- Symlinking: /home/pi/omnicar_ws/install/diffdrive_arduino/share/diffdrive_arduino/package.xml
[5.834s] -- Up-to-date: /home/pi/omnicar_ws/install/diffdrive_arduino/lib/libdiffdrive_arduino.so
[5.836s] -- Up-to-date: /home/pi/omnicar_ws/install/diffdrive_arduino/share/diffdrive_arduino/cmake/export_diffdrive_arduinoExport.cmake
[5.836s] -- Up-to-date: /home/pi/omnicar_ws/install/diffdrive_arduino/share/diffdrive_arduino/cmake/export_diffdrive_arduinoExport-noconfig.cmake
[5.846s] Invoked command in '/home/pi/omnicar_ws/build/diffdrive_arduino' returned '0': CMAKE_PREFIX_PATH=${CMAKE_PREFIX_PATH}:/opt/ros/humble /usr/bin/cmake --install /home/pi/omnicar_ws/build/diffdrive_arduino
