[0.099s] Invoking command in '/home/nwhit210/omnicar_ws/build/arduino_hardware_controller': CMAKE_PREFIX_PATH=${CMAKE_PREFIX_PATH}:/opt/ros/humble /usr/bin/cmake --build /home/nwhit210/omnicar_ws/build/arduino_hardware_controller -- -j8 -l8
[0.644s] [ 50%] [32mBuilding CXX object CMakeFiles/arduino_hardware_controller.dir/hardware/arduino_hardware.cpp.o[0m
[18.109s] [100%] [32m[1mLinking CXX shared library libarduino_hardware_controller.so[0m
[19.707s] [100%] Built target arduino_hardware_controller
[19.759s] Invoked command in '/home/nwhit210/omnicar_ws/build/arduino_hardware_controller' returned '0': CMAKE_PREFIX_PATH=${CMAKE_PREFIX_PATH}:/opt/ros/humble /usr/bin/cmake --build /home/nwhit210/omnicar_ws/build/arduino_hardware_controller -- -j8 -l8
[19.760s] Invoking command in '/home/nwhit210/omnicar_ws/build/arduino_hardware_controller': CMAKE_PREFIX_PATH=${CMAKE_PREFIX_PATH}:/opt/ros/humble /usr/bin/cmake --install /home/nwhit210/omnicar_ws/build/arduino_hardware_controller
[19.788s] -- Install configuration: ""
[19.789s] -- Up-to-date: /home/nwhit210/omnicar_ws/install/arduino_hardware_controller/share/arduino_hardware_controller/arduino_hardware_controller.xml
[19.790s] -- Up-to-date: /home/nwhit210/omnicar_ws/install/arduino_hardware_controller/include/arduino_hardware_controller
[19.791s] -- Up-to-date: /home/nwhit210/omnicar_ws/install/arduino_hardware_controller/include/arduino_hardware_controller/arduino_hardware_controller
[19.791s] -- Up-to-date: /home/nwhit210/omnicar_ws/install/arduino_hardware_controller/include/arduino_hardware_controller/arduino_hardware_controller/arduino_hardware.hpp
[19.792s] -- Up-to-date: /home/nwhit210/omnicar_ws/install/arduino_hardware_controller/include/arduino_hardware_controller/arduino_hardware_controller/arduino_comms.hpp
[19.792s] -- Up-to-date: /home/nwhit210/omnicar_ws/install/arduino_hardware_controller/share/arduino_hardware_controller/launch
[19.793s] -- Up-to-date: /home/nwhit210/omnicar_ws/install/arduino_hardware_controller/share/arduino_hardware_controller/launch/view_robot.launch.py
[19.793s] -- Up-to-date: /home/nwhit210/omnicar_ws/install/arduino_hardware_controller/share/arduino_hardware_controller/ros2_control
[19.794s] -- Up-to-date: /home/nwhit210/omnicar_ws/install/arduino_hardware_controller/share/arduino_hardware_controller/ros2_control/diffbot.ros2_control.xacro
[19.794s] -- Up-to-date: /home/nwhit210/omnicar_ws/install/arduino_hardware_controller/share/arduino_hardware_controller/urdf
[19.794s] -- Up-to-date: /home/nwhit210/omnicar_ws/install/arduino_hardware_controller/share/arduino_hardware_controller/urdf/diffbot.urdf.xacro
[19.795s] -- Up-to-date: /home/nwhit210/omnicar_ws/install/arduino_hardware_controller/share/arduino_hardware_controller/launch
[19.795s] -- Up-to-date: /home/nwhit210/omnicar_ws/install/arduino_hardware_controller/share/arduino_hardware_controller/launch/view_robot.launch.py
[19.795s] -- Up-to-date: /home/nwhit210/omnicar_ws/install/arduino_hardware_controller/share/arduino_hardware_controller/launch/arduino.launch.py
[19.798s] -- Up-to-date: /home/nwhit210/omnicar_ws/install/arduino_hardware_controller/share/arduino_hardware_controller/config
[19.798s] -- Up-to-date: /home/nwhit210/omnicar_ws/install/arduino_hardware_controller/share/arduino_hardware_controller/config/diffbot_controllers.yaml
[19.798s] -- Installing: /home/nwhit210/omnicar_ws/install/arduino_hardware_controller/lib/libarduino_hardware_controller.so
[19.799s] -- Set runtime path of "/home/nwhit210/omnicar_ws/install/arduino_hardware_controller/lib/libarduino_hardware_controller.so" to ""
[19.802s] -- Up-to-date: /home/nwhit210/omnicar_ws/install/arduino_hardware_controller/share/arduino_hardware_controller/environment/library_path.sh
[19.806s] -- Up-to-date: /home/nwhit210/omnicar_ws/install/arduino_hardware_controller/share/arduino_hardware_controller/environment/library_path.dsv
[19.821s] -- Up-to-date: /home/nwhit210/omnicar_ws/install/arduino_hardware_controller/share/ament_index/resource_index/package_run_dependencies/arduino_hardware_controller
[19.822s] -- Up-to-date: /home/nwhit210/omnicar_ws/install/arduino_hardware_controller/share/ament_index/resource_index/parent_prefix_path/arduino_hardware_controller
[19.823s] -- Up-to-date: /home/nwhit210/omnicar_ws/install/arduino_hardware_controller/share/arduino_hardware_controller/environment/ament_prefix_path.sh
[19.823s] -- Up-to-date: /home/nwhit210/omnicar_ws/install/arduino_hardware_controller/share/arduino_hardware_controller/environment/ament_prefix_path.dsv
[19.824s] -- Up-to-date: /home/nwhit210/omnicar_ws/install/arduino_hardware_controller/share/arduino_hardware_controller/environment/path.sh
[19.824s] -- Up-to-date: /home/nwhit210/omnicar_ws/install/arduino_hardware_controller/share/arduino_hardware_controller/environment/path.dsv
[19.824s] -- Up-to-date: /home/nwhit210/omnicar_ws/install/arduino_hardware_controller/share/arduino_hardware_controller/local_setup.bash
[19.824s] -- Up-to-date: /home/nwhit210/omnicar_ws/install/arduino_hardware_controller/share/arduino_hardware_controller/local_setup.sh
[19.825s] -- Up-to-date: /home/nwhit210/omnicar_ws/install/arduino_hardware_controller/share/arduino_hardware_controller/local_setup.zsh
[19.825s] -- Up-to-date: /home/nwhit210/omnicar_ws/install/arduino_hardware_controller/share/arduino_hardware_controller/local_setup.dsv
[19.825s] -- Installing: /home/nwhit210/omnicar_ws/install/arduino_hardware_controller/share/arduino_hardware_controller/package.dsv
[19.826s] -- Up-to-date: /home/nwhit210/omnicar_ws/install/arduino_hardware_controller/share/ament_index/resource_index/packages/arduino_hardware_controller
[19.827s] -- Up-to-date: /home/nwhit210/omnicar_ws/install/arduino_hardware_controller/share/ament_index/resource_index/hardware_interface__pluginlib__plugin/arduino_hardware_controller
[19.828s] -- Up-to-date: /home/nwhit210/omnicar_ws/install/arduino_hardware_controller/share/arduino_hardware_controller/cmake/export_arduino_hardware_controllerExport.cmake
[19.828s] -- Up-to-date: /home/nwhit210/omnicar_ws/install/arduino_hardware_controller/share/arduino_hardware_controller/cmake/export_arduino_hardware_controllerExport-noconfig.cmake
[19.830s] -- Up-to-date: /home/nwhit210/omnicar_ws/install/arduino_hardware_controller/share/arduino_hardware_controller/cmake/ament_cmake_export_targets-extras.cmake
[19.830s] -- Up-to-date: /home/nwhit210/omnicar_ws/install/arduino_hardware_controller/share/arduino_hardware_controller/cmake/ament_cmake_export_dependencies-extras.cmake
[19.831s] -- Up-to-date: /home/nwhit210/omnicar_ws/install/arduino_hardware_controller/share/arduino_hardware_controller/cmake/arduino_hardware_controllerConfig.cmake
[19.832s] -- Up-to-date: /home/nwhit210/omnicar_ws/install/arduino_hardware_controller/share/arduino_hardware_controller/cmake/arduino_hardware_controllerConfig-version.cmake
[19.840s] -- Up-to-date: /home/nwhit210/omnicar_ws/install/arduino_hardware_controller/share/arduino_hardware_controller/package.xml
[19.842s] Invoked command in '/home/nwhit210/omnicar_ws/build/arduino_hardware_controller' returned '0': CMAKE_PREFIX_PATH=${CMAKE_PREFIX_PATH}:/opt/ros/humble /usr/bin/cmake --install /home/nwhit210/omnicar_ws/build/arduino_hardware_controller
