[0.008s] Invoking command in '/home/nwhit210/omnicar/build/diffdrive_arduino': CMAKE_PREFIX_PATH=${CMAKE_PREFIX_PATH}:/opt/ros/jazzy /usr/bin/cmake /home/nwhit210/omnicar/src/diffdrive_arduino -DCMAKE_INSTALL_PREFIX=/home/nwhit210/omnicar/install/diffdrive_arduino
[0.068s] -- The CXX compiler identification is GNU 13.3.0
[0.221s] -- Detecting CXX compiler ABI info
[0.319s] -- Detecting CXX compiler ABI info - done
[0.324s] -- Check for working CXX compiler: /usr/bin/c++ - skipped
[0.324s] -- Detecting CXX compile features
[0.324s] -- Detecting CXX compile features - done
[0.326s] -- Found ament_cmake: 2.5.4 (/opt/ros/jazzy/share/ament_cmake/cmake)
[0.402s] -- Found Python3: /usr/bin/python3 (found version "3.12.3") found components: Interpreter 
[0.961s] [31mCMake Error at CMakeLists.txt:19 (find_package):
[0.961s]   By not providing "Findhardware_interface.cmake" in CMAKE_MODULE_PATH this
[0.961s]   project has asked CMake to find a package configuration file provided by
[0.961s]   "hardware_interface", but CMake did not find one.
[0.961s] 
[0.961s]   Could not find a package configuration file provided by
[0.961s]   "hardware_interface" with any of the following names:
[0.961s] 
[0.961s]     hardware_interfaceConfig.cmake
[0.962s]     hardware_interface-config.cmake
[0.962s] 
[0.962s]   Add the installation prefix of "hardware_interface" to CMAKE_PREFIX_PATH or
[0.962s]   set "hardware_interface_DIR" to a directory containing one of the above
[0.962s]   files.  If "hardware_interface" provides a separate development package or
[0.962s]   SDK, be sure it has been installed.
[0.962s] 
[0.962s] [0m
[0.962s] -- Configuring incomplete, errors occurred!
[0.963s] Invoked command in '/home/nwhit210/omnicar/build/diffdrive_arduino' returned '1': CMAKE_PREFIX_PATH=${CMAKE_PREFIX_PATH}:/opt/ros/jazzy /usr/bin/cmake /home/nwhit210/omnicar/src/diffdrive_arduino -DCMAKE_INSTALL_PREFIX=/home/nwhit210/omnicar/install/diffdrive_arduino
