[0.493s] DEBUG:colcon:Command line arguments: ['/usr/bin/colcon', 'build']
[0.493s] DEBUG:colcon:Parsed command line arguments: Namespace(log_base=None, log_level=None, verb_name='build', build_base='build', install_base='install', merge_install=False, symlink_install=False, test_result_base=None, continue_on_error=False, executor='parallel', parallel_workers=8, event_handlers=None, ignore_user_meta=False, metas=['./colcon.meta'], base_paths=['.'], packages_ignore=None, packages_ignore_regex=None, paths=None, packages_up_to=None, packages_up_to_regex=None, packages_above=None, packages_above_and_dependencies=None, packages_above_depth=None, packages_select_by_dep=None, packages_skip_by_dep=None, packages_skip_up_to=None, packages_select_build_failed=False, packages_skip_build_finished=False, packages_select_test_failures=False, packages_skip_test_passed=False, packages_select=None, packages_skip=None, packages_select_regex=None, packages_skip_regex=None, packages_start=None, packages_end=None, allow_overriding=[], cmake_args=None, cmake_target=None, cmake_target_skip_unavailable=False, cmake_clean_cache=False, cmake_clean_first=False, cmake_force_configure=False, ament_cmake_args=None, catkin_cmake_args=None, catkin_skip_building_tests=False, mixin_files=None, mixin=None, verb_parser=<colcon_mixin.mixin.mixin_argument.MixinArgumentDecorator object at 0x7f1242945870>, verb_extension=<colcon_core.verb.build.BuildVerb object at 0x7f12429451e0>, main=<bound method BuildVerb.main of <colcon_core.verb.build.BuildVerb object at 0x7f12429451e0>>, mixin_verb=('build',))
[0.906s] Level 1:colcon.colcon_core.package_discovery:discover_packages(colcon_meta) check parameters
[0.907s] Level 1:colcon.colcon_core.package_discovery:discover_packages(recursive) check parameters
[0.907s] Level 1:colcon.colcon_core.package_discovery:discover_packages(ignore) check parameters
[0.907s] Level 1:colcon.colcon_core.package_discovery:discover_packages(path) check parameters
[0.907s] Level 1:colcon.colcon_core.package_discovery:discover_packages(colcon_meta) discover
[0.907s] Level 1:colcon.colcon_core.package_discovery:discover_packages(recursive) discover
[0.907s] INFO:colcon.colcon_core.package_discovery:Crawling recursively for packages in '/home/nwhit210/omnicar_2_ws'
[0.907s] Level 1:colcon.colcon_core.package_identification:_identify(.) by extensions ['ignore', 'ignore_ament_install']
[0.908s] Level 1:colcon.colcon_core.package_identification:_identify(.) by extension 'ignore'
[0.908s] Level 1:colcon.colcon_core.package_identification:_identify(.) by extension 'ignore_ament_install'
[0.908s] Level 1:colcon.colcon_core.package_identification:_identify(.) by extensions ['colcon_pkg']
[0.908s] Level 1:colcon.colcon_core.package_identification:_identify(.) by extension 'colcon_pkg'
[0.908s] Level 1:colcon.colcon_core.package_identification:_identify(.) by extensions ['colcon_meta']
[0.908s] Level 1:colcon.colcon_core.package_identification:_identify(.) by extension 'colcon_meta'
[0.908s] Level 1:colcon.colcon_core.package_identification:_identify(.) by extensions ['ros']
[0.908s] Level 1:colcon.colcon_core.package_identification:_identify(.) by extension 'ros'
[0.924s] Level 1:colcon.colcon_core.package_identification:_identify(.) by extensions ['cmake', 'python']
[0.924s] Level 1:colcon.colcon_core.package_identification:_identify(.) by extension 'cmake'
[0.925s] Level 1:colcon.colcon_core.package_identification:_identify(.) by extension 'python'
[0.925s] Level 1:colcon.colcon_core.package_identification:_identify(.) by extensions ['python_setup_py']
[0.925s] Level 1:colcon.colcon_core.package_identification:_identify(.) by extension 'python_setup_py'
[0.925s] Level 1:colcon.colcon_core.package_identification:_identify(build) by extensions ['ignore', 'ignore_ament_install']
[0.925s] Level 1:colcon.colcon_core.package_identification:_identify(build) by extension 'ignore'
[0.925s] Level 1:colcon.colcon_core.package_identification:_identify(build) ignored
[0.925s] Level 1:colcon.colcon_core.package_identification:_identify(install) by extensions ['ignore', 'ignore_ament_install']
[0.926s] Level 1:colcon.colcon_core.package_identification:_identify(install) by extension 'ignore'
[0.926s] Level 1:colcon.colcon_core.package_identification:_identify(install) ignored
[0.926s] Level 1:colcon.colcon_core.package_identification:_identify(log) by extensions ['ignore', 'ignore_ament_install']
[0.926s] Level 1:colcon.colcon_core.package_identification:_identify(log) by extension 'ignore'
[0.926s] Level 1:colcon.colcon_core.package_identification:_identify(log) ignored
[0.926s] Level 1:colcon.colcon_core.package_identification:_identify(src) by extensions ['ignore', 'ignore_ament_install']
[0.926s] Level 1:colcon.colcon_core.package_identification:_identify(src) by extension 'ignore'
[0.927s] Level 1:colcon.colcon_core.package_identification:_identify(src) by extension 'ignore_ament_install'
[0.927s] Level 1:colcon.colcon_core.package_identification:_identify(src) by extensions ['colcon_pkg']
[0.927s] Level 1:colcon.colcon_core.package_identification:_identify(src) by extension 'colcon_pkg'
[0.927s] Level 1:colcon.colcon_core.package_identification:_identify(src) by extensions ['colcon_meta']
[0.927s] Level 1:colcon.colcon_core.package_identification:_identify(src) by extension 'colcon_meta'
[0.927s] Level 1:colcon.colcon_core.package_identification:_identify(src) by extensions ['ros']
[0.927s] Level 1:colcon.colcon_core.package_identification:_identify(src) by extension 'ros'
[0.927s] Level 1:colcon.colcon_core.package_identification:_identify(src) by extensions ['cmake', 'python']
[0.927s] Level 1:colcon.colcon_core.package_identification:_identify(src) by extension 'cmake'
[0.927s] Level 1:colcon.colcon_core.package_identification:_identify(src) by extension 'python'
[0.927s] Level 1:colcon.colcon_core.package_identification:_identify(src) by extensions ['python_setup_py']
[0.927s] Level 1:colcon.colcon_core.package_identification:_identify(src) by extension 'python_setup_py'
[0.927s] Level 1:colcon.colcon_core.package_identification:_identify(src/arduino_controller) by extensions ['ignore', 'ignore_ament_install']
[0.928s] Level 1:colcon.colcon_core.package_identification:_identify(src/arduino_controller) by extension 'ignore'
[0.928s] Level 1:colcon.colcon_core.package_identification:_identify(src/arduino_controller) by extension 'ignore_ament_install'
[0.928s] Level 1:colcon.colcon_core.package_identification:_identify(src/arduino_controller) by extensions ['colcon_pkg']
[0.928s] Level 1:colcon.colcon_core.package_identification:_identify(src/arduino_controller) by extension 'colcon_pkg'
[0.928s] Level 1:colcon.colcon_core.package_identification:_identify(src/arduino_controller) by extensions ['colcon_meta']
[0.928s] Level 1:colcon.colcon_core.package_identification:_identify(src/arduino_controller) by extension 'colcon_meta'
[0.928s] Level 1:colcon.colcon_core.package_identification:_identify(src/arduino_controller) by extensions ['ros']
[0.928s] Level 1:colcon.colcon_core.package_identification:_identify(src/arduino_controller) by extension 'ros'
[0.934s] DEBUG:colcon.colcon_core.package_identification:Package 'src/arduino_controller' with type 'ros.ament_cmake' and name 'arduino_hardware_controller'
[0.935s] Level 1:colcon.colcon_core.package_identification:_identify(src/mecanum_drive_controller) by extensions ['ignore', 'ignore_ament_install']
[0.935s] Level 1:colcon.colcon_core.package_identification:_identify(src/mecanum_drive_controller) by extension 'ignore'
[0.935s] Level 1:colcon.colcon_core.package_identification:_identify(src/mecanum_drive_controller) by extension 'ignore_ament_install'
[0.935s] Level 1:colcon.colcon_core.package_identification:_identify(src/mecanum_drive_controller) by extensions ['colcon_pkg']
[0.935s] Level 1:colcon.colcon_core.package_identification:_identify(src/mecanum_drive_controller) by extension 'colcon_pkg'
[0.935s] Level 1:colcon.colcon_core.package_identification:_identify(src/mecanum_drive_controller) by extensions ['colcon_meta']
[0.935s] Level 1:colcon.colcon_core.package_identification:_identify(src/mecanum_drive_controller) by extension 'colcon_meta'
[0.935s] Level 1:colcon.colcon_core.package_identification:_identify(src/mecanum_drive_controller) by extensions ['ros']
[0.936s] Level 1:colcon.colcon_core.package_identification:_identify(src/mecanum_drive_controller) by extension 'ros'
[0.939s] DEBUG:colcon.colcon_core.package_identification:Package 'src/mecanum_drive_controller' with type 'ros.ament_cmake' and name 'mecanum_drive_controller'
[0.939s] Level 1:colcon.colcon_core.package_identification:_identify(src/omnicar) by extensions ['ignore', 'ignore_ament_install']
[0.939s] Level 1:colcon.colcon_core.package_identification:_identify(src/omnicar) by extension 'ignore'
[0.939s] Level 1:colcon.colcon_core.package_identification:_identify(src/omnicar) by extension 'ignore_ament_install'
[0.939s] Level 1:colcon.colcon_core.package_identification:_identify(src/omnicar) by extensions ['colcon_pkg']
[0.939s] Level 1:colcon.colcon_core.package_identification:_identify(src/omnicar) by extension 'colcon_pkg'
[0.940s] Level 1:colcon.colcon_core.package_identification:_identify(src/omnicar) by extensions ['colcon_meta']
[0.940s] Level 1:colcon.colcon_core.package_identification:_identify(src/omnicar) by extension 'colcon_meta'
[0.940s] Level 1:colcon.colcon_core.package_identification:_identify(src/omnicar) by extensions ['ros']
[0.940s] Level 1:colcon.colcon_core.package_identification:_identify(src/omnicar) by extension 'ros'
[0.941s] DEBUG:colcon.colcon_core.package_identification:Package 'src/omnicar' with type 'ros.ament_cmake' and name 'omnicar'
[0.941s] Level 1:colcon.colcon_core.package_discovery:discover_packages(recursive) using defaults
[0.941s] Level 1:colcon.colcon_core.package_discovery:discover_packages(ignore) discover
[0.941s] Level 1:colcon.colcon_core.package_discovery:discover_packages(ignore) using defaults
[0.941s] Level 1:colcon.colcon_core.package_discovery:discover_packages(path) discover
[0.941s] Level 1:colcon.colcon_core.package_discovery:discover_packages(path) using defaults
[0.992s] Level 1:colcon.colcon_core.package_discovery:discover_packages(prefix_path) check parameters
[0.992s] Level 1:colcon.colcon_core.package_discovery:discover_packages(prefix_path) discover
[0.998s] DEBUG:colcon.colcon_installed_package_information.package_discovery:Found 3 installed packages in /home/nwhit210/omnicar_2_ws/install
[1.001s] DEBUG:colcon.colcon_installed_package_information.package_discovery:Found 376 installed packages in /opt/ros/humble
[1.004s] Level 1:colcon.colcon_core.package_discovery:discover_packages(prefix_path) using defaults
[1.084s] Level 5:colcon.colcon_core.verb:set package 'arduino_hardware_controller' build argument 'cmake_args' from command line to 'None'
[1.085s] Level 5:colcon.colcon_core.verb:set package 'arduino_hardware_controller' build argument 'cmake_target' from command line to 'None'
[1.085s] Level 5:colcon.colcon_core.verb:set package 'arduino_hardware_controller' build argument 'cmake_target_skip_unavailable' from command line to 'False'
[1.085s] Level 5:colcon.colcon_core.verb:set package 'arduino_hardware_controller' build argument 'cmake_clean_cache' from command line to 'False'
[1.085s] Level 5:colcon.colcon_core.verb:set package 'arduino_hardware_controller' build argument 'cmake_clean_first' from command line to 'False'
[1.085s] Level 5:colcon.colcon_core.verb:set package 'arduino_hardware_controller' build argument 'cmake_force_configure' from command line to 'False'
[1.085s] Level 5:colcon.colcon_core.verb:set package 'arduino_hardware_controller' build argument 'ament_cmake_args' from command line to 'None'
[1.085s] Level 5:colcon.colcon_core.verb:set package 'arduino_hardware_controller' build argument 'catkin_cmake_args' from command line to 'None'
[1.085s] Level 5:colcon.colcon_core.verb:set package 'arduino_hardware_controller' build argument 'catkin_skip_building_tests' from command line to 'False'
[1.085s] DEBUG:colcon.colcon_core.verb:Building package 'arduino_hardware_controller' with the following arguments: {'ament_cmake_args': None, 'build_base': '/home/nwhit210/omnicar_2_ws/build/arduino_hardware_controller', 'catkin_cmake_args': None, 'catkin_skip_building_tests': False, 'cmake_args': None, 'cmake_clean_cache': False, 'cmake_clean_first': False, 'cmake_force_configure': False, 'cmake_target': None, 'cmake_target_skip_unavailable': False, 'install_base': '/home/nwhit210/omnicar_2_ws/install/arduino_hardware_controller', 'merge_install': False, 'path': '/home/nwhit210/omnicar_2_ws/src/arduino_controller', 'symlink_install': False, 'test_result_base': None}
[1.086s] Level 5:colcon.colcon_core.verb:set package 'mecanum_drive_controller' build argument 'cmake_args' from command line to 'None'
[1.086s] Level 5:colcon.colcon_core.verb:set package 'mecanum_drive_controller' build argument 'cmake_target' from command line to 'None'
[1.086s] Level 5:colcon.colcon_core.verb:set package 'mecanum_drive_controller' build argument 'cmake_target_skip_unavailable' from command line to 'False'
[1.086s] Level 5:colcon.colcon_core.verb:set package 'mecanum_drive_controller' build argument 'cmake_clean_cache' from command line to 'False'
[1.086s] Level 5:colcon.colcon_core.verb:set package 'mecanum_drive_controller' build argument 'cmake_clean_first' from command line to 'False'
[1.086s] Level 5:colcon.colcon_core.verb:set package 'mecanum_drive_controller' build argument 'cmake_force_configure' from command line to 'False'
[1.086s] Level 5:colcon.colcon_core.verb:set package 'mecanum_drive_controller' build argument 'ament_cmake_args' from command line to 'None'
[1.086s] Level 5:colcon.colcon_core.verb:set package 'mecanum_drive_controller' build argument 'catkin_cmake_args' from command line to 'None'
[1.086s] Level 5:colcon.colcon_core.verb:set package 'mecanum_drive_controller' build argument 'catkin_skip_building_tests' from command line to 'False'
[1.086s] DEBUG:colcon.colcon_core.verb:Building package 'mecanum_drive_controller' with the following arguments: {'ament_cmake_args': None, 'build_base': '/home/nwhit210/omnicar_2_ws/build/mecanum_drive_controller', 'catkin_cmake_args': None, 'catkin_skip_building_tests': False, 'cmake_args': None, 'cmake_clean_cache': False, 'cmake_clean_first': False, 'cmake_force_configure': False, 'cmake_target': None, 'cmake_target_skip_unavailable': False, 'install_base': '/home/nwhit210/omnicar_2_ws/install/mecanum_drive_controller', 'merge_install': False, 'path': '/home/nwhit210/omnicar_2_ws/src/mecanum_drive_controller', 'symlink_install': False, 'test_result_base': None}
[1.087s] Level 5:colcon.colcon_core.verb:set package 'omnicar' build argument 'cmake_args' from command line to 'None'
[1.087s] Level 5:colcon.colcon_core.verb:set package 'omnicar' build argument 'cmake_target' from command line to 'None'
[1.087s] Level 5:colcon.colcon_core.verb:set package 'omnicar' build argument 'cmake_target_skip_unavailable' from command line to 'False'
[1.087s] Level 5:colcon.colcon_core.verb:set package 'omnicar' build argument 'cmake_clean_cache' from command line to 'False'
[1.087s] Level 5:colcon.colcon_core.verb:set package 'omnicar' build argument 'cmake_clean_first' from command line to 'False'
[1.087s] Level 5:colcon.colcon_core.verb:set package 'omnicar' build argument 'cmake_force_configure' from command line to 'False'
[1.087s] Level 5:colcon.colcon_core.verb:set package 'omnicar' build argument 'ament_cmake_args' from command line to 'None'
[1.087s] Level 5:colcon.colcon_core.verb:set package 'omnicar' build argument 'catkin_cmake_args' from command line to 'None'
[1.087s] Level 5:colcon.colcon_core.verb:set package 'omnicar' build argument 'catkin_skip_building_tests' from command line to 'False'
[1.087s] DEBUG:colcon.colcon_core.verb:Building package 'omnicar' with the following arguments: {'ament_cmake_args': None, 'build_base': '/home/nwhit210/omnicar_2_ws/build/omnicar', 'catkin_cmake_args': None, 'catkin_skip_building_tests': False, 'cmake_args': None, 'cmake_clean_cache': False, 'cmake_clean_first': False, 'cmake_force_configure': False, 'cmake_target': None, 'cmake_target_skip_unavailable': False, 'install_base': '/home/nwhit210/omnicar_2_ws/install/omnicar', 'merge_install': False, 'path': '/home/nwhit210/omnicar_2_ws/src/omnicar', 'symlink_install': False, 'test_result_base': None}
[1.088s] INFO:colcon.colcon_core.executor:Executing jobs using 'parallel' executor
[1.089s] DEBUG:colcon.colcon_parallel_executor.executor.parallel:run_until_complete
[1.090s] INFO:colcon.colcon_ros.task.ament_cmake.build:Building ROS package in '/home/nwhit210/omnicar_2_ws/src/arduino_controller' with build type 'ament_cmake'
[1.091s] INFO:colcon.colcon_cmake.task.cmake.build:Building CMake package in '/home/nwhit210/omnicar_2_ws/src/arduino_controller'
[1.105s] INFO:colcon.colcon_core.plugin_system:Skipping extension 'colcon_core.shell.bat': Not used on non-Windows systems
[1.105s] INFO:colcon.colcon_core.shell:Skip shell extension 'powershell' for command environment: Not usable outside of PowerShell
[1.106s] DEBUG:colcon.colcon_core.shell:Skip shell extension 'dsv' for command environment
[1.113s] INFO:colcon.colcon_ros.task.ament_cmake.build:Building ROS package in '/home/nwhit210/omnicar_2_ws/src/mecanum_drive_controller' with build type 'ament_cmake'
[1.114s] INFO:colcon.colcon_cmake.task.cmake.build:Building CMake package in '/home/nwhit210/omnicar_2_ws/src/mecanum_drive_controller'
[1.114s] INFO:colcon.colcon_core.shell:Skip shell extension 'powershell' for command environment: Not usable outside of PowerShell
[1.115s] DEBUG:colcon.colcon_core.shell:Skip shell extension 'dsv' for command environment
[1.122s] INFO:colcon.colcon_ros.task.ament_cmake.build:Building ROS package in '/home/nwhit210/omnicar_2_ws/src/omnicar' with build type 'ament_cmake'
[1.123s] INFO:colcon.colcon_cmake.task.cmake.build:Building CMake package in '/home/nwhit210/omnicar_2_ws/src/omnicar'
[1.126s] INFO:colcon.colcon_core.shell:Skip shell extension 'powershell' for command environment: Not usable outside of PowerShell
[1.126s] DEBUG:colcon.colcon_core.shell:Skip shell extension 'dsv' for command environment
[1.150s] DEBUG:colcon.colcon_core.event_handler.log_command:Invoking command in '/home/nwhit210/omnicar_2_ws/build/arduino_hardware_controller': CMAKE_PREFIX_PATH=${CMAKE_PREFIX_PATH}:/opt/ros/humble /usr/bin/cmake --build /home/nwhit210/omnicar_2_ws/build/arduino_hardware_controller -- -j8 -l8
[1.168s] DEBUG:colcon.colcon_core.event_handler.log_command:Invoking command in '/home/nwhit210/omnicar_2_ws/build/mecanum_drive_controller': CMAKE_PREFIX_PATH=${CMAKE_PREFIX_PATH}:/opt/ros/humble /usr/bin/cmake --build /home/nwhit210/omnicar_2_ws/build/mecanum_drive_controller -- -j8 -l8
[1.179s] DEBUG:colcon.colcon_core.event_handler.log_command:Invoking command in '/home/nwhit210/omnicar_2_ws/build/omnicar': CMAKE_PREFIX_PATH=${CMAKE_PREFIX_PATH}:/opt/ros/humble /usr/bin/cmake --build /home/nwhit210/omnicar_2_ws/build/omnicar -- -j8 -l8
[1.297s] DEBUG:colcon.colcon_core.event_handler.log_command:Invoked command in '/home/nwhit210/omnicar_2_ws/build/omnicar' returned '0': CMAKE_PREFIX_PATH=${CMAKE_PREFIX_PATH}:/opt/ros/humble /usr/bin/cmake --build /home/nwhit210/omnicar_2_ws/build/omnicar -- -j8 -l8
[1.314s] DEBUG:colcon.colcon_core.event_handler.log_command:Invoking command in '/home/nwhit210/omnicar_2_ws/build/omnicar': CMAKE_PREFIX_PATH=${CMAKE_PREFIX_PATH}:/opt/ros/humble /usr/bin/cmake --install /home/nwhit210/omnicar_2_ws/build/omnicar
[1.346s] Level 1:colcon.colcon_core.environment:create_environment_scripts_only(omnicar)
[1.351s] DEBUG:colcon.colcon_core.event_handler.log_command:Invoked command in '/home/nwhit210/omnicar_2_ws/build/omnicar' returned '0': CMAKE_PREFIX_PATH=${CMAKE_PREFIX_PATH}:/opt/ros/humble /usr/bin/cmake --install /home/nwhit210/omnicar_2_ws/build/omnicar
[1.370s] Level 1:colcon.colcon_core.environment:checking '/home/nwhit210/omnicar_2_ws/install/omnicar' for CMake module files
[1.374s] Level 1:colcon.colcon_core.environment:checking '/home/nwhit210/omnicar_2_ws/install/omnicar' for CMake config files
[1.375s] Level 1:colcon.colcon_core.shell:create_environment_hook('omnicar', 'cmake_prefix_path')
[1.376s] INFO:colcon.colcon_core.shell:Creating environment hook '/home/nwhit210/omnicar_2_ws/install/omnicar/share/omnicar/hook/cmake_prefix_path.ps1'
[1.379s] INFO:colcon.colcon_core.shell:Creating environment descriptor '/home/nwhit210/omnicar_2_ws/install/omnicar/share/omnicar/hook/cmake_prefix_path.dsv'
[1.382s] INFO:colcon.colcon_core.shell:Creating environment hook '/home/nwhit210/omnicar_2_ws/install/omnicar/share/omnicar/hook/cmake_prefix_path.sh'
[1.385s] Level 1:colcon.colcon_core.environment:checking '/home/nwhit210/omnicar_2_ws/install/omnicar/bin'
[1.386s] Level 1:colcon.colcon_core.environment:checking '/home/nwhit210/omnicar_2_ws/install/omnicar/lib/pkgconfig/omnicar.pc'
[1.386s] Level 1:colcon.colcon_core.environment:checking '/home/nwhit210/omnicar_2_ws/install/omnicar/lib/python3.10/site-packages'
[1.387s] Level 1:colcon.colcon_core.environment:checking '/home/nwhit210/omnicar_2_ws/install/omnicar/bin'
[1.388s] INFO:colcon.colcon_core.shell:Creating package script '/home/nwhit210/omnicar_2_ws/install/omnicar/share/omnicar/package.ps1'
[1.392s] INFO:colcon.colcon_core.shell:Creating package descriptor '/home/nwhit210/omnicar_2_ws/install/omnicar/share/omnicar/package.dsv'
[1.395s] INFO:colcon.colcon_core.shell:Creating package script '/home/nwhit210/omnicar_2_ws/install/omnicar/share/omnicar/package.sh'
[1.398s] INFO:colcon.colcon_core.shell:Creating package script '/home/nwhit210/omnicar_2_ws/install/omnicar/share/omnicar/package.bash'
[1.402s] INFO:colcon.colcon_core.shell:Creating package script '/home/nwhit210/omnicar_2_ws/install/omnicar/share/omnicar/package.zsh'
[1.405s] Level 1:colcon.colcon_core.environment:create_file_with_runtime_dependencies(/home/nwhit210/omnicar_2_ws/install/omnicar/share/colcon-core/packages/omnicar)
[1.406s] Level 1:colcon.colcon_core.environment:create_environment_scripts_only(omnicar)
[1.407s] Level 1:colcon.colcon_core.environment:checking '/home/nwhit210/omnicar_2_ws/install/omnicar' for CMake module files
[1.408s] Level 1:colcon.colcon_core.environment:checking '/home/nwhit210/omnicar_2_ws/install/omnicar' for CMake config files
[1.408s] Level 1:colcon.colcon_core.shell:create_environment_hook('omnicar', 'cmake_prefix_path')
[1.409s] INFO:colcon.colcon_core.shell:Creating environment hook '/home/nwhit210/omnicar_2_ws/install/omnicar/share/omnicar/hook/cmake_prefix_path.ps1'
[1.410s] INFO:colcon.colcon_core.shell:Creating environment descriptor '/home/nwhit210/omnicar_2_ws/install/omnicar/share/omnicar/hook/cmake_prefix_path.dsv'
[1.411s] INFO:colcon.colcon_core.shell:Creating environment hook '/home/nwhit210/omnicar_2_ws/install/omnicar/share/omnicar/hook/cmake_prefix_path.sh'
[1.412s] Level 1:colcon.colcon_core.environment:checking '/home/nwhit210/omnicar_2_ws/install/omnicar/bin'
[1.412s] Level 1:colcon.colcon_core.environment:checking '/home/nwhit210/omnicar_2_ws/install/omnicar/lib/pkgconfig/omnicar.pc'
[1.413s] Level 1:colcon.colcon_core.environment:checking '/home/nwhit210/omnicar_2_ws/install/omnicar/lib/python3.10/site-packages'
[1.413s] Level 1:colcon.colcon_core.environment:checking '/home/nwhit210/omnicar_2_ws/install/omnicar/bin'
[1.414s] INFO:colcon.colcon_core.shell:Creating package script '/home/nwhit210/omnicar_2_ws/install/omnicar/share/omnicar/package.ps1'
[1.415s] INFO:colcon.colcon_core.shell:Creating package descriptor '/home/nwhit210/omnicar_2_ws/install/omnicar/share/omnicar/package.dsv'
[1.416s] INFO:colcon.colcon_core.shell:Creating package script '/home/nwhit210/omnicar_2_ws/install/omnicar/share/omnicar/package.sh'
[1.420s] INFO:colcon.colcon_core.shell:Creating package script '/home/nwhit210/omnicar_2_ws/install/omnicar/share/omnicar/package.bash'
[1.423s] INFO:colcon.colcon_core.shell:Creating package script '/home/nwhit210/omnicar_2_ws/install/omnicar/share/omnicar/package.zsh'
[1.424s] Level 1:colcon.colcon_core.environment:create_file_with_runtime_dependencies(/home/nwhit210/omnicar_2_ws/install/omnicar/share/colcon-core/packages/omnicar)
[1.486s] DEBUG:colcon.colcon_core.event_handler.log_command:Invoked command in '/home/nwhit210/omnicar_2_ws/build/arduino_hardware_controller' returned '0': CMAKE_PREFIX_PATH=${CMAKE_PREFIX_PATH}:/opt/ros/humble /usr/bin/cmake --build /home/nwhit210/omnicar_2_ws/build/arduino_hardware_controller -- -j8 -l8
[1.494s] DEBUG:colcon.colcon_core.event_handler.log_command:Invoking command in '/home/nwhit210/omnicar_2_ws/build/arduino_hardware_controller': CMAKE_PREFIX_PATH=${CMAKE_PREFIX_PATH}:/opt/ros/humble /usr/bin/cmake --install /home/nwhit210/omnicar_2_ws/build/arduino_hardware_controller
[1.530s] Level 1:colcon.colcon_core.environment:create_environment_scripts_only(arduino_hardware_controller)
[1.531s] Level 1:colcon.colcon_core.environment:checking '/home/nwhit210/omnicar_2_ws/install/arduino_hardware_controller' for CMake module files
[1.534s] DEBUG:colcon.colcon_core.event_handler.log_command:Invoked command in '/home/nwhit210/omnicar_2_ws/build/arduino_hardware_controller' returned '0': CMAKE_PREFIX_PATH=${CMAKE_PREFIX_PATH}:/opt/ros/humble /usr/bin/cmake --install /home/nwhit210/omnicar_2_ws/build/arduino_hardware_controller
[1.535s] Level 1:colcon.colcon_core.environment:checking '/home/nwhit210/omnicar_2_ws/install/arduino_hardware_controller' for CMake config files
[1.536s] Level 1:colcon.colcon_core.shell:create_environment_hook('arduino_hardware_controller', 'cmake_prefix_path')
[1.537s] INFO:colcon.colcon_core.shell:Creating environment hook '/home/nwhit210/omnicar_2_ws/install/arduino_hardware_controller/share/arduino_hardware_controller/hook/cmake_prefix_path.ps1'
[1.538s] INFO:colcon.colcon_core.shell:Creating environment descriptor '/home/nwhit210/omnicar_2_ws/install/arduino_hardware_controller/share/arduino_hardware_controller/hook/cmake_prefix_path.dsv'
[1.539s] INFO:colcon.colcon_core.shell:Creating environment hook '/home/nwhit210/omnicar_2_ws/install/arduino_hardware_controller/share/arduino_hardware_controller/hook/cmake_prefix_path.sh'
[1.541s] Level 1:colcon.colcon_core.environment:checking '/home/nwhit210/omnicar_2_ws/install/arduino_hardware_controller/lib'
[1.542s] Level 1:colcon.colcon_core.shell:create_environment_hook('arduino_hardware_controller', 'ld_library_path_lib')
[1.542s] INFO:colcon.colcon_core.shell:Creating environment hook '/home/nwhit210/omnicar_2_ws/install/arduino_hardware_controller/share/arduino_hardware_controller/hook/ld_library_path_lib.ps1'
[1.544s] INFO:colcon.colcon_core.shell:Creating environment descriptor '/home/nwhit210/omnicar_2_ws/install/arduino_hardware_controller/share/arduino_hardware_controller/hook/ld_library_path_lib.dsv'
[1.545s] INFO:colcon.colcon_core.shell:Creating environment hook '/home/nwhit210/omnicar_2_ws/install/arduino_hardware_controller/share/arduino_hardware_controller/hook/ld_library_path_lib.sh'
[1.546s] Level 1:colcon.colcon_core.environment:checking '/home/nwhit210/omnicar_2_ws/install/arduino_hardware_controller/bin'
[1.546s] Level 1:colcon.colcon_core.environment:checking '/home/nwhit210/omnicar_2_ws/install/arduino_hardware_controller/lib/pkgconfig/arduino_hardware_controller.pc'
[1.547s] Level 1:colcon.colcon_core.environment:checking '/home/nwhit210/omnicar_2_ws/install/arduino_hardware_controller/lib/python3.10/site-packages'
[1.548s] Level 1:colcon.colcon_core.environment:checking '/home/nwhit210/omnicar_2_ws/install/arduino_hardware_controller/bin'
[1.548s] INFO:colcon.colcon_core.shell:Creating package script '/home/nwhit210/omnicar_2_ws/install/arduino_hardware_controller/share/arduino_hardware_controller/package.ps1'
[1.552s] INFO:colcon.colcon_core.shell:Creating package descriptor '/home/nwhit210/omnicar_2_ws/install/arduino_hardware_controller/share/arduino_hardware_controller/package.dsv'
[1.554s] INFO:colcon.colcon_core.shell:Creating package script '/home/nwhit210/omnicar_2_ws/install/arduino_hardware_controller/share/arduino_hardware_controller/package.sh'
[1.556s] INFO:colcon.colcon_core.shell:Creating package script '/home/nwhit210/omnicar_2_ws/install/arduino_hardware_controller/share/arduino_hardware_controller/package.bash'
[1.557s] INFO:colcon.colcon_core.shell:Creating package script '/home/nwhit210/omnicar_2_ws/install/arduino_hardware_controller/share/arduino_hardware_controller/package.zsh'
[1.558s] Level 1:colcon.colcon_core.environment:create_file_with_runtime_dependencies(/home/nwhit210/omnicar_2_ws/install/arduino_hardware_controller/share/colcon-core/packages/arduino_hardware_controller)
[1.560s] Level 1:colcon.colcon_core.environment:create_environment_scripts_only(arduino_hardware_controller)
[1.561s] Level 1:colcon.colcon_core.environment:checking '/home/nwhit210/omnicar_2_ws/install/arduino_hardware_controller' for CMake module files
[1.563s] Level 1:colcon.colcon_core.environment:checking '/home/nwhit210/omnicar_2_ws/install/arduino_hardware_controller' for CMake config files
[1.564s] Level 1:colcon.colcon_core.shell:create_environment_hook('arduino_hardware_controller', 'cmake_prefix_path')
[1.565s] INFO:colcon.colcon_core.shell:Creating environment hook '/home/nwhit210/omnicar_2_ws/install/arduino_hardware_controller/share/arduino_hardware_controller/hook/cmake_prefix_path.ps1'
[1.567s] INFO:colcon.colcon_core.shell:Creating environment descriptor '/home/nwhit210/omnicar_2_ws/install/arduino_hardware_controller/share/arduino_hardware_controller/hook/cmake_prefix_path.dsv'
[1.568s] INFO:colcon.colcon_core.shell:Creating environment hook '/home/nwhit210/omnicar_2_ws/install/arduino_hardware_controller/share/arduino_hardware_controller/hook/cmake_prefix_path.sh'
[1.569s] Level 1:colcon.colcon_core.environment:checking '/home/nwhit210/omnicar_2_ws/install/arduino_hardware_controller/lib'
[1.569s] Level 1:colcon.colcon_core.shell:create_environment_hook('arduino_hardware_controller', 'ld_library_path_lib')
[1.570s] INFO:colcon.colcon_core.shell:Creating environment hook '/home/nwhit210/omnicar_2_ws/install/arduino_hardware_controller/share/arduino_hardware_controller/hook/ld_library_path_lib.ps1'
[1.570s] INFO:colcon.colcon_core.shell:Creating environment descriptor '/home/nwhit210/omnicar_2_ws/install/arduino_hardware_controller/share/arduino_hardware_controller/hook/ld_library_path_lib.dsv'
[1.571s] INFO:colcon.colcon_core.shell:Creating environment hook '/home/nwhit210/omnicar_2_ws/install/arduino_hardware_controller/share/arduino_hardware_controller/hook/ld_library_path_lib.sh'
[1.572s] Level 1:colcon.colcon_core.environment:checking '/home/nwhit210/omnicar_2_ws/install/arduino_hardware_controller/bin'
[1.572s] Level 1:colcon.colcon_core.environment:checking '/home/nwhit210/omnicar_2_ws/install/arduino_hardware_controller/lib/pkgconfig/arduino_hardware_controller.pc'
[1.573s] Level 1:colcon.colcon_core.environment:checking '/home/nwhit210/omnicar_2_ws/install/arduino_hardware_controller/lib/python3.10/site-packages'
[1.573s] Level 1:colcon.colcon_core.environment:checking '/home/nwhit210/omnicar_2_ws/install/arduino_hardware_controller/bin'
[1.574s] INFO:colcon.colcon_core.shell:Creating package script '/home/nwhit210/omnicar_2_ws/install/arduino_hardware_controller/share/arduino_hardware_controller/package.ps1'
[1.575s] INFO:colcon.colcon_core.shell:Creating package descriptor '/home/nwhit210/omnicar_2_ws/install/arduino_hardware_controller/share/arduino_hardware_controller/package.dsv'
[1.576s] INFO:colcon.colcon_core.shell:Creating package script '/home/nwhit210/omnicar_2_ws/install/arduino_hardware_controller/share/arduino_hardware_controller/package.sh'
[1.577s] INFO:colcon.colcon_core.shell:Creating package script '/home/nwhit210/omnicar_2_ws/install/arduino_hardware_controller/share/arduino_hardware_controller/package.bash'
[1.578s] INFO:colcon.colcon_core.shell:Creating package script '/home/nwhit210/omnicar_2_ws/install/arduino_hardware_controller/share/arduino_hardware_controller/package.zsh'
[1.578s] Level 1:colcon.colcon_core.environment:create_file_with_runtime_dependencies(/home/nwhit210/omnicar_2_ws/install/arduino_hardware_controller/share/colcon-core/packages/arduino_hardware_controller)
[1.585s] DEBUG:colcon.colcon_core.event_handler.log_command:Invoked command in '/home/nwhit210/omnicar_2_ws/build/mecanum_drive_controller' returned '0': CMAKE_PREFIX_PATH=${CMAKE_PREFIX_PATH}:/opt/ros/humble /usr/bin/cmake --build /home/nwhit210/omnicar_2_ws/build/mecanum_drive_controller -- -j8 -l8
[1.593s] DEBUG:colcon.colcon_core.event_handler.log_command:Invoking command in '/home/nwhit210/omnicar_2_ws/build/mecanum_drive_controller': CMAKE_PREFIX_PATH=${CMAKE_PREFIX_PATH}:/opt/ros/humble /usr/bin/cmake --install /home/nwhit210/omnicar_2_ws/build/mecanum_drive_controller
[1.625s] Level 1:colcon.colcon_core.environment:create_environment_scripts_only(mecanum_drive_controller)
[1.626s] Level 1:colcon.colcon_core.environment:checking '/home/nwhit210/omnicar_2_ws/install/mecanum_drive_controller' for CMake module files
[1.628s] DEBUG:colcon.colcon_core.event_handler.log_command:Invoked command in '/home/nwhit210/omnicar_2_ws/build/mecanum_drive_controller' returned '0': CMAKE_PREFIX_PATH=${CMAKE_PREFIX_PATH}:/opt/ros/humble /usr/bin/cmake --install /home/nwhit210/omnicar_2_ws/build/mecanum_drive_controller
[1.630s] Level 1:colcon.colcon_core.environment:checking '/home/nwhit210/omnicar_2_ws/install/mecanum_drive_controller' for CMake config files
[1.631s] Level 1:colcon.colcon_core.shell:create_environment_hook('mecanum_drive_controller', 'cmake_prefix_path')
[1.631s] INFO:colcon.colcon_core.shell:Creating environment hook '/home/nwhit210/omnicar_2_ws/install/mecanum_drive_controller/share/mecanum_drive_controller/hook/cmake_prefix_path.ps1'
[1.632s] INFO:colcon.colcon_core.shell:Creating environment descriptor '/home/nwhit210/omnicar_2_ws/install/mecanum_drive_controller/share/mecanum_drive_controller/hook/cmake_prefix_path.dsv'
[1.633s] INFO:colcon.colcon_core.shell:Creating environment hook '/home/nwhit210/omnicar_2_ws/install/mecanum_drive_controller/share/mecanum_drive_controller/hook/cmake_prefix_path.sh'
[1.635s] Level 1:colcon.colcon_core.environment:checking '/home/nwhit210/omnicar_2_ws/install/mecanum_drive_controller/lib'
[1.635s] Level 1:colcon.colcon_core.shell:create_environment_hook('mecanum_drive_controller', 'ld_library_path_lib')
[1.635s] INFO:colcon.colcon_core.shell:Creating environment hook '/home/nwhit210/omnicar_2_ws/install/mecanum_drive_controller/share/mecanum_drive_controller/hook/ld_library_path_lib.ps1'
[1.637s] INFO:colcon.colcon_core.shell:Creating environment descriptor '/home/nwhit210/omnicar_2_ws/install/mecanum_drive_controller/share/mecanum_drive_controller/hook/ld_library_path_lib.dsv'
[1.638s] INFO:colcon.colcon_core.shell:Creating environment hook '/home/nwhit210/omnicar_2_ws/install/mecanum_drive_controller/share/mecanum_drive_controller/hook/ld_library_path_lib.sh'
[1.639s] Level 1:colcon.colcon_core.environment:checking '/home/nwhit210/omnicar_2_ws/install/mecanum_drive_controller/bin'
[1.639s] Level 1:colcon.colcon_core.environment:checking '/home/nwhit210/omnicar_2_ws/install/mecanum_drive_controller/lib/pkgconfig/mecanum_drive_controller.pc'
[1.640s] Level 1:colcon.colcon_core.environment:checking '/home/nwhit210/omnicar_2_ws/install/mecanum_drive_controller/lib/python3.10/site-packages'
[1.641s] Level 1:colcon.colcon_core.environment:checking '/home/nwhit210/omnicar_2_ws/install/mecanum_drive_controller/bin'
[1.642s] INFO:colcon.colcon_core.shell:Creating package script '/home/nwhit210/omnicar_2_ws/install/mecanum_drive_controller/share/mecanum_drive_controller/package.ps1'
[1.643s] INFO:colcon.colcon_core.shell:Creating package descriptor '/home/nwhit210/omnicar_2_ws/install/mecanum_drive_controller/share/mecanum_drive_controller/package.dsv'
[1.645s] INFO:colcon.colcon_core.shell:Creating package script '/home/nwhit210/omnicar_2_ws/install/mecanum_drive_controller/share/mecanum_drive_controller/package.sh'
[1.646s] INFO:colcon.colcon_core.shell:Creating package script '/home/nwhit210/omnicar_2_ws/install/mecanum_drive_controller/share/mecanum_drive_controller/package.bash'
[1.647s] INFO:colcon.colcon_core.shell:Creating package script '/home/nwhit210/omnicar_2_ws/install/mecanum_drive_controller/share/mecanum_drive_controller/package.zsh'
[1.648s] Level 1:colcon.colcon_core.environment:create_file_with_runtime_dependencies(/home/nwhit210/omnicar_2_ws/install/mecanum_drive_controller/share/colcon-core/packages/mecanum_drive_controller)
[1.649s] Level 1:colcon.colcon_core.environment:create_environment_scripts_only(mecanum_drive_controller)
[1.650s] Level 1:colcon.colcon_core.environment:checking '/home/nwhit210/omnicar_2_ws/install/mecanum_drive_controller' for CMake module files
[1.651s] Level 1:colcon.colcon_core.environment:checking '/home/nwhit210/omnicar_2_ws/install/mecanum_drive_controller' for CMake config files
[1.651s] Level 1:colcon.colcon_core.shell:create_environment_hook('mecanum_drive_controller', 'cmake_prefix_path')
[1.652s] INFO:colcon.colcon_core.shell:Creating environment hook '/home/nwhit210/omnicar_2_ws/install/mecanum_drive_controller/share/mecanum_drive_controller/hook/cmake_prefix_path.ps1'
[1.653s] INFO:colcon.colcon_core.shell:Creating environment descriptor '/home/nwhit210/omnicar_2_ws/install/mecanum_drive_controller/share/mecanum_drive_controller/hook/cmake_prefix_path.dsv'
[1.654s] INFO:colcon.colcon_core.shell:Creating environment hook '/home/nwhit210/omnicar_2_ws/install/mecanum_drive_controller/share/mecanum_drive_controller/hook/cmake_prefix_path.sh'
[1.656s] Level 1:colcon.colcon_core.environment:checking '/home/nwhit210/omnicar_2_ws/install/mecanum_drive_controller/lib'
[1.656s] Level 1:colcon.colcon_core.shell:create_environment_hook('mecanum_drive_controller', 'ld_library_path_lib')
[1.656s] INFO:colcon.colcon_core.shell:Creating environment hook '/home/nwhit210/omnicar_2_ws/install/mecanum_drive_controller/share/mecanum_drive_controller/hook/ld_library_path_lib.ps1'
[1.657s] INFO:colcon.colcon_core.shell:Creating environment descriptor '/home/nwhit210/omnicar_2_ws/install/mecanum_drive_controller/share/mecanum_drive_controller/hook/ld_library_path_lib.dsv'
[1.658s] INFO:colcon.colcon_core.shell:Creating environment hook '/home/nwhit210/omnicar_2_ws/install/mecanum_drive_controller/share/mecanum_drive_controller/hook/ld_library_path_lib.sh'
[1.660s] Level 1:colcon.colcon_core.environment:checking '/home/nwhit210/omnicar_2_ws/install/mecanum_drive_controller/bin'
[1.660s] Level 1:colcon.colcon_core.environment:checking '/home/nwhit210/omnicar_2_ws/install/mecanum_drive_controller/lib/pkgconfig/mecanum_drive_controller.pc'
[1.661s] Level 1:colcon.colcon_core.environment:checking '/home/nwhit210/omnicar_2_ws/install/mecanum_drive_controller/lib/python3.10/site-packages'
[1.661s] Level 1:colcon.colcon_core.environment:checking '/home/nwhit210/omnicar_2_ws/install/mecanum_drive_controller/bin'
[1.662s] INFO:colcon.colcon_core.shell:Creating package script '/home/nwhit210/omnicar_2_ws/install/mecanum_drive_controller/share/mecanum_drive_controller/package.ps1'
[1.663s] INFO:colcon.colcon_core.shell:Creating package descriptor '/home/nwhit210/omnicar_2_ws/install/mecanum_drive_controller/share/mecanum_drive_controller/package.dsv'
[1.664s] INFO:colcon.colcon_core.shell:Creating package script '/home/nwhit210/omnicar_2_ws/install/mecanum_drive_controller/share/mecanum_drive_controller/package.sh'
[1.666s] INFO:colcon.colcon_core.shell:Creating package script '/home/nwhit210/omnicar_2_ws/install/mecanum_drive_controller/share/mecanum_drive_controller/package.bash'
[1.666s] INFO:colcon.colcon_core.shell:Creating package script '/home/nwhit210/omnicar_2_ws/install/mecanum_drive_controller/share/mecanum_drive_controller/package.zsh'
[1.667s] Level 1:colcon.colcon_core.environment:create_file_with_runtime_dependencies(/home/nwhit210/omnicar_2_ws/install/mecanum_drive_controller/share/colcon-core/packages/mecanum_drive_controller)
[1.669s] DEBUG:colcon.colcon_parallel_executor.executor.parallel:closing loop
[1.671s] DEBUG:colcon.colcon_parallel_executor.executor.parallel:loop closed
[1.672s] DEBUG:colcon.colcon_parallel_executor.executor.parallel:run_until_complete finished with '0'
[1.672s] DEBUG:colcon.colcon_core.event_reactor:joining thread
[1.864s] INFO:colcon.colcon_core.plugin_system:Skipping extension 'colcon_notification.desktop_notification.notify_send': Could not find 'notify-send'
[1.864s] INFO:colcon.colcon_core.plugin_system:Skipping extension 'colcon_notification.desktop_notification.terminal_notifier': Not used on non-Darwin systems
[1.865s] INFO:colcon.colcon_core.plugin_system:Skipping extension 'colcon_notification.desktop_notification.win32': Not used on non-Windows systems
[1.865s] INFO:colcon.colcon_notification.desktop_notification:Sending desktop notification using 'notify2'
[1.865s] DEBUG:colcon.colcon_notification.desktop_notification.notify2:Failed to initialize notify2: org.freedesktop.DBus.Error.FileNotFound: Failed to connect to socket /run/user/1000/bus: No such file or directory
[1.865s] DEBUG:colcon.colcon_core.event_reactor:joined thread
[1.866s] INFO:colcon.colcon_core.shell:Creating prefix script '/home/nwhit210/omnicar_2_ws/install/local_setup.ps1'
[1.869s] INFO:colcon.colcon_core.shell:Creating prefix util module '/home/nwhit210/omnicar_2_ws/install/_local_setup_util_ps1.py'
[1.871s] INFO:colcon.colcon_core.shell:Creating prefix chain script '/home/nwhit210/omnicar_2_ws/install/setup.ps1'
[1.873s] INFO:colcon.colcon_core.shell:Creating prefix script '/home/nwhit210/omnicar_2_ws/install/local_setup.sh'
[1.875s] INFO:colcon.colcon_core.shell:Creating prefix util module '/home/nwhit210/omnicar_2_ws/install/_local_setup_util_sh.py'
[1.876s] INFO:colcon.colcon_core.shell:Creating prefix chain script '/home/nwhit210/omnicar_2_ws/install/setup.sh'
[1.877s] INFO:colcon.colcon_core.shell:Creating prefix script '/home/nwhit210/omnicar_2_ws/install/local_setup.bash'
[1.878s] INFO:colcon.colcon_core.shell:Creating prefix chain script '/home/nwhit210/omnicar_2_ws/install/setup.bash'
[1.880s] INFO:colcon.colcon_core.shell:Creating prefix script '/home/nwhit210/omnicar_2_ws/install/local_setup.zsh'
[1.881s] INFO:colcon.colcon_core.shell:Creating prefix chain script '/home/nwhit210/omnicar_2_ws/install/setup.zsh'
