[0.032s] Invoking command in '/home/nwhit210/omnicar_ws/build/mecanum_drive_controller': CMAKE_PREFIX_PATH=${CMAKE_PREFIX_PATH}:/opt/ros/humble /usr/bin/cmake /home/nwhit210/omnicar_ws/src/mecanum_drive_controller -DCMAKE_INSTALL_PREFIX=/home/nwhit210/omnicar_ws/install/mecanum_drive_controller
[0.519s] -- The CXX compiler identification is GNU 11.4.0
[2.416s] -- Detecting CXX compiler ABI info
[2.735s] -- Detecting CXX compiler ABI info - done
[2.745s] -- Check for working CXX compiler: /usr/bin/c++ - skipped
[2.746s] -- Detecting CXX compile features
[2.747s] -- Detecting CXX compile features - done
[2.756s] -- Found ament_cmake: 1.3.11 (/opt/ros/humble/share/ament_cmake/cmake)
[2.969s] -- Found Python3: /usr/bin/python3 (found version "3.10.12") found components: Interpreter 
[3.139s] -- Found controller_interface: 2.48.0 (/opt/ros/humble/share/controller_interface/cmake)
[3.736s] -- Found rosidl_generator_c: 3.1.6 (/opt/ros/humble/share/rosidl_generator_c/cmake)
[3.745s] -- Found rosidl_adapter: 3.1.6 (/opt/ros/humble/share/rosidl_adapter/cmake)
[3.765s] -- Found rosidl_generator_cpp: 3.1.6 (/opt/ros/humble/share/rosidl_generator_cpp/cmake)
[3.817s] -- Using all available rosidl_typesupport_c: rosidl_typesupport_fastrtps_c;rosidl_typesupport_introspection_c
[3.862s] -- Using all available rosidl_typesupport_cpp: rosidl_typesupport_fastrtps_cpp;rosidl_typesupport_introspection_cpp
[7.763s] -- Found rmw_implementation_cmake: 6.1.2 (/opt/ros/humble/share/rmw_implementation_cmake/cmake)
[7.770s] -- Found rmw_fastrtps_cpp: 6.2.7 (/opt/ros/humble/share/rmw_fastrtps_cpp/cmake)
[7.835s] -- Found TinyXML2 via Config file: TinyXML2_DIR-NOTFOUND
[7.931s] -- Found OpenSSL: /usr/lib/x86_64-linux-gnu/libcrypto.so (found version "3.0.2")  
[7.939s] -- Found TinyXML2 via Config file: TinyXML2_DIR-NOTFOUND
[9.205s] -- Found FastRTPS: /opt/ros/humble/include  
[9.213s] -- Found TinyXML2 via Config file: TinyXML2_DIR-NOTFOUND
[9.226s] -- Found TinyXML2 via Config file: TinyXML2_DIR-NOTFOUND
[9.673s] -- Using RMW implementation 'rmw_fastrtps_cpp' as default
[9.719s] -- Looking for C++ include pthread.h
[10.068s] -- Looking for C++ include pthread.h - found
[10.069s] -- Performing Test CMAKE_HAVE_LIBC_PTHREAD
[10.877s] -- Performing Test CMAKE_HAVE_LIBC_PTHREAD - Success
[10.878s] -- Found Threads: TRUE  
[10.940s] -- Found generate_parameter_library: 0.4.0 (/opt/ros/humble/share/generate_parameter_library/cmake)
[10.945s] -- Found parameter_traits: 0.4.0 (/opt/ros/humble/share/parameter_traits/cmake)
[10.974s] -- Found nav_msgs: 4.2.4 (/opt/ros/humble/share/nav_msgs/cmake)
[11.007s] -- Found realtime_tools: 2.11.0 (/opt/ros/humble/share/realtime_tools/cmake)
[11.037s] -- Found std_srvs: 4.2.4 (/opt/ros/humble/share/std_srvs/cmake)
[11.060s] -- Found tf2: 0.25.12 (/opt/ros/humble/share/tf2/cmake)
[11.070s] -- Found tf2_geometry_msgs: 0.25.12 (/opt/ros/humble/share/tf2_geometry_msgs/cmake)
[11.214s] -- Found eigen3_cmake_module: 0.1.1 (/opt/ros/humble/share/eigen3_cmake_module/cmake)
[11.217s] -- Found Eigen3: TRUE (found version "3.4.0") 
[11.217s] -- Ensuring Eigen3 include directory is part of orocos-kdl CMake target
[11.322s] -- Found ament_cmake_gmock: 1.3.11 (/opt/ros/humble/share/ament_cmake_gmock/cmake)
[11.327s] -- Found controller_manager: 2.48.0 (/opt/ros/humble/share/controller_manager/cmake)
[11.370s] -- Found ros2_control_test_assets: 2.48.0 (/opt/ros/humble/share/ros2_control_test_assets/cmake)
[11.374s] -- Found gmock sources under '/opt/ros/humble/src/gmock_vendor': C++ tests using 'Google Mock' will be built
[11.819s] -- The C compiler identification is GNU 11.4.0
[13.260s] -- Detecting C compiler ABI info
[13.766s] -- Detecting C compiler ABI info - done
[13.777s] -- Check for working C compiler: /usr/bin/cc - skipped
[13.777s] -- Detecting C compile features
[13.777s] -- Detecting C compile features - done
[13.782s] -- Found ament_cmake_gtest: 1.3.11 (/opt/ros/humble/share/ament_cmake_gtest/cmake)
[13.784s] -- Found gtest sources under '/opt/ros/humble/src/gtest_vendor': C++ tests using 'Google Test' will be built
[13.967s] -- Configuring done
[14.101s] -- Generating done
[14.127s] -- Build files have been written to: /home/nwhit210/omnicar_ws/build/mecanum_drive_controller
[14.154s] Invoked command in '/home/nwhit210/omnicar_ws/build/mecanum_drive_controller' returned '0': CMAKE_PREFIX_PATH=${CMAKE_PREFIX_PATH}:/opt/ros/humble /usr/bin/cmake /home/nwhit210/omnicar_ws/src/mecanum_drive_controller -DCMAKE_INSTALL_PREFIX=/home/nwhit210/omnicar_ws/install/mecanum_drive_controller
[14.155s] Invoking command in '/home/nwhit210/omnicar_ws/build/mecanum_drive_controller': CMAKE_PREFIX_PATH=${CMAKE_PREFIX_PATH}:/opt/ros/humble /usr/bin/cmake --build /home/nwhit210/omnicar_ws/build/mecanum_drive_controller -- -j8 -l8
[14.227s] [  6%] [34m[1mRunning `/opt/ros/humble/bin/generate_parameter_library_cpp /home/nwhit210/omnicar_ws/build/mecanum_drive_controller/include/mecanum_drive_controller/mecanum_drive_controller_parameters.hpp /home/nwhit210/omnicar_ws/src/mecanum_drive_controller/src/mecanum_drive_controller.yaml `[0m
[14.230s] [ 12%] [32mBuilding CXX object gmock/CMakeFiles/gmock.dir/opt/ros/humble/src/gtest_vendor/src/gtest-all.cc.o[0m
[14.230s] [ 18%] [32mBuilding CXX object gmock/CMakeFiles/gmock_main.dir/src/gmock_main.cc.o[0m
[14.232s] [ 25%] [32mBuilding CXX object gmock/CMakeFiles/gmock.dir/src/gmock-all.cc.o[0m
[15.702s] [ 31%] [34m[1mCreating deprecated header file /home/nwhit210/omnicar_ws/build/mecanum_drive_controller/include/mecanum_drive_controller_parameters.hpp[0m
[15.814s] [ 31%] Built target mecanum_drive_controller_parameters
[15.875s] [ 37%] [32mBuilding CXX object CMakeFiles/mecanum_drive_controller.dir/src/mecanum_drive_controller.cpp.o[0m
[15.875s] [ 43%] [32mBuilding CXX object CMakeFiles/mecanum_drive_controller.dir/src/odometry.cpp.o[0m
[22.410s] [ 50%] [32m[1mLinking CXX static library libgmock_main.a[0m
[22.596s] [ 50%] Built target gmock_main
[29.014s] [ 56%] [32m[1mLinking CXX static library libgmock.a[0m
[29.135s] [ 56%] Built target gmock
[29.178s] [ 62%] [32mBuilding CXX object CMakeFiles/test_load_mecanum_drive_controller.dir/test/test_load_mecanum_drive_controller.cpp.o[0m
[39.657s] [ 68%] [32m[1mLinking CXX executable test_load_mecanum_drive_controller[0m
[40.457s] [ 68%] Built target test_load_mecanum_drive_controller
[47.051s] [ 75%] [32m[1mLinking CXX shared library libmecanum_drive_controller.so[0m
[49.164s] [ 75%] Built target mecanum_drive_controller
[49.190s] [ 87%] [32mBuilding CXX object CMakeFiles/test_mecanum_drive_controller_preceeding.dir/test/test_mecanum_drive_controller_preceeding.cpp.o[0m
[49.191s] [ 87%] [32mBuilding CXX object CMakeFiles/test_mecanum_drive_controller.dir/test/test_mecanum_drive_controller.cpp.o[0m
[61.533s] [ 93%] [32m[1mLinking CXX executable test_mecanum_drive_controller_preceeding[0m
[63.110s] [ 93%] Built target test_mecanum_drive_controller_preceeding
[68.689s] [100%] [32m[1mLinking CXX executable test_mecanum_drive_controller[0m
[70.920s] [100%] Built target test_mecanum_drive_controller
[70.937s] Invoked command in '/home/nwhit210/omnicar_ws/build/mecanum_drive_controller' returned '0': CMAKE_PREFIX_PATH=${CMAKE_PREFIX_PATH}:/opt/ros/humble /usr/bin/cmake --build /home/nwhit210/omnicar_ws/build/mecanum_drive_controller -- -j8 -l8
[70.941s] Invoking command in '/home/nwhit210/omnicar_ws/build/mecanum_drive_controller': CMAKE_PREFIX_PATH=${CMAKE_PREFIX_PATH}:/opt/ros/humble /usr/bin/cmake --install /home/nwhit210/omnicar_ws/build/mecanum_drive_controller
[70.949s] -- Install configuration: ""
[70.949s] -- Installing: /home/nwhit210/omnicar_ws/install/mecanum_drive_controller/include/mecanum_drive_controller
[70.950s] -- Installing: /home/nwhit210/omnicar_ws/install/mecanum_drive_controller/include/mecanum_drive_controller/mecanum_drive_controller_parameters.hpp
[70.950s] -- Installing: /home/nwhit210/omnicar_ws/install/mecanum_drive_controller/share/mecanum_drive_controller/mecanum_drive_controller.xml
[70.950s] -- Up-to-date: /home/nwhit210/omnicar_ws/install/mecanum_drive_controller/include/mecanum_drive_controller
[70.950s] -- Installing: /home/nwhit210/omnicar_ws/install/mecanum_drive_controller/include/mecanum_drive_controller/mecanum_drive_controller
[70.951s] -- Installing: /home/nwhit210/omnicar_ws/install/mecanum_drive_controller/include/mecanum_drive_controller/mecanum_drive_controller/visibility_control.h
[70.951s] -- Installing: /home/nwhit210/omnicar_ws/install/mecanum_drive_controller/include/mecanum_drive_controller/mecanum_drive_controller/mecanum_drive_controller.hpp
[70.951s] -- Installing: /home/nwhit210/omnicar_ws/install/mecanum_drive_controller/include/mecanum_drive_controller/mecanum_drive_controller/odometry.hpp
[70.951s] -- Installing: /home/nwhit210/omnicar_ws/install/mecanum_drive_controller/lib/libmecanum_drive_controller.so
[70.965s] -- Set runtime path of "/home/nwhit210/omnicar_ws/install/mecanum_drive_controller/lib/libmecanum_drive_controller.so" to ""
[70.966s] -- Installing: /home/nwhit210/omnicar_ws/install/mecanum_drive_controller/share/mecanum_drive_controller/environment/library_path.sh
[70.966s] -- Installing: /home/nwhit210/omnicar_ws/install/mecanum_drive_controller/share/mecanum_drive_controller/environment/library_path.dsv
[70.966s] -- Installing: /home/nwhit210/omnicar_ws/install/mecanum_drive_controller/share/ament_index/resource_index/package_run_dependencies/mecanum_drive_controller
[70.967s] -- Installing: /home/nwhit210/omnicar_ws/install/mecanum_drive_controller/share/ament_index/resource_index/parent_prefix_path/mecanum_drive_controller
[70.967s] -- Installing: /home/nwhit210/omnicar_ws/install/mecanum_drive_controller/share/mecanum_drive_controller/environment/ament_prefix_path.sh
[70.967s] -- Installing: /home/nwhit210/omnicar_ws/install/mecanum_drive_controller/share/mecanum_drive_controller/environment/ament_prefix_path.dsv
[70.967s] -- Installing: /home/nwhit210/omnicar_ws/install/mecanum_drive_controller/share/mecanum_drive_controller/environment/path.sh
[70.967s] -- Installing: /home/nwhit210/omnicar_ws/install/mecanum_drive_controller/share/mecanum_drive_controller/environment/path.dsv
[70.968s] -- Installing: /home/nwhit210/omnicar_ws/install/mecanum_drive_controller/share/mecanum_drive_controller/local_setup.bash
[70.968s] -- Installing: /home/nwhit210/omnicar_ws/install/mecanum_drive_controller/share/mecanum_drive_controller/local_setup.sh
[70.968s] -- Installing: /home/nwhit210/omnicar_ws/install/mecanum_drive_controller/share/mecanum_drive_controller/local_setup.zsh
[70.968s] -- Installing: /home/nwhit210/omnicar_ws/install/mecanum_drive_controller/share/mecanum_drive_controller/local_setup.dsv
[70.969s] -- Installing: /home/nwhit210/omnicar_ws/install/mecanum_drive_controller/share/mecanum_drive_controller/package.dsv
[70.969s] -- Installing: /home/nwhit210/omnicar_ws/install/mecanum_drive_controller/share/ament_index/resource_index/packages/mecanum_drive_controller
[70.969s] -- Installing: /home/nwhit210/omnicar_ws/install/mecanum_drive_controller/share/ament_index/resource_index/controller_interface__pluginlib__plugin/mecanum_drive_controller
[70.969s] -- Installing: /home/nwhit210/omnicar_ws/install/mecanum_drive_controller/share/mecanum_drive_controller/cmake/export_mecanum_drive_controllerExport.cmake
[70.970s] -- Installing: /home/nwhit210/omnicar_ws/install/mecanum_drive_controller/share/mecanum_drive_controller/cmake/export_mecanum_drive_controllerExport-noconfig.cmake
[70.970s] -- Installing: /home/nwhit210/omnicar_ws/install/mecanum_drive_controller/share/mecanum_drive_controller/cmake/ament_cmake_export_dependencies-extras.cmake
[70.970s] -- Installing: /home/nwhit210/omnicar_ws/install/mecanum_drive_controller/share/mecanum_drive_controller/cmake/ament_cmake_export_targets-extras.cmake
[70.970s] -- Installing: /home/nwhit210/omnicar_ws/install/mecanum_drive_controller/share/mecanum_drive_controller/cmake/mecanum_drive_controllerConfig.cmake
[70.970s] -- Installing: /home/nwhit210/omnicar_ws/install/mecanum_drive_controller/share/mecanum_drive_controller/cmake/mecanum_drive_controllerConfig-version.cmake
[70.970s] -- Installing: /home/nwhit210/omnicar_ws/install/mecanum_drive_controller/share/mecanum_drive_controller/package.xml
[70.973s] Invoked command in '/home/nwhit210/omnicar_ws/build/mecanum_drive_controller' returned '0': CMAKE_PREFIX_PATH=${CMAKE_PREFIX_PATH}:/opt/ros/humble /usr/bin/cmake --install /home/nwhit210/omnicar_ws/build/mecanum_drive_controller
