[0.020s] Invoking command in '/home/nwhit210/omnicar_2_ws/build/mecanum_drive_controller': CMAKE_PREFIX_PATH=${CMAKE_PREFIX_PATH}:/opt/ros/humble /usr/bin/cmake --build /home/nwhit210/omnicar_2_ws/build/mecanum_drive_controller -- -j8 -l8
[0.046s] -- Found ament_cmake: 1.3.11 (/opt/ros/humble/share/ament_cmake/cmake)
[0.193s] -- Found controller_interface: 2.48.0 (/opt/ros/humble/share/controller_interface/cmake)
[0.974s] -- Found rosidl_generator_c: 3.1.6 (/opt/ros/humble/share/rosidl_generator_c/cmake)
[0.978s] -- Found rosidl_adapter: 3.1.6 (/opt/ros/humble/share/rosidl_adapter/cmake)
[0.988s] -- Found rosidl_generator_cpp: 3.1.6 (/opt/ros/humble/share/rosidl_generator_cpp/cmake)
[1.006s] -- Using all available rosidl_typesupport_c: rosidl_typesupport_fastrtps_c;rosidl_typesupport_introspection_c
[1.019s] -- Using all available rosidl_typesupport_cpp: rosidl_typesupport_fastrtps_cpp;rosidl_typesupport_introspection_cpp
[4.037s] -- Found rmw_implementation_cmake: 6.1.2 (/opt/ros/humble/share/rmw_implementation_cmake/cmake)
[4.038s] -- Found rmw_fastrtps_cpp: 6.2.7 (/opt/ros/humble/share/rmw_fastrtps_cpp/cmake)
[4.057s] -- Found TinyXML2 via Config file: TinyXML2_DIR-NOTFOUND
[4.068s] -- Found TinyXML2 via Config file: TinyXML2_DIR-NOTFOUND
[4.236s] -- Found TinyXML2 via Config file: TinyXML2_DIR-NOTFOUND
[4.245s] -- Found TinyXML2 via Config file: TinyXML2_DIR-NOTFOUND
[4.430s] -- Using RMW implementation 'rmw_fastrtps_cpp' as default
[4.485s] -- Found generate_parameter_library: 0.4.0 (/opt/ros/humble/share/generate_parameter_library/cmake)
[4.486s] -- Found parameter_traits: 0.4.0 (/opt/ros/humble/share/parameter_traits/cmake)
[4.494s] -- Found nav_msgs: 4.2.4 (/opt/ros/humble/share/nav_msgs/cmake)
[4.512s] -- Found realtime_tools: 2.11.0 (/opt/ros/humble/share/realtime_tools/cmake)
[4.522s] -- Found std_srvs: 4.2.4 (/opt/ros/humble/share/std_srvs/cmake)
[4.532s] -- Found tf2: 0.25.12 (/opt/ros/humble/share/tf2/cmake)
[4.536s] -- Found tf2_geometry_msgs: 0.25.12 (/opt/ros/humble/share/tf2_geometry_msgs/cmake)
[4.540s] -- Found eigen3_cmake_module: 0.1.1 (/opt/ros/humble/share/eigen3_cmake_module/cmake)
[4.541s] -- Ensuring Eigen3 include directory is part of orocos-kdl CMake target
[4.617s] -- Found ament_cmake_gmock: 1.3.11 (/opt/ros/humble/share/ament_cmake_gmock/cmake)
[4.618s] -- Found controller_manager: 2.48.0 (/opt/ros/humble/share/controller_manager/cmake)
[4.642s] -- Found ros2_control_test_assets: 2.48.0 (/opt/ros/humble/share/ros2_control_test_assets/cmake)
[4.643s] -- Found gmock sources under '/opt/ros/humble/src/gmock_vendor': C++ tests using 'Google Mock' will be built
[4.646s] -- Found ament_cmake_gtest: 1.3.11 (/opt/ros/humble/share/ament_cmake_gtest/cmake)
[4.647s] -- Found gtest sources under '/opt/ros/humble/src/gtest_vendor': C++ tests using 'Google Test' will be built
[4.775s] -- Configuring done
[4.857s] -- Generating done
[4.877s] -- Build files have been written to: /home/nwhit210/omnicar_2_ws/build/mecanum_drive_controller
[4.909s] [35m[1mConsolidate compiler generated dependencies of target gmock[0m
[4.909s] [35m[1mConsolidate compiler generated dependencies of target gmock_main[0m
[4.918s] [  6%] [34m[1mRunning `/opt/ros/humble/bin/generate_parameter_library_cpp /home/nwhit210/omnicar_2_ws/build/mecanum_drive_controller/include/mecanum_drive_controller/mecanum_drive_controller_parameters.hpp /home/nwhit210/omnicar_2_ws/src/mecanum_drive_controller/src/mecanum_drive_controller.yaml `[0m
[4.925s] [ 18%] Built target gmock_main
[4.929s] [ 37%] Built target gmock
[4.941s] [35m[1mConsolidate compiler generated dependencies of target test_load_mecanum_drive_controller[0m
[4.967s] [ 43%] [32mBuilding CXX object CMakeFiles/test_load_mecanum_drive_controller.dir/test/test_load_mecanum_drive_controller.cpp.o[0m
[5.539s] [ 50%] [34m[1mCreating deprecated header file /home/nwhit210/omnicar_2_ws/build/mecanum_drive_controller/include/mecanum_drive_controller_parameters.hpp[0m
[5.579s] [ 50%] Built target mecanum_drive_controller_parameters
[5.590s] [35m[1mConsolidate compiler generated dependencies of target mecanum_drive_controller[0m
[5.614s] [ 56%] [32mBuilding CXX object CMakeFiles/mecanum_drive_controller.dir/src/odometry.cpp.o[0m
[5.616s] [ 62%] [32mBuilding CXX object CMakeFiles/mecanum_drive_controller.dir/src/mecanum_drive_controller.cpp.o[0m
[12.273s] [ 68%] [32m[1mLinking CXX executable test_load_mecanum_drive_controller[0m
[12.891s] [ 68%] Built target test_load_mecanum_drive_controller
[23.351s] [ 75%] [32m[1mLinking CXX shared library libmecanum_drive_controller.so[0m
[24.530s] [ 75%] Built target mecanum_drive_controller
[24.544s] [35m[1mConsolidate compiler generated dependencies of target test_mecanum_drive_controller_preceeding[0m
[24.544s] [35m[1mConsolidate compiler generated dependencies of target test_mecanum_drive_controller[0m
[24.567s] [ 81%] [32mBuilding CXX object CMakeFiles/test_mecanum_drive_controller.dir/test/test_mecanum_drive_controller.cpp.o[0m
[24.568s] [ 87%] [32mBuilding CXX object CMakeFiles/test_mecanum_drive_controller_preceeding.dir/test/test_mecanum_drive_controller_preceeding.cpp.o[0m
[33.380s] [ 93%] [32m[1mLinking CXX executable test_mecanum_drive_controller_preceeding[0m
[34.490s] [ 93%] Built target test_mecanum_drive_controller_preceeding
[39.947s] [100%] [32m[1mLinking CXX executable test_mecanum_drive_controller[0m
[41.408s] [100%] Built target test_mecanum_drive_controller
[41.421s] Invoked command in '/home/nwhit210/omnicar_2_ws/build/mecanum_drive_controller' returned '0': CMAKE_PREFIX_PATH=${CMAKE_PREFIX_PATH}:/opt/ros/humble /usr/bin/cmake --build /home/nwhit210/omnicar_2_ws/build/mecanum_drive_controller -- -j8 -l8
[41.425s] Invoking command in '/home/nwhit210/omnicar_2_ws/build/mecanum_drive_controller': CMAKE_PREFIX_PATH=${CMAKE_PREFIX_PATH}:/opt/ros/humble /usr/bin/cmake --install /home/nwhit210/omnicar_2_ws/build/mecanum_drive_controller
[41.431s] -- Install configuration: ""
[41.431s] -- Up-to-date: /home/nwhit210/omnicar_2_ws/install/mecanum_drive_controller/include/mecanum_drive_controller
[41.431s] -- Installing: /home/nwhit210/omnicar_2_ws/install/mecanum_drive_controller/include/mecanum_drive_controller/mecanum_drive_controller_parameters.hpp
[41.432s] -- Installing: /home/nwhit210/omnicar_2_ws/install/mecanum_drive_controller/share/mecanum_drive_controller/mecanum_drive_controller.xml
[41.432s] -- Up-to-date: /home/nwhit210/omnicar_2_ws/install/mecanum_drive_controller/include/mecanum_drive_controller
[41.432s] -- Up-to-date: /home/nwhit210/omnicar_2_ws/install/mecanum_drive_controller/include/mecanum_drive_controller/mecanum_drive_controller
[41.432s] -- Installing: /home/nwhit210/omnicar_2_ws/install/mecanum_drive_controller/include/mecanum_drive_controller/mecanum_drive_controller/visibility_control.h
[41.433s] -- Installing: /home/nwhit210/omnicar_2_ws/install/mecanum_drive_controller/include/mecanum_drive_controller/mecanum_drive_controller/mecanum_drive_controller.hpp
[41.433s] -- Installing: /home/nwhit210/omnicar_2_ws/install/mecanum_drive_controller/include/mecanum_drive_controller/mecanum_drive_controller/odometry.hpp
[41.433s] -- Installing: /home/nwhit210/omnicar_2_ws/install/mecanum_drive_controller/lib/libmecanum_drive_controller.so
[41.446s] -- Set runtime path of "/home/nwhit210/omnicar_2_ws/install/mecanum_drive_controller/lib/libmecanum_drive_controller.so" to ""
[41.446s] -- Up-to-date: /home/nwhit210/omnicar_2_ws/install/mecanum_drive_controller/share/mecanum_drive_controller/environment/library_path.sh
[41.446s] -- Installing: /home/nwhit210/omnicar_2_ws/install/mecanum_drive_controller/share/mecanum_drive_controller/environment/library_path.dsv
[41.446s] -- Up-to-date: /home/nwhit210/omnicar_2_ws/install/mecanum_drive_controller/share/ament_index/resource_index/package_run_dependencies/mecanum_drive_controller
[41.447s] -- Up-to-date: /home/nwhit210/omnicar_2_ws/install/mecanum_drive_controller/share/ament_index/resource_index/parent_prefix_path/mecanum_drive_controller
[41.447s] -- Up-to-date: /home/nwhit210/omnicar_2_ws/install/mecanum_drive_controller/share/mecanum_drive_controller/environment/ament_prefix_path.sh
[41.447s] -- Installing: /home/nwhit210/omnicar_2_ws/install/mecanum_drive_controller/share/mecanum_drive_controller/environment/ament_prefix_path.dsv
[41.447s] -- Up-to-date: /home/nwhit210/omnicar_2_ws/install/mecanum_drive_controller/share/mecanum_drive_controller/environment/path.sh
[41.447s] -- Installing: /home/nwhit210/omnicar_2_ws/install/mecanum_drive_controller/share/mecanum_drive_controller/environment/path.dsv
[41.447s] -- Up-to-date: /home/nwhit210/omnicar_2_ws/install/mecanum_drive_controller/share/mecanum_drive_controller/local_setup.bash
[41.448s] -- Up-to-date: /home/nwhit210/omnicar_2_ws/install/mecanum_drive_controller/share/mecanum_drive_controller/local_setup.sh
[41.448s] -- Up-to-date: /home/nwhit210/omnicar_2_ws/install/mecanum_drive_controller/share/mecanum_drive_controller/local_setup.zsh
[41.448s] -- Installing: /home/nwhit210/omnicar_2_ws/install/mecanum_drive_controller/share/mecanum_drive_controller/local_setup.dsv
[41.448s] -- Installing: /home/nwhit210/omnicar_2_ws/install/mecanum_drive_controller/share/mecanum_drive_controller/package.dsv
[41.448s] -- Up-to-date: /home/nwhit210/omnicar_2_ws/install/mecanum_drive_controller/share/ament_index/resource_index/packages/mecanum_drive_controller
[41.449s] -- Up-to-date: /home/nwhit210/omnicar_2_ws/install/mecanum_drive_controller/share/ament_index/resource_index/controller_interface__pluginlib__plugin/mecanum_drive_controller
[41.449s] -- Up-to-date: /home/nwhit210/omnicar_2_ws/install/mecanum_drive_controller/share/mecanum_drive_controller/cmake/export_mecanum_drive_controllerExport.cmake
[41.449s] -- Up-to-date: /home/nwhit210/omnicar_2_ws/install/mecanum_drive_controller/share/mecanum_drive_controller/cmake/export_mecanum_drive_controllerExport-noconfig.cmake
[41.449s] -- Up-to-date: /home/nwhit210/omnicar_2_ws/install/mecanum_drive_controller/share/mecanum_drive_controller/cmake/ament_cmake_export_dependencies-extras.cmake
[41.449s] -- Up-to-date: /home/nwhit210/omnicar_2_ws/install/mecanum_drive_controller/share/mecanum_drive_controller/cmake/ament_cmake_export_targets-extras.cmake
[41.449s] -- Up-to-date: /home/nwhit210/omnicar_2_ws/install/mecanum_drive_controller/share/mecanum_drive_controller/cmake/mecanum_drive_controllerConfig.cmake
[41.449s] -- Up-to-date: /home/nwhit210/omnicar_2_ws/install/mecanum_drive_controller/share/mecanum_drive_controller/cmake/mecanum_drive_controllerConfig-version.cmake
[41.449s] -- Installing: /home/nwhit210/omnicar_2_ws/install/mecanum_drive_controller/share/mecanum_drive_controller/package.xml
[41.452s] Invoked command in '/home/nwhit210/omnicar_2_ws/build/mecanum_drive_controller' returned '0': CMAKE_PREFIX_PATH=${CMAKE_PREFIX_PATH}:/opt/ros/humble /usr/bin/cmake --install /home/nwhit210/omnicar_2_ws/build/mecanum_drive_controller
