[0.076s] Invoking command in '/home/pi/omnicar_ws/build/ros2_control_demo_example_2': CMAKE_PREFIX_PATH=${CMAKE_PREFIX_PATH}:/opt/ros/humble /usr/bin/cmake --build /home/pi/omnicar_ws/build/ros2_control_demo_example_2 -- -j4 -l4
[0.357s] [35m[1mConsolidate compiler generated dependencies of target ros2_control_demo_example_2[0m
[0.580s] [100%] Built target ros2_control_demo_example_2
[0.621s] Invoked command in '/home/pi/omnicar_ws/build/ros2_control_demo_example_2' returned '0': CMAKE_PREFIX_PATH=${CMAKE_PREFIX_PATH}:/opt/ros/humble /usr/bin/cmake --build /home/pi/omnicar_ws/build/ros2_control_demo_example_2 -- -j4 -l4
[0.668s] Invoking command in '/home/pi/omnicar_ws/build/ros2_control_demo_example_2': CMAKE_PREFIX_PATH=${CMAKE_PREFIX_PATH}:/opt/ros/humble /usr/bin/cmake --install /home/pi/omnicar_ws/build/ros2_control_demo_example_2
[0.700s] -- Install configuration: ""
[0.701s] -- Up-to-date: /home/pi/omnicar_ws/install/ros2_control_demo_example_2/share/ros2_control_demo_example_2/ros2_control_demo_example_2.xml
[0.702s] -- Up-to-date: /home/pi/omnicar_ws/install/ros2_control_demo_example_2/include/ros2_control_demo_example_2
[0.702s] -- Up-to-date: /home/pi/omnicar_ws/install/ros2_control_demo_example_2/include/ros2_control_demo_example_2/ros2_control_demo_example_2
[0.703s] -- Up-to-date: /home/pi/omnicar_ws/install/ros2_control_demo_example_2/include/ros2_control_demo_example_2/ros2_control_demo_example_2/diffbot_system.hpp
[0.703s] -- Up-to-date: /home/pi/omnicar_ws/install/ros2_control_demo_example_2/include/ros2_control_demo_example_2/ros2_control_demo_example_2/arduino_comms.hpp
[0.704s] -- Up-to-date: /home/pi/omnicar_ws/install/ros2_control_demo_example_2/share/ros2_control_demo_example_2/launch
[0.704s] -- Up-to-date: /home/pi/omnicar_ws/install/ros2_control_demo_example_2/share/ros2_control_demo_example_2/launch/view_robot.launch.py
[0.704s] -- Up-to-date: /home/pi/omnicar_ws/install/ros2_control_demo_example_2/share/ros2_control_demo_example_2/ros2_control
[0.705s] -- Up-to-date: /home/pi/omnicar_ws/install/ros2_control_demo_example_2/share/ros2_control_demo_example_2/ros2_control/diffbot.ros2_control.xacro
[0.706s] -- Up-to-date: /home/pi/omnicar_ws/install/ros2_control_demo_example_2/share/ros2_control_demo_example_2/urdf
[0.706s] -- Up-to-date: /home/pi/omnicar_ws/install/ros2_control_demo_example_2/share/ros2_control_demo_example_2/urdf/diffbot.urdf.xacro
[0.706s] -- Up-to-date: /home/pi/omnicar_ws/install/ros2_control_demo_example_2/share/ros2_control_demo_example_2/launch
[0.707s] -- Up-to-date: /home/pi/omnicar_ws/install/ros2_control_demo_example_2/share/ros2_control_demo_example_2/launch/diffbot.launch.py
[0.707s] -- Up-to-date: /home/pi/omnicar_ws/install/ros2_control_demo_example_2/share/ros2_control_demo_example_2/config
[0.707s] -- Up-to-date: /home/pi/omnicar_ws/install/ros2_control_demo_example_2/share/ros2_control_demo_example_2/config/diffbot_controllers.yaml
[0.708s] -- Up-to-date: /home/pi/omnicar_ws/install/ros2_control_demo_example_2/lib/libros2_control_demo_example_2.so
[0.709s] -- Up-to-date: /home/pi/omnicar_ws/install/ros2_control_demo_example_2/share/ros2_control_demo_example_2/environment/library_path.sh
[0.709s] -- Up-to-date: /home/pi/omnicar_ws/install/ros2_control_demo_example_2/share/ros2_control_demo_example_2/environment/library_path.dsv
[0.710s] -- Up-to-date: /home/pi/omnicar_ws/install/ros2_control_demo_example_2/share/ament_index/resource_index/package_run_dependencies/ros2_control_demo_example_2
[0.710s] -- Up-to-date: /home/pi/omnicar_ws/install/ros2_control_demo_example_2/share/ament_index/resource_index/parent_prefix_path/ros2_control_demo_example_2
[0.711s] -- Up-to-date: /home/pi/omnicar_ws/install/ros2_control_demo_example_2/share/ros2_control_demo_example_2/environment/ament_prefix_path.sh
[0.711s] -- Up-to-date: /home/pi/omnicar_ws/install/ros2_control_demo_example_2/share/ros2_control_demo_example_2/environment/ament_prefix_path.dsv
[0.712s] -- Up-to-date: /home/pi/omnicar_ws/install/ros2_control_demo_example_2/share/ros2_control_demo_example_2/environment/path.sh
[0.712s] -- Up-to-date: /home/pi/omnicar_ws/install/ros2_control_demo_example_2/share/ros2_control_demo_example_2/environment/path.dsv
[0.713s] -- Up-to-date: /home/pi/omnicar_ws/install/ros2_control_demo_example_2/share/ros2_control_demo_example_2/local_setup.bash
[0.713s] -- Up-to-date: /home/pi/omnicar_ws/install/ros2_control_demo_example_2/share/ros2_control_demo_example_2/local_setup.sh
[0.714s] -- Up-to-date: /home/pi/omnicar_ws/install/ros2_control_demo_example_2/share/ros2_control_demo_example_2/local_setup.zsh
[0.714s] -- Up-to-date: /home/pi/omnicar_ws/install/ros2_control_demo_example_2/share/ros2_control_demo_example_2/local_setup.dsv
[0.715s] -- Installing: /home/pi/omnicar_ws/install/ros2_control_demo_example_2/share/ros2_control_demo_example_2/package.dsv
[0.716s] -- Up-to-date: /home/pi/omnicar_ws/install/ros2_control_demo_example_2/share/ament_index/resource_index/packages/ros2_control_demo_example_2
[0.717s] -- Up-to-date: /home/pi/omnicar_ws/install/ros2_control_demo_example_2/share/ament_index/resource_index/hardware_interface__pluginlib__plugin/ros2_control_demo_example_2
[0.719s] -- Up-to-date: /home/pi/omnicar_ws/install/ros2_control_demo_example_2/share/ros2_control_demo_example_2/cmake/export_ros2_control_demo_example_2Export.cmake
[0.720s] -- Up-to-date: /home/pi/omnicar_ws/install/ros2_control_demo_example_2/share/ros2_control_demo_example_2/cmake/export_ros2_control_demo_example_2Export-noconfig.cmake
[0.720s] -- Up-to-date: /home/pi/omnicar_ws/install/ros2_control_demo_example_2/share/ros2_control_demo_example_2/cmake/ament_cmake_export_targets-extras.cmake
[0.721s] -- Up-to-date: /home/pi/omnicar_ws/install/ros2_control_demo_example_2/share/ros2_control_demo_example_2/cmake/ament_cmake_export_dependencies-extras.cmake
[0.721s] -- Up-to-date: /home/pi/omnicar_ws/install/ros2_control_demo_example_2/share/ros2_control_demo_example_2/cmake/ros2_control_demo_example_2Config.cmake
[0.722s] -- Up-to-date: /home/pi/omnicar_ws/install/ros2_control_demo_example_2/share/ros2_control_demo_example_2/cmake/ros2_control_demo_example_2Config-version.cmake
[0.722s] -- Up-to-date: /home/pi/omnicar_ws/install/ros2_control_demo_example_2/share/ros2_control_demo_example_2/package.xml
[0.728s] Invoked command in '/home/pi/omnicar_ws/build/ros2_control_demo_example_2' returned '0': CMAKE_PREFIX_PATH=${CMAKE_PREFIX_PATH}:/opt/ros/humble /usr/bin/cmake --install /home/pi/omnicar_ws/build/ros2_control_demo_example_2
