[0.107s] Invoking command in '/home/pi/omnicar_ws/build/diffdrive_arduino': CMAKE_PREFIX_PATH=${CMAKE_PREFIX_PATH}:/opt/ros/humble /usr/bin/cmake --build /home/pi/omnicar_ws/build/diffdrive_arduino -- -j4 -l4
[0.748s] [35m[1mConsolidate compiler generated dependencies of target diffdrive_arduino[0m
[1.195s] [ 50%] [32mBuilding CXX object CMakeFiles/diffdrive_arduino.dir/hardware/diffbot_system.cpp.o[0m
[6.819s] In file included from [01m[K/home/pi/omnicar_ws/src/diffdrive_arduino/hardware/include/diffdrive_arduino/diffbot_system.hpp:34[m[K,
[6.820s]                  from [01m[K/home/pi/omnicar_ws/src/diffdrive_arduino/hardware/diffbot_system.cpp:15[m[K:
[6.820s] [01m[K/home/pi/omnicar_ws/src/diffdrive_arduino/hardware/include/diffdrive_arduino/arduino_comms.hpp:[m[K In member function ‘[01m[Kstd::string ArduinoComms::send_msg(const string&, bool)[m[K’:
[6.821s] [01m[K/home/pi/omnicar_ws/src/diffdrive_arduino/hardware/include/diffdrive_arduino/arduino_comms.hpp:57:61:[m[K [01;35m[Kwarning: [m[Kunused parameter ‘[01m[Kprint_output[m[K’ [[01;35m[K]8;;https://gcc.gnu.org/onlinedocs/gcc/Warning-Options.html#index-Wunused-parameter-Wunused-parameter]8;;[m[K]
[6.821s]    57 |   std::string send_msg(const std::string &msg_to_send, [01;35m[Kbool print_output = false[m[K)
[6.822s]       |                                                        [01;35m[K~~~~~^~~~~~~~~~~~~~~~~~~~[m[K
[18.346s] [100%] [32m[1mLinking CXX shared library libdiffdrive_arduino.so[0m
[20.173s] [100%] Built target diffdrive_arduino
[20.229s] Invoked command in '/home/pi/omnicar_ws/build/diffdrive_arduino' returned '0': CMAKE_PREFIX_PATH=${CMAKE_PREFIX_PATH}:/opt/ros/humble /usr/bin/cmake --build /home/pi/omnicar_ws/build/diffdrive_arduino -- -j4 -l4
[20.252s] Invoking command in '/home/pi/omnicar_ws/build/diffdrive_arduino': CMAKE_PREFIX_PATH=${CMAKE_PREFIX_PATH}:/opt/ros/humble /usr/bin/cmake --install /home/pi/omnicar_ws/build/diffdrive_arduino
[20.290s] -- Install configuration: ""
[20.297s] -- Execute custom install script
[20.301s] -- Up-to-date symlink: /home/pi/omnicar_ws/install/diffdrive_arduino/share/diffdrive_arduino//diffdrive_arduino.xml
[20.311s] -- Up-to-date symlink: /home/pi/omnicar_ws/install/diffdrive_arduino/include/diffdrive_arduino/diffdrive_arduino/arduino_comms.hpp
[20.313s] -- Up-to-date symlink: /home/pi/omnicar_ws/install/diffdrive_arduino/include/diffdrive_arduino/diffdrive_arduino/diffbot_system.hpp
[20.314s] -- Up-to-date symlink: /home/pi/omnicar_ws/install/diffdrive_arduino/include/diffdrive_arduino/diffdrive_arduino/visibility_control.h
[20.316s] -- Up-to-date symlink: /home/pi/omnicar_ws/install/diffdrive_arduino/include/diffdrive_arduino/diffdrive_arduino/wheel.hpp
[20.321s] -- Up-to-date symlink: /home/pi/omnicar_ws/install/diffdrive_arduino/share/diffdrive_arduino/launch/view_robot.launch.py
[20.324s] -- Up-to-date symlink: /home/pi/omnicar_ws/install/diffdrive_arduino/share/diffdrive_arduino/ros2_control/diffbot.ros2_control.xacro
[20.328s] -- Up-to-date symlink: /home/pi/omnicar_ws/install/diffdrive_arduino/share/diffdrive_arduino/urdf/diffbot.materials.xacro
[20.329s] -- Up-to-date symlink: /home/pi/omnicar_ws/install/diffdrive_arduino/share/diffdrive_arduino/urdf/diffbot.urdf.xacro
[20.331s] -- Up-to-date symlink: /home/pi/omnicar_ws/install/diffdrive_arduino/share/diffdrive_arduino/urdf/diffbot_description.urdf.xacro
[20.334s] -- Up-to-date symlink: /home/pi/omnicar_ws/install/diffdrive_arduino/share/diffdrive_arduino/rviz/diffbot.rviz
[20.336s] -- Up-to-date symlink: /home/pi/omnicar_ws/install/diffdrive_arduino/share/diffdrive_arduino/rviz/diffbot_view.rviz
[20.339s] -- Up-to-date symlink: /home/pi/omnicar_ws/install/diffdrive_arduino/share/diffdrive_arduino/launch/diffbot.launch.py
[20.342s] -- Up-to-date symlink: /home/pi/omnicar_ws/install/diffdrive_arduino/share/diffdrive_arduino/config/diffbot_controllers.yaml
[20.348s] -- Up-to-date symlink: /home/pi/omnicar_ws/install/diffdrive_arduino/share/diffdrive_arduino/environment/library_path.sh
[20.350s] -- Up-to-date symlink: /home/pi/omnicar_ws/install/diffdrive_arduino/share/diffdrive_arduino/environment/library_path.dsv
[20.356s] -- Up-to-date symlink: /home/pi/omnicar_ws/install/diffdrive_arduino/share/ament_index/resource_index/package_run_dependencies/diffdrive_arduino
[20.360s] -- Up-to-date symlink: /home/pi/omnicar_ws/install/diffdrive_arduino/share/ament_index/resource_index/parent_prefix_path/diffdrive_arduino
[20.365s] -- Up-to-date symlink: /home/pi/omnicar_ws/install/diffdrive_arduino/share/diffdrive_arduino/environment/ament_prefix_path.sh
[20.367s] -- Up-to-date symlink: /home/pi/omnicar_ws/install/diffdrive_arduino/share/diffdrive_arduino/environment/ament_prefix_path.dsv
[20.369s] -- Up-to-date symlink: /home/pi/omnicar_ws/install/diffdrive_arduino/share/diffdrive_arduino/environment/path.sh
[20.371s] -- Up-to-date symlink: /home/pi/omnicar_ws/install/diffdrive_arduino/share/diffdrive_arduino/environment/path.dsv
[20.373s] -- Up-to-date symlink: /home/pi/omnicar_ws/install/diffdrive_arduino/share/diffdrive_arduino/local_setup.bash
[20.375s] -- Up-to-date symlink: /home/pi/omnicar_ws/install/diffdrive_arduino/share/diffdrive_arduino/local_setup.sh
[20.377s] -- Up-to-date symlink: /home/pi/omnicar_ws/install/diffdrive_arduino/share/diffdrive_arduino/local_setup.zsh
[20.378s] -- Up-to-date symlink: /home/pi/omnicar_ws/install/diffdrive_arduino/share/diffdrive_arduino/local_setup.dsv
[20.379s] -- Symlinking: /home/pi/omnicar_ws/install/diffdrive_arduino/share/diffdrive_arduino/package.dsv
[20.421s] -- Up-to-date symlink: /home/pi/omnicar_ws/install/diffdrive_arduino/share/ament_index/resource_index/packages/diffdrive_arduino
[20.424s] -- Up-to-date symlink: /home/pi/omnicar_ws/install/diffdrive_arduino/share/ament_index/resource_index/hardware_interface__pluginlib__plugin/diffdrive_arduino
[20.427s] -- Up-to-date symlink: /home/pi/omnicar_ws/install/diffdrive_arduino/share/diffdrive_arduino/cmake/ament_cmake_export_targets-extras.cmake
[20.429s] -- Up-to-date symlink: /home/pi/omnicar_ws/install/diffdrive_arduino/share/diffdrive_arduino/cmake/ament_cmake_export_dependencies-extras.cmake
[20.432s] -- Up-to-date symlink: /home/pi/omnicar_ws/install/diffdrive_arduino/share/diffdrive_arduino/cmake/diffdrive_arduinoConfig.cmake
[20.433s] -- Up-to-date symlink: /home/pi/omnicar_ws/install/diffdrive_arduino/share/diffdrive_arduino/cmake/diffdrive_arduinoConfig-version.cmake
[20.434s] -- Up-to-date symlink: /home/pi/omnicar_ws/install/diffdrive_arduino/share/diffdrive_arduino/package.xml
[20.441s] -- Installing: /home/pi/omnicar_ws/install/diffdrive_arduino/lib/libdiffdrive_arduino.so
[20.451s] -- Set runtime path of "/home/pi/omnicar_ws/install/diffdrive_arduino/lib/libdiffdrive_arduino.so" to ""
[20.456s] -- Up-to-date: /home/pi/omnicar_ws/install/diffdrive_arduino/share/diffdrive_arduino/cmake/export_diffdrive_arduinoExport.cmake
[20.456s] -- Up-to-date: /home/pi/omnicar_ws/install/diffdrive_arduino/share/diffdrive_arduino/cmake/export_diffdrive_arduinoExport-noconfig.cmake
[20.466s] Invoked command in '/home/pi/omnicar_ws/build/diffdrive_arduino' returned '0': CMAKE_PREFIX_PATH=${CMAKE_PREFIX_PATH}:/opt/ros/humble /usr/bin/cmake --install /home/pi/omnicar_ws/build/diffdrive_arduino
