[0.108s] Invoking command in '/home/pi/omnicar_ws/build/mecanum_drive_controller': CMAKE_PREFIX_PATH=${CMAKE_PREFIX_PATH}:/opt/ros/humble /usr/bin/cmake --build /home/pi/omnicar_ws/build/mecanum_drive_controller -- -j4 -l4
[0.491s] [ 12%] Built target gmock_main
[0.537s] [ 25%] Built target mecanum_drive_controller_parameters
[0.600s] [ 43%] Built target gmock
[1.043s] [ 62%] Built target mecanum_drive_controller
[1.146s] [ 75%] Built target test_load_mecanum_drive_controller
[1.203s] [ 87%] Built target test_mecanum_drive_controller
[1.229s] [100%] Built target test_mecanum_drive_controller_preceeding
[1.748s] Invoked command in '/home/pi/omnicar_ws/build/mecanum_drive_controller' returned '0': CMAKE_PREFIX_PATH=${CMAKE_PREFIX_PATH}:/opt/ros/humble /usr/bin/cmake --build /home/pi/omnicar_ws/build/mecanum_drive_controller -- -j4 -l4
[1.749s] Invoking command in '/home/pi/omnicar_ws/build/mecanum_drive_controller': CMAKE_PREFIX_PATH=${CMAKE_PREFIX_PATH}:/opt/ros/humble /usr/bin/cmake --install /home/pi/omnicar_ws/build/mecanum_drive_controller
[1.932s] -- Install configuration: ""
[1.932s] -- Execute custom install script
[1.932s] -- Up-to-date symlink: /home/pi/omnicar_ws/install/mecanum_drive_controller/include/mecanum_drive_controller/mecanum_drive_controller_parameters.hpp
[1.933s] -- Up-to-date symlink: /home/pi/omnicar_ws/install/mecanum_drive_controller/share/mecanum_drive_controller//mecanum_drive_controller.xml
[1.935s] -- Up-to-date symlink: /home/pi/omnicar_ws/install/mecanum_drive_controller/include/mecanum_drive_controller/mecanum_drive_controller/mecanum_drive_controller.hpp
[1.936s] -- Up-to-date symlink: /home/pi/omnicar_ws/install/mecanum_drive_controller/include/mecanum_drive_controller/mecanum_drive_controller/odometry.hpp
[1.936s] -- Up-to-date symlink: /home/pi/omnicar_ws/install/mecanum_drive_controller/include/mecanum_drive_controller/mecanum_drive_controller/visibility_control.h
[1.940s] -- Up-to-date symlink: /home/pi/omnicar_ws/install/mecanum_drive_controller/share/mecanum_drive_controller/environment/library_path.sh
[1.940s] -- Up-to-date symlink: /home/pi/omnicar_ws/install/mecanum_drive_controller/share/mecanum_drive_controller/environment/library_path.dsv
[1.940s] -- Up-to-date symlink: /home/pi/omnicar_ws/install/mecanum_drive_controller/share/ament_index/resource_index/package_run_dependencies/mecanum_drive_controller
[1.943s] -- Up-to-date symlink: /home/pi/omnicar_ws/install/mecanum_drive_controller/share/ament_index/resource_index/parent_prefix_path/mecanum_drive_controller
[1.944s] -- Up-to-date symlink: /home/pi/omnicar_ws/install/mecanum_drive_controller/share/mecanum_drive_controller/environment/ament_prefix_path.sh
[1.945s] -- Up-to-date symlink: /home/pi/omnicar_ws/install/mecanum_drive_controller/share/mecanum_drive_controller/environment/ament_prefix_path.dsv
[1.945s] -- Up-to-date symlink: /home/pi/omnicar_ws/install/mecanum_drive_controller/share/mecanum_drive_controller/environment/path.sh
[1.948s] -- Up-to-date symlink: /home/pi/omnicar_ws/install/mecanum_drive_controller/share/mecanum_drive_controller/environment/path.dsv
[1.948s] -- Up-to-date symlink: /home/pi/omnicar_ws/install/mecanum_drive_controller/share/mecanum_drive_controller/local_setup.bash
[1.948s] -- Up-to-date symlink: /home/pi/omnicar_ws/install/mecanum_drive_controller/share/mecanum_drive_controller/local_setup.sh
[1.949s] -- Up-to-date symlink: /home/pi/omnicar_ws/install/mecanum_drive_controller/share/mecanum_drive_controller/local_setup.zsh
[1.951s] -- Up-to-date symlink: /home/pi/omnicar_ws/install/mecanum_drive_controller/share/mecanum_drive_controller/local_setup.dsv
[1.951s] -- Symlinking: /home/pi/omnicar_ws/install/mecanum_drive_controller/share/mecanum_drive_controller/package.dsv
[2.217s] -- Up-to-date symlink: /home/pi/omnicar_ws/install/mecanum_drive_controller/share/ament_index/resource_index/packages/mecanum_drive_controller
[2.219s] -- Up-to-date symlink: /home/pi/omnicar_ws/install/mecanum_drive_controller/share/ament_index/resource_index/controller_interface__pluginlib__plugin/mecanum_drive_controller
[2.220s] -- Up-to-date symlink: /home/pi/omnicar_ws/install/mecanum_drive_controller/share/mecanum_drive_controller/cmake/ament_cmake_export_dependencies-extras.cmake
[2.221s] -- Up-to-date symlink: /home/pi/omnicar_ws/install/mecanum_drive_controller/share/mecanum_drive_controller/cmake/ament_cmake_export_targets-extras.cmake
[2.222s] -- Up-to-date symlink: /home/pi/omnicar_ws/install/mecanum_drive_controller/share/mecanum_drive_controller/cmake/mecanum_drive_controllerConfig.cmake
[2.223s] -- Up-to-date symlink: /home/pi/omnicar_ws/install/mecanum_drive_controller/share/mecanum_drive_controller/cmake/mecanum_drive_controllerConfig-version.cmake
[2.224s] -- Up-to-date symlink: /home/pi/omnicar_ws/install/mecanum_drive_controller/share/mecanum_drive_controller/package.xml
[2.227s] -- Up-to-date: /home/pi/omnicar_ws/install/mecanum_drive_controller/lib/libmecanum_drive_controller.so
[2.230s] -- Up-to-date: /home/pi/omnicar_ws/install/mecanum_drive_controller/share/mecanum_drive_controller/cmake/export_mecanum_drive_controllerExport.cmake
[2.230s] -- Up-to-date: /home/pi/omnicar_ws/install/mecanum_drive_controller/share/mecanum_drive_controller/cmake/export_mecanum_drive_controllerExport-noconfig.cmake
[2.267s] Invoked command in '/home/pi/omnicar_ws/build/mecanum_drive_controller' returned '0': CMAKE_PREFIX_PATH=${CMAKE_PREFIX_PATH}:/opt/ros/humble /usr/bin/cmake --install /home/pi/omnicar_ws/build/mecanum_drive_controller
