[0.449s] DEBUG:colcon:Command line arguments: ['/usr/bin/colcon', 'build']
[0.449s] DEBUG:colcon:Parsed command line arguments: Namespace(log_base=None, log_level=None, verb_name='build', build_base='build', install_base='install', merge_install=False, symlink_install=False, test_result_base=None, continue_on_error=False, executor='parallel', parallel_workers=8, event_handlers=None, ignore_user_meta=False, metas=['./colcon.meta'], base_paths=['.'], packages_ignore=None, packages_ignore_regex=None, paths=None, packages_up_to=None, packages_up_to_regex=None, packages_above=None, packages_above_and_dependencies=None, packages_above_depth=None, packages_select_by_dep=None, packages_skip_by_dep=None, packages_skip_up_to=None, packages_select_build_failed=False, packages_skip_build_finished=False, packages_select_test_failures=False, packages_skip_test_passed=False, packages_select=None, packages_skip=None, packages_select_regex=None, packages_skip_regex=None, packages_start=None, packages_end=None, allow_overriding=[], cmake_args=None, cmake_target=None, cmake_target_skip_unavailable=False, cmake_clean_cache=False, cmake_clean_first=False, cmake_force_configure=False, ament_cmake_args=None, catkin_cmake_args=None, catkin_skip_building_tests=False, mixin_files=None, mixin=None, verb_parser=<colcon_mixin.mixin.mixin_argument.MixinArgumentDecorator object at 0x7f209f79d810>, verb_extension=<colcon_core.verb.build.BuildVerb object at 0x7f209f79d180>, main=<bound method BuildVerb.main of <colcon_core.verb.build.BuildVerb object at 0x7f209f79d180>>, mixin_verb=('build',))
[0.801s] Level 1:colcon.colcon_core.package_discovery:discover_packages(colcon_meta) check parameters
[0.801s] Level 1:colcon.colcon_core.package_discovery:discover_packages(recursive) check parameters
[0.801s] Level 1:colcon.colcon_core.package_discovery:discover_packages(ignore) check parameters
[0.801s] Level 1:colcon.colcon_core.package_discovery:discover_packages(path) check parameters
[0.801s] Level 1:colcon.colcon_core.package_discovery:discover_packages(colcon_meta) discover
[0.801s] Level 1:colcon.colcon_core.package_discovery:discover_packages(recursive) discover
[0.801s] INFO:colcon.colcon_core.package_discovery:Crawling recursively for packages in '/home/nwhit210/omnicar_ws'
[0.801s] Level 1:colcon.colcon_core.package_identification:_identify(.) by extensions ['ignore', 'ignore_ament_install']
[0.802s] Level 1:colcon.colcon_core.package_identification:_identify(.) by extension 'ignore'
[0.802s] Level 1:colcon.colcon_core.package_identification:_identify(.) by extension 'ignore_ament_install'
[0.802s] Level 1:colcon.colcon_core.package_identification:_identify(.) by extensions ['colcon_pkg']
[0.802s] Level 1:colcon.colcon_core.package_identification:_identify(.) by extension 'colcon_pkg'
[0.802s] Level 1:colcon.colcon_core.package_identification:_identify(.) by extensions ['colcon_meta']
[0.802s] Level 1:colcon.colcon_core.package_identification:_identify(.) by extension 'colcon_meta'
[0.802s] Level 1:colcon.colcon_core.package_identification:_identify(.) by extensions ['ros']
[0.802s] Level 1:colcon.colcon_core.package_identification:_identify(.) by extension 'ros'
[0.820s] Level 1:colcon.colcon_core.package_identification:_identify(.) by extensions ['cmake', 'python']
[0.820s] Level 1:colcon.colcon_core.package_identification:_identify(.) by extension 'cmake'
[0.820s] Level 1:colcon.colcon_core.package_identification:_identify(.) by extension 'python'
[0.820s] Level 1:colcon.colcon_core.package_identification:_identify(.) by extensions ['python_setup_py']
[0.820s] Level 1:colcon.colcon_core.package_identification:_identify(.) by extension 'python_setup_py'
[0.821s] Level 1:colcon.colcon_core.package_identification:_identify(build) by extensions ['ignore', 'ignore_ament_install']
[0.821s] Level 1:colcon.colcon_core.package_identification:_identify(build) by extension 'ignore'
[0.821s] Level 1:colcon.colcon_core.package_identification:_identify(build) ignored
[0.821s] Level 1:colcon.colcon_core.package_identification:_identify(install) by extensions ['ignore', 'ignore_ament_install']
[0.821s] Level 1:colcon.colcon_core.package_identification:_identify(install) by extension 'ignore'
[0.821s] Level 1:colcon.colcon_core.package_identification:_identify(install) ignored
[0.821s] Level 1:colcon.colcon_core.package_identification:_identify(log) by extensions ['ignore', 'ignore_ament_install']
[0.821s] Level 1:colcon.colcon_core.package_identification:_identify(log) by extension 'ignore'
[0.821s] Level 1:colcon.colcon_core.package_identification:_identify(log) ignored
[0.822s] Level 1:colcon.colcon_core.package_identification:_identify(src) by extensions ['ignore', 'ignore_ament_install']
[0.822s] Level 1:colcon.colcon_core.package_identification:_identify(src) by extension 'ignore'
[0.822s] Level 1:colcon.colcon_core.package_identification:_identify(src) by extension 'ignore_ament_install'
[0.822s] Level 1:colcon.colcon_core.package_identification:_identify(src) by extensions ['colcon_pkg']
[0.822s] Level 1:colcon.colcon_core.package_identification:_identify(src) by extension 'colcon_pkg'
[0.822s] Level 1:colcon.colcon_core.package_identification:_identify(src) by extensions ['colcon_meta']
[0.822s] Level 1:colcon.colcon_core.package_identification:_identify(src) by extension 'colcon_meta'
[0.822s] Level 1:colcon.colcon_core.package_identification:_identify(src) by extensions ['ros']
[0.822s] Level 1:colcon.colcon_core.package_identification:_identify(src) by extension 'ros'
[0.822s] Level 1:colcon.colcon_core.package_identification:_identify(src) by extensions ['cmake', 'python']
[0.822s] Level 1:colcon.colcon_core.package_identification:_identify(src) by extension 'cmake'
[0.822s] Level 1:colcon.colcon_core.package_identification:_identify(src) by extension 'python'
[0.822s] Level 1:colcon.colcon_core.package_identification:_identify(src) by extensions ['python_setup_py']
[0.822s] Level 1:colcon.colcon_core.package_identification:_identify(src) by extension 'python_setup_py'
[0.822s] Level 1:colcon.colcon_core.package_identification:_identify(src/arduino_controller) by extensions ['ignore', 'ignore_ament_install']
[0.822s] Level 1:colcon.colcon_core.package_identification:_identify(src/arduino_controller) by extension 'ignore'
[0.822s] Level 1:colcon.colcon_core.package_identification:_identify(src/arduino_controller) by extension 'ignore_ament_install'
[0.822s] Level 1:colcon.colcon_core.package_identification:_identify(src/arduino_controller) by extensions ['colcon_pkg']
[0.822s] Level 1:colcon.colcon_core.package_identification:_identify(src/arduino_controller) by extension 'colcon_pkg'
[0.822s] Level 1:colcon.colcon_core.package_identification:_identify(src/arduino_controller) by extensions ['colcon_meta']
[0.822s] Level 1:colcon.colcon_core.package_identification:_identify(src/arduino_controller) by extension 'colcon_meta'
[0.822s] Level 1:colcon.colcon_core.package_identification:_identify(src/arduino_controller) by extensions ['ros']
[0.823s] Level 1:colcon.colcon_core.package_identification:_identify(src/arduino_controller) by extension 'ros'
[0.827s] DEBUG:colcon.colcon_core.package_identification:Package 'src/arduino_controller' with type 'ros.ament_cmake' and name 'arduino_hardware_controller'
[0.828s] Level 1:colcon.colcon_core.package_identification:_identify(src/diffdrive_arduino) by extensions ['ignore', 'ignore_ament_install']
[0.828s] Level 1:colcon.colcon_core.package_identification:_identify(src/diffdrive_arduino) by extension 'ignore'
[0.828s] Level 1:colcon.colcon_core.package_identification:_identify(src/diffdrive_arduino) by extension 'ignore_ament_install'
[0.828s] Level 1:colcon.colcon_core.package_identification:_identify(src/diffdrive_arduino) by extensions ['colcon_pkg']
[0.828s] Level 1:colcon.colcon_core.package_identification:_identify(src/diffdrive_arduino) by extension 'colcon_pkg'
[0.829s] Level 1:colcon.colcon_core.package_identification:_identify(src/diffdrive_arduino) by extensions ['colcon_meta']
[0.829s] Level 1:colcon.colcon_core.package_identification:_identify(src/diffdrive_arduino) by extension 'colcon_meta'
[0.829s] Level 1:colcon.colcon_core.package_identification:_identify(src/diffdrive_arduino) by extensions ['ros']
[0.829s] Level 1:colcon.colcon_core.package_identification:_identify(src/diffdrive_arduino) by extension 'ros'
[0.832s] DEBUG:colcon.colcon_core.package_identification:Package 'src/diffdrive_arduino' with type 'ros.ament_cmake' and name 'diffdrive_arduino'
[0.832s] Level 1:colcon.colcon_core.package_identification:_identify(src/mecanum_drive_controller) by extensions ['ignore', 'ignore_ament_install']
[0.832s] Level 1:colcon.colcon_core.package_identification:_identify(src/mecanum_drive_controller) by extension 'ignore'
[0.832s] Level 1:colcon.colcon_core.package_identification:_identify(src/mecanum_drive_controller) by extension 'ignore_ament_install'
[0.833s] Level 1:colcon.colcon_core.package_identification:_identify(src/mecanum_drive_controller) by extensions ['colcon_pkg']
[0.833s] Level 1:colcon.colcon_core.package_identification:_identify(src/mecanum_drive_controller) by extension 'colcon_pkg'
[0.833s] Level 1:colcon.colcon_core.package_identification:_identify(src/mecanum_drive_controller) by extensions ['colcon_meta']
[0.833s] Level 1:colcon.colcon_core.package_identification:_identify(src/mecanum_drive_controller) by extension 'colcon_meta'
[0.833s] Level 1:colcon.colcon_core.package_identification:_identify(src/mecanum_drive_controller) by extensions ['ros']
[0.833s] Level 1:colcon.colcon_core.package_identification:_identify(src/mecanum_drive_controller) by extension 'ros'
[0.835s] DEBUG:colcon.colcon_core.package_identification:Package 'src/mecanum_drive_controller' with type 'ros.ament_cmake' and name 'mecanum_drive_controller'
[0.836s] Level 1:colcon.colcon_core.package_identification:_identify(src/omnicar) by extensions ['ignore', 'ignore_ament_install']
[0.836s] Level 1:colcon.colcon_core.package_identification:_identify(src/omnicar) by extension 'ignore'
[0.836s] Level 1:colcon.colcon_core.package_identification:_identify(src/omnicar) by extension 'ignore_ament_install'
[0.836s] Level 1:colcon.colcon_core.package_identification:_identify(src/omnicar) by extensions ['colcon_pkg']
[0.836s] Level 1:colcon.colcon_core.package_identification:_identify(src/omnicar) by extension 'colcon_pkg'
[0.836s] Level 1:colcon.colcon_core.package_identification:_identify(src/omnicar) by extensions ['colcon_meta']
[0.836s] Level 1:colcon.colcon_core.package_identification:_identify(src/omnicar) by extension 'colcon_meta'
[0.837s] Level 1:colcon.colcon_core.package_identification:_identify(src/omnicar) by extensions ['ros']
[0.837s] Level 1:colcon.colcon_core.package_identification:_identify(src/omnicar) by extension 'ros'
[0.838s] DEBUG:colcon.colcon_core.package_identification:Package 'src/omnicar' with type 'ros.ament_cmake' and name 'omnicar'
[0.838s] Level 1:colcon.colcon_core.package_discovery:discover_packages(recursive) using defaults
[0.838s] Level 1:colcon.colcon_core.package_discovery:discover_packages(ignore) discover
[0.838s] Level 1:colcon.colcon_core.package_discovery:discover_packages(ignore) using defaults
[0.838s] Level 1:colcon.colcon_core.package_discovery:discover_packages(path) discover
[0.838s] Level 1:colcon.colcon_core.package_discovery:discover_packages(path) using defaults
[0.886s] Level 1:colcon.colcon_core.package_discovery:discover_packages(prefix_path) check parameters
[0.886s] Level 1:colcon.colcon_core.package_discovery:discover_packages(prefix_path) discover
[0.891s] DEBUG:colcon.colcon_installed_package_information.package_discovery:Found 4 installed packages in /home/nwhit210/omnicar_ws/install
[0.893s] DEBUG:colcon.colcon_installed_package_information.package_discovery:Found 376 installed packages in /opt/ros/humble
[0.896s] Level 1:colcon.colcon_core.package_discovery:discover_packages(prefix_path) using defaults
[0.962s] Level 5:colcon.colcon_core.verb:set package 'arduino_hardware_controller' build argument 'cmake_args' from command line to 'None'
[0.962s] Level 5:colcon.colcon_core.verb:set package 'arduino_hardware_controller' build argument 'cmake_target' from command line to 'None'
[0.963s] Level 5:colcon.colcon_core.verb:set package 'arduino_hardware_controller' build argument 'cmake_target_skip_unavailable' from command line to 'False'
[0.963s] Level 5:colcon.colcon_core.verb:set package 'arduino_hardware_controller' build argument 'cmake_clean_cache' from command line to 'False'
[0.963s] Level 5:colcon.colcon_core.verb:set package 'arduino_hardware_controller' build argument 'cmake_clean_first' from command line to 'False'
[0.963s] Level 5:colcon.colcon_core.verb:set package 'arduino_hardware_controller' build argument 'cmake_force_configure' from command line to 'False'
[0.963s] Level 5:colcon.colcon_core.verb:set package 'arduino_hardware_controller' build argument 'ament_cmake_args' from command line to 'None'
[0.963s] Level 5:colcon.colcon_core.verb:set package 'arduino_hardware_controller' build argument 'catkin_cmake_args' from command line to 'None'
[0.963s] Level 5:colcon.colcon_core.verb:set package 'arduino_hardware_controller' build argument 'catkin_skip_building_tests' from command line to 'False'
[0.963s] DEBUG:colcon.colcon_core.verb:Building package 'arduino_hardware_controller' with the following arguments: {'ament_cmake_args': None, 'build_base': '/home/nwhit210/omnicar_ws/build/arduino_hardware_controller', 'catkin_cmake_args': None, 'catkin_skip_building_tests': False, 'cmake_args': None, 'cmake_clean_cache': False, 'cmake_clean_first': False, 'cmake_force_configure': False, 'cmake_target': None, 'cmake_target_skip_unavailable': False, 'install_base': '/home/nwhit210/omnicar_ws/install/arduino_hardware_controller', 'merge_install': False, 'path': '/home/nwhit210/omnicar_ws/src/arduino_controller', 'symlink_install': False, 'test_result_base': None}
[0.963s] Level 5:colcon.colcon_core.verb:set package 'diffdrive_arduino' build argument 'cmake_args' from command line to 'None'
[0.963s] Level 5:colcon.colcon_core.verb:set package 'diffdrive_arduino' build argument 'cmake_target' from command line to 'None'
[0.963s] Level 5:colcon.colcon_core.verb:set package 'diffdrive_arduino' build argument 'cmake_target_skip_unavailable' from command line to 'False'
[0.963s] Level 5:colcon.colcon_core.verb:set package 'diffdrive_arduino' build argument 'cmake_clean_cache' from command line to 'False'
[0.963s] Level 5:colcon.colcon_core.verb:set package 'diffdrive_arduino' build argument 'cmake_clean_first' from command line to 'False'
[0.963s] Level 5:colcon.colcon_core.verb:set package 'diffdrive_arduino' build argument 'cmake_force_configure' from command line to 'False'
[0.963s] Level 5:colcon.colcon_core.verb:set package 'diffdrive_arduino' build argument 'ament_cmake_args' from command line to 'None'
[0.963s] Level 5:colcon.colcon_core.verb:set package 'diffdrive_arduino' build argument 'catkin_cmake_args' from command line to 'None'
[0.963s] Level 5:colcon.colcon_core.verb:set package 'diffdrive_arduino' build argument 'catkin_skip_building_tests' from command line to 'False'
[0.963s] DEBUG:colcon.colcon_core.verb:Building package 'diffdrive_arduino' with the following arguments: {'ament_cmake_args': None, 'build_base': '/home/nwhit210/omnicar_ws/build/diffdrive_arduino', 'catkin_cmake_args': None, 'catkin_skip_building_tests': False, 'cmake_args': None, 'cmake_clean_cache': False, 'cmake_clean_first': False, 'cmake_force_configure': False, 'cmake_target': None, 'cmake_target_skip_unavailable': False, 'install_base': '/home/nwhit210/omnicar_ws/install/diffdrive_arduino', 'merge_install': False, 'path': '/home/nwhit210/omnicar_ws/src/diffdrive_arduino', 'symlink_install': False, 'test_result_base': None}
[0.963s] Level 5:colcon.colcon_core.verb:set package 'mecanum_drive_controller' build argument 'cmake_args' from command line to 'None'
[0.963s] Level 5:colcon.colcon_core.verb:set package 'mecanum_drive_controller' build argument 'cmake_target' from command line to 'None'
[0.963s] Level 5:colcon.colcon_core.verb:set package 'mecanum_drive_controller' build argument 'cmake_target_skip_unavailable' from command line to 'False'
[0.963s] Level 5:colcon.colcon_core.verb:set package 'mecanum_drive_controller' build argument 'cmake_clean_cache' from command line to 'False'
[0.963s] Level 5:colcon.colcon_core.verb:set package 'mecanum_drive_controller' build argument 'cmake_clean_first' from command line to 'False'
[0.963s] Level 5:colcon.colcon_core.verb:set package 'mecanum_drive_controller' build argument 'cmake_force_configure' from command line to 'False'
[0.963s] Level 5:colcon.colcon_core.verb:set package 'mecanum_drive_controller' build argument 'ament_cmake_args' from command line to 'None'
[0.963s] Level 5:colcon.colcon_core.verb:set package 'mecanum_drive_controller' build argument 'catkin_cmake_args' from command line to 'None'
[0.963s] Level 5:colcon.colcon_core.verb:set package 'mecanum_drive_controller' build argument 'catkin_skip_building_tests' from command line to 'False'
[0.964s] DEBUG:colcon.colcon_core.verb:Building package 'mecanum_drive_controller' with the following arguments: {'ament_cmake_args': None, 'build_base': '/home/nwhit210/omnicar_ws/build/mecanum_drive_controller', 'catkin_cmake_args': None, 'catkin_skip_building_tests': False, 'cmake_args': None, 'cmake_clean_cache': False, 'cmake_clean_first': False, 'cmake_force_configure': False, 'cmake_target': None, 'cmake_target_skip_unavailable': False, 'install_base': '/home/nwhit210/omnicar_ws/install/mecanum_drive_controller', 'merge_install': False, 'path': '/home/nwhit210/omnicar_ws/src/mecanum_drive_controller', 'symlink_install': False, 'test_result_base': None}
[0.964s] Level 5:colcon.colcon_core.verb:set package 'omnicar' build argument 'cmake_args' from command line to 'None'
[0.964s] Level 5:colcon.colcon_core.verb:set package 'omnicar' build argument 'cmake_target' from command line to 'None'
[0.964s] Level 5:colcon.colcon_core.verb:set package 'omnicar' build argument 'cmake_target_skip_unavailable' from command line to 'False'
[0.964s] Level 5:colcon.colcon_core.verb:set package 'omnicar' build argument 'cmake_clean_cache' from command line to 'False'
[0.964s] Level 5:colcon.colcon_core.verb:set package 'omnicar' build argument 'cmake_clean_first' from command line to 'False'
[0.964s] Level 5:colcon.colcon_core.verb:set package 'omnicar' build argument 'cmake_force_configure' from command line to 'False'
[0.964s] Level 5:colcon.colcon_core.verb:set package 'omnicar' build argument 'ament_cmake_args' from command line to 'None'
[0.964s] Level 5:colcon.colcon_core.verb:set package 'omnicar' build argument 'catkin_cmake_args' from command line to 'None'
[0.964s] Level 5:colcon.colcon_core.verb:set package 'omnicar' build argument 'catkin_skip_building_tests' from command line to 'False'
[0.964s] DEBUG:colcon.colcon_core.verb:Building package 'omnicar' with the following arguments: {'ament_cmake_args': None, 'build_base': '/home/nwhit210/omnicar_ws/build/omnicar', 'catkin_cmake_args': None, 'catkin_skip_building_tests': False, 'cmake_args': None, 'cmake_clean_cache': False, 'cmake_clean_first': False, 'cmake_force_configure': False, 'cmake_target': None, 'cmake_target_skip_unavailable': False, 'install_base': '/home/nwhit210/omnicar_ws/install/omnicar', 'merge_install': False, 'path': '/home/nwhit210/omnicar_ws/src/omnicar', 'symlink_install': False, 'test_result_base': None}
[0.964s] INFO:colcon.colcon_core.executor:Executing jobs using 'parallel' executor
[0.965s] DEBUG:colcon.colcon_parallel_executor.executor.parallel:run_until_complete
[0.966s] INFO:colcon.colcon_ros.task.ament_cmake.build:Building ROS package in '/home/nwhit210/omnicar_ws/src/arduino_controller' with build type 'ament_cmake'
[0.966s] INFO:colcon.colcon_cmake.task.cmake.build:Building CMake package in '/home/nwhit210/omnicar_ws/src/arduino_controller'
[0.976s] INFO:colcon.colcon_core.plugin_system:Skipping extension 'colcon_core.shell.bat': Not used on non-Windows systems
[0.976s] INFO:colcon.colcon_core.shell:Skip shell extension 'powershell' for command environment: Not usable outside of PowerShell
[0.976s] DEBUG:colcon.colcon_core.shell:Skip shell extension 'dsv' for command environment
[0.981s] INFO:colcon.colcon_ros.task.ament_cmake.build:Building ROS package in '/home/nwhit210/omnicar_ws/src/diffdrive_arduino' with build type 'ament_cmake'
[0.982s] INFO:colcon.colcon_cmake.task.cmake.build:Building CMake package in '/home/nwhit210/omnicar_ws/src/diffdrive_arduino'
[0.982s] INFO:colcon.colcon_core.shell:Skip shell extension 'powershell' for command environment: Not usable outside of PowerShell
[0.982s] DEBUG:colcon.colcon_core.shell:Skip shell extension 'dsv' for command environment
[0.990s] INFO:colcon.colcon_ros.task.ament_cmake.build:Building ROS package in '/home/nwhit210/omnicar_ws/src/mecanum_drive_controller' with build type 'ament_cmake'
[0.991s] INFO:colcon.colcon_cmake.task.cmake.build:Building CMake package in '/home/nwhit210/omnicar_ws/src/mecanum_drive_controller'
[0.991s] INFO:colcon.colcon_core.shell:Skip shell extension 'powershell' for command environment: Not usable outside of PowerShell
[0.991s] DEBUG:colcon.colcon_core.shell:Skip shell extension 'dsv' for command environment
[0.997s] INFO:colcon.colcon_ros.task.ament_cmake.build:Building ROS package in '/home/nwhit210/omnicar_ws/src/omnicar' with build type 'ament_cmake'
[0.997s] INFO:colcon.colcon_cmake.task.cmake.build:Building CMake package in '/home/nwhit210/omnicar_ws/src/omnicar'
[0.997s] INFO:colcon.colcon_core.shell:Skip shell extension 'powershell' for command environment: Not usable outside of PowerShell
[0.998s] DEBUG:colcon.colcon_core.shell:Skip shell extension 'dsv' for command environment
[1.012s] DEBUG:colcon.colcon_core.event_handler.log_command:Invoking command in '/home/nwhit210/omnicar_ws/build/arduino_hardware_controller': CMAKE_PREFIX_PATH=${CMAKE_PREFIX_PATH}:/opt/ros/humble /usr/bin/cmake --build /home/nwhit210/omnicar_ws/build/arduino_hardware_controller -- -j8 -l8
[1.018s] DEBUG:colcon.colcon_core.event_handler.log_command:Invoking command in '/home/nwhit210/omnicar_ws/build/diffdrive_arduino': CMAKE_PREFIX_PATH=${CMAKE_PREFIX_PATH}:/opt/ros/humble /usr/bin/cmake --build /home/nwhit210/omnicar_ws/build/diffdrive_arduino -- -j8 -l8
[1.023s] DEBUG:colcon.colcon_core.event_handler.log_command:Invoking command in '/home/nwhit210/omnicar_ws/build/mecanum_drive_controller': CMAKE_PREFIX_PATH=${CMAKE_PREFIX_PATH}:/opt/ros/humble /usr/bin/cmake --build /home/nwhit210/omnicar_ws/build/mecanum_drive_controller -- -j8 -l8
[1.041s] DEBUG:colcon.colcon_core.event_handler.log_command:Invoking command in '/home/nwhit210/omnicar_ws/build/omnicar': CMAKE_PREFIX_PATH=${CMAKE_PREFIX_PATH}:/opt/ros/humble /usr/bin/cmake --build /home/nwhit210/omnicar_ws/build/omnicar -- -j8 -l8
[1.137s] DEBUG:colcon.colcon_core.event_handler.log_command:Invoked command in '/home/nwhit210/omnicar_ws/build/omnicar' returned '0': CMAKE_PREFIX_PATH=${CMAKE_PREFIX_PATH}:/opt/ros/humble /usr/bin/cmake --build /home/nwhit210/omnicar_ws/build/omnicar -- -j8 -l8
[1.151s] DEBUG:colcon.colcon_core.event_handler.log_command:Invoking command in '/home/nwhit210/omnicar_ws/build/omnicar': CMAKE_PREFIX_PATH=${CMAKE_PREFIX_PATH}:/opt/ros/humble /usr/bin/cmake --install /home/nwhit210/omnicar_ws/build/omnicar
[1.176s] Level 1:colcon.colcon_core.environment:create_environment_scripts_only(omnicar)
[1.181s] DEBUG:colcon.colcon_core.event_handler.log_command:Invoked command in '/home/nwhit210/omnicar_ws/build/omnicar' returned '0': CMAKE_PREFIX_PATH=${CMAKE_PREFIX_PATH}:/opt/ros/humble /usr/bin/cmake --install /home/nwhit210/omnicar_ws/build/omnicar
[1.199s] Level 1:colcon.colcon_core.environment:checking '/home/nwhit210/omnicar_ws/install/omnicar' for CMake module files
[1.200s] Level 1:colcon.colcon_core.environment:checking '/home/nwhit210/omnicar_ws/install/omnicar' for CMake config files
[1.200s] Level 1:colcon.colcon_core.shell:create_environment_hook('omnicar', 'cmake_prefix_path')
[1.200s] INFO:colcon.colcon_core.shell:Creating environment hook '/home/nwhit210/omnicar_ws/install/omnicar/share/omnicar/hook/cmake_prefix_path.ps1'
[1.202s] INFO:colcon.colcon_core.shell:Creating environment descriptor '/home/nwhit210/omnicar_ws/install/omnicar/share/omnicar/hook/cmake_prefix_path.dsv'
[1.204s] INFO:colcon.colcon_core.shell:Creating environment hook '/home/nwhit210/omnicar_ws/install/omnicar/share/omnicar/hook/cmake_prefix_path.sh'
[1.206s] Level 1:colcon.colcon_core.environment:checking '/home/nwhit210/omnicar_ws/install/omnicar/bin'
[1.207s] Level 1:colcon.colcon_core.environment:checking '/home/nwhit210/omnicar_ws/install/omnicar/lib/pkgconfig/omnicar.pc'
[1.207s] Level 1:colcon.colcon_core.environment:checking '/home/nwhit210/omnicar_ws/install/omnicar/lib/python3.10/site-packages'
[1.208s] Level 1:colcon.colcon_core.environment:checking '/home/nwhit210/omnicar_ws/install/omnicar/bin'
[1.208s] INFO:colcon.colcon_core.shell:Creating package script '/home/nwhit210/omnicar_ws/install/omnicar/share/omnicar/package.ps1'
[1.210s] INFO:colcon.colcon_core.shell:Creating package descriptor '/home/nwhit210/omnicar_ws/install/omnicar/share/omnicar/package.dsv'
[1.211s] INFO:colcon.colcon_core.shell:Creating package script '/home/nwhit210/omnicar_ws/install/omnicar/share/omnicar/package.sh'
[1.213s] INFO:colcon.colcon_core.shell:Creating package script '/home/nwhit210/omnicar_ws/install/omnicar/share/omnicar/package.bash'
[1.214s] INFO:colcon.colcon_core.shell:Creating package script '/home/nwhit210/omnicar_ws/install/omnicar/share/omnicar/package.zsh'
[1.216s] Level 1:colcon.colcon_core.environment:create_file_with_runtime_dependencies(/home/nwhit210/omnicar_ws/install/omnicar/share/colcon-core/packages/omnicar)
[1.218s] Level 1:colcon.colcon_core.environment:create_environment_scripts_only(omnicar)
[1.218s] Level 1:colcon.colcon_core.environment:checking '/home/nwhit210/omnicar_ws/install/omnicar' for CMake module files
[1.219s] Level 1:colcon.colcon_core.environment:checking '/home/nwhit210/omnicar_ws/install/omnicar' for CMake config files
[1.219s] Level 1:colcon.colcon_core.shell:create_environment_hook('omnicar', 'cmake_prefix_path')
[1.219s] INFO:colcon.colcon_core.shell:Creating environment hook '/home/nwhit210/omnicar_ws/install/omnicar/share/omnicar/hook/cmake_prefix_path.ps1'
[1.220s] INFO:colcon.colcon_core.shell:Creating environment descriptor '/home/nwhit210/omnicar_ws/install/omnicar/share/omnicar/hook/cmake_prefix_path.dsv'
[1.221s] INFO:colcon.colcon_core.shell:Creating environment hook '/home/nwhit210/omnicar_ws/install/omnicar/share/omnicar/hook/cmake_prefix_path.sh'
[1.222s] Level 1:colcon.colcon_core.environment:checking '/home/nwhit210/omnicar_ws/install/omnicar/bin'
[1.223s] Level 1:colcon.colcon_core.environment:checking '/home/nwhit210/omnicar_ws/install/omnicar/lib/pkgconfig/omnicar.pc'
[1.223s] Level 1:colcon.colcon_core.environment:checking '/home/nwhit210/omnicar_ws/install/omnicar/lib/python3.10/site-packages'
[1.223s] Level 1:colcon.colcon_core.environment:checking '/home/nwhit210/omnicar_ws/install/omnicar/bin'
[1.224s] INFO:colcon.colcon_core.shell:Creating package script '/home/nwhit210/omnicar_ws/install/omnicar/share/omnicar/package.ps1'
[1.227s] INFO:colcon.colcon_core.shell:Creating package descriptor '/home/nwhit210/omnicar_ws/install/omnicar/share/omnicar/package.dsv'
[1.228s] INFO:colcon.colcon_core.shell:Creating package script '/home/nwhit210/omnicar_ws/install/omnicar/share/omnicar/package.sh'
[1.229s] INFO:colcon.colcon_core.shell:Creating package script '/home/nwhit210/omnicar_ws/install/omnicar/share/omnicar/package.bash'
[1.230s] INFO:colcon.colcon_core.shell:Creating package script '/home/nwhit210/omnicar_ws/install/omnicar/share/omnicar/package.zsh'
[1.231s] Level 1:colcon.colcon_core.environment:create_file_with_runtime_dependencies(/home/nwhit210/omnicar_ws/install/omnicar/share/colcon-core/packages/omnicar)
[1.260s] DEBUG:colcon.colcon_core.event_handler.log_command:Invoked command in '/home/nwhit210/omnicar_ws/build/diffdrive_arduino' returned '0': CMAKE_PREFIX_PATH=${CMAKE_PREFIX_PATH}:/opt/ros/humble /usr/bin/cmake --build /home/nwhit210/omnicar_ws/build/diffdrive_arduino -- -j8 -l8
[1.263s] DEBUG:colcon.colcon_core.event_handler.log_command:Invoking command in '/home/nwhit210/omnicar_ws/build/diffdrive_arduino': CMAKE_PREFIX_PATH=${CMAKE_PREFIX_PATH}:/opt/ros/humble /usr/bin/cmake --install /home/nwhit210/omnicar_ws/build/diffdrive_arduino
[1.266s] DEBUG:colcon.colcon_core.event_handler.log_command:Invoked command in '/home/nwhit210/omnicar_ws/build/arduino_hardware_controller' returned '0': CMAKE_PREFIX_PATH=${CMAKE_PREFIX_PATH}:/opt/ros/humble /usr/bin/cmake --build /home/nwhit210/omnicar_ws/build/arduino_hardware_controller -- -j8 -l8
[1.268s] DEBUG:colcon.colcon_core.event_handler.log_command:Invoking command in '/home/nwhit210/omnicar_ws/build/arduino_hardware_controller': CMAKE_PREFIX_PATH=${CMAKE_PREFIX_PATH}:/opt/ros/humble /usr/bin/cmake --install /home/nwhit210/omnicar_ws/build/arduino_hardware_controller
[1.281s] Level 1:colcon.colcon_core.environment:create_environment_scripts_only(diffdrive_arduino)
[1.281s] Level 1:colcon.colcon_core.environment:checking '/home/nwhit210/omnicar_ws/install/diffdrive_arduino' for CMake module files
[1.282s] Level 1:colcon.colcon_core.environment:checking '/home/nwhit210/omnicar_ws/install/diffdrive_arduino' for CMake config files
[1.282s] Level 1:colcon.colcon_core.shell:create_environment_hook('diffdrive_arduino', 'cmake_prefix_path')
[1.283s] INFO:colcon.colcon_core.shell:Creating environment hook '/home/nwhit210/omnicar_ws/install/diffdrive_arduino/share/diffdrive_arduino/hook/cmake_prefix_path.ps1'
[1.283s] INFO:colcon.colcon_core.shell:Creating environment descriptor '/home/nwhit210/omnicar_ws/install/diffdrive_arduino/share/diffdrive_arduino/hook/cmake_prefix_path.dsv'
[1.284s] INFO:colcon.colcon_core.shell:Creating environment hook '/home/nwhit210/omnicar_ws/install/diffdrive_arduino/share/diffdrive_arduino/hook/cmake_prefix_path.sh'
[1.285s] Level 1:colcon.colcon_core.environment:checking '/home/nwhit210/omnicar_ws/install/diffdrive_arduino/lib'
[1.285s] Level 1:colcon.colcon_core.shell:create_environment_hook('diffdrive_arduino', 'ld_library_path_lib')
[1.285s] INFO:colcon.colcon_core.shell:Creating environment hook '/home/nwhit210/omnicar_ws/install/diffdrive_arduino/share/diffdrive_arduino/hook/ld_library_path_lib.ps1'
[1.286s] INFO:colcon.colcon_core.shell:Creating environment descriptor '/home/nwhit210/omnicar_ws/install/diffdrive_arduino/share/diffdrive_arduino/hook/ld_library_path_lib.dsv'
[1.286s] INFO:colcon.colcon_core.shell:Creating environment hook '/home/nwhit210/omnicar_ws/install/diffdrive_arduino/share/diffdrive_arduino/hook/ld_library_path_lib.sh'
[1.287s] Level 1:colcon.colcon_core.environment:checking '/home/nwhit210/omnicar_ws/install/diffdrive_arduino/bin'
[1.287s] Level 1:colcon.colcon_core.environment:checking '/home/nwhit210/omnicar_ws/install/diffdrive_arduino/lib/pkgconfig/diffdrive_arduino.pc'
[1.287s] Level 1:colcon.colcon_core.environment:checking '/home/nwhit210/omnicar_ws/install/diffdrive_arduino/lib/python3.10/site-packages'
[1.292s] DEBUG:colcon.colcon_core.event_handler.log_command:Invoked command in '/home/nwhit210/omnicar_ws/build/diffdrive_arduino' returned '0': CMAKE_PREFIX_PATH=${CMAKE_PREFIX_PATH}:/opt/ros/humble /usr/bin/cmake --install /home/nwhit210/omnicar_ws/build/diffdrive_arduino
[1.301s] Level 1:colcon.colcon_core.environment:checking '/home/nwhit210/omnicar_ws/install/diffdrive_arduino/bin'
[1.303s] INFO:colcon.colcon_core.shell:Creating package script '/home/nwhit210/omnicar_ws/install/diffdrive_arduino/share/diffdrive_arduino/package.ps1'
[1.307s] INFO:colcon.colcon_core.shell:Creating package descriptor '/home/nwhit210/omnicar_ws/install/diffdrive_arduino/share/diffdrive_arduino/package.dsv'
[1.308s] INFO:colcon.colcon_core.shell:Creating package script '/home/nwhit210/omnicar_ws/install/diffdrive_arduino/share/diffdrive_arduino/package.sh'
[1.308s] INFO:colcon.colcon_core.shell:Creating package script '/home/nwhit210/omnicar_ws/install/diffdrive_arduino/share/diffdrive_arduino/package.bash'
[1.309s] INFO:colcon.colcon_core.shell:Creating package script '/home/nwhit210/omnicar_ws/install/diffdrive_arduino/share/diffdrive_arduino/package.zsh'
[1.309s] Level 1:colcon.colcon_core.environment:create_file_with_runtime_dependencies(/home/nwhit210/omnicar_ws/install/diffdrive_arduino/share/colcon-core/packages/diffdrive_arduino)
[1.310s] Level 1:colcon.colcon_core.environment:create_environment_scripts_only(diffdrive_arduino)
[1.311s] Level 1:colcon.colcon_core.environment:checking '/home/nwhit210/omnicar_ws/install/diffdrive_arduino' for CMake module files
[1.311s] Level 1:colcon.colcon_core.environment:checking '/home/nwhit210/omnicar_ws/install/diffdrive_arduino' for CMake config files
[1.311s] Level 1:colcon.colcon_core.shell:create_environment_hook('diffdrive_arduino', 'cmake_prefix_path')
[1.312s] INFO:colcon.colcon_core.shell:Creating environment hook '/home/nwhit210/omnicar_ws/install/diffdrive_arduino/share/diffdrive_arduino/hook/cmake_prefix_path.ps1'
[1.312s] INFO:colcon.colcon_core.shell:Creating environment descriptor '/home/nwhit210/omnicar_ws/install/diffdrive_arduino/share/diffdrive_arduino/hook/cmake_prefix_path.dsv'
[1.313s] INFO:colcon.colcon_core.shell:Creating environment hook '/home/nwhit210/omnicar_ws/install/diffdrive_arduino/share/diffdrive_arduino/hook/cmake_prefix_path.sh'
[1.313s] Level 1:colcon.colcon_core.environment:checking '/home/nwhit210/omnicar_ws/install/diffdrive_arduino/lib'
[1.314s] Level 1:colcon.colcon_core.shell:create_environment_hook('diffdrive_arduino', 'ld_library_path_lib')
[1.314s] INFO:colcon.colcon_core.shell:Creating environment hook '/home/nwhit210/omnicar_ws/install/diffdrive_arduino/share/diffdrive_arduino/hook/ld_library_path_lib.ps1'
[1.314s] INFO:colcon.colcon_core.shell:Creating environment descriptor '/home/nwhit210/omnicar_ws/install/diffdrive_arduino/share/diffdrive_arduino/hook/ld_library_path_lib.dsv'
[1.315s] INFO:colcon.colcon_core.shell:Creating environment hook '/home/nwhit210/omnicar_ws/install/diffdrive_arduino/share/diffdrive_arduino/hook/ld_library_path_lib.sh'
[1.315s] Level 1:colcon.colcon_core.environment:checking '/home/nwhit210/omnicar_ws/install/diffdrive_arduino/bin'
[1.315s] Level 1:colcon.colcon_core.environment:checking '/home/nwhit210/omnicar_ws/install/diffdrive_arduino/lib/pkgconfig/diffdrive_arduino.pc'
[1.316s] Level 1:colcon.colcon_core.environment:checking '/home/nwhit210/omnicar_ws/install/diffdrive_arduino/lib/python3.10/site-packages'
[1.316s] Level 1:colcon.colcon_core.environment:checking '/home/nwhit210/omnicar_ws/install/diffdrive_arduino/bin'
[1.316s] INFO:colcon.colcon_core.shell:Creating package script '/home/nwhit210/omnicar_ws/install/diffdrive_arduino/share/diffdrive_arduino/package.ps1'
[1.320s] INFO:colcon.colcon_core.shell:Creating package descriptor '/home/nwhit210/omnicar_ws/install/diffdrive_arduino/share/diffdrive_arduino/package.dsv'
[1.321s] INFO:colcon.colcon_core.shell:Creating package script '/home/nwhit210/omnicar_ws/install/diffdrive_arduino/share/diffdrive_arduino/package.sh'
[1.322s] INFO:colcon.colcon_core.shell:Creating package script '/home/nwhit210/omnicar_ws/install/diffdrive_arduino/share/diffdrive_arduino/package.bash'
[1.322s] INFO:colcon.colcon_core.shell:Creating package script '/home/nwhit210/omnicar_ws/install/diffdrive_arduino/share/diffdrive_arduino/package.zsh'
[1.323s] Level 1:colcon.colcon_core.environment:create_file_with_runtime_dependencies(/home/nwhit210/omnicar_ws/install/diffdrive_arduino/share/colcon-core/packages/diffdrive_arduino)
[1.326s] Level 1:colcon.colcon_core.environment:create_environment_scripts_only(arduino_hardware_controller)
[1.327s] Level 1:colcon.colcon_core.environment:checking '/home/nwhit210/omnicar_ws/install/arduino_hardware_controller' for CMake module files
[1.330s] DEBUG:colcon.colcon_core.event_handler.log_command:Invoked command in '/home/nwhit210/omnicar_ws/build/arduino_hardware_controller' returned '0': CMAKE_PREFIX_PATH=${CMAKE_PREFIX_PATH}:/opt/ros/humble /usr/bin/cmake --install /home/nwhit210/omnicar_ws/build/arduino_hardware_controller
[1.331s] Level 1:colcon.colcon_core.environment:checking '/home/nwhit210/omnicar_ws/install/arduino_hardware_controller' for CMake config files
[1.331s] Level 1:colcon.colcon_core.shell:create_environment_hook('arduino_hardware_controller', 'cmake_prefix_path')
[1.332s] INFO:colcon.colcon_core.shell:Creating environment hook '/home/nwhit210/omnicar_ws/install/arduino_hardware_controller/share/arduino_hardware_controller/hook/cmake_prefix_path.ps1'
[1.333s] INFO:colcon.colcon_core.shell:Creating environment descriptor '/home/nwhit210/omnicar_ws/install/arduino_hardware_controller/share/arduino_hardware_controller/hook/cmake_prefix_path.dsv'
[1.333s] INFO:colcon.colcon_core.shell:Creating environment hook '/home/nwhit210/omnicar_ws/install/arduino_hardware_controller/share/arduino_hardware_controller/hook/cmake_prefix_path.sh'
[1.334s] Level 1:colcon.colcon_core.environment:checking '/home/nwhit210/omnicar_ws/install/arduino_hardware_controller/lib'
[1.334s] Level 1:colcon.colcon_core.shell:create_environment_hook('arduino_hardware_controller', 'ld_library_path_lib')
[1.334s] INFO:colcon.colcon_core.shell:Creating environment hook '/home/nwhit210/omnicar_ws/install/arduino_hardware_controller/share/arduino_hardware_controller/hook/ld_library_path_lib.ps1'
[1.334s] INFO:colcon.colcon_core.shell:Creating environment descriptor '/home/nwhit210/omnicar_ws/install/arduino_hardware_controller/share/arduino_hardware_controller/hook/ld_library_path_lib.dsv'
[1.334s] INFO:colcon.colcon_core.shell:Creating environment hook '/home/nwhit210/omnicar_ws/install/arduino_hardware_controller/share/arduino_hardware_controller/hook/ld_library_path_lib.sh'
[1.335s] Level 1:colcon.colcon_core.environment:checking '/home/nwhit210/omnicar_ws/install/arduino_hardware_controller/bin'
[1.335s] Level 1:colcon.colcon_core.environment:checking '/home/nwhit210/omnicar_ws/install/arduino_hardware_controller/lib/pkgconfig/arduino_hardware_controller.pc'
[1.335s] Level 1:colcon.colcon_core.environment:checking '/home/nwhit210/omnicar_ws/install/arduino_hardware_controller/lib/python3.10/site-packages'
[1.335s] Level 1:colcon.colcon_core.environment:checking '/home/nwhit210/omnicar_ws/install/arduino_hardware_controller/bin'
[1.336s] INFO:colcon.colcon_core.shell:Creating package script '/home/nwhit210/omnicar_ws/install/arduino_hardware_controller/share/arduino_hardware_controller/package.ps1'
[1.336s] INFO:colcon.colcon_core.shell:Creating package descriptor '/home/nwhit210/omnicar_ws/install/arduino_hardware_controller/share/arduino_hardware_controller/package.dsv'
[1.337s] INFO:colcon.colcon_core.shell:Creating package script '/home/nwhit210/omnicar_ws/install/arduino_hardware_controller/share/arduino_hardware_controller/package.sh'
[1.337s] INFO:colcon.colcon_core.shell:Creating package script '/home/nwhit210/omnicar_ws/install/arduino_hardware_controller/share/arduino_hardware_controller/package.bash'
[1.338s] INFO:colcon.colcon_core.shell:Creating package script '/home/nwhit210/omnicar_ws/install/arduino_hardware_controller/share/arduino_hardware_controller/package.zsh'
[1.338s] Level 1:colcon.colcon_core.environment:create_file_with_runtime_dependencies(/home/nwhit210/omnicar_ws/install/arduino_hardware_controller/share/colcon-core/packages/arduino_hardware_controller)
[1.339s] Level 1:colcon.colcon_core.environment:create_environment_scripts_only(arduino_hardware_controller)
[1.339s] Level 1:colcon.colcon_core.environment:checking '/home/nwhit210/omnicar_ws/install/arduino_hardware_controller' for CMake module files
[1.339s] Level 1:colcon.colcon_core.environment:checking '/home/nwhit210/omnicar_ws/install/arduino_hardware_controller' for CMake config files
[1.340s] Level 1:colcon.colcon_core.shell:create_environment_hook('arduino_hardware_controller', 'cmake_prefix_path')
[1.340s] INFO:colcon.colcon_core.shell:Creating environment hook '/home/nwhit210/omnicar_ws/install/arduino_hardware_controller/share/arduino_hardware_controller/hook/cmake_prefix_path.ps1'
[1.341s] INFO:colcon.colcon_core.shell:Creating environment descriptor '/home/nwhit210/omnicar_ws/install/arduino_hardware_controller/share/arduino_hardware_controller/hook/cmake_prefix_path.dsv'
[1.342s] INFO:colcon.colcon_core.shell:Creating environment hook '/home/nwhit210/omnicar_ws/install/arduino_hardware_controller/share/arduino_hardware_controller/hook/cmake_prefix_path.sh'
[1.343s] Level 1:colcon.colcon_core.environment:checking '/home/nwhit210/omnicar_ws/install/arduino_hardware_controller/lib'
[1.343s] Level 1:colcon.colcon_core.shell:create_environment_hook('arduino_hardware_controller', 'ld_library_path_lib')
[1.343s] INFO:colcon.colcon_core.shell:Creating environment hook '/home/nwhit210/omnicar_ws/install/arduino_hardware_controller/share/arduino_hardware_controller/hook/ld_library_path_lib.ps1'
[1.344s] INFO:colcon.colcon_core.shell:Creating environment descriptor '/home/nwhit210/omnicar_ws/install/arduino_hardware_controller/share/arduino_hardware_controller/hook/ld_library_path_lib.dsv'
[1.344s] INFO:colcon.colcon_core.shell:Creating environment hook '/home/nwhit210/omnicar_ws/install/arduino_hardware_controller/share/arduino_hardware_controller/hook/ld_library_path_lib.sh'
[1.345s] Level 1:colcon.colcon_core.environment:checking '/home/nwhit210/omnicar_ws/install/arduino_hardware_controller/bin'
[1.345s] Level 1:colcon.colcon_core.environment:checking '/home/nwhit210/omnicar_ws/install/arduino_hardware_controller/lib/pkgconfig/arduino_hardware_controller.pc'
[1.346s] Level 1:colcon.colcon_core.environment:checking '/home/nwhit210/omnicar_ws/install/arduino_hardware_controller/lib/python3.10/site-packages'
[1.346s] Level 1:colcon.colcon_core.environment:checking '/home/nwhit210/omnicar_ws/install/arduino_hardware_controller/bin'
[1.346s] INFO:colcon.colcon_core.shell:Creating package script '/home/nwhit210/omnicar_ws/install/arduino_hardware_controller/share/arduino_hardware_controller/package.ps1'
[1.347s] INFO:colcon.colcon_core.shell:Creating package descriptor '/home/nwhit210/omnicar_ws/install/arduino_hardware_controller/share/arduino_hardware_controller/package.dsv'
[1.347s] INFO:colcon.colcon_core.shell:Creating package script '/home/nwhit210/omnicar_ws/install/arduino_hardware_controller/share/arduino_hardware_controller/package.sh'
[1.348s] INFO:colcon.colcon_core.shell:Creating package script '/home/nwhit210/omnicar_ws/install/arduino_hardware_controller/share/arduino_hardware_controller/package.bash'
[1.348s] INFO:colcon.colcon_core.shell:Creating package script '/home/nwhit210/omnicar_ws/install/arduino_hardware_controller/share/arduino_hardware_controller/package.zsh'
[1.349s] Level 1:colcon.colcon_core.environment:create_file_with_runtime_dependencies(/home/nwhit210/omnicar_ws/install/arduino_hardware_controller/share/colcon-core/packages/arduino_hardware_controller)
[1.352s] DEBUG:colcon.colcon_core.event_handler.log_command:Invoked command in '/home/nwhit210/omnicar_ws/build/mecanum_drive_controller' returned '0': CMAKE_PREFIX_PATH=${CMAKE_PREFIX_PATH}:/opt/ros/humble /usr/bin/cmake --build /home/nwhit210/omnicar_ws/build/mecanum_drive_controller -- -j8 -l8
[1.354s] DEBUG:colcon.colcon_core.event_handler.log_command:Invoking command in '/home/nwhit210/omnicar_ws/build/mecanum_drive_controller': CMAKE_PREFIX_PATH=${CMAKE_PREFIX_PATH}:/opt/ros/humble /usr/bin/cmake --install /home/nwhit210/omnicar_ws/build/mecanum_drive_controller
[1.371s] Level 1:colcon.colcon_core.environment:create_environment_scripts_only(mecanum_drive_controller)
[1.372s] Level 1:colcon.colcon_core.environment:checking '/home/nwhit210/omnicar_ws/install/mecanum_drive_controller' for CMake module files
[1.372s] DEBUG:colcon.colcon_core.event_handler.log_command:Invoked command in '/home/nwhit210/omnicar_ws/build/mecanum_drive_controller' returned '0': CMAKE_PREFIX_PATH=${CMAKE_PREFIX_PATH}:/opt/ros/humble /usr/bin/cmake --install /home/nwhit210/omnicar_ws/build/mecanum_drive_controller
[1.373s] Level 1:colcon.colcon_core.environment:checking '/home/nwhit210/omnicar_ws/install/mecanum_drive_controller' for CMake config files
[1.374s] Level 1:colcon.colcon_core.shell:create_environment_hook('mecanum_drive_controller', 'cmake_prefix_path')
[1.374s] INFO:colcon.colcon_core.shell:Creating environment hook '/home/nwhit210/omnicar_ws/install/mecanum_drive_controller/share/mecanum_drive_controller/hook/cmake_prefix_path.ps1'
[1.375s] INFO:colcon.colcon_core.shell:Creating environment descriptor '/home/nwhit210/omnicar_ws/install/mecanum_drive_controller/share/mecanum_drive_controller/hook/cmake_prefix_path.dsv'
[1.376s] INFO:colcon.colcon_core.shell:Creating environment hook '/home/nwhit210/omnicar_ws/install/mecanum_drive_controller/share/mecanum_drive_controller/hook/cmake_prefix_path.sh'
[1.378s] Level 1:colcon.colcon_core.environment:checking '/home/nwhit210/omnicar_ws/install/mecanum_drive_controller/lib'
[1.378s] Level 1:colcon.colcon_core.shell:create_environment_hook('mecanum_drive_controller', 'ld_library_path_lib')
[1.379s] INFO:colcon.colcon_core.shell:Creating environment hook '/home/nwhit210/omnicar_ws/install/mecanum_drive_controller/share/mecanum_drive_controller/hook/ld_library_path_lib.ps1'
[1.379s] INFO:colcon.colcon_core.shell:Creating environment descriptor '/home/nwhit210/omnicar_ws/install/mecanum_drive_controller/share/mecanum_drive_controller/hook/ld_library_path_lib.dsv'
[1.379s] INFO:colcon.colcon_core.shell:Creating environment hook '/home/nwhit210/omnicar_ws/install/mecanum_drive_controller/share/mecanum_drive_controller/hook/ld_library_path_lib.sh'
[1.380s] Level 1:colcon.colcon_core.environment:checking '/home/nwhit210/omnicar_ws/install/mecanum_drive_controller/bin'
[1.380s] Level 1:colcon.colcon_core.environment:checking '/home/nwhit210/omnicar_ws/install/mecanum_drive_controller/lib/pkgconfig/mecanum_drive_controller.pc'
[1.380s] Level 1:colcon.colcon_core.environment:checking '/home/nwhit210/omnicar_ws/install/mecanum_drive_controller/lib/python3.10/site-packages'
[1.380s] Level 1:colcon.colcon_core.environment:checking '/home/nwhit210/omnicar_ws/install/mecanum_drive_controller/bin'
[1.381s] INFO:colcon.colcon_core.shell:Creating package script '/home/nwhit210/omnicar_ws/install/mecanum_drive_controller/share/mecanum_drive_controller/package.ps1'
[1.381s] INFO:colcon.colcon_core.shell:Creating package descriptor '/home/nwhit210/omnicar_ws/install/mecanum_drive_controller/share/mecanum_drive_controller/package.dsv'
[1.381s] INFO:colcon.colcon_core.shell:Creating package script '/home/nwhit210/omnicar_ws/install/mecanum_drive_controller/share/mecanum_drive_controller/package.sh'
[1.382s] INFO:colcon.colcon_core.shell:Creating package script '/home/nwhit210/omnicar_ws/install/mecanum_drive_controller/share/mecanum_drive_controller/package.bash'
[1.382s] INFO:colcon.colcon_core.shell:Creating package script '/home/nwhit210/omnicar_ws/install/mecanum_drive_controller/share/mecanum_drive_controller/package.zsh'
[1.382s] Level 1:colcon.colcon_core.environment:create_file_with_runtime_dependencies(/home/nwhit210/omnicar_ws/install/mecanum_drive_controller/share/colcon-core/packages/mecanum_drive_controller)
[1.383s] Level 1:colcon.colcon_core.environment:create_environment_scripts_only(mecanum_drive_controller)
[1.383s] Level 1:colcon.colcon_core.environment:checking '/home/nwhit210/omnicar_ws/install/mecanum_drive_controller' for CMake module files
[1.384s] Level 1:colcon.colcon_core.environment:checking '/home/nwhit210/omnicar_ws/install/mecanum_drive_controller' for CMake config files
[1.384s] Level 1:colcon.colcon_core.shell:create_environment_hook('mecanum_drive_controller', 'cmake_prefix_path')
[1.385s] INFO:colcon.colcon_core.shell:Creating environment hook '/home/nwhit210/omnicar_ws/install/mecanum_drive_controller/share/mecanum_drive_controller/hook/cmake_prefix_path.ps1'
[1.385s] INFO:colcon.colcon_core.shell:Creating environment descriptor '/home/nwhit210/omnicar_ws/install/mecanum_drive_controller/share/mecanum_drive_controller/hook/cmake_prefix_path.dsv'
[1.386s] INFO:colcon.colcon_core.shell:Creating environment hook '/home/nwhit210/omnicar_ws/install/mecanum_drive_controller/share/mecanum_drive_controller/hook/cmake_prefix_path.sh'
[1.386s] Level 1:colcon.colcon_core.environment:checking '/home/nwhit210/omnicar_ws/install/mecanum_drive_controller/lib'
[1.387s] Level 1:colcon.colcon_core.shell:create_environment_hook('mecanum_drive_controller', 'ld_library_path_lib')
[1.387s] INFO:colcon.colcon_core.shell:Creating environment hook '/home/nwhit210/omnicar_ws/install/mecanum_drive_controller/share/mecanum_drive_controller/hook/ld_library_path_lib.ps1'
[1.387s] INFO:colcon.colcon_core.shell:Creating environment descriptor '/home/nwhit210/omnicar_ws/install/mecanum_drive_controller/share/mecanum_drive_controller/hook/ld_library_path_lib.dsv'
[1.388s] INFO:colcon.colcon_core.shell:Creating environment hook '/home/nwhit210/omnicar_ws/install/mecanum_drive_controller/share/mecanum_drive_controller/hook/ld_library_path_lib.sh'
[1.388s] Level 1:colcon.colcon_core.environment:checking '/home/nwhit210/omnicar_ws/install/mecanum_drive_controller/bin'
[1.388s] Level 1:colcon.colcon_core.environment:checking '/home/nwhit210/omnicar_ws/install/mecanum_drive_controller/lib/pkgconfig/mecanum_drive_controller.pc'
[1.389s] Level 1:colcon.colcon_core.environment:checking '/home/nwhit210/omnicar_ws/install/mecanum_drive_controller/lib/python3.10/site-packages'
[1.389s] Level 1:colcon.colcon_core.environment:checking '/home/nwhit210/omnicar_ws/install/mecanum_drive_controller/bin'
[1.389s] INFO:colcon.colcon_core.shell:Creating package script '/home/nwhit210/omnicar_ws/install/mecanum_drive_controller/share/mecanum_drive_controller/package.ps1'
[1.390s] INFO:colcon.colcon_core.shell:Creating package descriptor '/home/nwhit210/omnicar_ws/install/mecanum_drive_controller/share/mecanum_drive_controller/package.dsv'
[1.391s] INFO:colcon.colcon_core.shell:Creating package script '/home/nwhit210/omnicar_ws/install/mecanum_drive_controller/share/mecanum_drive_controller/package.sh'
[1.392s] INFO:colcon.colcon_core.shell:Creating package script '/home/nwhit210/omnicar_ws/install/mecanum_drive_controller/share/mecanum_drive_controller/package.bash'
[1.393s] INFO:colcon.colcon_core.shell:Creating package script '/home/nwhit210/omnicar_ws/install/mecanum_drive_controller/share/mecanum_drive_controller/package.zsh'
[1.394s] Level 1:colcon.colcon_core.environment:create_file_with_runtime_dependencies(/home/nwhit210/omnicar_ws/install/mecanum_drive_controller/share/colcon-core/packages/mecanum_drive_controller)
[1.395s] DEBUG:colcon.colcon_parallel_executor.executor.parallel:closing loop
[1.395s] DEBUG:colcon.colcon_parallel_executor.executor.parallel:loop closed
[1.396s] DEBUG:colcon.colcon_parallel_executor.executor.parallel:run_until_complete finished with '0'
[1.397s] DEBUG:colcon.colcon_core.event_reactor:joining thread
[1.475s] INFO:colcon.colcon_core.plugin_system:Skipping extension 'colcon_notification.desktop_notification.notify_send': Could not find 'notify-send'
[1.475s] INFO:colcon.colcon_core.plugin_system:Skipping extension 'colcon_notification.desktop_notification.terminal_notifier': Not used on non-Darwin systems
[1.475s] INFO:colcon.colcon_core.plugin_system:Skipping extension 'colcon_notification.desktop_notification.win32': Not used on non-Windows systems
[1.475s] INFO:colcon.colcon_notification.desktop_notification:Sending desktop notification using 'notify2'
[1.475s] DEBUG:colcon.colcon_notification.desktop_notification.notify2:Failed to initialize notify2: org.freedesktop.DBus.Error.FileNotFound: Failed to connect to socket /run/user/1000/bus: No such file or directory
[1.475s] DEBUG:colcon.colcon_core.event_reactor:joined thread
[1.476s] INFO:colcon.colcon_core.shell:Creating prefix script '/home/nwhit210/omnicar_ws/install/local_setup.ps1'
[1.478s] INFO:colcon.colcon_core.shell:Creating prefix util module '/home/nwhit210/omnicar_ws/install/_local_setup_util_ps1.py'
[1.480s] INFO:colcon.colcon_core.shell:Creating prefix chain script '/home/nwhit210/omnicar_ws/install/setup.ps1'
[1.482s] INFO:colcon.colcon_core.shell:Creating prefix script '/home/nwhit210/omnicar_ws/install/local_setup.sh'
[1.483s] INFO:colcon.colcon_core.shell:Creating prefix util module '/home/nwhit210/omnicar_ws/install/_local_setup_util_sh.py'
[1.484s] INFO:colcon.colcon_core.shell:Creating prefix chain script '/home/nwhit210/omnicar_ws/install/setup.sh'
[1.486s] INFO:colcon.colcon_core.shell:Creating prefix script '/home/nwhit210/omnicar_ws/install/local_setup.bash'
[1.487s] INFO:colcon.colcon_core.shell:Creating prefix chain script '/home/nwhit210/omnicar_ws/install/setup.bash'
[1.488s] INFO:colcon.colcon_core.shell:Creating prefix script '/home/nwhit210/omnicar_ws/install/local_setup.zsh'
[1.490s] INFO:colcon.colcon_core.shell:Creating prefix chain script '/home/nwhit210/omnicar_ws/install/setup.zsh'
