[0.019s] Invoking command in '/home/nwhit210/omnicar_2_ws/build/omnicar': CMAKE_PREFIX_PATH=${CMAKE_PREFIX_PATH}:/opt/ros/humble /usr/bin/cmake /home/nwhit210/omnicar_2_ws/src/omnicar -DCMAKE_INSTALL_PREFIX=/home/nwhit210/omnicar_2_ws/install/omnicar
[0.261s] -- The C compiler identification is GNU 11.4.0
[1.518s] -- The CXX compiler identification is GNU 11.4.0
[2.144s] -- Detecting C compiler ABI info
[2.321s] -- Detecting C compiler ABI info - done
[2.329s] -- Check for working C compiler: /usr/bin/cc - skipped
[2.330s] -- Detecting C compile features
[2.330s] -- Detecting C compile features - done
[2.335s] -- Detecting CXX compiler ABI info
[2.570s] -- Detecting CXX compiler ABI info - done
[2.579s] -- Check for working CXX compiler: /usr/bin/c++ - skipped
[2.580s] -- Detecting CXX compile features
[2.581s] -- Detecting CXX compile features - done
[2.584s] -- Found ament_cmake: 1.3.11 (/opt/ros/humble/share/ament_cmake/cmake)
[2.772s] -- Found Python3: /usr/bin/python3 (found version "3.10.12") found components: Interpreter 
[2.878s] -- Found ament_lint_auto: 0.12.11 (/opt/ros/humble/share/ament_lint_auto/cmake)
[2.979s] -- Added test 'copyright' to check source files copyright and LICENSE
[2.982s] -- Added test 'flake8' to check Python code syntax and style conventions
[2.983s] -- Added test 'lint_cmake' to check CMake code style
[2.984s] -- Added test 'pep257' to check Python code against some of the docstring style conventions in PEP 257
[2.985s] -- Added test 'xmllint' to check XML markup files
[2.987s] -- Configuring done
[2.992s] -- Generating done
[2.995s] -- Build files have been written to: /home/nwhit210/omnicar_2_ws/build/omnicar
[3.001s] Invoked command in '/home/nwhit210/omnicar_2_ws/build/omnicar' returned '0': CMAKE_PREFIX_PATH=${CMAKE_PREFIX_PATH}:/opt/ros/humble /usr/bin/cmake /home/nwhit210/omnicar_2_ws/src/omnicar -DCMAKE_INSTALL_PREFIX=/home/nwhit210/omnicar_2_ws/install/omnicar
[3.004s] Invoking command in '/home/nwhit210/omnicar_2_ws/build/omnicar': CMAKE_PREFIX_PATH=${CMAKE_PREFIX_PATH}:/opt/ros/humble /usr/bin/cmake --build /home/nwhit210/omnicar_2_ws/build/omnicar -- -j8 -l8
[3.045s] Invoked command in '/home/nwhit210/omnicar_2_ws/build/omnicar' returned '0': CMAKE_PREFIX_PATH=${CMAKE_PREFIX_PATH}:/opt/ros/humble /usr/bin/cmake --build /home/nwhit210/omnicar_2_ws/build/omnicar -- -j8 -l8
[3.056s] Invoking command in '/home/nwhit210/omnicar_2_ws/build/omnicar': CMAKE_PREFIX_PATH=${CMAKE_PREFIX_PATH}:/opt/ros/humble /usr/bin/cmake --install /home/nwhit210/omnicar_2_ws/build/omnicar
[3.062s] -- Install configuration: ""
[3.062s] -- Installing: /home/nwhit210/omnicar_2_ws/install/omnicar/share/omnicar/config
[3.063s] -- Installing: /home/nwhit210/omnicar_2_ws/install/omnicar/share/omnicar/config/my_controllers.yaml
[3.063s] -- Installing: /home/nwhit210/omnicar_2_ws/install/omnicar/share/omnicar/config/empty.yaml
[3.063s] -- Installing: /home/nwhit210/omnicar_2_ws/install/omnicar/share/omnicar/config/joystick.yaml
[3.063s] -- Installing: /home/nwhit210/omnicar_2_ws/install/omnicar/share/omnicar/description
[3.064s] -- Installing: /home/nwhit210/omnicar_2_ws/install/omnicar/share/omnicar/description/robot.urdf.xacro
[3.064s] -- Installing: /home/nwhit210/omnicar_2_ws/install/omnicar/share/omnicar/description/robot_core.xacro
[3.064s] -- Installing: /home/nwhit210/omnicar_2_ws/install/omnicar/share/omnicar/description/ros2_control.xacro
[3.065s] -- Installing: /home/nwhit210/omnicar_2_ws/install/omnicar/share/omnicar/description/mesh
[3.065s] -- Installing: /home/nwhit210/omnicar_2_ws/install/omnicar/share/omnicar/description/mesh/collision
[3.065s] -- Installing: /home/nwhit210/omnicar_2_ws/install/omnicar/share/omnicar/description/mesh/collision/roller.stl
[3.065s] -- Installing: /home/nwhit210/omnicar_2_ws/install/omnicar/share/omnicar/description/mesh/collision/wheel.stl
[3.066s] -- Installing: /home/nwhit210/omnicar_2_ws/install/omnicar/share/omnicar/description/mesh/visual
[3.066s] -- Installing: /home/nwhit210/omnicar_2_ws/install/omnicar/share/omnicar/description/mesh/visual/wheel.dae
[3.066s] -- Installing: /home/nwhit210/omnicar_2_ws/install/omnicar/share/omnicar/description/mesh/visual/roller.dae
[3.067s] -- Installing: /home/nwhit210/omnicar_2_ws/install/omnicar/share/omnicar/description/urdf
[3.067s] -- Installing: /home/nwhit210/omnicar_2_ws/install/omnicar/share/omnicar/description/urdf/wheel.xacro
[3.068s] -- Installing: /home/nwhit210/omnicar_2_ws/install/omnicar/share/omnicar/description/urdf/mecanum_wheel_macro.xacro
[3.068s] -- Installing: /home/nwhit210/omnicar_2_ws/install/omnicar/share/omnicar/description/urdf/rollers.xacro
[3.068s] -- Installing: /home/nwhit210/omnicar_2_ws/install/omnicar/share/omnicar/description/urdf/mecanum_wheel.urdf.xacro
[3.068s] -- Installing: /home/nwhit210/omnicar_2_ws/install/omnicar/share/omnicar/description/camera.xacro
[3.069s] -- Installing: /home/nwhit210/omnicar_2_ws/install/omnicar/share/omnicar/launch
[3.069s] -- Installing: /home/nwhit210/omnicar_2_ws/install/omnicar/share/omnicar/launch/launch_sim.launch.py
[3.069s] -- Installing: /home/nwhit210/omnicar_2_ws/install/omnicar/share/omnicar/launch/joint_pub.launch.py
[3.069s] -- Installing: /home/nwhit210/omnicar_2_ws/install/omnicar/share/omnicar/launch/__pycache__
[3.070s] -- Installing: /home/nwhit210/omnicar_2_ws/install/omnicar/share/omnicar/launch/__pycache__/launch_sim.cpython-310.pyc
[3.070s] -- Installing: /home/nwhit210/omnicar_2_ws/install/omnicar/share/omnicar/launch/__pycache__/launch.cpython-310.pyc
[3.070s] -- Installing: /home/nwhit210/omnicar_2_ws/install/omnicar/share/omnicar/launch/rsp.launch.py
[3.070s] -- Installing: /home/nwhit210/omnicar_2_ws/install/omnicar/share/omnicar/launch/joystick.launch.py
[3.070s] -- Installing: /home/nwhit210/omnicar_2_ws/install/omnicar/share/omnicar/worlds
[3.070s] -- Installing: /home/nwhit210/omnicar_2_ws/install/omnicar/share/omnicar/worlds/empty.world
[3.071s] -- Installing: /home/nwhit210/omnicar_2_ws/install/omnicar/share/ament_index/resource_index/package_run_dependencies/omnicar
[3.071s] -- Installing: /home/nwhit210/omnicar_2_ws/install/omnicar/share/ament_index/resource_index/parent_prefix_path/omnicar
[3.071s] -- Installing: /home/nwhit210/omnicar_2_ws/install/omnicar/share/omnicar/environment/ament_prefix_path.sh
[3.072s] -- Installing: /home/nwhit210/omnicar_2_ws/install/omnicar/share/omnicar/environment/ament_prefix_path.dsv
[3.072s] -- Installing: /home/nwhit210/omnicar_2_ws/install/omnicar/share/omnicar/environment/path.sh
[3.073s] -- Installing: /home/nwhit210/omnicar_2_ws/install/omnicar/share/omnicar/environment/path.dsv
[3.073s] -- Installing: /home/nwhit210/omnicar_2_ws/install/omnicar/share/omnicar/local_setup.bash
[3.073s] -- Installing: /home/nwhit210/omnicar_2_ws/install/omnicar/share/omnicar/local_setup.sh
[3.073s] -- Installing: /home/nwhit210/omnicar_2_ws/install/omnicar/share/omnicar/local_setup.zsh
[3.073s] -- Installing: /home/nwhit210/omnicar_2_ws/install/omnicar/share/omnicar/local_setup.dsv
[3.073s] -- Installing: /home/nwhit210/omnicar_2_ws/install/omnicar/share/omnicar/package.dsv
[3.073s] -- Installing: /home/nwhit210/omnicar_2_ws/install/omnicar/share/ament_index/resource_index/packages/omnicar
[3.074s] -- Installing: /home/nwhit210/omnicar_2_ws/install/omnicar/share/omnicar/cmake/omnicarConfig.cmake
[3.074s] -- Installing: /home/nwhit210/omnicar_2_ws/install/omnicar/share/omnicar/cmake/omnicarConfig-version.cmake
[3.074s] -- Installing: /home/nwhit210/omnicar_2_ws/install/omnicar/share/omnicar/package.xml
[3.078s] Invoked command in '/home/nwhit210/omnicar_2_ws/build/omnicar' returned '0': CMAKE_PREFIX_PATH=${CMAKE_PREFIX_PATH}:/opt/ros/humble /usr/bin/cmake --install /home/nwhit210/omnicar_2_ws/build/omnicar
