[0.066s] Invoking command in '/home/nwhit210/omnicar_ws/build/ros2_control_demo_example_2': CMAKE_PREFIX_PATH=${CMAKE_PREFIX_PATH}:/opt/ros/humble /usr/bin/cmake /home/nwhit210/omnicar_ws/src/example_2 -DCMAKE_INSTALL_PREFIX=/home/nwhit210/omnicar_ws/install/ros2_control_demo_example_2
[0.101s] -- Found ament_cmake: 1.3.11 (/opt/ros/humble/share/ament_cmake/cmake)
[0.589s] -- Override CMake install command with custom implementation using symlinks instead of copying resources
[0.611s] -- Found hardware_interface: 2.48.0 (/opt/ros/humble/share/hardware_interface/cmake)
[1.288s] -- Found rosidl_generator_c: 3.1.6 (/opt/ros/humble/share/rosidl_generator_c/cmake)
[1.293s] -- Found rosidl_adapter: 3.1.6 (/opt/ros/humble/share/rosidl_adapter/cmake)
[1.308s] -- Found rosidl_generator_cpp: 3.1.6 (/opt/ros/humble/share/rosidl_generator_cpp/cmake)
[1.337s] -- Using all available rosidl_typesupport_c: rosidl_typesupport_fastrtps_c;rosidl_typesupport_introspection_c
[1.369s] -- Using all available rosidl_typesupport_cpp: rosidl_typesupport_fastrtps_cpp;rosidl_typesupport_introspection_cpp
[4.075s] -- Found rmw_implementation_cmake: 6.1.2 (/opt/ros/humble/share/rmw_implementation_cmake/cmake)
[4.079s] -- Found rmw_fastrtps_cpp: 6.2.7 (/opt/ros/humble/share/rmw_fastrtps_cpp/cmake)
[4.151s] -- Found TinyXML2 via Config file: TinyXML2_DIR-NOTFOUND
[4.178s] -- Found TinyXML2 via Config file: TinyXML2_DIR-NOTFOUND
[4.531s] -- Found TinyXML2 via Config file: TinyXML2_DIR-NOTFOUND
[4.553s] -- Found TinyXML2 via Config file: TinyXML2_DIR-NOTFOUND
[4.847s] -- Using RMW implementation 'rmw_fastrtps_cpp' as default
[5.011s] -- Found ament_cmake_pytest: 1.3.11 (/opt/ros/humble/share/ament_cmake_pytest/cmake)
[8.076s] -- Configuring done
[8.129s] -- Generating done
[8.149s] -- Build files have been written to: /home/nwhit210/omnicar_ws/build/ros2_control_demo_example_2
[8.181s] Invoked command in '/home/nwhit210/omnicar_ws/build/ros2_control_demo_example_2' returned '0': CMAKE_PREFIX_PATH=${CMAKE_PREFIX_PATH}:/opt/ros/humble /usr/bin/cmake /home/nwhit210/omnicar_ws/src/example_2 -DCMAKE_INSTALL_PREFIX=/home/nwhit210/omnicar_ws/install/ros2_control_demo_example_2
[8.182s] Invoking command in '/home/nwhit210/omnicar_ws/build/ros2_control_demo_example_2': CMAKE_PREFIX_PATH=${CMAKE_PREFIX_PATH}:/opt/ros/humble /usr/bin/cmake --build /home/nwhit210/omnicar_ws/build/ros2_control_demo_example_2 -- -j8 -l8
[8.289s] [35m[1mConsolidate compiler generated dependencies of target ros2_control_demo_example_2[0m
[8.334s] [100%] Built target ros2_control_demo_example_2
[8.357s] Invoked command in '/home/nwhit210/omnicar_ws/build/ros2_control_demo_example_2' returned '0': CMAKE_PREFIX_PATH=${CMAKE_PREFIX_PATH}:/opt/ros/humble /usr/bin/cmake --build /home/nwhit210/omnicar_ws/build/ros2_control_demo_example_2 -- -j8 -l8
[8.361s] Invoking command in '/home/nwhit210/omnicar_ws/build/ros2_control_demo_example_2': CMAKE_PREFIX_PATH=${CMAKE_PREFIX_PATH}:/opt/ros/humble /usr/bin/cmake --install /home/nwhit210/omnicar_ws/build/ros2_control_demo_example_2
[8.378s] -- Install configuration: ""
[8.379s] -- Execute custom install script
[8.380s] -- Up-to-date symlink: /home/nwhit210/omnicar_ws/install/ros2_control_demo_example_2/share/ros2_control_demo_example_2//ros2_control_demo_example_2.xml
[8.381s] -- Up-to-date symlink: /home/nwhit210/omnicar_ws/install/ros2_control_demo_example_2/include/ros2_control_demo_example_2/ros2_control_demo_example_2/arduino_comms.hpp
[8.381s] -- Up-to-date symlink: /home/nwhit210/omnicar_ws/install/ros2_control_demo_example_2/include/ros2_control_demo_example_2/ros2_control_demo_example_2/diffbot_system.hpp
[8.382s] -- Up-to-date symlink: /home/nwhit210/omnicar_ws/install/ros2_control_demo_example_2/share/ros2_control_demo_example_2/launch/view_robot.launch.py
[8.382s] -- Up-to-date symlink: /home/nwhit210/omnicar_ws/install/ros2_control_demo_example_2/share/ros2_control_demo_example_2/ros2_control/diffbot.ros2_control.xacro
[8.382s] -- Up-to-date symlink: /home/nwhit210/omnicar_ws/install/ros2_control_demo_example_2/share/ros2_control_demo_example_2/urdf/diffbot.urdf.xacro
[8.382s] -- Up-to-date symlink: /home/nwhit210/omnicar_ws/install/ros2_control_demo_example_2/share/ros2_control_demo_example_2/launch/diffbot.launch.py
[8.383s] -- Up-to-date symlink: /home/nwhit210/omnicar_ws/install/ros2_control_demo_example_2/share/ros2_control_demo_example_2/config/diffbot_controllers.yaml
[8.384s] -- Up-to-date symlink: /home/nwhit210/omnicar_ws/install/ros2_control_demo_example_2/share/ros2_control_demo_example_2/environment/library_path.sh
[8.384s] -- Up-to-date symlink: /home/nwhit210/omnicar_ws/install/ros2_control_demo_example_2/share/ros2_control_demo_example_2/environment/library_path.dsv
[8.384s] -- Up-to-date symlink: /home/nwhit210/omnicar_ws/install/ros2_control_demo_example_2/share/ament_index/resource_index/package_run_dependencies/ros2_control_demo_example_2
[8.384s] -- Up-to-date symlink: /home/nwhit210/omnicar_ws/install/ros2_control_demo_example_2/share/ament_index/resource_index/parent_prefix_path/ros2_control_demo_example_2
[8.384s] -- Up-to-date symlink: /home/nwhit210/omnicar_ws/install/ros2_control_demo_example_2/share/ros2_control_demo_example_2/environment/ament_prefix_path.sh
[8.385s] -- Up-to-date symlink: /home/nwhit210/omnicar_ws/install/ros2_control_demo_example_2/share/ros2_control_demo_example_2/environment/ament_prefix_path.dsv
[8.386s] -- Up-to-date symlink: /home/nwhit210/omnicar_ws/install/ros2_control_demo_example_2/share/ros2_control_demo_example_2/environment/path.sh
[8.386s] -- Up-to-date symlink: /home/nwhit210/omnicar_ws/install/ros2_control_demo_example_2/share/ros2_control_demo_example_2/environment/path.dsv
[8.387s] -- Up-to-date symlink: /home/nwhit210/omnicar_ws/install/ros2_control_demo_example_2/share/ros2_control_demo_example_2/local_setup.bash
[8.387s] -- Up-to-date symlink: /home/nwhit210/omnicar_ws/install/ros2_control_demo_example_2/share/ros2_control_demo_example_2/local_setup.sh
[8.387s] -- Up-to-date symlink: /home/nwhit210/omnicar_ws/install/ros2_control_demo_example_2/share/ros2_control_demo_example_2/local_setup.zsh
[8.387s] -- Up-to-date symlink: /home/nwhit210/omnicar_ws/install/ros2_control_demo_example_2/share/ros2_control_demo_example_2/local_setup.dsv
[8.388s] -- Symlinking: /home/nwhit210/omnicar_ws/install/ros2_control_demo_example_2/share/ros2_control_demo_example_2/package.dsv
[8.410s] -- Up-to-date symlink: /home/nwhit210/omnicar_ws/install/ros2_control_demo_example_2/share/ament_index/resource_index/packages/ros2_control_demo_example_2
[8.411s] -- Up-to-date symlink: /home/nwhit210/omnicar_ws/install/ros2_control_demo_example_2/share/ament_index/resource_index/hardware_interface__pluginlib__plugin/ros2_control_demo_example_2
[8.412s] -- Up-to-date symlink: /home/nwhit210/omnicar_ws/install/ros2_control_demo_example_2/share/ros2_control_demo_example_2/cmake/ament_cmake_export_targets-extras.cmake
[8.413s] -- Up-to-date symlink: /home/nwhit210/omnicar_ws/install/ros2_control_demo_example_2/share/ros2_control_demo_example_2/cmake/ament_cmake_export_dependencies-extras.cmake
[8.414s] -- Up-to-date symlink: /home/nwhit210/omnicar_ws/install/ros2_control_demo_example_2/share/ros2_control_demo_example_2/cmake/ros2_control_demo_example_2Config.cmake
[8.414s] -- Up-to-date symlink: /home/nwhit210/omnicar_ws/install/ros2_control_demo_example_2/share/ros2_control_demo_example_2/cmake/ros2_control_demo_example_2Config-version.cmake
[8.414s] -- Up-to-date symlink: /home/nwhit210/omnicar_ws/install/ros2_control_demo_example_2/share/ros2_control_demo_example_2/package.xml
[8.415s] -- Up-to-date: /home/nwhit210/omnicar_ws/install/ros2_control_demo_example_2/lib/libros2_control_demo_example_2.so
[8.415s] -- Up-to-date: /home/nwhit210/omnicar_ws/install/ros2_control_demo_example_2/share/ros2_control_demo_example_2/cmake/export_ros2_control_demo_example_2Export.cmake
[8.416s] -- Up-to-date: /home/nwhit210/omnicar_ws/install/ros2_control_demo_example_2/share/ros2_control_demo_example_2/cmake/export_ros2_control_demo_example_2Export-noconfig.cmake
[8.420s] Invoked command in '/home/nwhit210/omnicar_ws/build/ros2_control_demo_example_2' returned '0': CMAKE_PREFIX_PATH=${CMAKE_PREFIX_PATH}:/opt/ros/humble /usr/bin/cmake --install /home/nwhit210/omnicar_ws/build/ros2_control_demo_example_2
