[0.065s] Invoking command in '/home/nwhit210/omnicar_ws/build/arduino_hardware_controller': CMAKE_PREFIX_PATH=${CMAKE_PREFIX_PATH}:/opt/ros/humble /usr/bin/cmake --build /home/nwhit210/omnicar_ws/build/arduino_hardware_controller -- -j8 -l8
[0.354s] [35m[1mConsolidate compiler generated dependencies of target arduino_hardware_controller[0m
[0.409s] [100%] Built target arduino_hardware_controller
[0.471s] Invoked command in '/home/nwhit210/omnicar_ws/build/arduino_hardware_controller' returned '0': CMAKE_PREFIX_PATH=${CMAKE_PREFIX_PATH}:/opt/ros/humble /usr/bin/cmake --build /home/nwhit210/omnicar_ws/build/arduino_hardware_controller -- -j8 -l8
[0.480s] Invoking command in '/home/nwhit210/omnicar_ws/build/arduino_hardware_controller': CMAKE_PREFIX_PATH=${CMAKE_PREFIX_PATH}:/opt/ros/humble /usr/bin/cmake --install /home/nwhit210/omnicar_ws/build/arduino_hardware_controller
[0.492s] -- Install configuration: ""
[0.493s] -- Up-to-date: /home/nwhit210/omnicar_ws/install/arduino_hardware_controller/share/arduino_hardware_controller/arduino_hardware_controller.xml
[0.493s] -- Up-to-date: /home/nwhit210/omnicar_ws/install/arduino_hardware_controller/include/arduino_hardware_controller
[0.493s] -- Up-to-date: /home/nwhit210/omnicar_ws/install/arduino_hardware_controller/include/arduino_hardware_controller/arduino_hardware_controller
[0.493s] -- Up-to-date: /home/nwhit210/omnicar_ws/install/arduino_hardware_controller/include/arduino_hardware_controller/arduino_hardware_controller/arduino_hardware.hpp
[0.494s] -- Up-to-date: /home/nwhit210/omnicar_ws/install/arduino_hardware_controller/include/arduino_hardware_controller/arduino_hardware_controller/arduino_comms.hpp
[0.494s] -- Up-to-date: /home/nwhit210/omnicar_ws/install/arduino_hardware_controller/share/arduino_hardware_controller/launch
[0.495s] -- Up-to-date: /home/nwhit210/omnicar_ws/install/arduino_hardware_controller/share/arduino_hardware_controller/launch/view_robot.launch.py
[0.495s] -- Up-to-date: /home/nwhit210/omnicar_ws/install/arduino_hardware_controller/share/arduino_hardware_controller/ros2_control
[0.496s] -- Up-to-date: /home/nwhit210/omnicar_ws/install/arduino_hardware_controller/share/arduino_hardware_controller/ros2_control/diffbot.ros2_control.xacro
[0.496s] -- Up-to-date: /home/nwhit210/omnicar_ws/install/arduino_hardware_controller/share/arduino_hardware_controller/urdf
[0.497s] -- Up-to-date: /home/nwhit210/omnicar_ws/install/arduino_hardware_controller/share/arduino_hardware_controller/urdf/diffbot.urdf.xacro
[0.497s] -- Up-to-date: /home/nwhit210/omnicar_ws/install/arduino_hardware_controller/share/arduino_hardware_controller/launch
[0.498s] -- Up-to-date: /home/nwhit210/omnicar_ws/install/arduino_hardware_controller/share/arduino_hardware_controller/launch/view_robot.launch.py
[0.498s] -- Up-to-date: /home/nwhit210/omnicar_ws/install/arduino_hardware_controller/share/arduino_hardware_controller/launch/arduino.launch.py
[0.498s] -- Up-to-date: /home/nwhit210/omnicar_ws/install/arduino_hardware_controller/share/arduino_hardware_controller/config
[0.499s] -- Up-to-date: /home/nwhit210/omnicar_ws/install/arduino_hardware_controller/share/arduino_hardware_controller/config/diffbot_controllers.yaml
[0.502s] -- Up-to-date: /home/nwhit210/omnicar_ws/install/arduino_hardware_controller/lib/libarduino_hardware_controller.so
[0.503s] -- Up-to-date: /home/nwhit210/omnicar_ws/install/arduino_hardware_controller/share/arduino_hardware_controller/environment/library_path.sh
[0.503s] -- Up-to-date: /home/nwhit210/omnicar_ws/install/arduino_hardware_controller/share/arduino_hardware_controller/environment/library_path.dsv
[0.503s] -- Up-to-date: /home/nwhit210/omnicar_ws/install/arduino_hardware_controller/share/ament_index/resource_index/package_run_dependencies/arduino_hardware_controller
[0.504s] -- Up-to-date: /home/nwhit210/omnicar_ws/install/arduino_hardware_controller/share/ament_index/resource_index/parent_prefix_path/arduino_hardware_controller
[0.504s] -- Up-to-date: /home/nwhit210/omnicar_ws/install/arduino_hardware_controller/share/arduino_hardware_controller/environment/ament_prefix_path.sh
[0.504s] -- Up-to-date: /home/nwhit210/omnicar_ws/install/arduino_hardware_controller/share/arduino_hardware_controller/environment/ament_prefix_path.dsv
[0.504s] -- Up-to-date: /home/nwhit210/omnicar_ws/install/arduino_hardware_controller/share/arduino_hardware_controller/environment/path.sh
[0.505s] -- Up-to-date: /home/nwhit210/omnicar_ws/install/arduino_hardware_controller/share/arduino_hardware_controller/environment/path.dsv
[0.505s] -- Up-to-date: /home/nwhit210/omnicar_ws/install/arduino_hardware_controller/share/arduino_hardware_controller/local_setup.bash
[0.505s] -- Up-to-date: /home/nwhit210/omnicar_ws/install/arduino_hardware_controller/share/arduino_hardware_controller/local_setup.sh
[0.505s] -- Up-to-date: /home/nwhit210/omnicar_ws/install/arduino_hardware_controller/share/arduino_hardware_controller/local_setup.zsh
[0.506s] -- Up-to-date: /home/nwhit210/omnicar_ws/install/arduino_hardware_controller/share/arduino_hardware_controller/local_setup.dsv
[0.506s] -- Installing: /home/nwhit210/omnicar_ws/install/arduino_hardware_controller/share/arduino_hardware_controller/package.dsv
[0.508s] -- Up-to-date: /home/nwhit210/omnicar_ws/install/arduino_hardware_controller/share/ament_index/resource_index/packages/arduino_hardware_controller
[0.509s] -- Up-to-date: /home/nwhit210/omnicar_ws/install/arduino_hardware_controller/share/ament_index/resource_index/hardware_interface__pluginlib__plugin/arduino_hardware_controller
[0.511s] -- Up-to-date: /home/nwhit210/omnicar_ws/install/arduino_hardware_controller/share/arduino_hardware_controller/cmake/export_arduino_hardware_controllerExport.cmake
[0.511s] -- Up-to-date: /home/nwhit210/omnicar_ws/install/arduino_hardware_controller/share/arduino_hardware_controller/cmake/export_arduino_hardware_controllerExport-noconfig.cmake
[0.511s] -- Up-to-date: /home/nwhit210/omnicar_ws/install/arduino_hardware_controller/share/arduino_hardware_controller/cmake/ament_cmake_export_targets-extras.cmake
[0.512s] -- Up-to-date: /home/nwhit210/omnicar_ws/install/arduino_hardware_controller/share/arduino_hardware_controller/cmake/ament_cmake_export_dependencies-extras.cmake
[0.513s] -- Up-to-date: /home/nwhit210/omnicar_ws/install/arduino_hardware_controller/share/arduino_hardware_controller/cmake/arduino_hardware_controllerConfig.cmake
[0.513s] -- Up-to-date: /home/nwhit210/omnicar_ws/install/arduino_hardware_controller/share/arduino_hardware_controller/cmake/arduino_hardware_controllerConfig-version.cmake
[0.513s] -- Up-to-date: /home/nwhit210/omnicar_ws/install/arduino_hardware_controller/share/arduino_hardware_controller/package.xml
[0.522s] Invoked command in '/home/nwhit210/omnicar_ws/build/arduino_hardware_controller' returned '0': CMAKE_PREFIX_PATH=${CMAKE_PREFIX_PATH}:/opt/ros/humble /usr/bin/cmake --install /home/nwhit210/omnicar_ws/build/arduino_hardware_controller
