[0.090s] Invoking command in '/home/pi/omnicar_ws/build/omnicar': CMAKE_PREFIX_PATH=${CMAKE_PREFIX_PATH}:/opt/ros/humble /usr/bin/cmake --build /home/pi/omnicar_ws/build/omnicar -- -j4 -l4
[0.290s] Invoked command in '/home/pi/omnicar_ws/build/omnicar' returned '0': CMAKE_PREFIX_PATH=${CMAKE_PREFIX_PATH}:/opt/ros/humble /usr/bin/cmake --build /home/pi/omnicar_ws/build/omnicar -- -j4 -l4
[0.355s] Invoking command in '/home/pi/omnicar_ws/build/omnicar': CMAKE_PREFIX_PATH=${CMAKE_PREFIX_PATH}:/opt/ros/humble /usr/bin/cmake --install /home/pi/omnicar_ws/build/omnicar
[0.394s] -- Install configuration: ""
[0.395s] -- Execute custom install script
[0.399s] -- Up-to-date symlink: /home/pi/omnicar_ws/install/omnicar/share/omnicar/config/empty.yaml
[0.399s] -- Up-to-date symlink: /home/pi/omnicar_ws/install/omnicar/share/omnicar/config/joystick.yaml
[0.401s] -- Up-to-date symlink: /home/pi/omnicar_ws/install/omnicar/share/omnicar/config/my_controllers.yaml
[0.402s] -- Up-to-date symlink: /home/pi/omnicar_ws/install/omnicar/share/omnicar/config/sim.yaml
[0.407s] -- Up-to-date symlink: /home/pi/omnicar_ws/install/omnicar/share/omnicar/description/camera.xacro
[0.409s] -- Up-to-date symlink: /home/pi/omnicar_ws/install/omnicar/share/omnicar/description/mesh/collision/roller.stl
[0.409s] -- Up-to-date symlink: /home/pi/omnicar_ws/install/omnicar/share/omnicar/description/mesh/collision/wheel.stl
[0.410s] -- Up-to-date symlink: /home/pi/omnicar_ws/install/omnicar/share/omnicar/description/mesh/visual/roller.dae
[0.410s] -- Up-to-date symlink: /home/pi/omnicar_ws/install/omnicar/share/omnicar/description/mesh/visual/wheel.dae
[0.411s] -- Up-to-date symlink: /home/pi/omnicar_ws/install/omnicar/share/omnicar/description/robot.urdf.xacro
[0.412s] -- Up-to-date symlink: /home/pi/omnicar_ws/install/omnicar/share/omnicar/description/robot_core.xacro
[0.413s] -- Up-to-date symlink: /home/pi/omnicar_ws/install/omnicar/share/omnicar/description/ros2_control.xacro
[0.413s] -- Up-to-date symlink: /home/pi/omnicar_ws/install/omnicar/share/omnicar/description/urdf/mecanum_wheel.urdf.xacro
[0.414s] -- Up-to-date symlink: /home/pi/omnicar_ws/install/omnicar/share/omnicar/description/urdf/mecanum_wheel_macro.xacro
[0.414s] -- Up-to-date symlink: /home/pi/omnicar_ws/install/omnicar/share/omnicar/description/urdf/rollers.xacro
[0.415s] -- Up-to-date symlink: /home/pi/omnicar_ws/install/omnicar/share/omnicar/description/urdf/wheel.xacro
[0.416s] -- Up-to-date symlink: /home/pi/omnicar_ws/install/omnicar/share/omnicar/launch/__pycache__/launch.cpython-310.pyc
[0.422s] -- Up-to-date symlink: /home/pi/omnicar_ws/install/omnicar/share/omnicar/launch/__pycache__/launch_sim.cpython-310.pyc
[0.429s] -- Up-to-date symlink: /home/pi/omnicar_ws/install/omnicar/share/omnicar/launch/joint_pub.launch.py
[0.430s] -- Up-to-date symlink: /home/pi/omnicar_ws/install/omnicar/share/omnicar/launch/joystick.launch.py
[0.430s] -- Up-to-date symlink: /home/pi/omnicar_ws/install/omnicar/share/omnicar/launch/launch_bot.launch.py
[0.431s] -- Up-to-date symlink: /home/pi/omnicar_ws/install/omnicar/share/omnicar/launch/launch_sim.launch.py
[0.432s] -- Up-to-date symlink: /home/pi/omnicar_ws/install/omnicar/share/omnicar/launch/rsp.launch.py
[0.432s] -- Up-to-date symlink: /home/pi/omnicar_ws/install/omnicar/share/omnicar/worlds/empty.world
[0.433s] -- Up-to-date symlink: /home/pi/omnicar_ws/install/omnicar/share/ament_index/resource_index/package_run_dependencies/omnicar
[0.434s] -- Up-to-date symlink: /home/pi/omnicar_ws/install/omnicar/share/ament_index/resource_index/parent_prefix_path/omnicar
[0.435s] -- Up-to-date symlink: /home/pi/omnicar_ws/install/omnicar/share/omnicar/environment/ament_prefix_path.sh
[0.435s] -- Up-to-date symlink: /home/pi/omnicar_ws/install/omnicar/share/omnicar/environment/ament_prefix_path.dsv
[0.436s] -- Up-to-date symlink: /home/pi/omnicar_ws/install/omnicar/share/omnicar/environment/path.sh
[0.452s] -- Up-to-date symlink: /home/pi/omnicar_ws/install/omnicar/share/omnicar/environment/path.dsv
[0.457s] -- Up-to-date symlink: /home/pi/omnicar_ws/install/omnicar/share/omnicar/local_setup.bash
[0.458s] -- Up-to-date symlink: /home/pi/omnicar_ws/install/omnicar/share/omnicar/local_setup.sh
[0.458s] -- Up-to-date symlink: /home/pi/omnicar_ws/install/omnicar/share/omnicar/local_setup.zsh
[0.460s] -- Up-to-date symlink: /home/pi/omnicar_ws/install/omnicar/share/omnicar/local_setup.dsv
[0.460s] -- Symlinking: /home/pi/omnicar_ws/install/omnicar/share/omnicar/package.dsv
[0.501s] -- Up-to-date symlink: /home/pi/omnicar_ws/install/omnicar/share/ament_index/resource_index/packages/omnicar
[0.505s] -- Up-to-date symlink: /home/pi/omnicar_ws/install/omnicar/share/omnicar/cmake/omnicarConfig.cmake
[0.505s] -- Up-to-date symlink: /home/pi/omnicar_ws/install/omnicar/share/omnicar/cmake/omnicarConfig-version.cmake
[0.506s] -- Up-to-date symlink: /home/pi/omnicar_ws/install/omnicar/share/omnicar/package.xml
[0.517s] Invoked command in '/home/pi/omnicar_ws/build/omnicar' returned '0': CMAKE_PREFIX_PATH=${CMAKE_PREFIX_PATH}:/opt/ros/humble /usr/bin/cmake --install /home/pi/omnicar_ws/build/omnicar
