[0.026s] Invoking command in '/home/nwhit210/omnicar_ws/build/omnicar': CMAKE_PREFIX_PATH=${CMAKE_PREFIX_PATH}:/opt/ros/humble /usr/bin/cmake /home/nwhit210/omnicar_ws/src/omnicar -DAMENT_CMAKE_SYMLINK_INSTALL=1 -DCMAKE_INSTALL_PREFIX=/home/nwhit210/omnicar_ws/install/omnicar
[0.037s] -- Found ament_cmake: 1.3.11 (/opt/ros/humble/share/ament_cmake/cmake)
[0.166s] -- Override CMake install command with custom implementation using symlinks instead of copying resources
[0.191s] -- Found ament_lint_auto: 0.12.11 (/opt/ros/humble/share/ament_lint_auto/cmake)
[0.268s] -- Added test 'copyright' to check source files copyright and LICENSE
[0.270s] -- Added test 'flake8' to check Python code syntax and style conventions
[0.271s] -- Added test 'lint_cmake' to check CMake code style
[0.271s] -- Added test 'pep257' to check Python code against some of the docstring style conventions in PEP 257
[0.273s] -- Added test 'xmllint' to check XML markup files
[0.276s] -- Configuring done
[0.287s] -- Generating done
[0.289s] -- Build files have been written to: /home/nwhit210/omnicar_ws/build/omnicar
[0.292s] Invoked command in '/home/nwhit210/omnicar_ws/build/omnicar' returned '0': CMAKE_PREFIX_PATH=${CMAKE_PREFIX_PATH}:/opt/ros/humble /usr/bin/cmake /home/nwhit210/omnicar_ws/src/omnicar -DAMENT_CMAKE_SYMLINK_INSTALL=1 -DCMAKE_INSTALL_PREFIX=/home/nwhit210/omnicar_ws/install/omnicar
[0.295s] Invoking command in '/home/nwhit210/omnicar_ws/build/omnicar': CMAKE_PREFIX_PATH=${CMAKE_PREFIX_PATH}:/opt/ros/humble /usr/bin/cmake --build /home/nwhit210/omnicar_ws/build/omnicar -- -j8 -l8
[0.327s] Invoked command in '/home/nwhit210/omnicar_ws/build/omnicar' returned '0': CMAKE_PREFIX_PATH=${CMAKE_PREFIX_PATH}:/opt/ros/humble /usr/bin/cmake --build /home/nwhit210/omnicar_ws/build/omnicar -- -j8 -l8
[0.336s] Invoking command in '/home/nwhit210/omnicar_ws/build/omnicar': CMAKE_PREFIX_PATH=${CMAKE_PREFIX_PATH}:/opt/ros/humble /usr/bin/cmake --install /home/nwhit210/omnicar_ws/build/omnicar
[0.343s] -- Install configuration: ""
[0.344s] -- Execute custom install script
[0.344s] -- Symlinking: /home/nwhit210/omnicar_ws/install/omnicar/share/omnicar/config/empty.yaml
[0.352s] -- Symlinking: /home/nwhit210/omnicar_ws/install/omnicar/share/omnicar/config/joystick.yaml
[0.360s] -- Symlinking: /home/nwhit210/omnicar_ws/install/omnicar/share/omnicar/config/my_controllers.yaml
[0.368s] -- Symlinking: /home/nwhit210/omnicar_ws/install/omnicar/share/omnicar/config/sim.yaml
[0.376s] -- Symlinking: /home/nwhit210/omnicar_ws/install/omnicar/share/omnicar/description/camera.xacro
[0.383s] -- Symlinking: /home/nwhit210/omnicar_ws/install/omnicar/share/omnicar/description/mesh/collision/roller.stl
[0.391s] -- Symlinking: /home/nwhit210/omnicar_ws/install/omnicar/share/omnicar/description/mesh/collision/wheel.stl
[0.399s] -- Symlinking: /home/nwhit210/omnicar_ws/install/omnicar/share/omnicar/description/mesh/visual/roller.dae
[0.407s] -- Symlinking: /home/nwhit210/omnicar_ws/install/omnicar/share/omnicar/description/mesh/visual/wheel.dae
[0.416s] -- Symlinking: /home/nwhit210/omnicar_ws/install/omnicar/share/omnicar/description/robot.urdf.xacro
[0.425s] -- Symlinking: /home/nwhit210/omnicar_ws/install/omnicar/share/omnicar/description/robot_core.xacro
[0.438s] -- Symlinking: /home/nwhit210/omnicar_ws/install/omnicar/share/omnicar/description/ros2_control.xacro
[0.446s] -- Symlinking: /home/nwhit210/omnicar_ws/install/omnicar/share/omnicar/description/urdf/mecanum_wheel.urdf.xacro
[0.454s] -- Symlinking: /home/nwhit210/omnicar_ws/install/omnicar/share/omnicar/description/urdf/mecanum_wheel_macro.xacro
[0.465s] -- Symlinking: /home/nwhit210/omnicar_ws/install/omnicar/share/omnicar/description/urdf/rollers.xacro
[0.474s] -- Symlinking: /home/nwhit210/omnicar_ws/install/omnicar/share/omnicar/description/urdf/wheel.xacro
[0.483s] -- Symlinking: /home/nwhit210/omnicar_ws/install/omnicar/share/omnicar/launch/__pycache__/launch.cpython-310.pyc
[0.493s] -- Symlinking: /home/nwhit210/omnicar_ws/install/omnicar/share/omnicar/launch/__pycache__/launch_sim.cpython-310.pyc
[0.503s] -- Symlinking: /home/nwhit210/omnicar_ws/install/omnicar/share/omnicar/launch/joint_pub.launch.py
[0.514s] -- Symlinking: /home/nwhit210/omnicar_ws/install/omnicar/share/omnicar/launch/joystick.launch.py
[0.523s] -- Symlinking: /home/nwhit210/omnicar_ws/install/omnicar/share/omnicar/launch/launch_bot.launch.py
[0.533s] -- Symlinking: /home/nwhit210/omnicar_ws/install/omnicar/share/omnicar/launch/launch_sim.launch.py
[0.545s] -- Symlinking: /home/nwhit210/omnicar_ws/install/omnicar/share/omnicar/launch/rsp.launch.py
[0.555s] -- Symlinking: /home/nwhit210/omnicar_ws/install/omnicar/share/omnicar/worlds/empty.world
[0.565s] -- Symlinking: /home/nwhit210/omnicar_ws/install/omnicar/share/ament_index/resource_index/package_run_dependencies/omnicar
[0.577s] -- Symlinking: /home/nwhit210/omnicar_ws/install/omnicar/share/ament_index/resource_index/parent_prefix_path/omnicar
[0.587s] -- Symlinking: /home/nwhit210/omnicar_ws/install/omnicar/share/omnicar/environment/ament_prefix_path.sh
[0.600s] -- Symlinking: /home/nwhit210/omnicar_ws/install/omnicar/share/omnicar/environment/ament_prefix_path.dsv
[0.611s] -- Symlinking: /home/nwhit210/omnicar_ws/install/omnicar/share/omnicar/environment/path.sh
[0.622s] -- Symlinking: /home/nwhit210/omnicar_ws/install/omnicar/share/omnicar/environment/path.dsv
[0.632s] -- Symlinking: /home/nwhit210/omnicar_ws/install/omnicar/share/omnicar/local_setup.bash
[0.642s] -- Symlinking: /home/nwhit210/omnicar_ws/install/omnicar/share/omnicar/local_setup.sh
[0.654s] -- Symlinking: /home/nwhit210/omnicar_ws/install/omnicar/share/omnicar/local_setup.zsh
[0.666s] -- Symlinking: /home/nwhit210/omnicar_ws/install/omnicar/share/omnicar/local_setup.dsv
[0.679s] -- Symlinking: /home/nwhit210/omnicar_ws/install/omnicar/share/omnicar/package.dsv
[0.689s] -- Symlinking: /home/nwhit210/omnicar_ws/install/omnicar/share/ament_index/resource_index/packages/omnicar
[0.702s] -- Symlinking: /home/nwhit210/omnicar_ws/install/omnicar/share/omnicar/cmake/omnicarConfig.cmake
[0.714s] -- Symlinking: /home/nwhit210/omnicar_ws/install/omnicar/share/omnicar/cmake/omnicarConfig-version.cmake
[0.726s] -- Symlinking: /home/nwhit210/omnicar_ws/install/omnicar/share/omnicar/package.xml
[0.743s] Invoked command in '/home/nwhit210/omnicar_ws/build/omnicar' returned '0': CMAKE_PREFIX_PATH=${CMAKE_PREFIX_PATH}:/opt/ros/humble /usr/bin/cmake --install /home/nwhit210/omnicar_ws/build/omnicar
