[0.026s] Invoking command in '/home/nwhit210/omnicar_2_ws/build/mecanum_drive_controller': CMAKE_PREFIX_PATH=${CMAKE_PREFIX_PATH}:/opt/ros/humble /usr/bin/cmake --build /home/nwhit210/omnicar_2_ws/build/mecanum_drive_controller -- -j8 -l8
[0.081s] [ 12%] Built target mecanum_drive_controller_parameters
[0.086s] [ 31%] Built target gmock
[0.088s] [ 43%] Built target gmock_main
[0.105s] [35m[1mConsolidate compiler generated dependencies of target mecanum_drive_controller[0m
[0.107s] [35m[1mConsolidate compiler generated dependencies of target test_load_mecanum_drive_controller[0m
[0.124s] [ 62%] Built target mecanum_drive_controller
[0.133s] [ 75%] Built target test_load_mecanum_drive_controller
[0.140s] [35m[1mConsolidate compiler generated dependencies of target test_mecanum_drive_controller_preceeding[0m
[0.141s] [35m[1mConsolidate compiler generated dependencies of target test_mecanum_drive_controller[0m
[0.161s] [ 87%] Built target test_mecanum_drive_controller
[0.165s] [100%] Built target test_mecanum_drive_controller_preceeding
[0.178s] Invoked command in '/home/nwhit210/omnicar_2_ws/build/mecanum_drive_controller' returned '0': CMAKE_PREFIX_PATH=${CMAKE_PREFIX_PATH}:/opt/ros/humble /usr/bin/cmake --build /home/nwhit210/omnicar_2_ws/build/mecanum_drive_controller -- -j8 -l8
[0.181s] Invoking command in '/home/nwhit210/omnicar_2_ws/build/mecanum_drive_controller': CMAKE_PREFIX_PATH=${CMAKE_PREFIX_PATH}:/opt/ros/humble /usr/bin/cmake --install /home/nwhit210/omnicar_2_ws/build/mecanum_drive_controller
[0.187s] -- Install configuration: ""
[0.188s] -- Up-to-date: /home/nwhit210/omnicar_2_ws/install/mecanum_drive_controller/include/mecanum_drive_controller
[0.188s] -- Up-to-date: /home/nwhit210/omnicar_2_ws/install/mecanum_drive_controller/include/mecanum_drive_controller/mecanum_drive_controller_parameters.hpp
[0.189s] -- Up-to-date: /home/nwhit210/omnicar_2_ws/install/mecanum_drive_controller/share/mecanum_drive_controller/mecanum_drive_controller.xml
[0.189s] -- Up-to-date: /home/nwhit210/omnicar_2_ws/install/mecanum_drive_controller/include/mecanum_drive_controller
[0.189s] -- Up-to-date: /home/nwhit210/omnicar_2_ws/install/mecanum_drive_controller/include/mecanum_drive_controller/mecanum_drive_controller
[0.189s] -- Up-to-date: /home/nwhit210/omnicar_2_ws/install/mecanum_drive_controller/include/mecanum_drive_controller/mecanum_drive_controller/visibility_control.h
[0.190s] -- Up-to-date: /home/nwhit210/omnicar_2_ws/install/mecanum_drive_controller/include/mecanum_drive_controller/mecanum_drive_controller/mecanum_drive_controller.hpp
[0.190s] -- Up-to-date: /home/nwhit210/omnicar_2_ws/install/mecanum_drive_controller/include/mecanum_drive_controller/mecanum_drive_controller/odometry.hpp
[0.190s] -- Up-to-date: /home/nwhit210/omnicar_2_ws/install/mecanum_drive_controller/lib/libmecanum_drive_controller.so
[0.190s] -- Up-to-date: /home/nwhit210/omnicar_2_ws/install/mecanum_drive_controller/share/mecanum_drive_controller/environment/library_path.sh
[0.190s] -- Up-to-date: /home/nwhit210/omnicar_2_ws/install/mecanum_drive_controller/share/mecanum_drive_controller/environment/library_path.dsv
[0.190s] -- Up-to-date: /home/nwhit210/omnicar_2_ws/install/mecanum_drive_controller/share/ament_index/resource_index/package_run_dependencies/mecanum_drive_controller
[0.191s] -- Up-to-date: /home/nwhit210/omnicar_2_ws/install/mecanum_drive_controller/share/ament_index/resource_index/parent_prefix_path/mecanum_drive_controller
[0.191s] -- Up-to-date: /home/nwhit210/omnicar_2_ws/install/mecanum_drive_controller/share/mecanum_drive_controller/environment/ament_prefix_path.sh
[0.191s] -- Up-to-date: /home/nwhit210/omnicar_2_ws/install/mecanum_drive_controller/share/mecanum_drive_controller/environment/ament_prefix_path.dsv
[0.191s] -- Up-to-date: /home/nwhit210/omnicar_2_ws/install/mecanum_drive_controller/share/mecanum_drive_controller/environment/path.sh
[0.191s] -- Up-to-date: /home/nwhit210/omnicar_2_ws/install/mecanum_drive_controller/share/mecanum_drive_controller/environment/path.dsv
[0.192s] -- Up-to-date: /home/nwhit210/omnicar_2_ws/install/mecanum_drive_controller/share/mecanum_drive_controller/local_setup.bash
[0.192s] -- Up-to-date: /home/nwhit210/omnicar_2_ws/install/mecanum_drive_controller/share/mecanum_drive_controller/local_setup.sh
[0.192s] -- Up-to-date: /home/nwhit210/omnicar_2_ws/install/mecanum_drive_controller/share/mecanum_drive_controller/local_setup.zsh
[0.192s] -- Up-to-date: /home/nwhit210/omnicar_2_ws/install/mecanum_drive_controller/share/mecanum_drive_controller/local_setup.dsv
[0.192s] -- Installing: /home/nwhit210/omnicar_2_ws/install/mecanum_drive_controller/share/mecanum_drive_controller/package.dsv
[0.193s] -- Up-to-date: /home/nwhit210/omnicar_2_ws/install/mecanum_drive_controller/share/ament_index/resource_index/packages/mecanum_drive_controller
[0.193s] -- Up-to-date: /home/nwhit210/omnicar_2_ws/install/mecanum_drive_controller/share/ament_index/resource_index/controller_interface__pluginlib__plugin/mecanum_drive_controller
[0.193s] -- Up-to-date: /home/nwhit210/omnicar_2_ws/install/mecanum_drive_controller/share/mecanum_drive_controller/cmake/export_mecanum_drive_controllerExport.cmake
[0.193s] -- Up-to-date: /home/nwhit210/omnicar_2_ws/install/mecanum_drive_controller/share/mecanum_drive_controller/cmake/export_mecanum_drive_controllerExport-noconfig.cmake
[0.193s] -- Up-to-date: /home/nwhit210/omnicar_2_ws/install/mecanum_drive_controller/share/mecanum_drive_controller/cmake/ament_cmake_export_dependencies-extras.cmake
[0.193s] -- Up-to-date: /home/nwhit210/omnicar_2_ws/install/mecanum_drive_controller/share/mecanum_drive_controller/cmake/ament_cmake_export_targets-extras.cmake
[0.194s] -- Up-to-date: /home/nwhit210/omnicar_2_ws/install/mecanum_drive_controller/share/mecanum_drive_controller/cmake/mecanum_drive_controllerConfig.cmake
[0.194s] -- Up-to-date: /home/nwhit210/omnicar_2_ws/install/mecanum_drive_controller/share/mecanum_drive_controller/cmake/mecanum_drive_controllerConfig-version.cmake
[0.194s] -- Up-to-date: /home/nwhit210/omnicar_2_ws/install/mecanum_drive_controller/share/mecanum_drive_controller/package.xml
[0.196s] Invoked command in '/home/nwhit210/omnicar_2_ws/build/mecanum_drive_controller' returned '0': CMAKE_PREFIX_PATH=${CMAKE_PREFIX_PATH}:/opt/ros/humble /usr/bin/cmake --install /home/nwhit210/omnicar_2_ws/build/mecanum_drive_controller
