[0.051s] Invoking command in '/home/nwhit210/omnicar_ws/build/mecanum_drive_controller': CMAKE_PREFIX_PATH=${CMAKE_PREFIX_PATH}:/opt/ros/humble /usr/bin/cmake --build /home/nwhit210/omnicar_ws/build/mecanum_drive_controller -- -j8 -l8
[0.344s] [35m[1mConsolidate compiler generated dependencies of target gmock_main[0m
[0.361s] [35m[1mConsolidate compiler generated dependencies of target gmock[0m
[0.366s] [ 12%] Built target mecanum_drive_controller_parameters
[0.382s] [ 25%] Built target gmock_main
[0.406s] [35m[1mConsolidate compiler generated dependencies of target mecanum_drive_controller[0m
[0.411s] [ 43%] Built target gmock
[0.433s] [35m[1mConsolidate compiler generated dependencies of target test_load_mecanum_drive_controller[0m
[0.459s] [ 62%] Built target mecanum_drive_controller
[0.472s] [ 75%] Built target test_load_mecanum_drive_controller
[0.484s] [35m[1mConsolidate compiler generated dependencies of target test_mecanum_drive_controller[0m
[0.496s] [35m[1mConsolidate compiler generated dependencies of target test_mecanum_drive_controller_preceeding[0m
[0.517s] [ 87%] Built target test_mecanum_drive_controller
[0.528s] [100%] Built target test_mecanum_drive_controller_preceeding
[0.546s] Invoked command in '/home/nwhit210/omnicar_ws/build/mecanum_drive_controller' returned '0': CMAKE_PREFIX_PATH=${CMAKE_PREFIX_PATH}:/opt/ros/humble /usr/bin/cmake --build /home/nwhit210/omnicar_ws/build/mecanum_drive_controller -- -j8 -l8
[0.552s] Invoking command in '/home/nwhit210/omnicar_ws/build/mecanum_drive_controller': CMAKE_PREFIX_PATH=${CMAKE_PREFIX_PATH}:/opt/ros/humble /usr/bin/cmake --install /home/nwhit210/omnicar_ws/build/mecanum_drive_controller
[0.560s] -- Install configuration: ""
[0.560s] -- Up-to-date: /home/nwhit210/omnicar_ws/install/mecanum_drive_controller/include/mecanum_drive_controller
[0.561s] -- Up-to-date: /home/nwhit210/omnicar_ws/install/mecanum_drive_controller/include/mecanum_drive_controller/mecanum_drive_controller_parameters.hpp
[0.561s] -- Up-to-date: /home/nwhit210/omnicar_ws/install/mecanum_drive_controller/share/mecanum_drive_controller/mecanum_drive_controller.xml
[0.563s] -- Up-to-date: /home/nwhit210/omnicar_ws/install/mecanum_drive_controller/include/mecanum_drive_controller
[0.563s] -- Up-to-date: /home/nwhit210/omnicar_ws/install/mecanum_drive_controller/include/mecanum_drive_controller/mecanum_drive_controller
[0.564s] -- Up-to-date: /home/nwhit210/omnicar_ws/install/mecanum_drive_controller/include/mecanum_drive_controller/mecanum_drive_controller/visibility_control.h
[0.564s] -- Up-to-date: /home/nwhit210/omnicar_ws/install/mecanum_drive_controller/include/mecanum_drive_controller/mecanum_drive_controller/mecanum_drive_controller.hpp
[0.564s] -- Up-to-date: /home/nwhit210/omnicar_ws/install/mecanum_drive_controller/include/mecanum_drive_controller/mecanum_drive_controller/odometry.hpp
[0.565s] -- Up-to-date: /home/nwhit210/omnicar_ws/install/mecanum_drive_controller/lib/libmecanum_drive_controller.so
[0.566s] -- Up-to-date: /home/nwhit210/omnicar_ws/install/mecanum_drive_controller/share/mecanum_drive_controller/environment/library_path.sh
[0.566s] -- Up-to-date: /home/nwhit210/omnicar_ws/install/mecanum_drive_controller/share/mecanum_drive_controller/environment/library_path.dsv
[0.566s] -- Up-to-date: /home/nwhit210/omnicar_ws/install/mecanum_drive_controller/share/ament_index/resource_index/package_run_dependencies/mecanum_drive_controller
[0.567s] -- Up-to-date: /home/nwhit210/omnicar_ws/install/mecanum_drive_controller/share/ament_index/resource_index/parent_prefix_path/mecanum_drive_controller
[0.567s] -- Up-to-date: /home/nwhit210/omnicar_ws/install/mecanum_drive_controller/share/mecanum_drive_controller/environment/ament_prefix_path.sh
[0.567s] -- Up-to-date: /home/nwhit210/omnicar_ws/install/mecanum_drive_controller/share/mecanum_drive_controller/environment/ament_prefix_path.dsv
[0.567s] -- Up-to-date: /home/nwhit210/omnicar_ws/install/mecanum_drive_controller/share/mecanum_drive_controller/environment/path.sh
[0.567s] -- Up-to-date: /home/nwhit210/omnicar_ws/install/mecanum_drive_controller/share/mecanum_drive_controller/environment/path.dsv
[0.568s] -- Up-to-date: /home/nwhit210/omnicar_ws/install/mecanum_drive_controller/share/mecanum_drive_controller/local_setup.bash
[0.568s] -- Up-to-date: /home/nwhit210/omnicar_ws/install/mecanum_drive_controller/share/mecanum_drive_controller/local_setup.sh
[0.568s] -- Up-to-date: /home/nwhit210/omnicar_ws/install/mecanum_drive_controller/share/mecanum_drive_controller/local_setup.zsh
[0.568s] -- Up-to-date: /home/nwhit210/omnicar_ws/install/mecanum_drive_controller/share/mecanum_drive_controller/local_setup.dsv
[0.568s] -- Installing: /home/nwhit210/omnicar_ws/install/mecanum_drive_controller/share/mecanum_drive_controller/package.dsv
[0.569s] -- Up-to-date: /home/nwhit210/omnicar_ws/install/mecanum_drive_controller/share/ament_index/resource_index/packages/mecanum_drive_controller
[0.569s] -- Up-to-date: /home/nwhit210/omnicar_ws/install/mecanum_drive_controller/share/ament_index/resource_index/controller_interface__pluginlib__plugin/mecanum_drive_controller
[0.572s] -- Up-to-date: /home/nwhit210/omnicar_ws/install/mecanum_drive_controller/share/mecanum_drive_controller/cmake/export_mecanum_drive_controllerExport.cmake
[0.572s] -- Up-to-date: /home/nwhit210/omnicar_ws/install/mecanum_drive_controller/share/mecanum_drive_controller/cmake/export_mecanum_drive_controllerExport-noconfig.cmake
[0.573s] -- Up-to-date: /home/nwhit210/omnicar_ws/install/mecanum_drive_controller/share/mecanum_drive_controller/cmake/ament_cmake_export_dependencies-extras.cmake
[0.573s] -- Up-to-date: /home/nwhit210/omnicar_ws/install/mecanum_drive_controller/share/mecanum_drive_controller/cmake/ament_cmake_export_targets-extras.cmake
[0.573s] -- Up-to-date: /home/nwhit210/omnicar_ws/install/mecanum_drive_controller/share/mecanum_drive_controller/cmake/mecanum_drive_controllerConfig.cmake
[0.573s] -- Up-to-date: /home/nwhit210/omnicar_ws/install/mecanum_drive_controller/share/mecanum_drive_controller/cmake/mecanum_drive_controllerConfig-version.cmake
[0.573s] -- Up-to-date: /home/nwhit210/omnicar_ws/install/mecanum_drive_controller/share/mecanum_drive_controller/package.xml
[0.577s] Invoked command in '/home/nwhit210/omnicar_ws/build/mecanum_drive_controller' returned '0': CMAKE_PREFIX_PATH=${CMAKE_PREFIX_PATH}:/opt/ros/humble /usr/bin/cmake --install /home/nwhit210/omnicar_ws/build/mecanum_drive_controller
