[0.096s] Invoking command in '/home/pi/omnicar_ws/build/diffdrive_arduino': CMAKE_PREFIX_PATH=${CMAKE_PREFIX_PATH}:/opt/ros/humble /usr/bin/cmake --build /home/pi/omnicar_ws/build/diffdrive_arduino -- -j4 -l4
[0.423s] [ 50%] [32mBuilding CXX object CMakeFiles/diffdrive_arduino.dir/hardware/diffbot_system.cpp.o[0m
[11.503s] [01m[K/home/pi/omnicar_ws/src/diffdrive_arduino/hardware/diffbot_system.cpp:[m[K In member function ‘[01m[Kvirtual hardware_interface::CallbackReturn diffdrive_arduino::DiffDriveArduinoHardware::on_init(const hardware_interface::HardwareInfo&)[m[K’:
[11.504s] [01m[K/home/pi/omnicar_ws/src/diffdrive_arduino/hardware/diffbot_system.cpp:39:8:[m[K [01;31m[Kerror: [m[K‘[01m[Kstruct diffdrive_arduino::DiffDriveArduinoHardware::Config[m[K’ has no member named ‘[01m[Kfront_left_wheel_name[m[K’; did you mean ‘[01m[Kleft_wheel_name[m[K’?
[11.505s]    39 |   cfg_.[01;31m[Kfront_left_wheel_name[m[K = info_.hardware_parameters["front_left_wheel_name"];
[11.505s]       |        [01;31m[K^~~~~~~~~~~~~~~~~~~~~[m[K
[11.506s]       |        [32m[Kleft_wheel_name[m[K
[11.507s] [01m[K/home/pi/omnicar_ws/src/diffdrive_arduino/hardware/diffbot_system.cpp:40:8:[m[K [01;31m[Kerror: [m[K‘[01m[Kstruct diffdrive_arduino::DiffDriveArduinoHardware::Config[m[K’ has no member named ‘[01m[Kfront_right_wheel_name[m[K’; did you mean ‘[01m[Kright_wheel_name[m[K’?
[11.507s]    40 |   cfg_.[01;31m[Kfront_right_wheel_name[m[K = info_.hardware_parameters["front_right_wheel_name"];
[11.508s]       |        [01;31m[K^~~~~~~~~~~~~~~~~~~~~~[m[K
[11.508s]       |        [32m[Kright_wheel_name[m[K
[11.508s] [01m[K/home/pi/omnicar_ws/src/diffdrive_arduino/hardware/diffbot_system.cpp:41:8:[m[K [01;31m[Kerror: [m[K‘[01m[Kstruct diffdrive_arduino::DiffDriveArduinoHardware::Config[m[K’ has no member named ‘[01m[Krear_left_wheel_name[m[K’; did you mean ‘[01m[Kleft_wheel_name[m[K’?
[11.509s]    41 |   cfg_.[01;31m[Krear_left_wheel_name[m[K = info_.hardware_parameters["rear_left_wheel_name"];
[11.510s]       |        [01;31m[K^~~~~~~~~~~~~~~~~~~~[m[K
[11.510s]       |        [32m[Kleft_wheel_name[m[K
[11.511s] [01m[K/home/pi/omnicar_ws/src/diffdrive_arduino/hardware/diffbot_system.cpp:42:8:[m[K [01;31m[Kerror: [m[K‘[01m[Kstruct diffdrive_arduino::DiffDriveArduinoHardware::Config[m[K’ has no member named ‘[01m[Krear_right_wheel_name[m[K’; did you mean ‘[01m[Kright_wheel_name[m[K’?
[11.511s]    42 |   cfg_.[01;31m[Krear_right_wheel_name[m[K = info_.hardware_parameters["rear_right_wheel_name"];
[11.512s]       |        [01;31m[K^~~~~~~~~~~~~~~~~~~~~[m[K
[11.513s]       |        [32m[Kright_wheel_name[m[K
[11.533s] [01m[K/home/pi/omnicar_ws/src/diffdrive_arduino/hardware/diffbot_system.cpp:61:3:[m[K [01;31m[Kerror: [m[K‘[01m[Kwheel_fl_[m[K’ was not declared in this scope; did you mean ‘[01m[Kwheel_l_[m[K’?
[11.533s]    61 |   [01;31m[Kwheel_fl_[m[K.setup(cfg_.front_left_wheel_name, cfg_.enc_counts_per_rev);
[11.534s]       |   [01;31m[K^~~~~~~~~[m[K
[11.534s]       |   [32m[Kwheel_l_[m[K
[11.535s] [01m[K/home/pi/omnicar_ws/src/diffdrive_arduino/hardware/diffbot_system.cpp:61:24:[m[K [01;31m[Kerror: [m[K‘[01m[Kstruct diffdrive_arduino::DiffDriveArduinoHardware::Config[m[K’ has no member named ‘[01m[Kfront_left_wheel_name[m[K’; did you mean ‘[01m[Kleft_wheel_name[m[K’?
[11.535s]    61 |   wheel_fl_.setup(cfg_.[01;31m[Kfront_left_wheel_name[m[K, cfg_.enc_counts_per_rev);
[11.536s]       |                        [01;31m[K^~~~~~~~~~~~~~~~~~~~~[m[K
[11.536s]       |                        [32m[Kleft_wheel_name[m[K
[11.554s] [01m[K/home/pi/omnicar_ws/src/diffdrive_arduino/hardware/diffbot_system.cpp:62:3:[m[K [01;31m[Kerror: [m[K‘[01m[Kwheel_fr_[m[K’ was not declared in this scope; did you mean ‘[01m[Kwheel_r_[m[K’?
[11.555s]    62 |   [01;31m[Kwheel_fr_[m[K.setup(cfg_.front_right_wheel_name, cfg_.enc_counts_per_rev);
[11.556s]       |   [01;31m[K^~~~~~~~~[m[K
[11.556s]       |   [32m[Kwheel_r_[m[K
[11.557s] [01m[K/home/pi/omnicar_ws/src/diffdrive_arduino/hardware/diffbot_system.cpp:62:24:[m[K [01;31m[Kerror: [m[K‘[01m[Kstruct diffdrive_arduino::DiffDriveArduinoHardware::Config[m[K’ has no member named ‘[01m[Kfront_right_wheel_name[m[K’; did you mean ‘[01m[Kright_wheel_name[m[K’?
[11.558s]    62 |   wheel_fr_.setup(cfg_.[01;31m[Kfront_right_wheel_name[m[K, cfg_.enc_counts_per_rev);
[11.558s]       |                        [01;31m[K^~~~~~~~~~~~~~~~~~~~~~[m[K
[11.559s]       |                        [32m[Kright_wheel_name[m[K
[11.574s] [01m[K/home/pi/omnicar_ws/src/diffdrive_arduino/hardware/diffbot_system.cpp:63:3:[m[K [01;31m[Kerror: [m[K‘[01m[Kwheel_rl_[m[K’ was not declared in this scope; did you mean ‘[01m[Kwheel_l_[m[K’?
[11.574s]    63 |   [01;31m[Kwheel_rl_[m[K.setup(cfg_.rear_left_wheel_name, cfg_.enc_counts_per_rev);
[11.575s]       |   [01;31m[K^~~~~~~~~[m[K
[11.575s]       |   [32m[Kwheel_l_[m[K
[11.576s] [01m[K/home/pi/omnicar_ws/src/diffdrive_arduino/hardware/diffbot_system.cpp:63:24:[m[K [01;31m[Kerror: [m[K‘[01m[Kstruct diffdrive_arduino::DiffDriveArduinoHardware::Config[m[K’ has no member named ‘[01m[Krear_left_wheel_name[m[K’; did you mean ‘[01m[Kleft_wheel_name[m[K’?
[11.576s]    63 |   wheel_rl_.setup(cfg_.[01;31m[Krear_left_wheel_name[m[K, cfg_.enc_counts_per_rev);
[11.577s]       |                        [01;31m[K^~~~~~~~~~~~~~~~~~~~[m[K
[11.577s]       |                        [32m[Kleft_wheel_name[m[K
[11.594s] [01m[K/home/pi/omnicar_ws/src/diffdrive_arduino/hardware/diffbot_system.cpp:64:3:[m[K [01;31m[Kerror: [m[K‘[01m[Kwheel_rr_[m[K’ was not declared in this scope; did you mean ‘[01m[Kwheel_r_[m[K’?
[11.594s]    64 |   [01;31m[Kwheel_rr_[m[K.setup(cfg_.rear_right_wheel_name, cfg_.enc_counts_per_rev);
[11.595s]       |   [01;31m[K^~~~~~~~~[m[K
[11.595s]       |   [32m[Kwheel_r_[m[K
[11.595s] [01m[K/home/pi/omnicar_ws/src/diffdrive_arduino/hardware/diffbot_system.cpp:64:24:[m[K [01;31m[Kerror: [m[K‘[01m[Kstruct diffdrive_arduino::DiffDriveArduinoHardware::Config[m[K’ has no member named ‘[01m[Krear_right_wheel_name[m[K’; did you mean ‘[01m[Kright_wheel_name[m[K’?
[11.596s]    64 |   wheel_rr_.setup(cfg_.[01;31m[Krear_right_wheel_name[m[K, cfg_.enc_counts_per_rev);
[11.596s]       |                        [01;31m[K^~~~~~~~~~~~~~~~~~~~~[m[K
[11.597s]       |                        [32m[Kright_wheel_name[m[K
[11.637s] [01m[K/home/pi/omnicar_ws/src/diffdrive_arduino/hardware/diffbot_system.cpp:[m[K In member function ‘[01m[Kvirtual std::vector<hardware_interface::StateInterface> diffdrive_arduino::DiffDriveArduinoHardware::export_state_interfaces()[m[K’:
[11.637s] [01m[K/home/pi/omnicar_ws/src/diffdrive_arduino/hardware/diffbot_system.cpp:123:5:[m[K [01;31m[Kerror: [m[K‘[01m[Kwheel_fl_[m[K’ was not declared in this scope; did you mean ‘[01m[Kwheel_l_[m[K’?
[11.638s]   123 |     [01;31m[Kwheel_fl_[m[K.name, hardware_interface::HW_IF_POSITION, &wheel_fl_.pos));
[11.638s]       |     [01;31m[K^~~~~~~~~[m[K
[11.639s]       |     [32m[Kwheel_l_[m[K
[11.656s] [01m[K/home/pi/omnicar_ws/src/diffdrive_arduino/hardware/diffbot_system.cpp:128:5:[m[K [01;31m[Kerror: [m[K‘[01m[Kwheel_fr_[m[K’ was not declared in this scope; did you mean ‘[01m[Kwheel_r_[m[K’?
[11.657s]   128 |     [01;31m[Kwheel_fr_[m[K.name, hardware_interface::HW_IF_POSITION, &wheel_fr_.pos));
[11.657s]       |     [01;31m[K^~~~~~~~~[m[K
[11.658s]       |     [32m[Kwheel_r_[m[K
[11.676s] [01m[K/home/pi/omnicar_ws/src/diffdrive_arduino/hardware/diffbot_system.cpp:133:5:[m[K [01;31m[Kerror: [m[K‘[01m[Kwheel_rl_[m[K’ was not declared in this scope; did you mean ‘[01m[Kwheel_l_[m[K’?
[11.676s]   133 |     [01;31m[Kwheel_rl_[m[K.name, hardware_interface::HW_IF_POSITION, &wheel_rl_.pos));
[11.677s]       |     [01;31m[K^~~~~~~~~[m[K
[11.678s]       |     [32m[Kwheel_l_[m[K
[11.695s] [01m[K/home/pi/omnicar_ws/src/diffdrive_arduino/hardware/diffbot_system.cpp:138:5:[m[K [01;31m[Kerror: [m[K‘[01m[Kwheel_rr_[m[K’ was not declared in this scope; did you mean ‘[01m[Kwheel_r_[m[K’?
[11.696s]   138 |     [01;31m[Kwheel_rr_[m[K.name, hardware_interface::HW_IF_POSITION, &wheel_rr_.pos));
[11.696s]       |     [01;31m[K^~~~~~~~~[m[K
[11.697s]       |     [32m[Kwheel_r_[m[K
[11.725s] [01m[K/home/pi/omnicar_ws/src/diffdrive_arduino/hardware/diffbot_system.cpp:[m[K In member function ‘[01m[Kvirtual std::vector<hardware_interface::CommandInterface> diffdrive_arduino::DiffDriveArduinoHardware::export_command_interfaces()[m[K’:
[11.726s] [01m[K/home/pi/omnicar_ws/src/diffdrive_arduino/hardware/diffbot_system.cpp:150:5:[m[K [01;31m[Kerror: [m[K‘[01m[Kwheel_fl_[m[K’ was not declared in this scope; did you mean ‘[01m[Kwheel_l_[m[K’?
[11.727s]   150 |     [01;31m[Kwheel_fl_[m[K.name, hardware_interface::HW_IF_VELOCITY, &wheel_fl_.cmd));
[11.727s]       |     [01;31m[K^~~~~~~~~[m[K
[11.728s]       |     [32m[Kwheel_l_[m[K
[11.745s] [01m[K/home/pi/omnicar_ws/src/diffdrive_arduino/hardware/diffbot_system.cpp:153:5:[m[K [01;31m[Kerror: [m[K‘[01m[Kwheel_fr_[m[K’ was not declared in this scope; did you mean ‘[01m[Kwheel_r_[m[K’?
[11.746s]   153 |     [01;31m[Kwheel_fr_[m[K.name, hardware_interface::HW_IF_VELOCITY, &wheel_fr_.cmd));
[11.746s]       |     [01;31m[K^~~~~~~~~[m[K
[11.747s]       |     [32m[Kwheel_r_[m[K
[11.764s] [01m[K/home/pi/omnicar_ws/src/diffdrive_arduino/hardware/diffbot_system.cpp:156:5:[m[K [01;31m[Kerror: [m[K‘[01m[Kwheel_rl_[m[K’ was not declared in this scope; did you mean ‘[01m[Kwheel_l_[m[K’?
[11.765s]   156 |     [01;31m[Kwheel_rl_[m[K.name, hardware_interface::HW_IF_VELOCITY, &wheel_rl_.cmd));
[11.765s]       |     [01;31m[K^~~~~~~~~[m[K
[11.766s]       |     [32m[Kwheel_l_[m[K
[11.784s] [01m[K/home/pi/omnicar_ws/src/diffdrive_arduino/hardware/diffbot_system.cpp:159:5:[m[K [01;31m[Kerror: [m[K‘[01m[Kwheel_rr_[m[K’ was not declared in this scope; did you mean ‘[01m[Kwheel_r_[m[K’?
[11.784s]   159 |     [01;31m[Kwheel_rr_[m[K.name, hardware_interface::HW_IF_VELOCITY, &wheel_rr_.cmd));
[11.785s]       |     [01;31m[K^~~~~~~~~[m[K
[11.785s]       |     [32m[Kwheel_r_[m[K
[13.893s] gmake[2]: *** [CMakeFiles/diffdrive_arduino.dir/build.make:76: CMakeFiles/diffdrive_arduino.dir/hardware/diffbot_system.cpp.o] Error 1
[13.894s] gmake[1]: *** [CMakeFiles/Makefile2:137: CMakeFiles/diffdrive_arduino.dir/all] Error 2
[13.896s] gmake: *** [Makefile:146: all] Error 2
[13.907s] Invoked command in '/home/pi/omnicar_ws/build/diffdrive_arduino' returned '2': CMAKE_PREFIX_PATH=${CMAKE_PREFIX_PATH}:/opt/ros/humble /usr/bin/cmake --build /home/pi/omnicar_ws/build/diffdrive_arduino -- -j4 -l4
