[0.084s] Invoking command in '/home/pi/omnicar_ws/build/omnicar': CMAKE_PREFIX_PATH=${CMAKE_PREFIX_PATH}:/opt/ros/humble /usr/bin/cmake /home/pi/omnicar_ws/src/omnicar -DAMENT_CMAKE_SYMLINK_INSTALL=1 -DCMAKE_INSTALL_PREFIX=/home/pi/omnicar_ws/install/omnicar
[0.147s] -- Found ament_cmake: 1.3.11 (/opt/ros/humble/share/ament_cmake/cmake)
[0.960s] -- Override CMake install command with custom implementation using symlinks instead of copying resources
[1.054s] -- Found ament_lint_auto: 0.12.12 (/opt/ros/humble/share/ament_lint_auto/cmake)
[1.469s] -- Added test 'copyright' to check source files copyright and LICENSE
[1.513s] -- Added test 'flake8' to check Python code syntax and style conventions
[1.520s] -- Added test 'lint_cmake' to check CMake code style
[1.528s] -- Added test 'pep257' to check Python code against some of the docstring style conventions in PEP 257
[1.548s] -- Added test 'xmllint' to check XML markup files
[1.557s] -- Configuring done
[1.591s] -- Generating done
[1.601s] -- Build files have been written to: /home/pi/omnicar_ws/build/omnicar
[1.613s] Invoked command in '/home/pi/omnicar_ws/build/omnicar' returned '0': CMAKE_PREFIX_PATH=${CMAKE_PREFIX_PATH}:/opt/ros/humble /usr/bin/cmake /home/pi/omnicar_ws/src/omnicar -DAMENT_CMAKE_SYMLINK_INSTALL=1 -DCMAKE_INSTALL_PREFIX=/home/pi/omnicar_ws/install/omnicar
[1.629s] Invoking command in '/home/pi/omnicar_ws/build/omnicar': CMAKE_PREFIX_PATH=${CMAKE_PREFIX_PATH}:/opt/ros/humble /usr/bin/cmake --build /home/pi/omnicar_ws/build/omnicar -- -j4 -l4
[1.795s] Invoked command in '/home/pi/omnicar_ws/build/omnicar' returned '0': CMAKE_PREFIX_PATH=${CMAKE_PREFIX_PATH}:/opt/ros/humble /usr/bin/cmake --build /home/pi/omnicar_ws/build/omnicar -- -j4 -l4
[1.848s] Invoking command in '/home/pi/omnicar_ws/build/omnicar': CMAKE_PREFIX_PATH=${CMAKE_PREFIX_PATH}:/opt/ros/humble /usr/bin/cmake --install /home/pi/omnicar_ws/build/omnicar
[1.883s] -- Install configuration: ""
[1.886s] -- Execute custom install script
[1.889s] -- Symlinking: /home/pi/omnicar_ws/install/omnicar/share/omnicar/config/empty.yaml
[1.924s] -- Symlinking: /home/pi/omnicar_ws/install/omnicar/share/omnicar/config/joystick.yaml
[1.968s] -- Symlinking: /home/pi/omnicar_ws/install/omnicar/share/omnicar/config/my_controllers.yaml
[2.009s] -- Symlinking: /home/pi/omnicar_ws/install/omnicar/share/omnicar/config/sim.yaml
[2.046s] -- Symlinking: /home/pi/omnicar_ws/install/omnicar/share/omnicar/description/camera.xacro
[2.088s] -- Symlinking: /home/pi/omnicar_ws/install/omnicar/share/omnicar/description/mesh/collision/roller.stl
[2.129s] -- Symlinking: /home/pi/omnicar_ws/install/omnicar/share/omnicar/description/mesh/collision/wheel.stl
[2.173s] -- Symlinking: /home/pi/omnicar_ws/install/omnicar/share/omnicar/description/mesh/visual/roller.dae
[2.217s] -- Symlinking: /home/pi/omnicar_ws/install/omnicar/share/omnicar/description/mesh/visual/wheel.dae
[2.259s] -- Symlinking: /home/pi/omnicar_ws/install/omnicar/share/omnicar/description/robot.urdf.xacro
[2.296s] -- Symlinking: /home/pi/omnicar_ws/install/omnicar/share/omnicar/description/robot_core.xacro
[2.335s] -- Symlinking: /home/pi/omnicar_ws/install/omnicar/share/omnicar/description/ros2_control.xacro
[2.372s] -- Symlinking: /home/pi/omnicar_ws/install/omnicar/share/omnicar/description/urdf/mecanum_wheel.urdf.xacro
[2.408s] -- Symlinking: /home/pi/omnicar_ws/install/omnicar/share/omnicar/description/urdf/mecanum_wheel_macro.xacro
[2.443s] -- Symlinking: /home/pi/omnicar_ws/install/omnicar/share/omnicar/description/urdf/rollers.xacro
[2.477s] -- Symlinking: /home/pi/omnicar_ws/install/omnicar/share/omnicar/description/urdf/wheel.xacro
[2.514s] -- Symlinking: /home/pi/omnicar_ws/install/omnicar/share/omnicar/launch/__pycache__/launch.cpython-310.pyc
[2.547s] -- Symlinking: /home/pi/omnicar_ws/install/omnicar/share/omnicar/launch/__pycache__/launch_sim.cpython-310.pyc
[2.584s] -- Symlinking: /home/pi/omnicar_ws/install/omnicar/share/omnicar/launch/joint_pub.launch.py
[2.622s] -- Symlinking: /home/pi/omnicar_ws/install/omnicar/share/omnicar/launch/joystick.launch.py
[2.659s] -- Symlinking: /home/pi/omnicar_ws/install/omnicar/share/omnicar/launch/launch_bot.launch.py
[2.698s] -- Symlinking: /home/pi/omnicar_ws/install/omnicar/share/omnicar/launch/launch_sim.launch.py
[2.736s] -- Symlinking: /home/pi/omnicar_ws/install/omnicar/share/omnicar/launch/rsp.launch.py
[2.777s] -- Symlinking: /home/pi/omnicar_ws/install/omnicar/share/omnicar/worlds/empty.world
[2.815s] -- Symlinking: /home/pi/omnicar_ws/install/omnicar/share/ament_index/resource_index/package_run_dependencies/omnicar
[2.855s] -- Symlinking: /home/pi/omnicar_ws/install/omnicar/share/ament_index/resource_index/parent_prefix_path/omnicar
[2.903s] -- Symlinking: /home/pi/omnicar_ws/install/omnicar/share/omnicar/environment/ament_prefix_path.sh
[2.938s] -- Symlinking: /home/pi/omnicar_ws/install/omnicar/share/omnicar/environment/ament_prefix_path.dsv
[2.979s] -- Symlinking: /home/pi/omnicar_ws/install/omnicar/share/omnicar/environment/path.sh
[3.019s] -- Symlinking: /home/pi/omnicar_ws/install/omnicar/share/omnicar/environment/path.dsv
[3.054s] -- Symlinking: /home/pi/omnicar_ws/install/omnicar/share/omnicar/local_setup.bash
[3.096s] -- Symlinking: /home/pi/omnicar_ws/install/omnicar/share/omnicar/local_setup.sh
[3.137s] -- Symlinking: /home/pi/omnicar_ws/install/omnicar/share/omnicar/local_setup.zsh
[3.178s] -- Symlinking: /home/pi/omnicar_ws/install/omnicar/share/omnicar/local_setup.dsv
[3.216s] -- Symlinking: /home/pi/omnicar_ws/install/omnicar/share/omnicar/package.dsv
[3.255s] -- Symlinking: /home/pi/omnicar_ws/install/omnicar/share/ament_index/resource_index/packages/omnicar
[3.293s] -- Symlinking: /home/pi/omnicar_ws/install/omnicar/share/omnicar/cmake/omnicarConfig.cmake
[3.334s] -- Symlinking: /home/pi/omnicar_ws/install/omnicar/share/omnicar/cmake/omnicarConfig-version.cmake
[3.372s] -- Symlinking: /home/pi/omnicar_ws/install/omnicar/share/omnicar/package.xml
[3.420s] Invoked command in '/home/pi/omnicar_ws/build/omnicar' returned '0': CMAKE_PREFIX_PATH=${CMAKE_PREFIX_PATH}:/opt/ros/humble /usr/bin/cmake --install /home/pi/omnicar_ws/build/omnicar
