[0.059s] Invoking command in '/home/nwhit210/omnicar_ws/build/omnicar': CMAKE_PREFIX_PATH=${CMAKE_PREFIX_PATH}:/opt/ros/humble /usr/bin/cmake /home/nwhit210/omnicar_ws/src/omnicar -DCMAKE_INSTALL_PREFIX=/home/nwhit210/omnicar_ws/install/omnicar
[0.717s] -- The C compiler identification is GNU 11.4.0
[2.724s] -- The CXX compiler identification is GNU 11.4.0
[4.220s] -- Detecting C compiler ABI info
[4.733s] -- Detecting C compiler ABI info - done
[4.752s] -- Check for working C compiler: /usr/bin/cc - skipped
[4.753s] -- Detecting C compile features
[4.754s] -- Detecting C compile features - done
[4.761s] -- Detecting CXX compiler ABI info
[5.262s] -- Detecting CXX compiler ABI info - done
[5.284s] -- Check for working CXX compiler: /usr/bin/c++ - skipped
[5.285s] -- Detecting CXX compile features
[5.286s] -- Detecting CXX compile features - done
[5.293s] -- Found ament_cmake: 1.3.11 (/opt/ros/humble/share/ament_cmake/cmake)
[5.764s] -- Found Python3: /usr/bin/python3 (found version "3.10.12") found components: Interpreter 
[6.028s] -- Found ament_lint_auto: 0.12.11 (/opt/ros/humble/share/ament_lint_auto/cmake)
[6.287s] -- Added test 'copyright' to check source files copyright and LICENSE
[6.295s] -- Added test 'flake8' to check Python code syntax and style conventions
[6.297s] -- Added test 'lint_cmake' to check CMake code style
[6.299s] -- Added test 'pep257' to check Python code against some of the docstring style conventions in PEP 257
[6.304s] -- Added test 'xmllint' to check XML markup files
[6.311s] -- Configuring done
[6.324s] -- Generating done
[6.334s] -- Build files have been written to: /home/nwhit210/omnicar_ws/build/omnicar
[6.347s] Invoked command in '/home/nwhit210/omnicar_ws/build/omnicar' returned '0': CMAKE_PREFIX_PATH=${CMAKE_PREFIX_PATH}:/opt/ros/humble /usr/bin/cmake /home/nwhit210/omnicar_ws/src/omnicar -DCMAKE_INSTALL_PREFIX=/home/nwhit210/omnicar_ws/install/omnicar
[6.351s] Invoking command in '/home/nwhit210/omnicar_ws/build/omnicar': CMAKE_PREFIX_PATH=${CMAKE_PREFIX_PATH}:/opt/ros/humble /usr/bin/cmake --build /home/nwhit210/omnicar_ws/build/omnicar -- -j8 -l8
[6.441s] Invoked command in '/home/nwhit210/omnicar_ws/build/omnicar' returned '0': CMAKE_PREFIX_PATH=${CMAKE_PREFIX_PATH}:/opt/ros/humble /usr/bin/cmake --build /home/nwhit210/omnicar_ws/build/omnicar -- -j8 -l8
[6.468s] Invoking command in '/home/nwhit210/omnicar_ws/build/omnicar': CMAKE_PREFIX_PATH=${CMAKE_PREFIX_PATH}:/opt/ros/humble /usr/bin/cmake --install /home/nwhit210/omnicar_ws/build/omnicar
[6.492s] -- Install configuration: ""
[6.493s] -- Installing: /home/nwhit210/omnicar_ws/install/omnicar/share/omnicar/config
[6.494s] -- Installing: /home/nwhit210/omnicar_ws/install/omnicar/share/omnicar/config/my_controllers.yaml
[6.495s] -- Installing: /home/nwhit210/omnicar_ws/install/omnicar/share/omnicar/config/empty.yaml
[6.496s] -- Installing: /home/nwhit210/omnicar_ws/install/omnicar/share/omnicar/config/joystick.yaml
[6.497s] -- Installing: /home/nwhit210/omnicar_ws/install/omnicar/share/omnicar/config/sim.yaml
[6.497s] -- Installing: /home/nwhit210/omnicar_ws/install/omnicar/share/omnicar/description
[6.498s] -- Installing: /home/nwhit210/omnicar_ws/install/omnicar/share/omnicar/description/robot.urdf.xacro
[6.499s] -- Installing: /home/nwhit210/omnicar_ws/install/omnicar/share/omnicar/description/robot_core.xacro
[6.500s] -- Installing: /home/nwhit210/omnicar_ws/install/omnicar/share/omnicar/description/ros2_control.xacro
[6.501s] -- Installing: /home/nwhit210/omnicar_ws/install/omnicar/share/omnicar/description/mesh
[6.502s] -- Installing: /home/nwhit210/omnicar_ws/install/omnicar/share/omnicar/description/mesh/collision
[6.502s] -- Installing: /home/nwhit210/omnicar_ws/install/omnicar/share/omnicar/description/mesh/collision/roller.stl
[6.511s] -- Installing: /home/nwhit210/omnicar_ws/install/omnicar/share/omnicar/description/mesh/collision/wheel.stl
[6.512s] -- Installing: /home/nwhit210/omnicar_ws/install/omnicar/share/omnicar/description/mesh/visual
[6.513s] -- Installing: /home/nwhit210/omnicar_ws/install/omnicar/share/omnicar/description/mesh/visual/wheel.dae
[6.524s] -- Installing: /home/nwhit210/omnicar_ws/install/omnicar/share/omnicar/description/mesh/visual/roller.dae
[6.531s] -- Installing: /home/nwhit210/omnicar_ws/install/omnicar/share/omnicar/description/urdf
[6.531s] -- Installing: /home/nwhit210/omnicar_ws/install/omnicar/share/omnicar/description/urdf/wheel.xacro
[6.532s] -- Installing: /home/nwhit210/omnicar_ws/install/omnicar/share/omnicar/description/urdf/mecanum_wheel_macro.xacro
[6.533s] -- Installing: /home/nwhit210/omnicar_ws/install/omnicar/share/omnicar/description/urdf/rollers.xacro
[6.533s] -- Installing: /home/nwhit210/omnicar_ws/install/omnicar/share/omnicar/description/urdf/mecanum_wheel.urdf.xacro
[6.533s] -- Installing: /home/nwhit210/omnicar_ws/install/omnicar/share/omnicar/description/camera.xacro
[6.534s] -- Installing: /home/nwhit210/omnicar_ws/install/omnicar/share/omnicar/launch
[6.535s] -- Installing: /home/nwhit210/omnicar_ws/install/omnicar/share/omnicar/launch/launch_bot.launch.py
[6.536s] -- Installing: /home/nwhit210/omnicar_ws/install/omnicar/share/omnicar/launch/launch_sim.launch.py
[6.537s] -- Installing: /home/nwhit210/omnicar_ws/install/omnicar/share/omnicar/launch/joint_pub.launch.py
[6.538s] -- Installing: /home/nwhit210/omnicar_ws/install/omnicar/share/omnicar/launch/__pycache__
[6.539s] -- Installing: /home/nwhit210/omnicar_ws/install/omnicar/share/omnicar/launch/__pycache__/launch_sim.cpython-310.pyc
[6.541s] -- Installing: /home/nwhit210/omnicar_ws/install/omnicar/share/omnicar/launch/__pycache__/launch.cpython-310.pyc
[6.544s] -- Installing: /home/nwhit210/omnicar_ws/install/omnicar/share/omnicar/launch/rsp.launch.py
[6.545s] -- Installing: /home/nwhit210/omnicar_ws/install/omnicar/share/omnicar/launch/joystick.launch.py
[6.546s] -- Installing: /home/nwhit210/omnicar_ws/install/omnicar/share/omnicar/worlds
[6.546s] -- Installing: /home/nwhit210/omnicar_ws/install/omnicar/share/omnicar/worlds/empty.world
[6.546s] -- Installing: /home/nwhit210/omnicar_ws/install/omnicar/share/ament_index/resource_index/package_run_dependencies/omnicar
[6.546s] -- Installing: /home/nwhit210/omnicar_ws/install/omnicar/share/ament_index/resource_index/parent_prefix_path/omnicar
[6.547s] -- Installing: /home/nwhit210/omnicar_ws/install/omnicar/share/omnicar/environment/ament_prefix_path.sh
[6.547s] -- Installing: /home/nwhit210/omnicar_ws/install/omnicar/share/omnicar/environment/ament_prefix_path.dsv
[6.549s] -- Installing: /home/nwhit210/omnicar_ws/install/omnicar/share/omnicar/environment/path.sh
[6.549s] -- Installing: /home/nwhit210/omnicar_ws/install/omnicar/share/omnicar/environment/path.dsv
[6.549s] -- Installing: /home/nwhit210/omnicar_ws/install/omnicar/share/omnicar/local_setup.bash
[6.550s] -- Installing: /home/nwhit210/omnicar_ws/install/omnicar/share/omnicar/local_setup.sh
[6.551s] -- Installing: /home/nwhit210/omnicar_ws/install/omnicar/share/omnicar/local_setup.zsh
[6.551s] -- Installing: /home/nwhit210/omnicar_ws/install/omnicar/share/omnicar/local_setup.dsv
[6.552s] -- Installing: /home/nwhit210/omnicar_ws/install/omnicar/share/omnicar/package.dsv
[6.552s] -- Installing: /home/nwhit210/omnicar_ws/install/omnicar/share/ament_index/resource_index/packages/omnicar
[6.553s] -- Installing: /home/nwhit210/omnicar_ws/install/omnicar/share/omnicar/cmake/omnicarConfig.cmake
[6.553s] -- Installing: /home/nwhit210/omnicar_ws/install/omnicar/share/omnicar/cmake/omnicarConfig-version.cmake
[6.553s] -- Installing: /home/nwhit210/omnicar_ws/install/omnicar/share/omnicar/package.xml
[6.559s] Invoked command in '/home/nwhit210/omnicar_ws/build/omnicar' returned '0': CMAKE_PREFIX_PATH=${CMAKE_PREFIX_PATH}:/opt/ros/humble /usr/bin/cmake --install /home/nwhit210/omnicar_ws/build/omnicar
