[0.049s] Invoking command in '/home/nwhit210/omnicar_ws/build/mecanum_drive_controller': CMAKE_PREFIX_PATH=${CMAKE_PREFIX_PATH}:/opt/ros/humble /usr/bin/cmake /home/nwhit210/omnicar_ws/src/mecanum_drive_controller -DCMAKE_INSTALL_PREFIX=/home/nwhit210/omnicar_ws/install/mecanum_drive_controller
[0.627s] -- The CXX compiler identification is GNU 11.4.0
[1.899s] -- Detecting CXX compiler ABI info
[2.509s] -- Detecting CXX compiler ABI info - done
[2.541s] -- Check for working CXX compiler: /usr/bin/c++ - skipped
[2.542s] -- Detecting CXX compile features
[2.543s] -- Detecting CXX compile features - done
[2.554s] -- Found ament_cmake: 1.3.11 (/opt/ros/humble/share/ament_cmake/cmake)
[3.007s] -- Found Python3: /usr/bin/python3 (found version "3.10.12") found components: Interpreter 
[3.299s] -- Found controller_interface: 2.48.0 (/opt/ros/humble/share/controller_interface/cmake)
[3.793s] -- Found rosidl_generator_c: 3.1.6 (/opt/ros/humble/share/rosidl_generator_c/cmake)
[3.807s] -- Found rosidl_adapter: 3.1.6 (/opt/ros/humble/share/rosidl_adapter/cmake)
[3.831s] -- Found rosidl_generator_cpp: 3.1.6 (/opt/ros/humble/share/rosidl_generator_cpp/cmake)
[3.865s] -- Using all available rosidl_typesupport_c: rosidl_typesupport_fastrtps_c;rosidl_typesupport_introspection_c
[3.906s] -- Using all available rosidl_typesupport_cpp: rosidl_typesupport_fastrtps_cpp;rosidl_typesupport_introspection_cpp
[7.622s] -- Found rmw_implementation_cmake: 6.1.2 (/opt/ros/humble/share/rmw_implementation_cmake/cmake)
[7.627s] -- Found rmw_fastrtps_cpp: 6.2.7 (/opt/ros/humble/share/rmw_fastrtps_cpp/cmake)
[7.688s] -- Found TinyXML2 via Config file: TinyXML2_DIR-NOTFOUND
[7.799s] -- Found OpenSSL: /usr/lib/x86_64-linux-gnu/libcrypto.so (found version "3.0.2")  
[7.808s] -- Found TinyXML2 via Config file: TinyXML2_DIR-NOTFOUND
[8.504s] -- Found FastRTPS: /opt/ros/humble/include  
[8.514s] -- Found TinyXML2 via Config file: TinyXML2_DIR-NOTFOUND
[8.536s] -- Found TinyXML2 via Config file: TinyXML2_DIR-NOTFOUND
[8.777s] -- Using RMW implementation 'rmw_fastrtps_cpp' as default
[8.805s] -- Looking for C++ include pthread.h
[9.396s] -- Looking for C++ include pthread.h - found
[9.398s] -- Performing Test CMAKE_HAVE_LIBC_PTHREAD
[9.965s] -- Performing Test CMAKE_HAVE_LIBC_PTHREAD - Success
[9.967s] -- Found Threads: TRUE  
[10.084s] -- Found generate_parameter_library: 0.4.0 (/opt/ros/humble/share/generate_parameter_library/cmake)
[10.088s] -- Found parameter_traits: 0.4.0 (/opt/ros/humble/share/parameter_traits/cmake)
[10.126s] -- Found nav_msgs: 4.2.4 (/opt/ros/humble/share/nav_msgs/cmake)
[10.175s] -- Found realtime_tools: 2.11.0 (/opt/ros/humble/share/realtime_tools/cmake)
[10.216s] -- Found std_srvs: 4.2.4 (/opt/ros/humble/share/std_srvs/cmake)
[10.244s] -- Found tf2: 0.25.12 (/opt/ros/humble/share/tf2/cmake)
[10.255s] -- Found tf2_geometry_msgs: 0.25.12 (/opt/ros/humble/share/tf2_geometry_msgs/cmake)
[10.408s] -- Found eigen3_cmake_module: 0.1.1 (/opt/ros/humble/share/eigen3_cmake_module/cmake)
[10.412s] -- Found Eigen3: TRUE (found version "3.4.0") 
[10.412s] -- Ensuring Eigen3 include directory is part of orocos-kdl CMake target
[10.617s] -- Found ament_cmake_gmock: 1.3.11 (/opt/ros/humble/share/ament_cmake_gmock/cmake)
[10.623s] -- Found controller_manager: 2.48.0 (/opt/ros/humble/share/controller_manager/cmake)
[10.706s] -- Found ros2_control_test_assets: 2.48.0 (/opt/ros/humble/share/ros2_control_test_assets/cmake)
[10.712s] -- Found gmock sources under '/opt/ros/humble/src/gmock_vendor': C++ tests using 'Google Mock' will be built
[11.119s] -- The C compiler identification is GNU 11.4.0
[12.291s] -- Detecting C compiler ABI info
[12.882s] -- Detecting C compiler ABI info - done
[12.899s] -- Check for working C compiler: /usr/bin/cc - skipped
[12.900s] -- Detecting C compile features
[12.901s] -- Detecting C compile features - done
[12.911s] -- Found ament_cmake_gtest: 1.3.11 (/opt/ros/humble/share/ament_cmake_gtest/cmake)
[12.914s] -- Found gtest sources under '/opt/ros/humble/src/gtest_vendor': C++ tests using 'Google Test' will be built
[13.199s] -- Configuring done
[13.418s] -- Generating done
[13.467s] -- Build files have been written to: /home/nwhit210/omnicar_ws/build/mecanum_drive_controller
[13.503s] Invoked command in '/home/nwhit210/omnicar_ws/build/mecanum_drive_controller' returned '0': CMAKE_PREFIX_PATH=${CMAKE_PREFIX_PATH}:/opt/ros/humble /usr/bin/cmake /home/nwhit210/omnicar_ws/src/mecanum_drive_controller -DCMAKE_INSTALL_PREFIX=/home/nwhit210/omnicar_ws/install/mecanum_drive_controller
[13.510s] Invoking command in '/home/nwhit210/omnicar_ws/build/mecanum_drive_controller': CMAKE_PREFIX_PATH=${CMAKE_PREFIX_PATH}:/opt/ros/humble /usr/bin/cmake --build /home/nwhit210/omnicar_ws/build/mecanum_drive_controller -- -j8 -l8
[13.613s] [  6%] [34m[1mRunning `/opt/ros/humble/bin/generate_parameter_library_cpp /home/nwhit210/omnicar_ws/build/mecanum_drive_controller/include/mecanum_drive_controller/mecanum_drive_controller_parameters.hpp /home/nwhit210/omnicar_ws/src/mecanum_drive_controller/src/mecanum_drive_controller.yaml `[0m
[13.617s] [ 12%] [32mBuilding CXX object gmock/CMakeFiles/gmock.dir/opt/ros/humble/src/gtest_vendor/src/gtest-all.cc.o[0m
[13.620s] [ 18%] [32mBuilding CXX object gmock/CMakeFiles/gmock_main.dir/src/gmock_main.cc.o[0m
[13.637s] [ 25%] [32mBuilding CXX object gmock/CMakeFiles/gmock.dir/src/gmock-all.cc.o[0m
[15.314s] [ 31%] [34m[1mCreating deprecated header file /home/nwhit210/omnicar_ws/build/mecanum_drive_controller/include/mecanum_drive_controller_parameters.hpp[0m
[15.548s] [ 31%] Built target mecanum_drive_controller_parameters
[15.680s] [ 37%] [32mBuilding CXX object CMakeFiles/mecanum_drive_controller.dir/src/mecanum_drive_controller.cpp.o[0m
[15.724s] [ 43%] [32mBuilding CXX object CMakeFiles/mecanum_drive_controller.dir/src/odometry.cpp.o[0m
[17.898s] [ 50%] [32m[1mLinking CXX static library libgmock_main.a[0m
[18.130s] [ 50%] Built target gmock_main
[27.655s] [ 56%] [32m[1mLinking CXX static library libgmock.a[0m
[27.934s] [ 56%] Built target gmock
[28.047s] [ 62%] [32mBuilding CXX object CMakeFiles/test_load_mecanum_drive_controller.dir/test/test_load_mecanum_drive_controller.cpp.o[0m
[46.845s] [ 68%] [32m[1mLinking CXX executable test_load_mecanum_drive_controller[0m
[48.348s] [ 68%] Built target test_load_mecanum_drive_controller
[63.239s] [ 75%] [32m[1mLinking CXX shared library libmecanum_drive_controller.so[0m
[66.187s] [ 75%] Built target mecanum_drive_controller
[66.254s] [ 81%] [32mBuilding CXX object CMakeFiles/test_mecanum_drive_controller_preceeding.dir/test/test_mecanum_drive_controller_preceeding.cpp.o[0m
[66.258s] [ 87%] [32mBuilding CXX object CMakeFiles/test_mecanum_drive_controller.dir/test/test_mecanum_drive_controller.cpp.o[0m
[87.193s] [ 93%] [32m[1mLinking CXX executable test_mecanum_drive_controller_preceeding[0m
[89.338s] [ 93%] Built target test_mecanum_drive_controller_preceeding
[99.234s] [100%] [32m[1mLinking CXX executable test_mecanum_drive_controller[0m
[102.208s] [100%] Built target test_mecanum_drive_controller
[102.233s] Invoked command in '/home/nwhit210/omnicar_ws/build/mecanum_drive_controller' returned '0': CMAKE_PREFIX_PATH=${CMAKE_PREFIX_PATH}:/opt/ros/humble /usr/bin/cmake --build /home/nwhit210/omnicar_ws/build/mecanum_drive_controller -- -j8 -l8
[102.240s] Invoking command in '/home/nwhit210/omnicar_ws/build/mecanum_drive_controller': CMAKE_PREFIX_PATH=${CMAKE_PREFIX_PATH}:/opt/ros/humble /usr/bin/cmake --install /home/nwhit210/omnicar_ws/build/mecanum_drive_controller
[102.255s] -- Install configuration: ""
[102.255s] -- Installing: /home/nwhit210/omnicar_ws/install/mecanum_drive_controller/include/mecanum_drive_controller
[102.256s] -- Installing: /home/nwhit210/omnicar_ws/install/mecanum_drive_controller/include/mecanum_drive_controller/mecanum_drive_controller_parameters.hpp
[102.257s] -- Installing: /home/nwhit210/omnicar_ws/install/mecanum_drive_controller/share/mecanum_drive_controller/mecanum_drive_controller.xml
[102.258s] -- Up-to-date: /home/nwhit210/omnicar_ws/install/mecanum_drive_controller/include/mecanum_drive_controller
[102.258s] -- Installing: /home/nwhit210/omnicar_ws/install/mecanum_drive_controller/include/mecanum_drive_controller/mecanum_drive_controller
[102.258s] -- Installing: /home/nwhit210/omnicar_ws/install/mecanum_drive_controller/include/mecanum_drive_controller/mecanum_drive_controller/visibility_control.h
[102.259s] -- Installing: /home/nwhit210/omnicar_ws/install/mecanum_drive_controller/include/mecanum_drive_controller/mecanum_drive_controller/mecanum_drive_controller.hpp
[102.259s] -- Installing: /home/nwhit210/omnicar_ws/install/mecanum_drive_controller/include/mecanum_drive_controller/mecanum_drive_controller/odometry.hpp
[102.260s] -- Installing: /home/nwhit210/omnicar_ws/install/mecanum_drive_controller/lib/libmecanum_drive_controller.so
[102.283s] -- Set runtime path of "/home/nwhit210/omnicar_ws/install/mecanum_drive_controller/lib/libmecanum_drive_controller.so" to ""
[102.284s] -- Installing: /home/nwhit210/omnicar_ws/install/mecanum_drive_controller/share/mecanum_drive_controller/environment/library_path.sh
[102.284s] -- Installing: /home/nwhit210/omnicar_ws/install/mecanum_drive_controller/share/mecanum_drive_controller/environment/library_path.dsv
[102.286s] -- Installing: /home/nwhit210/omnicar_ws/install/mecanum_drive_controller/share/ament_index/resource_index/package_run_dependencies/mecanum_drive_controller
[102.287s] -- Installing: /home/nwhit210/omnicar_ws/install/mecanum_drive_controller/share/ament_index/resource_index/parent_prefix_path/mecanum_drive_controller
[102.288s] -- Installing: /home/nwhit210/omnicar_ws/install/mecanum_drive_controller/share/mecanum_drive_controller/environment/ament_prefix_path.sh
[102.289s] -- Installing: /home/nwhit210/omnicar_ws/install/mecanum_drive_controller/share/mecanum_drive_controller/environment/ament_prefix_path.dsv
[102.290s] -- Installing: /home/nwhit210/omnicar_ws/install/mecanum_drive_controller/share/mecanum_drive_controller/environment/path.sh
[102.291s] -- Installing: /home/nwhit210/omnicar_ws/install/mecanum_drive_controller/share/mecanum_drive_controller/environment/path.dsv
[102.291s] -- Installing: /home/nwhit210/omnicar_ws/install/mecanum_drive_controller/share/mecanum_drive_controller/local_setup.bash
[102.292s] -- Installing: /home/nwhit210/omnicar_ws/install/mecanum_drive_controller/share/mecanum_drive_controller/local_setup.sh
[102.293s] -- Installing: /home/nwhit210/omnicar_ws/install/mecanum_drive_controller/share/mecanum_drive_controller/local_setup.zsh
[102.293s] -- Installing: /home/nwhit210/omnicar_ws/install/mecanum_drive_controller/share/mecanum_drive_controller/local_setup.dsv
[102.293s] -- Installing: /home/nwhit210/omnicar_ws/install/mecanum_drive_controller/share/mecanum_drive_controller/package.dsv
[102.293s] -- Installing: /home/nwhit210/omnicar_ws/install/mecanum_drive_controller/share/ament_index/resource_index/packages/mecanum_drive_controller
[102.293s] -- Installing: /home/nwhit210/omnicar_ws/install/mecanum_drive_controller/share/ament_index/resource_index/controller_interface__pluginlib__plugin/mecanum_drive_controller
[102.293s] -- Installing: /home/nwhit210/omnicar_ws/install/mecanum_drive_controller/share/mecanum_drive_controller/cmake/export_mecanum_drive_controllerExport.cmake
[102.293s] -- Installing: /home/nwhit210/omnicar_ws/install/mecanum_drive_controller/share/mecanum_drive_controller/cmake/export_mecanum_drive_controllerExport-noconfig.cmake
[102.293s] -- Installing: /home/nwhit210/omnicar_ws/install/mecanum_drive_controller/share/mecanum_drive_controller/cmake/ament_cmake_export_dependencies-extras.cmake
[102.293s] -- Installing: /home/nwhit210/omnicar_ws/install/mecanum_drive_controller/share/mecanum_drive_controller/cmake/ament_cmake_export_targets-extras.cmake
[102.293s] -- Installing: /home/nwhit210/omnicar_ws/install/mecanum_drive_controller/share/mecanum_drive_controller/cmake/mecanum_drive_controllerConfig.cmake
[102.293s] -- Installing: /home/nwhit210/omnicar_ws/install/mecanum_drive_controller/share/mecanum_drive_controller/cmake/mecanum_drive_controllerConfig-version.cmake
[102.294s] -- Installing: /home/nwhit210/omnicar_ws/install/mecanum_drive_controller/share/mecanum_drive_controller/package.xml
[102.300s] Invoked command in '/home/nwhit210/omnicar_ws/build/mecanum_drive_controller' returned '0': CMAKE_PREFIX_PATH=${CMAKE_PREFIX_PATH}:/opt/ros/humble /usr/bin/cmake --install /home/nwhit210/omnicar_ws/build/mecanum_drive_controller
