-- The CXX compiler identification is GNU 11.4.0
-- Detecting CXX compiler ABI info
-- Detecting CXX compiler ABI info - done
-- Check for working CXX compiler: /usr/bin/c++ - skipped
-- Detecting CXX compile features
-- Detecting CXX compile features - done
-- Found ament_cmake: 1.3.11 (/opt/ros/humble/share/ament_cmake/cmake)
-- Found Python3: /usr/bin/python3 (found version "3.10.12") found components: Interpreter 
-- Found hardware_interface: 2.48.0 (/opt/ros/humble/share/hardware_interface/cmake)
-- Found rosidl_generator_c: 3.1.6 (/opt/ros/humble/share/rosidl_generator_c/cmake)
-- Found rosidl_adapter: 3.1.6 (/opt/ros/humble/share/rosidl_adapter/cmake)
-- Found rosidl_generator_cpp: 3.1.6 (/opt/ros/humble/share/rosidl_generator_cpp/cmake)
-- Using all available rosidl_typesupport_c: rosidl_typesupport_fastrtps_c;rosidl_typesupport_introspection_c
-- Using all available rosidl_typesupport_cpp: rosidl_typesupport_fastrtps_cpp;rosidl_typesupport_introspection_cpp
-- Found rmw_implementation_cmake: 6.1.2 (/opt/ros/humble/share/rmw_implementation_cmake/cmake)
-- Found rmw_fastrtps_cpp: 6.2.7 (/opt/ros/humble/share/rmw_fastrtps_cpp/cmake)
-- Found TinyXML2 via Config file: TinyXML2_DIR-NOTFOUND
-- Found OpenSSL: /usr/lib/x86_64-linux-gnu/libcrypto.so (found version "3.0.2")  
-- Found TinyXML2 via Config file: TinyXML2_DIR-NOTFOUND
-- Found FastRTPS: /opt/ros/humble/include  
-- Found TinyXML2 via Config file: TinyXML2_DIR-NOTFOUND
-- Found TinyXML2 via Config file: TinyXML2_DIR-NOTFOUND
-- Using RMW implementation 'rmw_fastrtps_cpp' as default
-- Looking for C++ include pthread.h
-- Looking for C++ include pthread.h - found
-- Performing Test CMAKE_HAVE_LIBC_PTHREAD
-- Performing Test CMAKE_HAVE_LIBC_PTHREAD - Success
-- Found Threads: TRUE  
-- Found ament_cmake_pytest: 1.3.11 (/opt/ros/humble/share/ament_cmake_pytest/cmake)
-- Configuring done
-- Generating done
-- Build files have been written to: /home/nwhit210/omnicar_2_ws/build/arduino_hardware_controller
[ 50%] [32mBuilding CXX object CMakeFiles/arduino_hardware_controller.dir/hardware/arduino_hardware.cpp.o[0m
[100%] [32m[1mLinking CXX shared library libarduino_hardware_controller.so[0m
[100%] Built target arduino_hardware_controller
-- Install configuration: ""
-- Installing: /home/nwhit210/omnicar_2_ws/install/arduino_hardware_controller/share/arduino_hardware_controller/arduino_hardware_controller.xml
-- Installing: /home/nwhit210/omnicar_2_ws/install/arduino_hardware_controller/include/arduino_hardware_controller
-- Installing: /home/nwhit210/omnicar_2_ws/install/arduino_hardware_controller/include/arduino_hardware_controller/arduino_hardware_controller
-- Installing: /home/nwhit210/omnicar_2_ws/install/arduino_hardware_controller/include/arduino_hardware_controller/arduino_hardware_controller/arduino_hardware.hpp
-- Installing: /home/nwhit210/omnicar_2_ws/install/arduino_hardware_controller/include/arduino_hardware_controller/arduino_hardware_controller/arduino_comms.hpp
-- Installing: /home/nwhit210/omnicar_2_ws/install/arduino_hardware_controller/share/arduino_hardware_controller/launch
-- Installing: /home/nwhit210/omnicar_2_ws/install/arduino_hardware_controller/share/arduino_hardware_controller/launch/view_robot.launch.py
-- Installing: /home/nwhit210/omnicar_2_ws/install/arduino_hardware_controller/share/arduino_hardware_controller/ros2_control
-- Installing: /home/nwhit210/omnicar_2_ws/install/arduino_hardware_controller/share/arduino_hardware_controller/ros2_control/diffbot.ros2_control.xacro
-- Installing: /home/nwhit210/omnicar_2_ws/install/arduino_hardware_controller/share/arduino_hardware_controller/urdf
-- Installing: /home/nwhit210/omnicar_2_ws/install/arduino_hardware_controller/share/arduino_hardware_controller/urdf/diffbot.urdf.xacro
-- Up-to-date: /home/nwhit210/omnicar_2_ws/install/arduino_hardware_controller/share/arduino_hardware_controller/launch
-- Up-to-date: /home/nwhit210/omnicar_2_ws/install/arduino_hardware_controller/share/arduino_hardware_controller/launch/view_robot.launch.py
-- Installing: /home/nwhit210/omnicar_2_ws/install/arduino_hardware_controller/share/arduino_hardware_controller/launch/arduino.launch.py
-- Installing: /home/nwhit210/omnicar_2_ws/install/arduino_hardware_controller/share/arduino_hardware_controller/config
-- Installing: /home/nwhit210/omnicar_2_ws/install/arduino_hardware_controller/share/arduino_hardware_controller/config/diffbot_controllers.yaml
-- Installing: /home/nwhit210/omnicar_2_ws/install/arduino_hardware_controller/lib/libarduino_hardware_controller.so
-- Set runtime path of "/home/nwhit210/omnicar_2_ws/install/arduino_hardware_controller/lib/libarduino_hardware_controller.so" to ""
-- Installing: /home/nwhit210/omnicar_2_ws/install/arduino_hardware_controller/share/arduino_hardware_controller/environment/library_path.sh
-- Installing: /home/nwhit210/omnicar_2_ws/install/arduino_hardware_controller/share/arduino_hardware_controller/environment/library_path.dsv
-- Installing: /home/nwhit210/omnicar_2_ws/install/arduino_hardware_controller/share/ament_index/resource_index/package_run_dependencies/arduino_hardware_controller
-- Installing: /home/nwhit210/omnicar_2_ws/install/arduino_hardware_controller/share/ament_index/resource_index/parent_prefix_path/arduino_hardware_controller
-- Installing: /home/nwhit210/omnicar_2_ws/install/arduino_hardware_controller/share/arduino_hardware_controller/environment/ament_prefix_path.sh
-- Installing: /home/nwhit210/omnicar_2_ws/install/arduino_hardware_controller/share/arduino_hardware_controller/environment/ament_prefix_path.dsv
-- Installing: /home/nwhit210/omnicar_2_ws/install/arduino_hardware_controller/share/arduino_hardware_controller/environment/path.sh
-- Installing: /home/nwhit210/omnicar_2_ws/install/arduino_hardware_controller/share/arduino_hardware_controller/environment/path.dsv
-- Installing: /home/nwhit210/omnicar_2_ws/install/arduino_hardware_controller/share/arduino_hardware_controller/local_setup.bash
-- Installing: /home/nwhit210/omnicar_2_ws/install/arduino_hardware_controller/share/arduino_hardware_controller/local_setup.sh
-- Installing: /home/nwhit210/omnicar_2_ws/install/arduino_hardware_controller/share/arduino_hardware_controller/local_setup.zsh
-- Installing: /home/nwhit210/omnicar_2_ws/install/arduino_hardware_controller/share/arduino_hardware_controller/local_setup.dsv
-- Installing: /home/nwhit210/omnicar_2_ws/install/arduino_hardware_controller/share/arduino_hardware_controller/package.dsv
-- Installing: /home/nwhit210/omnicar_2_ws/install/arduino_hardware_controller/share/ament_index/resource_index/packages/arduino_hardware_controller
-- Installing: /home/nwhit210/omnicar_2_ws/install/arduino_hardware_controller/share/ament_index/resource_index/hardware_interface__pluginlib__plugin/arduino_hardware_controller
-- Installing: /home/nwhit210/omnicar_2_ws/install/arduino_hardware_controller/share/arduino_hardware_controller/cmake/export_arduino_hardware_controllerExport.cmake
-- Installing: /home/nwhit210/omnicar_2_ws/install/arduino_hardware_controller/share/arduino_hardware_controller/cmake/export_arduino_hardware_controllerExport-noconfig.cmake
-- Installing: /home/nwhit210/omnicar_2_ws/install/arduino_hardware_controller/share/arduino_hardware_controller/cmake/ament_cmake_export_targets-extras.cmake
-- Installing: /home/nwhit210/omnicar_2_ws/install/arduino_hardware_controller/share/arduino_hardware_controller/cmake/ament_cmake_export_dependencies-extras.cmake
-- Installing: /home/nwhit210/omnicar_2_ws/install/arduino_hardware_controller/share/arduino_hardware_controller/cmake/arduino_hardware_controllerConfig.cmake
-- Installing: /home/nwhit210/omnicar_2_ws/install/arduino_hardware_controller/share/arduino_hardware_controller/cmake/arduino_hardware_controllerConfig-version.cmake
-- Installing: /home/nwhit210/omnicar_2_ws/install/arduino_hardware_controller/share/arduino_hardware_controller/package.xml
