[0.050s] Invoking command in '/home/nwhit210/omnicar_2_ws/build/arduino_hardware_controller': CMAKE_PREFIX_PATH=${CMAKE_PREFIX_PATH}:/opt/ros/humble /usr/bin/cmake /home/nwhit210/omnicar_2_ws/src/arduino_controller -DCMAKE_INSTALL_PREFIX=/home/nwhit210/omnicar_2_ws/install/arduino_hardware_controller
[0.699s] -- The CXX compiler identification is GNU 11.4.0
[1.602s] -- Detecting CXX compiler ABI info
[1.814s] -- Detecting CXX compiler ABI info - done
[1.821s] -- Check for working CXX compiler: /usr/bin/c++ - skipped
[1.822s] -- Detecting CXX compile features
[1.823s] -- Detecting CXX compile features - done
[1.848s] -- Found ament_cmake: 1.3.11 (/opt/ros/humble/share/ament_cmake/cmake)
[2.041s] -- Found Python3: /usr/bin/python3 (found version "3.10.12") found components: Interpreter 
[2.206s] -- Found hardware_interface: 2.48.0 (/opt/ros/humble/share/hardware_interface/cmake)
[3.188s] -- Found rosidl_generator_c: 3.1.6 (/opt/ros/humble/share/rosidl_generator_c/cmake)
[3.209s] -- Found rosidl_adapter: 3.1.6 (/opt/ros/humble/share/rosidl_adapter/cmake)
[3.245s] -- Found rosidl_generator_cpp: 3.1.6 (/opt/ros/humble/share/rosidl_generator_cpp/cmake)
[3.283s] -- Using all available rosidl_typesupport_c: rosidl_typesupport_fastrtps_c;rosidl_typesupport_introspection_c
[3.340s] -- Using all available rosidl_typesupport_cpp: rosidl_typesupport_fastrtps_cpp;rosidl_typesupport_introspection_cpp
[9.586s] -- Found rmw_implementation_cmake: 6.1.2 (/opt/ros/humble/share/rmw_implementation_cmake/cmake)
[9.594s] -- Found rmw_fastrtps_cpp: 6.2.7 (/opt/ros/humble/share/rmw_fastrtps_cpp/cmake)
[9.659s] -- Found TinyXML2 via Config file: TinyXML2_DIR-NOTFOUND
[9.718s] -- Found OpenSSL: /usr/lib/x86_64-linux-gnu/libcrypto.so (found version "3.0.2")  
[9.727s] -- Found TinyXML2 via Config file: TinyXML2_DIR-NOTFOUND
[10.105s] -- Found FastRTPS: /opt/ros/humble/include  
[10.112s] -- Found TinyXML2 via Config file: TinyXML2_DIR-NOTFOUND
[10.124s] -- Found TinyXML2 via Config file: TinyXML2_DIR-NOTFOUND
[10.352s] -- Using RMW implementation 'rmw_fastrtps_cpp' as default
[10.374s] -- Looking for C++ include pthread.h
[10.855s] -- Looking for C++ include pthread.h - found
[10.855s] -- Performing Test CMAKE_HAVE_LIBC_PTHREAD
[11.116s] -- Performing Test CMAKE_HAVE_LIBC_PTHREAD - Success
[11.116s] -- Found Threads: TRUE  
[11.207s] -- Found ament_cmake_pytest: 1.3.11 (/opt/ros/humble/share/ament_cmake_pytest/cmake)
[12.862s] -- Configuring done
[13.014s] -- Generating done
[13.022s] -- Build files have been written to: /home/nwhit210/omnicar_2_ws/build/arduino_hardware_controller
[13.036s] Invoked command in '/home/nwhit210/omnicar_2_ws/build/arduino_hardware_controller' returned '0': CMAKE_PREFIX_PATH=${CMAKE_PREFIX_PATH}:/opt/ros/humble /usr/bin/cmake /home/nwhit210/omnicar_2_ws/src/arduino_controller -DCMAKE_INSTALL_PREFIX=/home/nwhit210/omnicar_2_ws/install/arduino_hardware_controller
[13.038s] Invoking command in '/home/nwhit210/omnicar_2_ws/build/arduino_hardware_controller': CMAKE_PREFIX_PATH=${CMAKE_PREFIX_PATH}:/opt/ros/humble /usr/bin/cmake --build /home/nwhit210/omnicar_2_ws/build/arduino_hardware_controller -- -j8 -l8
[13.082s] [ 50%] [32mBuilding CXX object CMakeFiles/arduino_hardware_controller.dir/hardware/arduino_hardware.cpp.o[0m
[17.959s] [100%] [32m[1mLinking CXX shared library libarduino_hardware_controller.so[0m
[18.331s] [100%] Built target arduino_hardware_controller
[18.342s] Invoked command in '/home/nwhit210/omnicar_2_ws/build/arduino_hardware_controller' returned '0': CMAKE_PREFIX_PATH=${CMAKE_PREFIX_PATH}:/opt/ros/humble /usr/bin/cmake --build /home/nwhit210/omnicar_2_ws/build/arduino_hardware_controller -- -j8 -l8
[18.345s] Invoking command in '/home/nwhit210/omnicar_2_ws/build/arduino_hardware_controller': CMAKE_PREFIX_PATH=${CMAKE_PREFIX_PATH}:/opt/ros/humble /usr/bin/cmake --install /home/nwhit210/omnicar_2_ws/build/arduino_hardware_controller
[18.352s] -- Install configuration: ""
[18.352s] -- Installing: /home/nwhit210/omnicar_2_ws/install/arduino_hardware_controller/share/arduino_hardware_controller/arduino_hardware_controller.xml
[18.353s] -- Installing: /home/nwhit210/omnicar_2_ws/install/arduino_hardware_controller/include/arduino_hardware_controller
[18.354s] -- Installing: /home/nwhit210/omnicar_2_ws/install/arduino_hardware_controller/include/arduino_hardware_controller/arduino_hardware_controller
[18.354s] -- Installing: /home/nwhit210/omnicar_2_ws/install/arduino_hardware_controller/include/arduino_hardware_controller/arduino_hardware_controller/arduino_hardware.hpp
[18.354s] -- Installing: /home/nwhit210/omnicar_2_ws/install/arduino_hardware_controller/include/arduino_hardware_controller/arduino_hardware_controller/arduino_comms.hpp
[18.354s] -- Installing: /home/nwhit210/omnicar_2_ws/install/arduino_hardware_controller/share/arduino_hardware_controller/launch
[18.355s] -- Installing: /home/nwhit210/omnicar_2_ws/install/arduino_hardware_controller/share/arduino_hardware_controller/launch/view_robot.launch.py
[18.355s] -- Installing: /home/nwhit210/omnicar_2_ws/install/arduino_hardware_controller/share/arduino_hardware_controller/ros2_control
[18.356s] -- Installing: /home/nwhit210/omnicar_2_ws/install/arduino_hardware_controller/share/arduino_hardware_controller/ros2_control/diffbot.ros2_control.xacro
[18.356s] -- Installing: /home/nwhit210/omnicar_2_ws/install/arduino_hardware_controller/share/arduino_hardware_controller/urdf
[18.357s] -- Installing: /home/nwhit210/omnicar_2_ws/install/arduino_hardware_controller/share/arduino_hardware_controller/urdf/diffbot.urdf.xacro
[18.357s] -- Up-to-date: /home/nwhit210/omnicar_2_ws/install/arduino_hardware_controller/share/arduino_hardware_controller/launch
[18.358s] -- Up-to-date: /home/nwhit210/omnicar_2_ws/install/arduino_hardware_controller/share/arduino_hardware_controller/launch/view_robot.launch.py
[18.358s] -- Installing: /home/nwhit210/omnicar_2_ws/install/arduino_hardware_controller/share/arduino_hardware_controller/launch/arduino.launch.py
[18.358s] -- Installing: /home/nwhit210/omnicar_2_ws/install/arduino_hardware_controller/share/arduino_hardware_controller/config
[18.359s] -- Installing: /home/nwhit210/omnicar_2_ws/install/arduino_hardware_controller/share/arduino_hardware_controller/config/diffbot_controllers.yaml
[18.360s] -- Installing: /home/nwhit210/omnicar_2_ws/install/arduino_hardware_controller/lib/libarduino_hardware_controller.so
[18.363s] -- Set runtime path of "/home/nwhit210/omnicar_2_ws/install/arduino_hardware_controller/lib/libarduino_hardware_controller.so" to ""
[18.363s] -- Installing: /home/nwhit210/omnicar_2_ws/install/arduino_hardware_controller/share/arduino_hardware_controller/environment/library_path.sh
[18.363s] -- Installing: /home/nwhit210/omnicar_2_ws/install/arduino_hardware_controller/share/arduino_hardware_controller/environment/library_path.dsv
[18.365s] -- Installing: /home/nwhit210/omnicar_2_ws/install/arduino_hardware_controller/share/ament_index/resource_index/package_run_dependencies/arduino_hardware_controller
[18.365s] -- Installing: /home/nwhit210/omnicar_2_ws/install/arduino_hardware_controller/share/ament_index/resource_index/parent_prefix_path/arduino_hardware_controller
[18.365s] -- Installing: /home/nwhit210/omnicar_2_ws/install/arduino_hardware_controller/share/arduino_hardware_controller/environment/ament_prefix_path.sh
[18.365s] -- Installing: /home/nwhit210/omnicar_2_ws/install/arduino_hardware_controller/share/arduino_hardware_controller/environment/ament_prefix_path.dsv
[18.366s] -- Installing: /home/nwhit210/omnicar_2_ws/install/arduino_hardware_controller/share/arduino_hardware_controller/environment/path.sh
[18.366s] -- Installing: /home/nwhit210/omnicar_2_ws/install/arduino_hardware_controller/share/arduino_hardware_controller/environment/path.dsv
[18.366s] -- Installing: /home/nwhit210/omnicar_2_ws/install/arduino_hardware_controller/share/arduino_hardware_controller/local_setup.bash
[18.367s] -- Installing: /home/nwhit210/omnicar_2_ws/install/arduino_hardware_controller/share/arduino_hardware_controller/local_setup.sh
[18.367s] -- Installing: /home/nwhit210/omnicar_2_ws/install/arduino_hardware_controller/share/arduino_hardware_controller/local_setup.zsh
[18.367s] -- Installing: /home/nwhit210/omnicar_2_ws/install/arduino_hardware_controller/share/arduino_hardware_controller/local_setup.dsv
[18.367s] -- Installing: /home/nwhit210/omnicar_2_ws/install/arduino_hardware_controller/share/arduino_hardware_controller/package.dsv
[18.367s] -- Installing: /home/nwhit210/omnicar_2_ws/install/arduino_hardware_controller/share/ament_index/resource_index/packages/arduino_hardware_controller
[18.368s] -- Installing: /home/nwhit210/omnicar_2_ws/install/arduino_hardware_controller/share/ament_index/resource_index/hardware_interface__pluginlib__plugin/arduino_hardware_controller
[18.368s] -- Installing: /home/nwhit210/omnicar_2_ws/install/arduino_hardware_controller/share/arduino_hardware_controller/cmake/export_arduino_hardware_controllerExport.cmake
[18.368s] -- Installing: /home/nwhit210/omnicar_2_ws/install/arduino_hardware_controller/share/arduino_hardware_controller/cmake/export_arduino_hardware_controllerExport-noconfig.cmake
[18.369s] -- Installing: /home/nwhit210/omnicar_2_ws/install/arduino_hardware_controller/share/arduino_hardware_controller/cmake/ament_cmake_export_targets-extras.cmake
[18.369s] -- Installing: /home/nwhit210/omnicar_2_ws/install/arduino_hardware_controller/share/arduino_hardware_controller/cmake/ament_cmake_export_dependencies-extras.cmake
[18.369s] -- Installing: /home/nwhit210/omnicar_2_ws/install/arduino_hardware_controller/share/arduino_hardware_controller/cmake/arduino_hardware_controllerConfig.cmake
[18.369s] -- Installing: /home/nwhit210/omnicar_2_ws/install/arduino_hardware_controller/share/arduino_hardware_controller/cmake/arduino_hardware_controllerConfig-version.cmake
[18.370s] -- Installing: /home/nwhit210/omnicar_2_ws/install/arduino_hardware_controller/share/arduino_hardware_controller/package.xml
[18.372s] Invoked command in '/home/nwhit210/omnicar_2_ws/build/arduino_hardware_controller' returned '0': CMAKE_PREFIX_PATH=${CMAKE_PREFIX_PATH}:/opt/ros/humble /usr/bin/cmake --install /home/nwhit210/omnicar_2_ws/build/arduino_hardware_controller
