[35m[1mConsolidate compiler generated dependencies of target ros2_control_demo_example_2[0m
[ 50%] [32mBuilding CXX object CMakeFiles/ros2_control_demo_example_2.dir/hardware/diffbot_system.cpp.o[0m
[01m[K/home/nwhit210/omnicar_ws/src/example_2/hardware/diffbot_system.cpp:171:33:[m[K [01;31m[Kerror: [m[Kno declaration matches ‘[01m[Khardware_interface::return_type ros2_control_demo_example_2::DiffBotSystemHardware::read(const rclcpp::Time&, const rclcpp::Duration&)[m[K’
  171 | hardware_interface::return_type [01;31m[KDiffBotSystemHardware[m[K::read(
      |                                 [01;31m[K^~~~~~~~~~~~~~~~~~~~~[m[K
[01m[K/home/nwhit210/omnicar_ws/src/example_2/hardware/diffbot_system.cpp:171:33:[m[K [01;36m[Knote: [m[Kno functions named ‘[01m[Khardware_interface::return_type ros2_control_demo_example_2::DiffBotSystemHardware::read(const rclcpp::Time&, const rclcpp::Duration&)[m[K’
In file included from [01m[K/home/nwhit210/omnicar_ws/src/example_2/hardware/diffbot_system.cpp:15[m[K:
[01m[K/home/nwhit210/omnicar_ws/src/example_2/hardware/include/ros2_control_demo_example_2/diffbot_system.hpp:37:7:[m[K [01;36m[Knote: [m[K‘[01m[Kclass ros2_control_demo_example_2::DiffBotSystemHardware[m[K’ defined here
   37 | class [01;36m[KDiffBotSystemHardware[m[K : public hardware_interface::SystemInterface
      |       [01;36m[K^~~~~~~~~~~~~~~~~~~~~[m[K
[01m[K/home/nwhit210/omnicar_ws/src/example_2/hardware/diffbot_system.cpp:180:33:[m[K [01;31m[Kerror: [m[Kno declaration matches ‘[01m[Khardware_interface::return_type ros2_control_demo_example_2::DiffBotSystemHardware::write(const rclcpp::Time&, const rclcpp::Duration&)[m[K’
  180 | hardware_interface::return_type [01;31m[Kros2_control_demo_example_2[m[K ::DiffBotSystemHardware::write(
      |                                 [01;31m[K^~~~~~~~~~~~~~~~~~~~~~~~~~~[m[K
[01m[K/home/nwhit210/omnicar_ws/src/example_2/hardware/diffbot_system.cpp:180:33:[m[K [01;36m[Knote: [m[Kno functions named ‘[01m[Khardware_interface::return_type ros2_control_demo_example_2::DiffBotSystemHardware::write(const rclcpp::Time&, const rclcpp::Duration&)[m[K’
In file included from [01m[K/home/nwhit210/omnicar_ws/src/example_2/hardware/diffbot_system.cpp:15[m[K:
[01m[K/home/nwhit210/omnicar_ws/src/example_2/hardware/include/ros2_control_demo_example_2/diffbot_system.hpp:37:7:[m[K [01;36m[Knote: [m[K‘[01m[Kclass ros2_control_demo_example_2::DiffBotSystemHardware[m[K’ defined here
   37 | class [01;36m[KDiffBotSystemHardware[m[K : public hardware_interface::SystemInterface
      |       [01;36m[K^~~~~~~~~~~~~~~~~~~~~[m[K
In file included from [01m[K/opt/ros/humble/include/class_loader/class_loader/class_loader_core.hpp:57[m[K,
                 from [01m[K/opt/ros/humble/include/class_loader/class_loader/class_loader.hpp:55[m[K,
                 from [01m[K/opt/ros/humble/include/pluginlib/pluginlib/class_list_macros.hpp:40[m[K,
                 from [01m[K/home/nwhit210/omnicar_ws/src/example_2/hardware/diffbot_system.cpp:189[m[K:
/opt/ros/humble/include/class_loader/class_loader/meta_object.hpp: In instantiation of ‘[01m[KB* class_loader::impl::MetaObject<C, B>::create() const [with C = ros2_control_demo_example_2::DiffBotSystemHardware; B = hardware_interface::SystemInterface][m[K’:
[01m[K/opt/ros/humble/include/class_loader/class_loader/meta_object.hpp:216:7:[m[K   required from here
[01m[K/opt/ros/humble/include/class_loader/class_loader/meta_object.hpp:218:12:[m[K [01;31m[Kerror: [m[Kinvalid new-expression of abstract class type ‘[01m[Kros2_control_demo_example_2::DiffBotSystemHardware[m[K’
  218 |     return [01;31m[Knew C[m[K;
      |            [01;31m[K^~~~~[m[K
In file included from [01m[K/home/nwhit210/omnicar_ws/src/example_2/hardware/diffbot_system.cpp:15[m[K:
[01m[K/home/nwhit210/omnicar_ws/src/example_2/hardware/include/ros2_control_demo_example_2/diffbot_system.hpp:37:7:[m[K [01;36m[Knote: [m[K  because the following virtual functions are pure within ‘[01m[Kros2_control_demo_example_2::DiffBotSystemHardware[m[K’:
   37 | class [01;36m[KDiffBotSystemHardware[m[K : public hardware_interface::SystemInterface
      |       [01;36m[K^~~~~~~~~~~~~~~~~~~~~[m[K
In file included from [01m[K/home/nwhit210/omnicar_ws/src/example_2/hardware/include/ros2_control_demo_example_2/diffbot_system.hpp:24[m[K,
                 from [01m[K/home/nwhit210/omnicar_ws/src/example_2/hardware/diffbot_system.cpp:15[m[K:
[01m[K/opt/ros/humble/include/hardware_interface/system_interface.hpp:175:23:[m[K [01;36m[Knote: [m[K    ‘[01m[Kvirtual hardware_interface::return_type hardware_interface::SystemInterface::read(const rclcpp::Time&, const rclcpp::Duration&)[m[K’
  175 |   virtual return_type [01;36m[Kread[m[K(const rclcpp::Time & time, const rclcpp::Duration & period) = 0;
      |                       [01;36m[K^~~~[m[K
[01m[K/opt/ros/humble/include/hardware_interface/system_interface.hpp:186:23:[m[K [01;36m[Knote: [m[K    ‘[01m[Kvirtual hardware_interface::return_type hardware_interface::SystemInterface::write(const rclcpp::Time&, const rclcpp::Duration&)[m[K’
  186 |   virtual return_type [01;36m[Kwrite[m[K(const rclcpp::Time & time, const rclcpp::Duration & period) = 0;
      |                       [01;36m[K^~~~~[m[K
gmake[2]: *** [CMakeFiles/ros2_control_demo_example_2.dir/build.make:76: CMakeFiles/ros2_control_demo_example_2.dir/hardware/diffbot_system.cpp.o] Error 1
gmake[1]: *** [CMakeFiles/Makefile2:137: CMakeFiles/ros2_control_demo_example_2.dir/all] Error 2
gmake: *** [Makefile:146: all] Error 2
