[0.068s] Invoking command in '/home/pi/omnicar_ws/build/mecanum_drive_controller': CMAKE_PREFIX_PATH=/opt/ros/humble /usr/bin/cmake /home/pi/omnicar_ws/src/mecanum_drive_controller -DCMAKE_INSTALL_PREFIX=/home/pi/omnicar_ws/install/mecanum_drive_controller
[0.145s] -- Found ament_cmake: 1.3.11 (/opt/ros/humble/share/ament_cmake/cmake)
[1.156s] -- Found Python3: /usr/bin/python3 (found version "3.10.12") found components: Interpreter 
[1.953s] -- Found controller_interface: 2.49.0 (/opt/ros/humble/share/controller_interface/cmake)
[2.361s] -- Found rosidl_generator_c: 3.1.6 (/opt/ros/humble/share/rosidl_generator_c/cmake)
[2.413s] -- Found rosidl_adapter: 3.1.6 (/opt/ros/humble/share/rosidl_adapter/cmake)
[2.492s] -- Found rosidl_generator_cpp: 3.1.6 (/opt/ros/humble/share/rosidl_generator_cpp/cmake)
[2.603s] -- Using all available rosidl_typesupport_c: rosidl_typesupport_fastrtps_c;rosidl_typesupport_introspection_c
[2.735s] -- Using all available rosidl_typesupport_cpp: rosidl_typesupport_fastrtps_cpp;rosidl_typesupport_introspection_cpp
[4.500s] -- Found rmw_implementation_cmake: 6.1.2 (/opt/ros/humble/share/rmw_implementation_cmake/cmake)
[4.531s] -- Found rmw_fastrtps_cpp: 6.2.7 (/opt/ros/humble/share/rmw_fastrtps_cpp/cmake)
[4.743s] -- Found TinyXML2 via Config file: TinyXML2_DIR-NOTFOUND
[4.992s] -- Found OpenSSL: /usr/lib/aarch64-linux-gnu/libcrypto.so (found version "3.0.2")  
[5.008s] -- Found TinyXML2 via Config file: TinyXML2_DIR-NOTFOUND
[5.087s] -- Found FastRTPS: /opt/ros/humble/include  
[5.101s] -- Found TinyXML2 via Config file: TinyXML2_DIR-NOTFOUND
[5.133s] -- Found TinyXML2 via Config file: TinyXML2_DIR-NOTFOUND
[5.168s] -- Using RMW implementation 'rmw_fastrtps_cpp' as default
[5.266s] -- Looking for C++ include pthread.h
[5.829s] -- Looking for C++ include pthread.h - found
[5.831s] -- Performing Test CMAKE_HAVE_LIBC_PTHREAD
[6.324s] -- Performing Test CMAKE_HAVE_LIBC_PTHREAD - Success
[6.328s] -- Found Threads: TRUE  
[6.618s] -- Found generate_parameter_library: 0.4.0 (/opt/ros/humble/share/generate_parameter_library/cmake)
[6.642s] -- Found parameter_traits: 0.4.0 (/opt/ros/humble/share/parameter_traits/cmake)
[6.873s] -- Found nav_msgs: 4.8.0 (/opt/ros/humble/share/nav_msgs/cmake)
[6.988s] -- Found realtime_tools: 2.12.0 (/opt/ros/humble/share/realtime_tools/cmake)
[7.108s] -- Found std_srvs: 4.8.0 (/opt/ros/humble/share/std_srvs/cmake)
[7.209s] -- Found tf2: 0.25.12 (/opt/ros/humble/share/tf2/cmake)
[7.248s] -- Found tf2_geometry_msgs: 0.25.12 (/opt/ros/humble/share/tf2_geometry_msgs/cmake)
[7.331s] -- Found eigen3_cmake_module: 0.1.1 (/opt/ros/humble/share/eigen3_cmake_module/cmake)
[7.339s] -- Found Eigen3: TRUE (found version "3.4.0") 
[7.339s] -- Ensuring Eigen3 include directory is part of orocos-kdl CMake target
[7.761s] -- Found ament_cmake_gmock: 1.3.11 (/opt/ros/humble/share/ament_cmake_gmock/cmake)
[7.788s] -- Found controller_manager: 2.49.0 (/opt/ros/humble/share/controller_manager/cmake)
[7.934s] -- Found ros2_control_test_assets: 2.49.0 (/opt/ros/humble/share/ros2_control_test_assets/cmake)
[7.961s] -- Found gmock sources under '/opt/ros/humble/src/gmock_vendor': C++ tests using 'Google Mock' will be built
[8.158s] -- The C compiler identification is GNU 11.4.0
[8.187s] -- Detecting C compiler ABI info
[8.599s] -- Detecting C compiler ABI info - done
[8.625s] -- Check for working C compiler: /usr/bin/cc - skipped
[8.625s] -- Detecting C compile features
[8.627s] -- Detecting C compile features - done
[8.676s] -- Found ament_cmake_gtest: 1.3.11 (/opt/ros/humble/share/ament_cmake_gtest/cmake)
[8.693s] -- Found gtest sources under '/opt/ros/humble/src/gtest_vendor': C++ tests using 'Google Test' will be built
[9.186s] -- Configuring done
[9.858s] -- Generating done
[9.922s] -- Build files have been written to: /home/pi/omnicar_ws/build/mecanum_drive_controller
[9.982s] Invoked command in '/home/pi/omnicar_ws/build/mecanum_drive_controller' returned '0': CMAKE_PREFIX_PATH=/opt/ros/humble /usr/bin/cmake /home/pi/omnicar_ws/src/mecanum_drive_controller -DCMAKE_INSTALL_PREFIX=/home/pi/omnicar_ws/install/mecanum_drive_controller
[9.990s] Invoking command in '/home/pi/omnicar_ws/build/mecanum_drive_controller': CMAKE_PREFIX_PATH=/opt/ros/humble /usr/bin/cmake --build /home/pi/omnicar_ws/build/mecanum_drive_controller -- -j4 -l4
[10.210s] [  6%] [34m[1mRunning `/opt/ros/humble/bin/generate_parameter_library_cpp /home/pi/omnicar_ws/build/mecanum_drive_controller/include/mecanum_drive_controller/mecanum_drive_controller_parameters.hpp /home/pi/omnicar_ws/src/mecanum_drive_controller/src/mecanum_drive_controller.yaml `[0m
[10.224s] [ 12%] [32mBuilding CXX object gmock/CMakeFiles/gmock_main.dir/src/gmock_main.cc.o[0m
[10.231s] [ 18%] [32mBuilding CXX object gmock/CMakeFiles/gmock.dir/opt/ros/humble/src/gtest_vendor/src/gtest-all.cc.o[0m
[10.251s] [ 25%] [32mBuilding CXX object gmock/CMakeFiles/gmock.dir/src/gmock-all.cc.o[0m
[15.412s] [ 31%] [34m[1mCreating deprecated header file /home/pi/omnicar_ws/build/mecanum_drive_controller/include/mecanum_drive_controller_parameters.hpp[0m
[16.045s] [ 31%] Built target mecanum_drive_controller_parameters
[16.480s] [ 37%] [32mBuilding CXX object CMakeFiles/mecanum_drive_controller.dir/src/mecanum_drive_controller.cpp.o[0m
[23.823s] [ 43%] [32m[1mLinking CXX static library libgmock_main.a[0m
[24.243s] [ 43%] Built target gmock_main
[24.318s] [ 50%] [32mBuilding CXX object CMakeFiles/mecanum_drive_controller.dir/src/odometry.cpp.o[0m
[38.409s] [ 56%] [32m[1mLinking CXX static library libgmock.a[0m
[39.123s] [ 56%] Built target gmock
[39.308s] [ 62%] [32mBuilding CXX object CMakeFiles/test_load_mecanum_drive_controller.dir/test/test_load_mecanum_drive_controller.cpp.o[0m
[71.836s] [ 68%] [32m[1mLinking CXX executable test_load_mecanum_drive_controller[0m
[74.833s] [ 68%] Built target test_load_mecanum_drive_controller
[97.577s] [ 75%] [32m[1mLinking CXX shared library libmecanum_drive_controller.so[0m
[102.791s] [ 75%] Built target mecanum_drive_controller
[102.926s] [ 87%] [32mBuilding CXX object CMakeFiles/test_mecanum_drive_controller.dir/test/test_mecanum_drive_controller.cpp.o[0m
[102.927s] [ 87%] [32mBuilding CXX object CMakeFiles/test_mecanum_drive_controller_preceeding.dir/test/test_mecanum_drive_controller_preceeding.cpp.o[0m
[140.230s] [ 93%] [32m[1mLinking CXX executable test_mecanum_drive_controller_preceeding[0m
[146.483s] [ 93%] Built target test_mecanum_drive_controller_preceeding
[162.160s] [100%] [32m[1mLinking CXX executable test_mecanum_drive_controller[0m
[168.296s] [100%] Built target test_mecanum_drive_controller
[168.402s] Invoked command in '/home/pi/omnicar_ws/build/mecanum_drive_controller' returned '0': CMAKE_PREFIX_PATH=/opt/ros/humble /usr/bin/cmake --build /home/pi/omnicar_ws/build/mecanum_drive_controller -- -j4 -l4
[168.442s] Invoking command in '/home/pi/omnicar_ws/build/mecanum_drive_controller': CMAKE_PREFIX_PATH=/opt/ros/humble /usr/bin/cmake --install /home/pi/omnicar_ws/build/mecanum_drive_controller
[168.488s] -- Install configuration: ""
[168.492s] -- Installing: /home/pi/omnicar_ws/install/mecanum_drive_controller/include/mecanum_drive_controller
[168.494s] -- Installing: /home/pi/omnicar_ws/install/mecanum_drive_controller/include/mecanum_drive_controller/mecanum_drive_controller_parameters.hpp
[168.506s] -- Installing: /home/pi/omnicar_ws/install/mecanum_drive_controller/share/mecanum_drive_controller/mecanum_drive_controller.xml
[168.513s] -- Up-to-date: /home/pi/omnicar_ws/install/mecanum_drive_controller/include/mecanum_drive_controller
[168.514s] -- Installing: /home/pi/omnicar_ws/install/mecanum_drive_controller/include/mecanum_drive_controller/mecanum_drive_controller
[168.516s] -- Installing: /home/pi/omnicar_ws/install/mecanum_drive_controller/include/mecanum_drive_controller/mecanum_drive_controller/visibility_control.h
[168.519s] -- Installing: /home/pi/omnicar_ws/install/mecanum_drive_controller/include/mecanum_drive_controller/mecanum_drive_controller/mecanum_drive_controller.hpp
[168.521s] -- Installing: /home/pi/omnicar_ws/install/mecanum_drive_controller/include/mecanum_drive_controller/mecanum_drive_controller/odometry.hpp
[168.524s] -- Installing: /home/pi/omnicar_ws/install/mecanum_drive_controller/lib/libmecanum_drive_controller.so
[168.709s] -- Set runtime path of "/home/pi/omnicar_ws/install/mecanum_drive_controller/lib/libmecanum_drive_controller.so" to ""
[168.714s] -- Installing: /home/pi/omnicar_ws/install/mecanum_drive_controller/share/mecanum_drive_controller/environment/library_path.sh
[168.716s] -- Installing: /home/pi/omnicar_ws/install/mecanum_drive_controller/share/mecanum_drive_controller/environment/library_path.dsv
[168.721s] -- Installing: /home/pi/omnicar_ws/install/mecanum_drive_controller/share/ament_index/resource_index/package_run_dependencies/mecanum_drive_controller
[168.724s] -- Installing: /home/pi/omnicar_ws/install/mecanum_drive_controller/share/ament_index/resource_index/parent_prefix_path/mecanum_drive_controller
[168.729s] -- Installing: /home/pi/omnicar_ws/install/mecanum_drive_controller/share/mecanum_drive_controller/environment/ament_prefix_path.sh
[168.731s] -- Installing: /home/pi/omnicar_ws/install/mecanum_drive_controller/share/mecanum_drive_controller/environment/ament_prefix_path.dsv
[168.733s] -- Installing: /home/pi/omnicar_ws/install/mecanum_drive_controller/share/mecanum_drive_controller/environment/path.sh
[168.735s] -- Installing: /home/pi/omnicar_ws/install/mecanum_drive_controller/share/mecanum_drive_controller/environment/path.dsv
[168.737s] -- Installing: /home/pi/omnicar_ws/install/mecanum_drive_controller/share/mecanum_drive_controller/local_setup.bash
[168.739s] -- Installing: /home/pi/omnicar_ws/install/mecanum_drive_controller/share/mecanum_drive_controller/local_setup.sh
[168.742s] -- Installing: /home/pi/omnicar_ws/install/mecanum_drive_controller/share/mecanum_drive_controller/local_setup.zsh
[168.744s] -- Installing: /home/pi/omnicar_ws/install/mecanum_drive_controller/share/mecanum_drive_controller/local_setup.dsv
[168.745s] -- Installing: /home/pi/omnicar_ws/install/mecanum_drive_controller/share/mecanum_drive_controller/package.dsv
[168.748s] -- Installing: /home/pi/omnicar_ws/install/mecanum_drive_controller/share/ament_index/resource_index/packages/mecanum_drive_controller
[168.750s] -- Installing: /home/pi/omnicar_ws/install/mecanum_drive_controller/share/ament_index/resource_index/controller_interface__pluginlib__plugin/mecanum_drive_controller
[168.755s] -- Installing: /home/pi/omnicar_ws/install/mecanum_drive_controller/share/mecanum_drive_controller/cmake/export_mecanum_drive_controllerExport.cmake
[168.757s] -- Installing: /home/pi/omnicar_ws/install/mecanum_drive_controller/share/mecanum_drive_controller/cmake/export_mecanum_drive_controllerExport-noconfig.cmake
[168.760s] -- Installing: /home/pi/omnicar_ws/install/mecanum_drive_controller/share/mecanum_drive_controller/cmake/ament_cmake_export_dependencies-extras.cmake
[168.763s] -- Installing: /home/pi/omnicar_ws/install/mecanum_drive_controller/share/mecanum_drive_controller/cmake/ament_cmake_export_targets-extras.cmake
[168.765s] -- Installing: /home/pi/omnicar_ws/install/mecanum_drive_controller/share/mecanum_drive_controller/cmake/mecanum_drive_controllerConfig.cmake
[168.767s] -- Installing: /home/pi/omnicar_ws/install/mecanum_drive_controller/share/mecanum_drive_controller/cmake/mecanum_drive_controllerConfig-version.cmake
[168.770s] -- Installing: /home/pi/omnicar_ws/install/mecanum_drive_controller/share/mecanum_drive_controller/package.xml
[168.789s] Invoked command in '/home/pi/omnicar_ws/build/mecanum_drive_controller' returned '0': CMAKE_PREFIX_PATH=/opt/ros/humble /usr/bin/cmake --install /home/pi/omnicar_ws/build/mecanum_drive_controller
