[0.008s] Invoking command in '/home/nwhit210/omnicar/build/diffdrive_arduino': CMAKE_PREFIX_PATH=${CMAKE_PREFIX_PATH}:/opt/ros/jazzy /usr/bin/cmake /home/nwhit210/omnicar/src/diffdrive_arduino -DCMAKE_INSTALL_PREFIX=/home/nwhit210/omnicar/install/diffdrive_arduino
[0.014s] -- Found ament_cmake: 2.5.4 (/opt/ros/jazzy/share/ament_cmake/cmake)
[0.130s] -- Found hardware_interface: 4.38.0 (/opt/ros/jazzy/share/hardware_interface/cmake)
[0.221s] -- Found rosidl_generator_c: 4.6.6 (/opt/ros/jazzy/share/rosidl_generator_c/cmake)
[0.232s] -- Found rosidl_generator_cpp: 4.6.6 (/opt/ros/jazzy/share/rosidl_generator_cpp/cmake)
[0.251s] -- Using all available rosidl_typesupport_c: rosidl_typesupport_fastrtps_c;rosidl_typesupport_introspection_c
[0.269s] -- Using all available rosidl_typesupport_cpp: rosidl_typesupport_fastrtps_cpp;rosidl_typesupport_introspection_cpp
[0.442s] -- Found TinyXML2 via Config file: /usr/lib/x86_64-linux-gnu/cmake/tinyxml2
[0.484s] -- Found rmw_implementation_cmake: 7.3.2 (/opt/ros/jazzy/share/rmw_implementation_cmake/cmake)
[0.487s] -- Found rmw_fastrtps_cpp: 8.4.3 (/opt/ros/jazzy/share/rmw_fastrtps_cpp/cmake)
[0.511s] -- Found TinyXML2 via Config file: /usr/lib/x86_64-linux-gnu/cmake/tinyxml2
[0.541s] -- Found OpenSSL: /usr/lib/x86_64-linux-gnu/libcrypto.so (found version "3.0.13")  
[0.544s] -- Found TinyXML2 via Config file: /usr/lib/x86_64-linux-gnu/cmake/tinyxml2
[0.602s] -- Found FastRTPS: /opt/ros/jazzy/include (Required is at least version "2.13") 
[0.604s] -- Found TinyXML2 via Config file: /usr/lib/x86_64-linux-gnu/cmake/tinyxml2
[0.609s] -- Found TinyXML2 via Config file: /usr/lib/x86_64-linux-gnu/cmake/tinyxml2
[0.637s] -- Using RMW implementation 'rmw_fastrtps_cpp' as default
[0.893s] -- Found ament_cmake_gtest: 2.5.4 (/opt/ros/jazzy/share/ament_cmake_gtest/cmake)
[0.945s] -- Configuring done (0.9s)
[0.967s] -- Generating done (0.0s)
[0.970s] -- Build files have been written to: /home/nwhit210/omnicar/build/diffdrive_arduino
[0.975s] Invoked command in '/home/nwhit210/omnicar/build/diffdrive_arduino' returned '0': CMAKE_PREFIX_PATH=${CMAKE_PREFIX_PATH}:/opt/ros/jazzy /usr/bin/cmake /home/nwhit210/omnicar/src/diffdrive_arduino -DCMAKE_INSTALL_PREFIX=/home/nwhit210/omnicar/install/diffdrive_arduino
[0.975s] Invoking command in '/home/nwhit210/omnicar/build/diffdrive_arduino': CMAKE_PREFIX_PATH=${CMAKE_PREFIX_PATH}:/opt/ros/jazzy /usr/bin/cmake --build /home/nwhit210/omnicar/build/diffdrive_arduino -- -j24 -l24
[1.001s] [ 50%] [32mBuilding CXX object CMakeFiles/diffdrive_arduino.dir/hardware/diffbot_system.cpp.o[0m
[1.324s] In file included from [01m[K/home/nwhit210/omnicar/src/diffdrive_arduino/hardware/include/diffdrive_arduino/diffbot_system.hpp:34[m[K,
[1.324s]                  from [01m[K/home/nwhit210/omnicar/src/diffdrive_arduino/hardware/diffbot_system.cpp:15[m[K:
[1.324s] [01m[K/home/nwhit210/omnicar/src/diffdrive_arduino/hardware/include/diffdrive_arduino/arduino_comms.hpp:7:10:[m[K [01;31m[Kfatal error: [m[Klibserial/SerialPort.h: No such file or directory
[1.324s]     7 | #include [01;31m[K<libserial/SerialPort.h>[m[K
[1.324s]       |          [01;31m[K^~~~~~~~~~~~~~~~~~~~~~~~[m[K
[1.324s] compilation terminated.
[1.326s] gmake[2]: *** [CMakeFiles/diffdrive_arduino.dir/build.make:76: CMakeFiles/diffdrive_arduino.dir/hardware/diffbot_system.cpp.o] Error 1
[1.326s] gmake[1]: *** [CMakeFiles/Makefile2:137: CMakeFiles/diffdrive_arduino.dir/all] Error 2
[1.326s] gmake: *** [Makefile:146: all] Error 2
[1.327s] Invoked command in '/home/nwhit210/omnicar/build/diffdrive_arduino' returned '2': CMAKE_PREFIX_PATH=${CMAKE_PREFIX_PATH}:/opt/ros/jazzy /usr/bin/cmake --build /home/nwhit210/omnicar/build/diffdrive_arduino -- -j24 -l24
