[0.078s] Invoking command in '/home/nwhit210/omnicar_ws/build/mecanum_drive_controller': CMAKE_PREFIX_PATH=${CMAKE_PREFIX_PATH}:/opt/ros/humble /usr/bin/cmake --build /home/nwhit210/omnicar_ws/build/mecanum_drive_controller -- -j8 -l8
[0.334s] [ 12%] Built target gmock_main
[0.356s] [ 25%] Built target mecanum_drive_controller_parameters
[0.366s] [ 43%] Built target gmock
[0.476s] [ 56%] Built target test_load_mecanum_drive_controller
[0.479s] [ 75%] Built target mecanum_drive_controller
[0.559s] [ 87%] Built target test_mecanum_drive_controller
[0.571s] [100%] Built target test_mecanum_drive_controller_preceeding
[0.730s] Invoked command in '/home/nwhit210/omnicar_ws/build/mecanum_drive_controller' returned '0': CMAKE_PREFIX_PATH=${CMAKE_PREFIX_PATH}:/opt/ros/humble /usr/bin/cmake --build /home/nwhit210/omnicar_ws/build/mecanum_drive_controller -- -j8 -l8
[0.738s] Invoking command in '/home/nwhit210/omnicar_ws/build/mecanum_drive_controller': CMAKE_PREFIX_PATH=${CMAKE_PREFIX_PATH}:/opt/ros/humble /usr/bin/cmake --install /home/nwhit210/omnicar_ws/build/mecanum_drive_controller
[0.758s] -- Install configuration: ""
[0.758s] -- Up-to-date: /home/nwhit210/omnicar_ws/install/mecanum_drive_controller/include/mecanum_drive_controller
[0.772s] -- Up-to-date: /home/nwhit210/omnicar_ws/install/mecanum_drive_controller/include/mecanum_drive_controller/mecanum_drive_controller_parameters.hpp
[0.773s] -- Up-to-date: /home/nwhit210/omnicar_ws/install/mecanum_drive_controller/share/mecanum_drive_controller/mecanum_drive_controller.xml
[0.779s] -- Up-to-date: /home/nwhit210/omnicar_ws/install/mecanum_drive_controller/include/mecanum_drive_controller
[0.780s] -- Up-to-date: /home/nwhit210/omnicar_ws/install/mecanum_drive_controller/include/mecanum_drive_controller/mecanum_drive_controller
[0.781s] -- Up-to-date: /home/nwhit210/omnicar_ws/install/mecanum_drive_controller/include/mecanum_drive_controller/mecanum_drive_controller/visibility_control.h
[0.782s] -- Up-to-date: /home/nwhit210/omnicar_ws/install/mecanum_drive_controller/include/mecanum_drive_controller/mecanum_drive_controller/mecanum_drive_controller.hpp
[0.784s] -- Up-to-date: /home/nwhit210/omnicar_ws/install/mecanum_drive_controller/include/mecanum_drive_controller/mecanum_drive_controller/odometry.hpp
[0.787s] -- Up-to-date: /home/nwhit210/omnicar_ws/install/mecanum_drive_controller/lib/libmecanum_drive_controller.so
[0.787s] -- Up-to-date: /home/nwhit210/omnicar_ws/install/mecanum_drive_controller/share/mecanum_drive_controller/environment/library_path.sh
[0.788s] -- Up-to-date: /home/nwhit210/omnicar_ws/install/mecanum_drive_controller/share/mecanum_drive_controller/environment/library_path.dsv
[0.788s] -- Up-to-date: /home/nwhit210/omnicar_ws/install/mecanum_drive_controller/share/ament_index/resource_index/package_run_dependencies/mecanum_drive_controller
[0.788s] -- Up-to-date: /home/nwhit210/omnicar_ws/install/mecanum_drive_controller/share/ament_index/resource_index/parent_prefix_path/mecanum_drive_controller
[0.789s] -- Up-to-date: /home/nwhit210/omnicar_ws/install/mecanum_drive_controller/share/mecanum_drive_controller/environment/ament_prefix_path.sh
[0.790s] -- Up-to-date: /home/nwhit210/omnicar_ws/install/mecanum_drive_controller/share/mecanum_drive_controller/environment/ament_prefix_path.dsv
[0.791s] -- Up-to-date: /home/nwhit210/omnicar_ws/install/mecanum_drive_controller/share/mecanum_drive_controller/environment/path.sh
[0.792s] -- Up-to-date: /home/nwhit210/omnicar_ws/install/mecanum_drive_controller/share/mecanum_drive_controller/environment/path.dsv
[0.792s] -- Up-to-date: /home/nwhit210/omnicar_ws/install/mecanum_drive_controller/share/mecanum_drive_controller/local_setup.bash
[0.792s] -- Up-to-date: /home/nwhit210/omnicar_ws/install/mecanum_drive_controller/share/mecanum_drive_controller/local_setup.sh
[0.792s] -- Up-to-date: /home/nwhit210/omnicar_ws/install/mecanum_drive_controller/share/mecanum_drive_controller/local_setup.zsh
[0.793s] -- Up-to-date: /home/nwhit210/omnicar_ws/install/mecanum_drive_controller/share/mecanum_drive_controller/local_setup.dsv
[0.795s] -- Installing: /home/nwhit210/omnicar_ws/install/mecanum_drive_controller/share/mecanum_drive_controller/package.dsv
[0.797s] -- Up-to-date: /home/nwhit210/omnicar_ws/install/mecanum_drive_controller/share/ament_index/resource_index/packages/mecanum_drive_controller
[0.803s] -- Up-to-date: /home/nwhit210/omnicar_ws/install/mecanum_drive_controller/share/ament_index/resource_index/controller_interface__pluginlib__plugin/mecanum_drive_controller
[0.804s] -- Up-to-date: /home/nwhit210/omnicar_ws/install/mecanum_drive_controller/share/mecanum_drive_controller/cmake/export_mecanum_drive_controllerExport.cmake
[0.805s] -- Up-to-date: /home/nwhit210/omnicar_ws/install/mecanum_drive_controller/share/mecanum_drive_controller/cmake/export_mecanum_drive_controllerExport-noconfig.cmake
[0.805s] -- Up-to-date: /home/nwhit210/omnicar_ws/install/mecanum_drive_controller/share/mecanum_drive_controller/cmake/ament_cmake_export_dependencies-extras.cmake
[0.807s] -- Up-to-date: /home/nwhit210/omnicar_ws/install/mecanum_drive_controller/share/mecanum_drive_controller/cmake/ament_cmake_export_targets-extras.cmake
[0.809s] -- Up-to-date: /home/nwhit210/omnicar_ws/install/mecanum_drive_controller/share/mecanum_drive_controller/cmake/mecanum_drive_controllerConfig.cmake
[0.810s] -- Up-to-date: /home/nwhit210/omnicar_ws/install/mecanum_drive_controller/share/mecanum_drive_controller/cmake/mecanum_drive_controllerConfig-version.cmake
[0.810s] -- Up-to-date: /home/nwhit210/omnicar_ws/install/mecanum_drive_controller/share/mecanum_drive_controller/package.xml
[0.811s] Invoked command in '/home/nwhit210/omnicar_ws/build/mecanum_drive_controller' returned '0': CMAKE_PREFIX_PATH=${CMAKE_PREFIX_PATH}:/opt/ros/humble /usr/bin/cmake --install /home/nwhit210/omnicar_ws/build/mecanum_drive_controller
