[1.276s] DEBUG:colcon:Command line arguments: ['/usr/bin/colcon', 'build']
[1.276s] DEBUG:colcon:Parsed command line arguments: Namespace(log_base=None, log_level=None, verb_name='build', build_base='build', install_base='install', merge_install=False, symlink_install=False, test_result_base=None, continue_on_error=False, executor='parallel', parallel_workers=4, event_handlers=None, ignore_user_meta=False, metas=['./colcon.meta'], base_paths=['.'], packages_ignore=None, packages_ignore_regex=None, paths=None, packages_up_to=None, packages_up_to_regex=None, packages_above=None, packages_above_and_dependencies=None, packages_above_depth=None, packages_select_by_dep=None, packages_skip_by_dep=None, packages_skip_up_to=None, packages_select_build_failed=False, packages_skip_build_finished=False, packages_select_test_failures=False, packages_skip_test_passed=False, packages_select=None, packages_skip=None, packages_select_regex=None, packages_skip_regex=None, packages_start=None, packages_end=None, allow_overriding=[], cmake_args=None, cmake_target=None, cmake_target_skip_unavailable=False, cmake_clean_cache=False, cmake_clean_first=False, cmake_force_configure=False, ament_cmake_args=None, catkin_cmake_args=None, catkin_skip_building_tests=False, mixin_files=None, mixin=None, verb_parser=<colcon_mixin.mixin.mixin_argument.MixinArgumentDecorator object at 0xffff7fac11b0>, verb_extension=<colcon_core.verb.build.BuildVerb object at 0xffff7fcaa110>, main=<bound method BuildVerb.main of <colcon_core.verb.build.BuildVerb object at 0xffff7fcaa110>>, mixin_verb=('build',))
[2.283s] Level 1:colcon.colcon_core.package_discovery:discover_packages(colcon_meta) check parameters
[2.284s] Level 1:colcon.colcon_core.package_discovery:discover_packages(recursive) check parameters
[2.284s] Level 1:colcon.colcon_core.package_discovery:discover_packages(ignore) check parameters
[2.284s] Level 1:colcon.colcon_core.package_discovery:discover_packages(path) check parameters
[2.284s] Level 1:colcon.colcon_core.package_discovery:discover_packages(colcon_meta) discover
[2.284s] Level 1:colcon.colcon_core.package_discovery:discover_packages(recursive) discover
[2.285s] INFO:colcon.colcon_core.package_discovery:Crawling recursively for packages in '/home/pi/omnicar_ws'
[2.285s] Level 1:colcon.colcon_core.package_identification:_identify(.) by extensions ['ignore', 'ignore_ament_install']
[2.285s] Level 1:colcon.colcon_core.package_identification:_identify(.) by extension 'ignore'
[2.286s] Level 1:colcon.colcon_core.package_identification:_identify(.) by extension 'ignore_ament_install'
[2.286s] Level 1:colcon.colcon_core.package_identification:_identify(.) by extensions ['colcon_pkg']
[2.286s] Level 1:colcon.colcon_core.package_identification:_identify(.) by extension 'colcon_pkg'
[2.287s] Level 1:colcon.colcon_core.package_identification:_identify(.) by extensions ['colcon_meta']
[2.287s] Level 1:colcon.colcon_core.package_identification:_identify(.) by extension 'colcon_meta'
[2.287s] Level 1:colcon.colcon_core.package_identification:_identify(.) by extensions ['ros']
[2.287s] Level 1:colcon.colcon_core.package_identification:_identify(.) by extension 'ros'
[2.355s] Level 1:colcon.colcon_core.package_identification:_identify(.) by extensions ['cmake', 'python']
[2.355s] Level 1:colcon.colcon_core.package_identification:_identify(.) by extension 'cmake'
[2.356s] Level 1:colcon.colcon_core.package_identification:_identify(.) by extension 'python'
[2.356s] Level 1:colcon.colcon_core.package_identification:_identify(.) by extensions ['python_setup_py']
[2.356s] Level 1:colcon.colcon_core.package_identification:_identify(.) by extension 'python_setup_py'
[2.356s] Level 1:colcon.colcon_core.package_identification:_identify(build) by extensions ['ignore', 'ignore_ament_install']
[2.357s] Level 1:colcon.colcon_core.package_identification:_identify(build) by extension 'ignore'
[2.357s] Level 1:colcon.colcon_core.package_identification:_identify(build) ignored
[2.358s] Level 1:colcon.colcon_core.package_identification:_identify(install) by extensions ['ignore', 'ignore_ament_install']
[2.358s] Level 1:colcon.colcon_core.package_identification:_identify(install) by extension 'ignore'
[2.358s] Level 1:colcon.colcon_core.package_identification:_identify(install) ignored
[2.359s] Level 1:colcon.colcon_core.package_identification:_identify(log) by extensions ['ignore', 'ignore_ament_install']
[2.359s] Level 1:colcon.colcon_core.package_identification:_identify(log) by extension 'ignore'
[2.359s] Level 1:colcon.colcon_core.package_identification:_identify(log) ignored
[2.359s] Level 1:colcon.colcon_core.package_identification:_identify(src) by extensions ['ignore', 'ignore_ament_install']
[2.360s] Level 1:colcon.colcon_core.package_identification:_identify(src) by extension 'ignore'
[2.360s] Level 1:colcon.colcon_core.package_identification:_identify(src) by extension 'ignore_ament_install'
[2.360s] Level 1:colcon.colcon_core.package_identification:_identify(src) by extensions ['colcon_pkg']
[2.360s] Level 1:colcon.colcon_core.package_identification:_identify(src) by extension 'colcon_pkg'
[2.360s] Level 1:colcon.colcon_core.package_identification:_identify(src) by extensions ['colcon_meta']
[2.361s] Level 1:colcon.colcon_core.package_identification:_identify(src) by extension 'colcon_meta'
[2.361s] Level 1:colcon.colcon_core.package_identification:_identify(src) by extensions ['ros']
[2.361s] Level 1:colcon.colcon_core.package_identification:_identify(src) by extension 'ros'
[2.361s] Level 1:colcon.colcon_core.package_identification:_identify(src) by extensions ['cmake', 'python']
[2.361s] Level 1:colcon.colcon_core.package_identification:_identify(src) by extension 'cmake'
[2.362s] Level 1:colcon.colcon_core.package_identification:_identify(src) by extension 'python'
[2.362s] Level 1:colcon.colcon_core.package_identification:_identify(src) by extensions ['python_setup_py']
[2.362s] Level 1:colcon.colcon_core.package_identification:_identify(src) by extension 'python_setup_py'
[2.362s] Level 1:colcon.colcon_core.package_identification:_identify(src/example_2) by extensions ['ignore', 'ignore_ament_install']
[2.363s] Level 1:colcon.colcon_core.package_identification:_identify(src/example_2) by extension 'ignore'
[2.363s] Level 1:colcon.colcon_core.package_identification:_identify(src/example_2) by extension 'ignore_ament_install'
[2.363s] Level 1:colcon.colcon_core.package_identification:_identify(src/example_2) by extensions ['colcon_pkg']
[2.363s] Level 1:colcon.colcon_core.package_identification:_identify(src/example_2) by extension 'colcon_pkg'
[2.363s] Level 1:colcon.colcon_core.package_identification:_identify(src/example_2) by extensions ['colcon_meta']
[2.364s] Level 1:colcon.colcon_core.package_identification:_identify(src/example_2) by extension 'colcon_meta'
[2.364s] Level 1:colcon.colcon_core.package_identification:_identify(src/example_2) by extensions ['ros']
[2.364s] Level 1:colcon.colcon_core.package_identification:_identify(src/example_2) by extension 'ros'
[2.379s] DEBUG:colcon.colcon_core.package_identification:Package 'src/example_2' with type 'ros.ament_cmake' and name 'ros2_control_demo_example_2'
[2.380s] Level 1:colcon.colcon_core.package_identification:_identify(src/mecanum_drive_controller) by extensions ['ignore', 'ignore_ament_install']
[2.380s] Level 1:colcon.colcon_core.package_identification:_identify(src/mecanum_drive_controller) by extension 'ignore'
[2.381s] Level 1:colcon.colcon_core.package_identification:_identify(src/mecanum_drive_controller) by extension 'ignore_ament_install'
[2.381s] Level 1:colcon.colcon_core.package_identification:_identify(src/mecanum_drive_controller) by extensions ['colcon_pkg']
[2.381s] Level 1:colcon.colcon_core.package_identification:_identify(src/mecanum_drive_controller) by extension 'colcon_pkg'
[2.381s] Level 1:colcon.colcon_core.package_identification:_identify(src/mecanum_drive_controller) by extensions ['colcon_meta']
[2.381s] Level 1:colcon.colcon_core.package_identification:_identify(src/mecanum_drive_controller) by extension 'colcon_meta'
[2.381s] Level 1:colcon.colcon_core.package_identification:_identify(src/mecanum_drive_controller) by extensions ['ros']
[2.382s] Level 1:colcon.colcon_core.package_identification:_identify(src/mecanum_drive_controller) by extension 'ros'
[2.390s] DEBUG:colcon.colcon_core.package_identification:Package 'src/mecanum_drive_controller' with type 'ros.ament_cmake' and name 'mecanum_drive_controller'
[2.390s] Level 1:colcon.colcon_core.package_identification:_identify(src/omnicar) by extensions ['ignore', 'ignore_ament_install']
[2.391s] Level 1:colcon.colcon_core.package_identification:_identify(src/omnicar) by extension 'ignore'
[2.391s] Level 1:colcon.colcon_core.package_identification:_identify(src/omnicar) by extension 'ignore_ament_install'
[2.391s] Level 1:colcon.colcon_core.package_identification:_identify(src/omnicar) by extensions ['colcon_pkg']
[2.391s] Level 1:colcon.colcon_core.package_identification:_identify(src/omnicar) by extension 'colcon_pkg'
[2.391s] Level 1:colcon.colcon_core.package_identification:_identify(src/omnicar) by extensions ['colcon_meta']
[2.392s] Level 1:colcon.colcon_core.package_identification:_identify(src/omnicar) by extension 'colcon_meta'
[2.392s] Level 1:colcon.colcon_core.package_identification:_identify(src/omnicar) by extensions ['ros']
[2.392s] Level 1:colcon.colcon_core.package_identification:_identify(src/omnicar) by extension 'ros'
[2.395s] DEBUG:colcon.colcon_core.package_identification:Package 'src/omnicar' with type 'ros.ament_cmake' and name 'omnicar'
[2.395s] Level 1:colcon.colcon_core.package_discovery:discover_packages(recursive) using defaults
[2.395s] Level 1:colcon.colcon_core.package_discovery:discover_packages(ignore) discover
[2.395s] Level 1:colcon.colcon_core.package_discovery:discover_packages(ignore) using defaults
[2.396s] Level 1:colcon.colcon_core.package_discovery:discover_packages(path) discover
[2.396s] Level 1:colcon.colcon_core.package_discovery:discover_packages(path) using defaults
[2.577s] Level 1:colcon.colcon_core.package_discovery:discover_packages(prefix_path) check parameters
[2.577s] Level 1:colcon.colcon_core.package_discovery:discover_packages(prefix_path) discover
[2.586s] Level 1:colcon.colcon_core.package_discovery:discover_packages(prefix_path) using defaults
[2.593s] Level 5:colcon.colcon_core.verb:set package 'mecanum_drive_controller' build argument 'cmake_args' from command line to 'None'
[2.594s] Level 5:colcon.colcon_core.verb:set package 'mecanum_drive_controller' build argument 'cmake_target' from command line to 'None'
[2.594s] Level 5:colcon.colcon_core.verb:set package 'mecanum_drive_controller' build argument 'cmake_target_skip_unavailable' from command line to 'False'
[2.594s] Level 5:colcon.colcon_core.verb:set package 'mecanum_drive_controller' build argument 'cmake_clean_cache' from command line to 'False'
[2.594s] Level 5:colcon.colcon_core.verb:set package 'mecanum_drive_controller' build argument 'cmake_clean_first' from command line to 'False'
[2.594s] Level 5:colcon.colcon_core.verb:set package 'mecanum_drive_controller' build argument 'cmake_force_configure' from command line to 'False'
[2.594s] Level 5:colcon.colcon_core.verb:set package 'mecanum_drive_controller' build argument 'ament_cmake_args' from command line to 'None'
[2.595s] Level 5:colcon.colcon_core.verb:set package 'mecanum_drive_controller' build argument 'catkin_cmake_args' from command line to 'None'
[2.595s] Level 5:colcon.colcon_core.verb:set package 'mecanum_drive_controller' build argument 'catkin_skip_building_tests' from command line to 'False'
[2.595s] DEBUG:colcon.colcon_core.verb:Building package 'mecanum_drive_controller' with the following arguments: {'ament_cmake_args': None, 'build_base': '/home/pi/omnicar_ws/build/mecanum_drive_controller', 'catkin_cmake_args': None, 'catkin_skip_building_tests': False, 'cmake_args': None, 'cmake_clean_cache': False, 'cmake_clean_first': False, 'cmake_force_configure': False, 'cmake_target': None, 'cmake_target_skip_unavailable': False, 'install_base': '/home/pi/omnicar_ws/install/mecanum_drive_controller', 'merge_install': False, 'path': '/home/pi/omnicar_ws/src/mecanum_drive_controller', 'symlink_install': False, 'test_result_base': None}
[2.597s] Level 5:colcon.colcon_core.verb:set package 'omnicar' build argument 'cmake_args' from command line to 'None'
[2.597s] Level 5:colcon.colcon_core.verb:set package 'omnicar' build argument 'cmake_target' from command line to 'None'
[2.597s] Level 5:colcon.colcon_core.verb:set package 'omnicar' build argument 'cmake_target_skip_unavailable' from command line to 'False'
[2.598s] Level 5:colcon.colcon_core.verb:set package 'omnicar' build argument 'cmake_clean_cache' from command line to 'False'
[2.598s] Level 5:colcon.colcon_core.verb:set package 'omnicar' build argument 'cmake_clean_first' from command line to 'False'
[2.598s] Level 5:colcon.colcon_core.verb:set package 'omnicar' build argument 'cmake_force_configure' from command line to 'False'
[2.598s] Level 5:colcon.colcon_core.verb:set package 'omnicar' build argument 'ament_cmake_args' from command line to 'None'
[2.598s] Level 5:colcon.colcon_core.verb:set package 'omnicar' build argument 'catkin_cmake_args' from command line to 'None'
[2.598s] Level 5:colcon.colcon_core.verb:set package 'omnicar' build argument 'catkin_skip_building_tests' from command line to 'False'
[2.598s] DEBUG:colcon.colcon_core.verb:Building package 'omnicar' with the following arguments: {'ament_cmake_args': None, 'build_base': '/home/pi/omnicar_ws/build/omnicar', 'catkin_cmake_args': None, 'catkin_skip_building_tests': False, 'cmake_args': None, 'cmake_clean_cache': False, 'cmake_clean_first': False, 'cmake_force_configure': False, 'cmake_target': None, 'cmake_target_skip_unavailable': False, 'install_base': '/home/pi/omnicar_ws/install/omnicar', 'merge_install': False, 'path': '/home/pi/omnicar_ws/src/omnicar', 'symlink_install': False, 'test_result_base': None}
[2.600s] Level 5:colcon.colcon_core.verb:set package 'ros2_control_demo_example_2' build argument 'cmake_args' from command line to 'None'
[2.600s] Level 5:colcon.colcon_core.verb:set package 'ros2_control_demo_example_2' build argument 'cmake_target' from command line to 'None'
[2.600s] Level 5:colcon.colcon_core.verb:set package 'ros2_control_demo_example_2' build argument 'cmake_target_skip_unavailable' from command line to 'False'
[2.601s] Level 5:colcon.colcon_core.verb:set package 'ros2_control_demo_example_2' build argument 'cmake_clean_cache' from command line to 'False'
[2.601s] Level 5:colcon.colcon_core.verb:set package 'ros2_control_demo_example_2' build argument 'cmake_clean_first' from command line to 'False'
[2.601s] Level 5:colcon.colcon_core.verb:set package 'ros2_control_demo_example_2' build argument 'cmake_force_configure' from command line to 'False'
[2.601s] Level 5:colcon.colcon_core.verb:set package 'ros2_control_demo_example_2' build argument 'ament_cmake_args' from command line to 'None'
[2.601s] Level 5:colcon.colcon_core.verb:set package 'ros2_control_demo_example_2' build argument 'catkin_cmake_args' from command line to 'None'
[2.601s] Level 5:colcon.colcon_core.verb:set package 'ros2_control_demo_example_2' build argument 'catkin_skip_building_tests' from command line to 'False'
[2.601s] DEBUG:colcon.colcon_core.verb:Building package 'ros2_control_demo_example_2' with the following arguments: {'ament_cmake_args': None, 'build_base': '/home/pi/omnicar_ws/build/ros2_control_demo_example_2', 'catkin_cmake_args': None, 'catkin_skip_building_tests': False, 'cmake_args': None, 'cmake_clean_cache': False, 'cmake_clean_first': False, 'cmake_force_configure': False, 'cmake_target': None, 'cmake_target_skip_unavailable': False, 'install_base': '/home/pi/omnicar_ws/install/ros2_control_demo_example_2', 'merge_install': False, 'path': '/home/pi/omnicar_ws/src/example_2', 'symlink_install': False, 'test_result_base': None}
[2.602s] INFO:colcon.colcon_core.executor:Executing jobs using 'parallel' executor
[2.606s] DEBUG:colcon.colcon_parallel_executor.executor.parallel:run_until_complete
[2.607s] INFO:colcon.colcon_ros.task.ament_cmake.build:Building ROS package in '/home/pi/omnicar_ws/src/mecanum_drive_controller' with build type 'ament_cmake'
[2.607s] INFO:colcon.colcon_cmake.task.cmake.build:Building CMake package in '/home/pi/omnicar_ws/src/mecanum_drive_controller'
[2.634s] INFO:colcon.colcon_core.plugin_system:Skipping extension 'colcon_core.shell.bat': Not used on non-Windows systems
[2.636s] INFO:colcon.colcon_core.shell:Skip shell extension 'powershell' for command environment: Not usable outside of PowerShell
[2.636s] DEBUG:colcon.colcon_core.shell:Skip shell extension 'dsv' for command environment
[2.649s] INFO:colcon.colcon_ros.task.ament_cmake.build:Building ROS package in '/home/pi/omnicar_ws/src/omnicar' with build type 'ament_cmake'
[2.650s] INFO:colcon.colcon_cmake.task.cmake.build:Building CMake package in '/home/pi/omnicar_ws/src/omnicar'
[2.651s] INFO:colcon.colcon_core.shell:Skip shell extension 'powershell' for command environment: Not usable outside of PowerShell
[2.652s] DEBUG:colcon.colcon_core.shell:Skip shell extension 'dsv' for command environment
[2.659s] INFO:colcon.colcon_ros.task.ament_cmake.build:Building ROS package in '/home/pi/omnicar_ws/src/example_2' with build type 'ament_cmake'
[2.660s] INFO:colcon.colcon_cmake.task.cmake.build:Building CMake package in '/home/pi/omnicar_ws/src/example_2'
[2.661s] INFO:colcon.colcon_core.shell:Skip shell extension 'powershell' for command environment: Not usable outside of PowerShell
[2.661s] DEBUG:colcon.colcon_core.shell:Skip shell extension 'dsv' for command environment
[2.697s] DEBUG:colcon.colcon_core.event_handler.log_command:Invoking command in '/home/pi/omnicar_ws/build/mecanum_drive_controller': /usr/bin/cmake --build /home/pi/omnicar_ws/build/mecanum_drive_controller -- -j4 -l4
[2.745s] DEBUG:colcon.colcon_core.event_handler.log_command:Invoking command in '/home/pi/omnicar_ws/build/omnicar': /usr/bin/cmake --build /home/pi/omnicar_ws/build/omnicar -- -j4 -l4
[2.774s] DEBUG:colcon.colcon_core.event_handler.log_command:Invoking command in '/home/pi/omnicar_ws/build/ros2_control_demo_example_2': /usr/bin/cmake --build /home/pi/omnicar_ws/build/ros2_control_demo_example_2 -- -j4 -l4
[3.290s] DEBUG:colcon.colcon_core.event_handler.log_command:Invoked command in '/home/pi/omnicar_ws/build/omnicar' returned '0': /usr/bin/cmake --build /home/pi/omnicar_ws/build/omnicar -- -j4 -l4
[3.338s] DEBUG:colcon.colcon_core.event_handler.log_command:Invoking command in '/home/pi/omnicar_ws/build/omnicar': /usr/bin/cmake --install /home/pi/omnicar_ws/build/omnicar
[3.428s] Level 1:colcon.colcon_core.environment:create_environment_scripts_only(omnicar)
[3.431s] DEBUG:colcon.colcon_core.event_handler.log_command:Invoked command in '/home/pi/omnicar_ws/build/omnicar' returned '0': /usr/bin/cmake --install /home/pi/omnicar_ws/build/omnicar
[3.492s] Level 1:colcon.colcon_core.environment:checking '/home/pi/omnicar_ws/install/omnicar' for CMake module files
[3.497s] Level 1:colcon.colcon_core.environment:checking '/home/pi/omnicar_ws/install/omnicar' for CMake config files
[3.501s] Level 1:colcon.colcon_core.shell:create_environment_hook('omnicar', 'cmake_prefix_path')
[3.502s] INFO:colcon.colcon_core.shell:Creating environment hook '/home/pi/omnicar_ws/install/omnicar/share/omnicar/hook/cmake_prefix_path.ps1'
[3.513s] INFO:colcon.colcon_core.shell:Creating environment descriptor '/home/pi/omnicar_ws/install/omnicar/share/omnicar/hook/cmake_prefix_path.dsv'
[3.517s] INFO:colcon.colcon_core.shell:Creating environment hook '/home/pi/omnicar_ws/install/omnicar/share/omnicar/hook/cmake_prefix_path.sh'
[3.524s] Level 1:colcon.colcon_core.environment:checking '/home/pi/omnicar_ws/install/omnicar/bin'
[3.524s] Level 1:colcon.colcon_core.environment:checking '/home/pi/omnicar_ws/install/omnicar/lib/pkgconfig/omnicar.pc'
[3.533s] Level 1:colcon.colcon_core.environment:checking '/home/pi/omnicar_ws/install/omnicar/lib/python3.10/site-packages'
[3.534s] Level 1:colcon.colcon_core.environment:checking '/home/pi/omnicar_ws/install/omnicar/bin'
[3.536s] INFO:colcon.colcon_core.shell:Creating package script '/home/pi/omnicar_ws/install/omnicar/share/omnicar/package.ps1'
[3.547s] INFO:colcon.colcon_core.shell:Creating package descriptor '/home/pi/omnicar_ws/install/omnicar/share/omnicar/package.dsv'
[3.554s] INFO:colcon.colcon_core.shell:Creating package script '/home/pi/omnicar_ws/install/omnicar/share/omnicar/package.sh'
[3.560s] INFO:colcon.colcon_core.shell:Creating package script '/home/pi/omnicar_ws/install/omnicar/share/omnicar/package.bash'
[3.569s] INFO:colcon.colcon_core.shell:Creating package script '/home/pi/omnicar_ws/install/omnicar/share/omnicar/package.zsh'
[3.576s] Level 1:colcon.colcon_core.environment:create_file_with_runtime_dependencies(/home/pi/omnicar_ws/install/omnicar/share/colcon-core/packages/omnicar)
[3.586s] Level 1:colcon.colcon_core.environment:create_environment_scripts_only(omnicar)
[3.587s] Level 1:colcon.colcon_core.environment:checking '/home/pi/omnicar_ws/install/omnicar' for CMake module files
[3.591s] Level 1:colcon.colcon_core.environment:checking '/home/pi/omnicar_ws/install/omnicar' for CMake config files
[3.593s] Level 1:colcon.colcon_core.shell:create_environment_hook('omnicar', 'cmake_prefix_path')
[3.595s] INFO:colcon.colcon_core.shell:Creating environment hook '/home/pi/omnicar_ws/install/omnicar/share/omnicar/hook/cmake_prefix_path.ps1'
[3.597s] INFO:colcon.colcon_core.shell:Creating environment descriptor '/home/pi/omnicar_ws/install/omnicar/share/omnicar/hook/cmake_prefix_path.dsv'
[3.599s] INFO:colcon.colcon_core.shell:Creating environment hook '/home/pi/omnicar_ws/install/omnicar/share/omnicar/hook/cmake_prefix_path.sh'
[3.603s] Level 1:colcon.colcon_core.environment:checking '/home/pi/omnicar_ws/install/omnicar/bin'
[3.603s] Level 1:colcon.colcon_core.environment:checking '/home/pi/omnicar_ws/install/omnicar/lib/pkgconfig/omnicar.pc'
[3.604s] Level 1:colcon.colcon_core.environment:checking '/home/pi/omnicar_ws/install/omnicar/lib/python3.10/site-packages'
[3.605s] Level 1:colcon.colcon_core.environment:checking '/home/pi/omnicar_ws/install/omnicar/bin'
[3.607s] INFO:colcon.colcon_core.shell:Creating package script '/home/pi/omnicar_ws/install/omnicar/share/omnicar/package.ps1'
[3.612s] INFO:colcon.colcon_core.shell:Creating package descriptor '/home/pi/omnicar_ws/install/omnicar/share/omnicar/package.dsv'
[3.617s] INFO:colcon.colcon_core.shell:Creating package script '/home/pi/omnicar_ws/install/omnicar/share/omnicar/package.sh'
[3.621s] INFO:colcon.colcon_core.shell:Creating package script '/home/pi/omnicar_ws/install/omnicar/share/omnicar/package.bash'
[3.626s] INFO:colcon.colcon_core.shell:Creating package script '/home/pi/omnicar_ws/install/omnicar/share/omnicar/package.zsh'
[3.629s] Level 1:colcon.colcon_core.environment:create_file_with_runtime_dependencies(/home/pi/omnicar_ws/install/omnicar/share/colcon-core/packages/omnicar)
[3.810s] DEBUG:colcon.colcon_core.event_handler.log_command:Invoked command in '/home/pi/omnicar_ws/build/ros2_control_demo_example_2' returned '0': /usr/bin/cmake --build /home/pi/omnicar_ws/build/ros2_control_demo_example_2 -- -j4 -l4
[3.828s] DEBUG:colcon.colcon_core.event_handler.log_command:Invoking command in '/home/pi/omnicar_ws/build/ros2_control_demo_example_2': /usr/bin/cmake --install /home/pi/omnicar_ws/build/ros2_control_demo_example_2
[3.920s] Level 1:colcon.colcon_core.environment:create_environment_scripts_only(ros2_control_demo_example_2)
[3.921s] Level 1:colcon.colcon_core.environment:checking '/home/pi/omnicar_ws/install/ros2_control_demo_example_2' for CMake module files
[3.924s] DEBUG:colcon.colcon_core.event_handler.log_command:Invoked command in '/home/pi/omnicar_ws/build/ros2_control_demo_example_2' returned '0': /usr/bin/cmake --install /home/pi/omnicar_ws/build/ros2_control_demo_example_2
[3.928s] Level 1:colcon.colcon_core.environment:checking '/home/pi/omnicar_ws/install/ros2_control_demo_example_2' for CMake config files
[3.937s] Level 1:colcon.colcon_core.shell:create_environment_hook('ros2_control_demo_example_2', 'cmake_prefix_path')
[3.940s] INFO:colcon.colcon_core.shell:Creating environment hook '/home/pi/omnicar_ws/install/ros2_control_demo_example_2/share/ros2_control_demo_example_2/hook/cmake_prefix_path.ps1'
[3.943s] INFO:colcon.colcon_core.shell:Creating environment descriptor '/home/pi/omnicar_ws/install/ros2_control_demo_example_2/share/ros2_control_demo_example_2/hook/cmake_prefix_path.dsv'
[3.947s] INFO:colcon.colcon_core.shell:Creating environment hook '/home/pi/omnicar_ws/install/ros2_control_demo_example_2/share/ros2_control_demo_example_2/hook/cmake_prefix_path.sh'
[3.953s] Level 1:colcon.colcon_core.environment:checking '/home/pi/omnicar_ws/install/ros2_control_demo_example_2/lib'
[3.954s] Level 1:colcon.colcon_core.shell:create_environment_hook('ros2_control_demo_example_2', 'ld_library_path_lib')
[3.955s] INFO:colcon.colcon_core.shell:Creating environment hook '/home/pi/omnicar_ws/install/ros2_control_demo_example_2/share/ros2_control_demo_example_2/hook/ld_library_path_lib.ps1'
[3.959s] INFO:colcon.colcon_core.shell:Creating environment descriptor '/home/pi/omnicar_ws/install/ros2_control_demo_example_2/share/ros2_control_demo_example_2/hook/ld_library_path_lib.dsv'
[3.962s] INFO:colcon.colcon_core.shell:Creating environment hook '/home/pi/omnicar_ws/install/ros2_control_demo_example_2/share/ros2_control_demo_example_2/hook/ld_library_path_lib.sh'
[3.966s] Level 1:colcon.colcon_core.environment:checking '/home/pi/omnicar_ws/install/ros2_control_demo_example_2/bin'
[3.966s] Level 1:colcon.colcon_core.environment:checking '/home/pi/omnicar_ws/install/ros2_control_demo_example_2/lib/pkgconfig/ros2_control_demo_example_2.pc'
[3.968s] Level 1:colcon.colcon_core.environment:checking '/home/pi/omnicar_ws/install/ros2_control_demo_example_2/lib/python3.10/site-packages'
[3.969s] Level 1:colcon.colcon_core.environment:checking '/home/pi/omnicar_ws/install/ros2_control_demo_example_2/bin'
[3.971s] INFO:colcon.colcon_core.shell:Creating package script '/home/pi/omnicar_ws/install/ros2_control_demo_example_2/share/ros2_control_demo_example_2/package.ps1'
[3.975s] INFO:colcon.colcon_core.shell:Creating package descriptor '/home/pi/omnicar_ws/install/ros2_control_demo_example_2/share/ros2_control_demo_example_2/package.dsv'
[3.979s] INFO:colcon.colcon_core.shell:Creating package script '/home/pi/omnicar_ws/install/ros2_control_demo_example_2/share/ros2_control_demo_example_2/package.sh'
[3.982s] INFO:colcon.colcon_core.shell:Creating package script '/home/pi/omnicar_ws/install/ros2_control_demo_example_2/share/ros2_control_demo_example_2/package.bash'
[3.986s] INFO:colcon.colcon_core.shell:Creating package script '/home/pi/omnicar_ws/install/ros2_control_demo_example_2/share/ros2_control_demo_example_2/package.zsh'
[3.990s] Level 1:colcon.colcon_core.environment:create_file_with_runtime_dependencies(/home/pi/omnicar_ws/install/ros2_control_demo_example_2/share/colcon-core/packages/ros2_control_demo_example_2)
[3.997s] Level 1:colcon.colcon_core.environment:create_environment_scripts_only(ros2_control_demo_example_2)
[3.999s] Level 1:colcon.colcon_core.environment:checking '/home/pi/omnicar_ws/install/ros2_control_demo_example_2' for CMake module files
[4.004s] Level 1:colcon.colcon_core.environment:checking '/home/pi/omnicar_ws/install/ros2_control_demo_example_2' for CMake config files
[4.009s] Level 1:colcon.colcon_core.shell:create_environment_hook('ros2_control_demo_example_2', 'cmake_prefix_path')
[4.011s] INFO:colcon.colcon_core.shell:Creating environment hook '/home/pi/omnicar_ws/install/ros2_control_demo_example_2/share/ros2_control_demo_example_2/hook/cmake_prefix_path.ps1'
[4.015s] INFO:colcon.colcon_core.shell:Creating environment descriptor '/home/pi/omnicar_ws/install/ros2_control_demo_example_2/share/ros2_control_demo_example_2/hook/cmake_prefix_path.dsv'
[4.022s] INFO:colcon.colcon_core.shell:Creating environment hook '/home/pi/omnicar_ws/install/ros2_control_demo_example_2/share/ros2_control_demo_example_2/hook/cmake_prefix_path.sh'
[4.027s] Level 1:colcon.colcon_core.environment:checking '/home/pi/omnicar_ws/install/ros2_control_demo_example_2/lib'
[4.027s] Level 1:colcon.colcon_core.shell:create_environment_hook('ros2_control_demo_example_2', 'ld_library_path_lib')
[4.029s] INFO:colcon.colcon_core.shell:Creating environment hook '/home/pi/omnicar_ws/install/ros2_control_demo_example_2/share/ros2_control_demo_example_2/hook/ld_library_path_lib.ps1'
[4.033s] INFO:colcon.colcon_core.shell:Creating environment descriptor '/home/pi/omnicar_ws/install/ros2_control_demo_example_2/share/ros2_control_demo_example_2/hook/ld_library_path_lib.dsv'
[4.036s] INFO:colcon.colcon_core.shell:Creating environment hook '/home/pi/omnicar_ws/install/ros2_control_demo_example_2/share/ros2_control_demo_example_2/hook/ld_library_path_lib.sh'
[4.039s] Level 1:colcon.colcon_core.environment:checking '/home/pi/omnicar_ws/install/ros2_control_demo_example_2/bin'
[4.040s] Level 1:colcon.colcon_core.environment:checking '/home/pi/omnicar_ws/install/ros2_control_demo_example_2/lib/pkgconfig/ros2_control_demo_example_2.pc'
[4.041s] Level 1:colcon.colcon_core.environment:checking '/home/pi/omnicar_ws/install/ros2_control_demo_example_2/lib/python3.10/site-packages'
[4.043s] Level 1:colcon.colcon_core.environment:checking '/home/pi/omnicar_ws/install/ros2_control_demo_example_2/bin'
[4.044s] INFO:colcon.colcon_core.shell:Creating package script '/home/pi/omnicar_ws/install/ros2_control_demo_example_2/share/ros2_control_demo_example_2/package.ps1'
[4.048s] INFO:colcon.colcon_core.shell:Creating package descriptor '/home/pi/omnicar_ws/install/ros2_control_demo_example_2/share/ros2_control_demo_example_2/package.dsv'
[4.052s] INFO:colcon.colcon_core.shell:Creating package script '/home/pi/omnicar_ws/install/ros2_control_demo_example_2/share/ros2_control_demo_example_2/package.sh'
[4.055s] INFO:colcon.colcon_core.shell:Creating package script '/home/pi/omnicar_ws/install/ros2_control_demo_example_2/share/ros2_control_demo_example_2/package.bash'
[4.058s] INFO:colcon.colcon_core.shell:Creating package script '/home/pi/omnicar_ws/install/ros2_control_demo_example_2/share/ros2_control_demo_example_2/package.zsh'
[4.062s] Level 1:colcon.colcon_core.environment:create_file_with_runtime_dependencies(/home/pi/omnicar_ws/install/ros2_control_demo_example_2/share/colcon-core/packages/ros2_control_demo_example_2)
[4.068s] DEBUG:colcon.colcon_core.event_handler.log_command:Invoked command in '/home/pi/omnicar_ws/build/mecanum_drive_controller' returned '0': /usr/bin/cmake --build /home/pi/omnicar_ws/build/mecanum_drive_controller -- -j4 -l4
[4.086s] DEBUG:colcon.colcon_core.event_handler.log_command:Invoking command in '/home/pi/omnicar_ws/build/mecanum_drive_controller': /usr/bin/cmake --install /home/pi/omnicar_ws/build/mecanum_drive_controller
[4.161s] Level 1:colcon.colcon_core.environment:create_environment_scripts_only(mecanum_drive_controller)
[4.163s] Level 1:colcon.colcon_core.environment:checking '/home/pi/omnicar_ws/install/mecanum_drive_controller' for CMake module files
[4.166s] DEBUG:colcon.colcon_core.event_handler.log_command:Invoked command in '/home/pi/omnicar_ws/build/mecanum_drive_controller' returned '0': /usr/bin/cmake --install /home/pi/omnicar_ws/build/mecanum_drive_controller
[4.169s] Level 1:colcon.colcon_core.environment:checking '/home/pi/omnicar_ws/install/mecanum_drive_controller' for CMake config files
[4.173s] Level 1:colcon.colcon_core.shell:create_environment_hook('mecanum_drive_controller', 'cmake_prefix_path')
[4.175s] INFO:colcon.colcon_core.shell:Creating environment hook '/home/pi/omnicar_ws/install/mecanum_drive_controller/share/mecanum_drive_controller/hook/cmake_prefix_path.ps1'
[4.177s] INFO:colcon.colcon_core.shell:Creating environment descriptor '/home/pi/omnicar_ws/install/mecanum_drive_controller/share/mecanum_drive_controller/hook/cmake_prefix_path.dsv'
[4.179s] INFO:colcon.colcon_core.shell:Creating environment hook '/home/pi/omnicar_ws/install/mecanum_drive_controller/share/mecanum_drive_controller/hook/cmake_prefix_path.sh'
[4.182s] Level 1:colcon.colcon_core.environment:checking '/home/pi/omnicar_ws/install/mecanum_drive_controller/lib'
[4.183s] Level 1:colcon.colcon_core.shell:create_environment_hook('mecanum_drive_controller', 'ld_library_path_lib')
[4.184s] INFO:colcon.colcon_core.shell:Creating environment hook '/home/pi/omnicar_ws/install/mecanum_drive_controller/share/mecanum_drive_controller/hook/ld_library_path_lib.ps1'
[4.186s] INFO:colcon.colcon_core.shell:Creating environment descriptor '/home/pi/omnicar_ws/install/mecanum_drive_controller/share/mecanum_drive_controller/hook/ld_library_path_lib.dsv'
[4.188s] INFO:colcon.colcon_core.shell:Creating environment hook '/home/pi/omnicar_ws/install/mecanum_drive_controller/share/mecanum_drive_controller/hook/ld_library_path_lib.sh'
[4.190s] Level 1:colcon.colcon_core.environment:checking '/home/pi/omnicar_ws/install/mecanum_drive_controller/bin'
[4.191s] Level 1:colcon.colcon_core.environment:checking '/home/pi/omnicar_ws/install/mecanum_drive_controller/lib/pkgconfig/mecanum_drive_controller.pc'
[4.191s] Level 1:colcon.colcon_core.environment:checking '/home/pi/omnicar_ws/install/mecanum_drive_controller/lib/python3.10/site-packages'
[4.192s] Level 1:colcon.colcon_core.environment:checking '/home/pi/omnicar_ws/install/mecanum_drive_controller/bin'
[4.194s] INFO:colcon.colcon_core.shell:Creating package script '/home/pi/omnicar_ws/install/mecanum_drive_controller/share/mecanum_drive_controller/package.ps1'
[4.196s] INFO:colcon.colcon_core.shell:Creating package descriptor '/home/pi/omnicar_ws/install/mecanum_drive_controller/share/mecanum_drive_controller/package.dsv'
[4.198s] INFO:colcon.colcon_core.shell:Creating package script '/home/pi/omnicar_ws/install/mecanum_drive_controller/share/mecanum_drive_controller/package.sh'
[4.200s] INFO:colcon.colcon_core.shell:Creating package script '/home/pi/omnicar_ws/install/mecanum_drive_controller/share/mecanum_drive_controller/package.bash'
[4.202s] INFO:colcon.colcon_core.shell:Creating package script '/home/pi/omnicar_ws/install/mecanum_drive_controller/share/mecanum_drive_controller/package.zsh'
[4.204s] Level 1:colcon.colcon_core.environment:create_file_with_runtime_dependencies(/home/pi/omnicar_ws/install/mecanum_drive_controller/share/colcon-core/packages/mecanum_drive_controller)
[4.207s] Level 1:colcon.colcon_core.environment:create_environment_scripts_only(mecanum_drive_controller)
[4.208s] Level 1:colcon.colcon_core.environment:checking '/home/pi/omnicar_ws/install/mecanum_drive_controller' for CMake module files
[4.211s] Level 1:colcon.colcon_core.environment:checking '/home/pi/omnicar_ws/install/mecanum_drive_controller' for CMake config files
[4.213s] Level 1:colcon.colcon_core.shell:create_environment_hook('mecanum_drive_controller', 'cmake_prefix_path')
[4.214s] INFO:colcon.colcon_core.shell:Creating environment hook '/home/pi/omnicar_ws/install/mecanum_drive_controller/share/mecanum_drive_controller/hook/cmake_prefix_path.ps1'
[4.217s] INFO:colcon.colcon_core.shell:Creating environment descriptor '/home/pi/omnicar_ws/install/mecanum_drive_controller/share/mecanum_drive_controller/hook/cmake_prefix_path.dsv'
[4.219s] INFO:colcon.colcon_core.shell:Creating environment hook '/home/pi/omnicar_ws/install/mecanum_drive_controller/share/mecanum_drive_controller/hook/cmake_prefix_path.sh'
[4.222s] Level 1:colcon.colcon_core.environment:checking '/home/pi/omnicar_ws/install/mecanum_drive_controller/lib'
[4.222s] Level 1:colcon.colcon_core.shell:create_environment_hook('mecanum_drive_controller', 'ld_library_path_lib')
[4.223s] INFO:colcon.colcon_core.shell:Creating environment hook '/home/pi/omnicar_ws/install/mecanum_drive_controller/share/mecanum_drive_controller/hook/ld_library_path_lib.ps1'
[4.225s] INFO:colcon.colcon_core.shell:Creating environment descriptor '/home/pi/omnicar_ws/install/mecanum_drive_controller/share/mecanum_drive_controller/hook/ld_library_path_lib.dsv'
[4.227s] INFO:colcon.colcon_core.shell:Creating environment hook '/home/pi/omnicar_ws/install/mecanum_drive_controller/share/mecanum_drive_controller/hook/ld_library_path_lib.sh'
[4.229s] Level 1:colcon.colcon_core.environment:checking '/home/pi/omnicar_ws/install/mecanum_drive_controller/bin'
[4.229s] Level 1:colcon.colcon_core.environment:checking '/home/pi/omnicar_ws/install/mecanum_drive_controller/lib/pkgconfig/mecanum_drive_controller.pc'
[4.230s] Level 1:colcon.colcon_core.environment:checking '/home/pi/omnicar_ws/install/mecanum_drive_controller/lib/python3.10/site-packages'
[4.231s] Level 1:colcon.colcon_core.environment:checking '/home/pi/omnicar_ws/install/mecanum_drive_controller/bin'
[4.233s] INFO:colcon.colcon_core.shell:Creating package script '/home/pi/omnicar_ws/install/mecanum_drive_controller/share/mecanum_drive_controller/package.ps1'
[4.235s] INFO:colcon.colcon_core.shell:Creating package descriptor '/home/pi/omnicar_ws/install/mecanum_drive_controller/share/mecanum_drive_controller/package.dsv'
[4.238s] INFO:colcon.colcon_core.shell:Creating package script '/home/pi/omnicar_ws/install/mecanum_drive_controller/share/mecanum_drive_controller/package.sh'
[4.240s] INFO:colcon.colcon_core.shell:Creating package script '/home/pi/omnicar_ws/install/mecanum_drive_controller/share/mecanum_drive_controller/package.bash'
[4.242s] INFO:colcon.colcon_core.shell:Creating package script '/home/pi/omnicar_ws/install/mecanum_drive_controller/share/mecanum_drive_controller/package.zsh'
[4.244s] Level 1:colcon.colcon_core.environment:create_file_with_runtime_dependencies(/home/pi/omnicar_ws/install/mecanum_drive_controller/share/colcon-core/packages/mecanum_drive_controller)
[4.246s] DEBUG:colcon.colcon_parallel_executor.executor.parallel:closing loop
[4.247s] DEBUG:colcon.colcon_parallel_executor.executor.parallel:loop closed
[4.248s] DEBUG:colcon.colcon_parallel_executor.executor.parallel:run_until_complete finished with '0'
[4.250s] DEBUG:colcon.colcon_core.event_reactor:joining thread
[4.294s] INFO:colcon.colcon_core.plugin_system:Skipping extension 'colcon_notification.desktop_notification.terminal_notifier': Not used on non-Darwin systems
[4.295s] INFO:colcon.colcon_core.plugin_system:Skipping extension 'colcon_notification.desktop_notification.win32': Not used on non-Windows systems
[4.295s] INFO:colcon.colcon_notification.desktop_notification:Sending desktop notification using 'notify2'
[4.433s] DEBUG:colcon.colcon_core.event_reactor:joined thread
[4.436s] INFO:colcon.colcon_core.shell:Creating prefix script '/home/pi/omnicar_ws/install/local_setup.ps1'
[4.444s] INFO:colcon.colcon_core.shell:Creating prefix util module '/home/pi/omnicar_ws/install/_local_setup_util_ps1.py'
[4.454s] INFO:colcon.colcon_core.shell:Creating prefix chain script '/home/pi/omnicar_ws/install/setup.ps1'
[4.459s] INFO:colcon.colcon_core.shell:Creating prefix script '/home/pi/omnicar_ws/install/local_setup.sh'
[4.463s] INFO:colcon.colcon_core.shell:Creating prefix util module '/home/pi/omnicar_ws/install/_local_setup_util_sh.py'
[4.467s] INFO:colcon.colcon_core.shell:Creating prefix chain script '/home/pi/omnicar_ws/install/setup.sh'
[4.473s] INFO:colcon.colcon_core.shell:Creating prefix script '/home/pi/omnicar_ws/install/local_setup.bash'
[4.477s] INFO:colcon.colcon_core.shell:Creating prefix chain script '/home/pi/omnicar_ws/install/setup.bash'
[4.482s] INFO:colcon.colcon_core.shell:Creating prefix script '/home/pi/omnicar_ws/install/local_setup.zsh'
[4.488s] INFO:colcon.colcon_core.shell:Creating prefix chain script '/home/pi/omnicar_ws/install/setup.zsh'
