[0.541s] DEBUG:colcon:Command line arguments: ['/usr/bin/colcon', 'build', '--symlink-install', '--allow-overriding', 'mecanum_drive_controller']
[0.541s] DEBUG:colcon:Parsed command line arguments: Namespace(log_base=None, log_level=None, verb_name='build', build_base='build', install_base='install', merge_install=False, symlink_install=True, test_result_base=None, continue_on_error=False, executor='parallel', parallel_workers=4, event_handlers=None, ignore_user_meta=False, metas=['./colcon.meta'], base_paths=['.'], packages_ignore=None, packages_ignore_regex=None, paths=None, packages_up_to=None, packages_up_to_regex=None, packages_above=None, packages_above_and_dependencies=None, packages_above_depth=None, packages_select_by_dep=None, packages_skip_by_dep=None, packages_skip_up_to=None, packages_select_build_failed=False, packages_skip_build_finished=False, packages_select_test_failures=False, packages_skip_test_passed=False, packages_select=None, packages_skip=None, packages_select_regex=None, packages_skip_regex=None, packages_start=None, packages_end=None, allow_overriding=['mecanum_drive_controller'], cmake_args=None, cmake_target=None, cmake_target_skip_unavailable=False, cmake_clean_cache=False, cmake_clean_first=False, cmake_force_configure=False, ament_cmake_args=None, catkin_cmake_args=None, catkin_skip_building_tests=False, mixin_files=None, mixin=None, verb_parser=<colcon_mixin.mixin.mixin_argument.MixinArgumentDecorator object at 0xffffa53edb40>, verb_extension=<colcon_core.verb.build.BuildVerb object at 0xffffa567ece0>, main=<bound method BuildVerb.main of <colcon_core.verb.build.BuildVerb object at 0xffffa567ece0>>, mixin_verb=('build',))
[1.340s] Level 1:colcon.colcon_core.package_discovery:discover_packages(colcon_meta) check parameters
[1.341s] Level 1:colcon.colcon_core.package_discovery:discover_packages(recursive) check parameters
[1.341s] Level 1:colcon.colcon_core.package_discovery:discover_packages(ignore) check parameters
[1.341s] Level 1:colcon.colcon_core.package_discovery:discover_packages(path) check parameters
[1.341s] Level 1:colcon.colcon_core.package_discovery:discover_packages(colcon_meta) discover
[1.342s] Level 1:colcon.colcon_core.package_discovery:discover_packages(recursive) discover
[1.342s] INFO:colcon.colcon_core.package_discovery:Crawling recursively for packages in '/home/pi/omnicar_ws'
[1.342s] Level 1:colcon.colcon_core.package_identification:_identify(.) by extensions ['ignore', 'ignore_ament_install']
[1.343s] Level 1:colcon.colcon_core.package_identification:_identify(.) by extension 'ignore'
[1.343s] Level 1:colcon.colcon_core.package_identification:_identify(.) by extension 'ignore_ament_install'
[1.343s] Level 1:colcon.colcon_core.package_identification:_identify(.) by extensions ['colcon_pkg']
[1.343s] Level 1:colcon.colcon_core.package_identification:_identify(.) by extension 'colcon_pkg'
[1.344s] Level 1:colcon.colcon_core.package_identification:_identify(.) by extensions ['colcon_meta']
[1.344s] Level 1:colcon.colcon_core.package_identification:_identify(.) by extension 'colcon_meta'
[1.344s] Level 1:colcon.colcon_core.package_identification:_identify(.) by extensions ['ros']
[1.344s] Level 1:colcon.colcon_core.package_identification:_identify(.) by extension 'ros'
[1.426s] Level 1:colcon.colcon_core.package_identification:_identify(.) by extensions ['cmake', 'python']
[1.426s] Level 1:colcon.colcon_core.package_identification:_identify(.) by extension 'cmake'
[1.427s] Level 1:colcon.colcon_core.package_identification:_identify(.) by extension 'python'
[1.427s] Level 1:colcon.colcon_core.package_identification:_identify(.) by extensions ['python_setup_py']
[1.427s] Level 1:colcon.colcon_core.package_identification:_identify(.) by extension 'python_setup_py'
[1.428s] Level 1:colcon.colcon_core.package_identification:_identify(build) by extensions ['ignore', 'ignore_ament_install']
[1.428s] Level 1:colcon.colcon_core.package_identification:_identify(build) by extension 'ignore'
[1.428s] Level 1:colcon.colcon_core.package_identification:_identify(build) ignored
[1.429s] Level 1:colcon.colcon_core.package_identification:_identify(install) by extensions ['ignore', 'ignore_ament_install']
[1.429s] Level 1:colcon.colcon_core.package_identification:_identify(install) by extension 'ignore'
[1.429s] Level 1:colcon.colcon_core.package_identification:_identify(install) ignored
[1.430s] Level 1:colcon.colcon_core.package_identification:_identify(log) by extensions ['ignore', 'ignore_ament_install']
[1.431s] Level 1:colcon.colcon_core.package_identification:_identify(log) by extension 'ignore'
[1.431s] Level 1:colcon.colcon_core.package_identification:_identify(log) ignored
[1.431s] Level 1:colcon.colcon_core.package_identification:_identify(src) by extensions ['ignore', 'ignore_ament_install']
[1.432s] Level 1:colcon.colcon_core.package_identification:_identify(src) by extension 'ignore'
[1.432s] Level 1:colcon.colcon_core.package_identification:_identify(src) by extension 'ignore_ament_install'
[1.432s] Level 1:colcon.colcon_core.package_identification:_identify(src) by extensions ['colcon_pkg']
[1.432s] Level 1:colcon.colcon_core.package_identification:_identify(src) by extension 'colcon_pkg'
[1.432s] Level 1:colcon.colcon_core.package_identification:_identify(src) by extensions ['colcon_meta']
[1.432s] Level 1:colcon.colcon_core.package_identification:_identify(src) by extension 'colcon_meta'
[1.433s] Level 1:colcon.colcon_core.package_identification:_identify(src) by extensions ['ros']
[1.433s] Level 1:colcon.colcon_core.package_identification:_identify(src) by extension 'ros'
[1.433s] Level 1:colcon.colcon_core.package_identification:_identify(src) by extensions ['cmake', 'python']
[1.433s] Level 1:colcon.colcon_core.package_identification:_identify(src) by extension 'cmake'
[1.433s] Level 1:colcon.colcon_core.package_identification:_identify(src) by extension 'python'
[1.434s] Level 1:colcon.colcon_core.package_identification:_identify(src) by extensions ['python_setup_py']
[1.434s] Level 1:colcon.colcon_core.package_identification:_identify(src) by extension 'python_setup_py'
[1.434s] Level 1:colcon.colcon_core.package_identification:_identify(src/diffdrive_arduino) by extensions ['ignore', 'ignore_ament_install']
[1.435s] Level 1:colcon.colcon_core.package_identification:_identify(src/diffdrive_arduino) by extension 'ignore'
[1.435s] Level 1:colcon.colcon_core.package_identification:_identify(src/diffdrive_arduino) by extension 'ignore_ament_install'
[1.435s] Level 1:colcon.colcon_core.package_identification:_identify(src/diffdrive_arduino) by extensions ['colcon_pkg']
[1.435s] Level 1:colcon.colcon_core.package_identification:_identify(src/diffdrive_arduino) by extension 'colcon_pkg'
[1.436s] Level 1:colcon.colcon_core.package_identification:_identify(src/diffdrive_arduino) by extensions ['colcon_meta']
[1.436s] Level 1:colcon.colcon_core.package_identification:_identify(src/diffdrive_arduino) by extension 'colcon_meta'
[1.436s] Level 1:colcon.colcon_core.package_identification:_identify(src/diffdrive_arduino) by extensions ['ros']
[1.436s] Level 1:colcon.colcon_core.package_identification:_identify(src/diffdrive_arduino) by extension 'ros'
[1.447s] DEBUG:colcon.colcon_core.package_identification:Package 'src/diffdrive_arduino' with type 'ros.ament_cmake' and name 'diffdrive_arduino'
[1.448s] Level 1:colcon.colcon_core.package_identification:_identify(src/mecanum_drive_controller) by extensions ['ignore', 'ignore_ament_install']
[1.448s] Level 1:colcon.colcon_core.package_identification:_identify(src/mecanum_drive_controller) by extension 'ignore'
[1.448s] Level 1:colcon.colcon_core.package_identification:_identify(src/mecanum_drive_controller) by extension 'ignore_ament_install'
[1.449s] Level 1:colcon.colcon_core.package_identification:_identify(src/mecanum_drive_controller) by extensions ['colcon_pkg']
[1.449s] Level 1:colcon.colcon_core.package_identification:_identify(src/mecanum_drive_controller) by extension 'colcon_pkg'
[1.449s] Level 1:colcon.colcon_core.package_identification:_identify(src/mecanum_drive_controller) by extensions ['colcon_meta']
[1.449s] Level 1:colcon.colcon_core.package_identification:_identify(src/mecanum_drive_controller) by extension 'colcon_meta'
[1.449s] Level 1:colcon.colcon_core.package_identification:_identify(src/mecanum_drive_controller) by extensions ['ros']
[1.449s] Level 1:colcon.colcon_core.package_identification:_identify(src/mecanum_drive_controller) by extension 'ros'
[1.456s] DEBUG:colcon.colcon_core.package_identification:Package 'src/mecanum_drive_controller' with type 'ros.ament_cmake' and name 'mecanum_drive_controller'
[1.457s] Level 1:colcon.colcon_core.package_identification:_identify(src/omnicar) by extensions ['ignore', 'ignore_ament_install']
[1.457s] Level 1:colcon.colcon_core.package_identification:_identify(src/omnicar) by extension 'ignore'
[1.457s] Level 1:colcon.colcon_core.package_identification:_identify(src/omnicar) by extension 'ignore_ament_install'
[1.458s] Level 1:colcon.colcon_core.package_identification:_identify(src/omnicar) by extensions ['colcon_pkg']
[1.458s] Level 1:colcon.colcon_core.package_identification:_identify(src/omnicar) by extension 'colcon_pkg'
[1.458s] Level 1:colcon.colcon_core.package_identification:_identify(src/omnicar) by extensions ['colcon_meta']
[1.458s] Level 1:colcon.colcon_core.package_identification:_identify(src/omnicar) by extension 'colcon_meta'
[1.458s] Level 1:colcon.colcon_core.package_identification:_identify(src/omnicar) by extensions ['ros']
[1.459s] Level 1:colcon.colcon_core.package_identification:_identify(src/omnicar) by extension 'ros'
[1.461s] DEBUG:colcon.colcon_core.package_identification:Package 'src/omnicar' with type 'ros.ament_cmake' and name 'omnicar'
[1.461s] Level 1:colcon.colcon_core.package_discovery:discover_packages(recursive) using defaults
[1.461s] Level 1:colcon.colcon_core.package_discovery:discover_packages(ignore) discover
[1.461s] Level 1:colcon.colcon_core.package_discovery:discover_packages(ignore) using defaults
[1.461s] Level 1:colcon.colcon_core.package_discovery:discover_packages(path) discover
[1.461s] Level 1:colcon.colcon_core.package_discovery:discover_packages(path) using defaults
[1.542s] Level 1:colcon.colcon_core.package_discovery:discover_packages(prefix_path) check parameters
[1.545s] Level 1:colcon.colcon_core.package_discovery:discover_packages(prefix_path) discover
[1.556s] DEBUG:colcon.colcon_installed_package_information.package_discovery:Found 4 installed packages in /home/pi/omnicar_ws/install
[1.567s] DEBUG:colcon.colcon_installed_package_information.package_discovery:Found 323 installed packages in /opt/ros/humble
[1.575s] Level 1:colcon.colcon_core.package_discovery:discover_packages(prefix_path) using defaults
[1.763s] Level 5:colcon.colcon_core.verb:set package 'diffdrive_arduino' build argument 'cmake_args' from command line to 'None'
[1.763s] Level 5:colcon.colcon_core.verb:set package 'diffdrive_arduino' build argument 'cmake_target' from command line to 'None'
[1.763s] Level 5:colcon.colcon_core.verb:set package 'diffdrive_arduino' build argument 'cmake_target_skip_unavailable' from command line to 'False'
[1.763s] Level 5:colcon.colcon_core.verb:set package 'diffdrive_arduino' build argument 'cmake_clean_cache' from command line to 'False'
[1.763s] Level 5:colcon.colcon_core.verb:set package 'diffdrive_arduino' build argument 'cmake_clean_first' from command line to 'False'
[1.763s] Level 5:colcon.colcon_core.verb:set package 'diffdrive_arduino' build argument 'cmake_force_configure' from command line to 'False'
[1.764s] Level 5:colcon.colcon_core.verb:set package 'diffdrive_arduino' build argument 'ament_cmake_args' from command line to 'None'
[1.764s] Level 5:colcon.colcon_core.verb:set package 'diffdrive_arduino' build argument 'catkin_cmake_args' from command line to 'None'
[1.764s] Level 5:colcon.colcon_core.verb:set package 'diffdrive_arduino' build argument 'catkin_skip_building_tests' from command line to 'False'
[1.764s] DEBUG:colcon.colcon_core.verb:Building package 'diffdrive_arduino' with the following arguments: {'ament_cmake_args': None, 'build_base': '/home/pi/omnicar_ws/build/diffdrive_arduino', 'catkin_cmake_args': None, 'catkin_skip_building_tests': False, 'cmake_args': None, 'cmake_clean_cache': False, 'cmake_clean_first': False, 'cmake_force_configure': False, 'cmake_target': None, 'cmake_target_skip_unavailable': False, 'install_base': '/home/pi/omnicar_ws/install/diffdrive_arduino', 'merge_install': False, 'path': '/home/pi/omnicar_ws/src/diffdrive_arduino', 'symlink_install': True, 'test_result_base': None}
[1.766s] Level 5:colcon.colcon_core.verb:set package 'mecanum_drive_controller' build argument 'cmake_args' from command line to 'None'
[1.766s] Level 5:colcon.colcon_core.verb:set package 'mecanum_drive_controller' build argument 'cmake_target' from command line to 'None'
[1.766s] Level 5:colcon.colcon_core.verb:set package 'mecanum_drive_controller' build argument 'cmake_target_skip_unavailable' from command line to 'False'
[1.766s] Level 5:colcon.colcon_core.verb:set package 'mecanum_drive_controller' build argument 'cmake_clean_cache' from command line to 'False'
[1.766s] Level 5:colcon.colcon_core.verb:set package 'mecanum_drive_controller' build argument 'cmake_clean_first' from command line to 'False'
[1.766s] Level 5:colcon.colcon_core.verb:set package 'mecanum_drive_controller' build argument 'cmake_force_configure' from command line to 'False'
[1.766s] Level 5:colcon.colcon_core.verb:set package 'mecanum_drive_controller' build argument 'ament_cmake_args' from command line to 'None'
[1.766s] Level 5:colcon.colcon_core.verb:set package 'mecanum_drive_controller' build argument 'catkin_cmake_args' from command line to 'None'
[1.767s] Level 5:colcon.colcon_core.verb:set package 'mecanum_drive_controller' build argument 'catkin_skip_building_tests' from command line to 'False'
[1.767s] DEBUG:colcon.colcon_core.verb:Building package 'mecanum_drive_controller' with the following arguments: {'ament_cmake_args': None, 'build_base': '/home/pi/omnicar_ws/build/mecanum_drive_controller', 'catkin_cmake_args': None, 'catkin_skip_building_tests': False, 'cmake_args': None, 'cmake_clean_cache': False, 'cmake_clean_first': False, 'cmake_force_configure': False, 'cmake_target': None, 'cmake_target_skip_unavailable': False, 'install_base': '/home/pi/omnicar_ws/install/mecanum_drive_controller', 'merge_install': False, 'path': '/home/pi/omnicar_ws/src/mecanum_drive_controller', 'symlink_install': True, 'test_result_base': None}
[1.768s] Level 5:colcon.colcon_core.verb:set package 'omnicar' build argument 'cmake_args' from command line to 'None'
[1.768s] Level 5:colcon.colcon_core.verb:set package 'omnicar' build argument 'cmake_target' from command line to 'None'
[1.769s] Level 5:colcon.colcon_core.verb:set package 'omnicar' build argument 'cmake_target_skip_unavailable' from command line to 'False'
[1.769s] Level 5:colcon.colcon_core.verb:set package 'omnicar' build argument 'cmake_clean_cache' from command line to 'False'
[1.769s] Level 5:colcon.colcon_core.verb:set package 'omnicar' build argument 'cmake_clean_first' from command line to 'False'
[1.769s] Level 5:colcon.colcon_core.verb:set package 'omnicar' build argument 'cmake_force_configure' from command line to 'False'
[1.769s] Level 5:colcon.colcon_core.verb:set package 'omnicar' build argument 'ament_cmake_args' from command line to 'None'
[1.769s] Level 5:colcon.colcon_core.verb:set package 'omnicar' build argument 'catkin_cmake_args' from command line to 'None'
[1.769s] Level 5:colcon.colcon_core.verb:set package 'omnicar' build argument 'catkin_skip_building_tests' from command line to 'False'
[1.769s] DEBUG:colcon.colcon_core.verb:Building package 'omnicar' with the following arguments: {'ament_cmake_args': None, 'build_base': '/home/pi/omnicar_ws/build/omnicar', 'catkin_cmake_args': None, 'catkin_skip_building_tests': False, 'cmake_args': None, 'cmake_clean_cache': False, 'cmake_clean_first': False, 'cmake_force_configure': False, 'cmake_target': None, 'cmake_target_skip_unavailable': False, 'install_base': '/home/pi/omnicar_ws/install/omnicar', 'merge_install': False, 'path': '/home/pi/omnicar_ws/src/omnicar', 'symlink_install': True, 'test_result_base': None}
[1.770s] INFO:colcon.colcon_core.executor:Executing jobs using 'parallel' executor
[1.774s] DEBUG:colcon.colcon_parallel_executor.executor.parallel:run_until_complete
[1.775s] INFO:colcon.colcon_ros.task.ament_cmake.build:Building ROS package in '/home/pi/omnicar_ws/src/diffdrive_arduino' with build type 'ament_cmake'
[1.775s] INFO:colcon.colcon_cmake.task.cmake.build:Building CMake package in '/home/pi/omnicar_ws/src/diffdrive_arduino'
[1.784s] INFO:colcon.colcon_core.plugin_system:Skipping extension 'colcon_core.shell.bat': Not used on non-Windows systems
[1.785s] INFO:colcon.colcon_core.shell:Skip shell extension 'powershell' for command environment: Not usable outside of PowerShell
[1.785s] DEBUG:colcon.colcon_core.shell:Skip shell extension 'dsv' for command environment
[1.806s] INFO:colcon.colcon_ros.task.ament_cmake.build:Building ROS package in '/home/pi/omnicar_ws/src/mecanum_drive_controller' with build type 'ament_cmake'
[1.807s] INFO:colcon.colcon_cmake.task.cmake.build:Building CMake package in '/home/pi/omnicar_ws/src/mecanum_drive_controller'
[1.809s] INFO:colcon.colcon_core.shell:Skip shell extension 'powershell' for command environment: Not usable outside of PowerShell
[1.809s] DEBUG:colcon.colcon_core.shell:Skip shell extension 'dsv' for command environment
[1.830s] INFO:colcon.colcon_ros.task.ament_cmake.build:Building ROS package in '/home/pi/omnicar_ws/src/omnicar' with build type 'ament_cmake'
[1.831s] INFO:colcon.colcon_cmake.task.cmake.build:Building CMake package in '/home/pi/omnicar_ws/src/omnicar'
[1.832s] INFO:colcon.colcon_core.shell:Skip shell extension 'powershell' for command environment: Not usable outside of PowerShell
[1.833s] DEBUG:colcon.colcon_core.shell:Skip shell extension 'dsv' for command environment
[1.876s] DEBUG:colcon.colcon_core.event_handler.log_command:Invoking command in '/home/pi/omnicar_ws/build/diffdrive_arduino': CMAKE_PREFIX_PATH=${CMAKE_PREFIX_PATH}:/opt/ros/humble /usr/bin/cmake --build /home/pi/omnicar_ws/build/diffdrive_arduino -- -j4 -l4
[1.898s] DEBUG:colcon.colcon_core.event_handler.log_command:Invoking command in '/home/pi/omnicar_ws/build/mecanum_drive_controller': CMAKE_PREFIX_PATH=${CMAKE_PREFIX_PATH}:/opt/ros/humble /usr/bin/cmake --build /home/pi/omnicar_ws/build/mecanum_drive_controller -- -j4 -l4
[1.929s] DEBUG:colcon.colcon_core.event_handler.log_command:Invoking command in '/home/pi/omnicar_ws/build/omnicar': CMAKE_PREFIX_PATH=${CMAKE_PREFIX_PATH}:/opt/ros/humble /usr/bin/cmake --build /home/pi/omnicar_ws/build/omnicar -- -j4 -l4
[2.101s] DEBUG:colcon.colcon_core.event_handler.log_command:Invoked command in '/home/pi/omnicar_ws/build/omnicar' returned '0': CMAKE_PREFIX_PATH=${CMAKE_PREFIX_PATH}:/opt/ros/humble /usr/bin/cmake --build /home/pi/omnicar_ws/build/omnicar -- -j4 -l4
[2.152s] DEBUG:colcon.colcon_core.event_handler.log_command:Invoking command in '/home/pi/omnicar_ws/build/omnicar': CMAKE_PREFIX_PATH=${CMAKE_PREFIX_PATH}:/opt/ros/humble /usr/bin/cmake --install /home/pi/omnicar_ws/build/omnicar
[2.268s] DEBUG:colcon.colcon_core.event_handler.log_command:Invoked command in '/home/pi/omnicar_ws/build/diffdrive_arduino' returned '0': CMAKE_PREFIX_PATH=${CMAKE_PREFIX_PATH}:/opt/ros/humble /usr/bin/cmake --build /home/pi/omnicar_ws/build/diffdrive_arduino -- -j4 -l4
[2.274s] DEBUG:colcon.colcon_core.event_handler.log_command:Invoking command in '/home/pi/omnicar_ws/build/diffdrive_arduino': CMAKE_PREFIX_PATH=${CMAKE_PREFIX_PATH}:/opt/ros/humble /usr/bin/cmake --install /home/pi/omnicar_ws/build/diffdrive_arduino
[2.309s] Level 1:colcon.colcon_core.environment:create_environment_scripts_only(omnicar)
[2.318s] DEBUG:colcon.colcon_core.event_handler.log_command:Invoked command in '/home/pi/omnicar_ws/build/omnicar' returned '0': CMAKE_PREFIX_PATH=${CMAKE_PREFIX_PATH}:/opt/ros/humble /usr/bin/cmake --install /home/pi/omnicar_ws/build/omnicar
[2.336s] Level 1:colcon.colcon_core.environment:checking '/home/pi/omnicar_ws/install/omnicar' for CMake module files
[2.349s] Level 1:colcon.colcon_core.environment:checking '/home/pi/omnicar_ws/install/omnicar' for CMake config files
[2.366s] Level 1:colcon.colcon_core.shell:create_environment_hook('omnicar', 'cmake_prefix_path')
[2.367s] INFO:colcon.colcon_core.shell:Creating environment hook '/home/pi/omnicar_ws/install/omnicar/share/omnicar/hook/cmake_prefix_path.ps1'
[2.371s] INFO:colcon.colcon_core.shell:Creating environment descriptor '/home/pi/omnicar_ws/install/omnicar/share/omnicar/hook/cmake_prefix_path.dsv'
[2.375s] INFO:colcon.colcon_core.shell:Creating environment hook '/home/pi/omnicar_ws/install/omnicar/share/omnicar/hook/cmake_prefix_path.sh'
[2.380s] Level 1:colcon.colcon_core.environment:checking '/home/pi/omnicar_ws/install/omnicar/bin'
[2.381s] Level 1:colcon.colcon_core.environment:checking '/home/pi/omnicar_ws/install/omnicar/lib/pkgconfig/omnicar.pc'
[2.383s] Level 1:colcon.colcon_core.environment:checking '/home/pi/omnicar_ws/install/omnicar/lib/python3.10/site-packages'
[2.385s] Level 1:colcon.colcon_core.environment:checking '/home/pi/omnicar_ws/install/omnicar/bin'
[2.387s] INFO:colcon.colcon_core.shell:Creating package script '/home/pi/omnicar_ws/install/omnicar/share/omnicar/package.ps1'
[2.393s] INFO:colcon.colcon_core.shell:Creating package descriptor '/home/pi/omnicar_ws/install/omnicar/share/omnicar/package.dsv'
[2.397s] INFO:colcon.colcon_core.shell:Creating package script '/home/pi/omnicar_ws/install/omnicar/share/omnicar/package.sh'
[2.402s] INFO:colcon.colcon_core.shell:Creating package script '/home/pi/omnicar_ws/install/omnicar/share/omnicar/package.bash'
[2.408s] INFO:colcon.colcon_core.shell:Creating package script '/home/pi/omnicar_ws/install/omnicar/share/omnicar/package.zsh'
[2.421s] Level 1:colcon.colcon_core.environment:create_file_with_runtime_dependencies(/home/pi/omnicar_ws/install/omnicar/share/colcon-core/packages/omnicar)
[2.424s] Level 1:colcon.colcon_core.environment:create_environment_scripts_only(omnicar)
[2.425s] Level 1:colcon.colcon_core.environment:checking '/home/pi/omnicar_ws/install/omnicar' for CMake module files
[2.428s] Level 1:colcon.colcon_core.environment:checking '/home/pi/omnicar_ws/install/omnicar' for CMake config files
[2.432s] Level 1:colcon.colcon_core.shell:create_environment_hook('omnicar', 'cmake_prefix_path')
[2.433s] INFO:colcon.colcon_core.shell:Creating environment hook '/home/pi/omnicar_ws/install/omnicar/share/omnicar/hook/cmake_prefix_path.ps1'
[2.436s] INFO:colcon.colcon_core.shell:Creating environment descriptor '/home/pi/omnicar_ws/install/omnicar/share/omnicar/hook/cmake_prefix_path.dsv'
[2.439s] INFO:colcon.colcon_core.shell:Creating environment hook '/home/pi/omnicar_ws/install/omnicar/share/omnicar/hook/cmake_prefix_path.sh'
[2.442s] Level 1:colcon.colcon_core.environment:checking '/home/pi/omnicar_ws/install/omnicar/bin'
[2.443s] Level 1:colcon.colcon_core.environment:checking '/home/pi/omnicar_ws/install/omnicar/lib/pkgconfig/omnicar.pc'
[2.444s] Level 1:colcon.colcon_core.environment:checking '/home/pi/omnicar_ws/install/omnicar/lib/python3.10/site-packages'
[2.445s] Level 1:colcon.colcon_core.environment:checking '/home/pi/omnicar_ws/install/omnicar/bin'
[2.447s] INFO:colcon.colcon_core.shell:Creating package script '/home/pi/omnicar_ws/install/omnicar/share/omnicar/package.ps1'
[2.451s] INFO:colcon.colcon_core.shell:Creating package descriptor '/home/pi/omnicar_ws/install/omnicar/share/omnicar/package.dsv'
[2.454s] INFO:colcon.colcon_core.shell:Creating package script '/home/pi/omnicar_ws/install/omnicar/share/omnicar/package.sh'
[2.456s] INFO:colcon.colcon_core.shell:Creating package script '/home/pi/omnicar_ws/install/omnicar/share/omnicar/package.bash'
[2.459s] INFO:colcon.colcon_core.shell:Creating package script '/home/pi/omnicar_ws/install/omnicar/share/omnicar/package.zsh'
[2.463s] Level 1:colcon.colcon_core.environment:create_file_with_runtime_dependencies(/home/pi/omnicar_ws/install/omnicar/share/colcon-core/packages/omnicar)
[2.468s] Level 1:colcon.colcon_core.environment:create_environment_scripts_only(diffdrive_arduino)
[2.469s] Level 1:colcon.colcon_core.environment:checking '/home/pi/omnicar_ws/install/diffdrive_arduino' for CMake module files
[2.474s] DEBUG:colcon.colcon_core.event_handler.log_command:Invoked command in '/home/pi/omnicar_ws/build/diffdrive_arduino' returned '0': CMAKE_PREFIX_PATH=${CMAKE_PREFIX_PATH}:/opt/ros/humble /usr/bin/cmake --install /home/pi/omnicar_ws/build/diffdrive_arduino
[2.475s] Level 1:colcon.colcon_core.environment:checking '/home/pi/omnicar_ws/install/diffdrive_arduino' for CMake config files
[2.480s] Level 1:colcon.colcon_core.shell:create_environment_hook('diffdrive_arduino', 'cmake_prefix_path')
[2.482s] INFO:colcon.colcon_core.shell:Creating environment hook '/home/pi/omnicar_ws/install/diffdrive_arduino/share/diffdrive_arduino/hook/cmake_prefix_path.ps1'
[2.484s] INFO:colcon.colcon_core.shell:Creating environment descriptor '/home/pi/omnicar_ws/install/diffdrive_arduino/share/diffdrive_arduino/hook/cmake_prefix_path.dsv'
[2.487s] INFO:colcon.colcon_core.shell:Creating environment hook '/home/pi/omnicar_ws/install/diffdrive_arduino/share/diffdrive_arduino/hook/cmake_prefix_path.sh'
[2.491s] Level 1:colcon.colcon_core.environment:checking '/home/pi/omnicar_ws/install/diffdrive_arduino/lib'
[2.493s] Level 1:colcon.colcon_core.shell:create_environment_hook('diffdrive_arduino', 'ld_library_path_lib')
[2.495s] INFO:colcon.colcon_core.shell:Creating environment hook '/home/pi/omnicar_ws/install/diffdrive_arduino/share/diffdrive_arduino/hook/ld_library_path_lib.ps1'
[2.499s] INFO:colcon.colcon_core.shell:Creating environment descriptor '/home/pi/omnicar_ws/install/diffdrive_arduino/share/diffdrive_arduino/hook/ld_library_path_lib.dsv'
[2.502s] INFO:colcon.colcon_core.shell:Creating environment hook '/home/pi/omnicar_ws/install/diffdrive_arduino/share/diffdrive_arduino/hook/ld_library_path_lib.sh'
[2.505s] Level 1:colcon.colcon_core.environment:checking '/home/pi/omnicar_ws/install/diffdrive_arduino/bin'
[2.506s] Level 1:colcon.colcon_core.environment:checking '/home/pi/omnicar_ws/install/diffdrive_arduino/lib/pkgconfig/diffdrive_arduino.pc'
[2.507s] Level 1:colcon.colcon_core.environment:checking '/home/pi/omnicar_ws/install/diffdrive_arduino/lib/python3.10/site-packages'
[2.509s] Level 1:colcon.colcon_core.environment:checking '/home/pi/omnicar_ws/install/diffdrive_arduino/bin'
[2.511s] INFO:colcon.colcon_core.shell:Creating package script '/home/pi/omnicar_ws/install/diffdrive_arduino/share/diffdrive_arduino/package.ps1'
[2.515s] INFO:colcon.colcon_core.shell:Creating package descriptor '/home/pi/omnicar_ws/install/diffdrive_arduino/share/diffdrive_arduino/package.dsv'
[2.518s] INFO:colcon.colcon_core.shell:Creating package script '/home/pi/omnicar_ws/install/diffdrive_arduino/share/diffdrive_arduino/package.sh'
[2.521s] INFO:colcon.colcon_core.shell:Creating package script '/home/pi/omnicar_ws/install/diffdrive_arduino/share/diffdrive_arduino/package.bash'
[2.524s] INFO:colcon.colcon_core.shell:Creating package script '/home/pi/omnicar_ws/install/diffdrive_arduino/share/diffdrive_arduino/package.zsh'
[2.527s] Level 1:colcon.colcon_core.environment:create_file_with_runtime_dependencies(/home/pi/omnicar_ws/install/diffdrive_arduino/share/colcon-core/packages/diffdrive_arduino)
[2.530s] Level 1:colcon.colcon_core.environment:create_environment_scripts_only(diffdrive_arduino)
[2.532s] Level 1:colcon.colcon_core.environment:checking '/home/pi/omnicar_ws/install/diffdrive_arduino' for CMake module files
[2.535s] Level 1:colcon.colcon_core.environment:checking '/home/pi/omnicar_ws/install/diffdrive_arduino' for CMake config files
[2.540s] Level 1:colcon.colcon_core.shell:create_environment_hook('diffdrive_arduino', 'cmake_prefix_path')
[2.541s] INFO:colcon.colcon_core.shell:Creating environment hook '/home/pi/omnicar_ws/install/diffdrive_arduino/share/diffdrive_arduino/hook/cmake_prefix_path.ps1'
[2.544s] INFO:colcon.colcon_core.shell:Creating environment descriptor '/home/pi/omnicar_ws/install/diffdrive_arduino/share/diffdrive_arduino/hook/cmake_prefix_path.dsv'
[2.546s] INFO:colcon.colcon_core.shell:Creating environment hook '/home/pi/omnicar_ws/install/diffdrive_arduino/share/diffdrive_arduino/hook/cmake_prefix_path.sh'
[2.549s] Level 1:colcon.colcon_core.environment:checking '/home/pi/omnicar_ws/install/diffdrive_arduino/lib'
[2.549s] Level 1:colcon.colcon_core.shell:create_environment_hook('diffdrive_arduino', 'ld_library_path_lib')
[2.550s] INFO:colcon.colcon_core.shell:Creating environment hook '/home/pi/omnicar_ws/install/diffdrive_arduino/share/diffdrive_arduino/hook/ld_library_path_lib.ps1'
[2.553s] INFO:colcon.colcon_core.shell:Creating environment descriptor '/home/pi/omnicar_ws/install/diffdrive_arduino/share/diffdrive_arduino/hook/ld_library_path_lib.dsv'
[2.555s] INFO:colcon.colcon_core.shell:Creating environment hook '/home/pi/omnicar_ws/install/diffdrive_arduino/share/diffdrive_arduino/hook/ld_library_path_lib.sh'
[2.557s] Level 1:colcon.colcon_core.environment:checking '/home/pi/omnicar_ws/install/diffdrive_arduino/bin'
[2.558s] Level 1:colcon.colcon_core.environment:checking '/home/pi/omnicar_ws/install/diffdrive_arduino/lib/pkgconfig/diffdrive_arduino.pc'
[2.559s] Level 1:colcon.colcon_core.environment:checking '/home/pi/omnicar_ws/install/diffdrive_arduino/lib/python3.10/site-packages'
[2.560s] Level 1:colcon.colcon_core.environment:checking '/home/pi/omnicar_ws/install/diffdrive_arduino/bin'
[2.563s] INFO:colcon.colcon_core.shell:Creating package script '/home/pi/omnicar_ws/install/diffdrive_arduino/share/diffdrive_arduino/package.ps1'
[2.566s] INFO:colcon.colcon_core.shell:Creating package descriptor '/home/pi/omnicar_ws/install/diffdrive_arduino/share/diffdrive_arduino/package.dsv'
[2.569s] INFO:colcon.colcon_core.shell:Creating package script '/home/pi/omnicar_ws/install/diffdrive_arduino/share/diffdrive_arduino/package.sh'
[2.572s] INFO:colcon.colcon_core.shell:Creating package script '/home/pi/omnicar_ws/install/diffdrive_arduino/share/diffdrive_arduino/package.bash'
[2.575s] INFO:colcon.colcon_core.shell:Creating package script '/home/pi/omnicar_ws/install/diffdrive_arduino/share/diffdrive_arduino/package.zsh'
[2.578s] Level 1:colcon.colcon_core.environment:create_file_with_runtime_dependencies(/home/pi/omnicar_ws/install/diffdrive_arduino/share/colcon-core/packages/diffdrive_arduino)
[2.646s] DEBUG:colcon.colcon_core.event_handler.log_command:Invoked command in '/home/pi/omnicar_ws/build/mecanum_drive_controller' returned '0': CMAKE_PREFIX_PATH=${CMAKE_PREFIX_PATH}:/opt/ros/humble /usr/bin/cmake --build /home/pi/omnicar_ws/build/mecanum_drive_controller -- -j4 -l4
[2.657s] DEBUG:colcon.colcon_core.event_handler.log_command:Invoking command in '/home/pi/omnicar_ws/build/mecanum_drive_controller': CMAKE_PREFIX_PATH=${CMAKE_PREFIX_PATH}:/opt/ros/humble /usr/bin/cmake --install /home/pi/omnicar_ws/build/mecanum_drive_controller
[2.765s] Level 1:colcon.colcon_core.environment:create_environment_scripts_only(mecanum_drive_controller)
[2.766s] Level 1:colcon.colcon_core.environment:checking '/home/pi/omnicar_ws/install/mecanum_drive_controller' for CMake module files
[2.768s] DEBUG:colcon.colcon_core.event_handler.log_command:Invoked command in '/home/pi/omnicar_ws/build/mecanum_drive_controller' returned '0': CMAKE_PREFIX_PATH=${CMAKE_PREFIX_PATH}:/opt/ros/humble /usr/bin/cmake --install /home/pi/omnicar_ws/build/mecanum_drive_controller
[2.771s] Level 1:colcon.colcon_core.environment:checking '/home/pi/omnicar_ws/install/mecanum_drive_controller' for CMake config files
[2.775s] Level 1:colcon.colcon_core.shell:create_environment_hook('mecanum_drive_controller', 'cmake_prefix_path')
[2.776s] INFO:colcon.colcon_core.shell:Creating environment hook '/home/pi/omnicar_ws/install/mecanum_drive_controller/share/mecanum_drive_controller/hook/cmake_prefix_path.ps1'
[2.778s] INFO:colcon.colcon_core.shell:Creating environment descriptor '/home/pi/omnicar_ws/install/mecanum_drive_controller/share/mecanum_drive_controller/hook/cmake_prefix_path.dsv'
[2.780s] INFO:colcon.colcon_core.shell:Creating environment hook '/home/pi/omnicar_ws/install/mecanum_drive_controller/share/mecanum_drive_controller/hook/cmake_prefix_path.sh'
[2.783s] Level 1:colcon.colcon_core.environment:checking '/home/pi/omnicar_ws/install/mecanum_drive_controller/lib'
[2.784s] Level 1:colcon.colcon_core.shell:create_environment_hook('mecanum_drive_controller', 'ld_library_path_lib')
[2.785s] INFO:colcon.colcon_core.shell:Creating environment hook '/home/pi/omnicar_ws/install/mecanum_drive_controller/share/mecanum_drive_controller/hook/ld_library_path_lib.ps1'
[2.787s] INFO:colcon.colcon_core.shell:Creating environment descriptor '/home/pi/omnicar_ws/install/mecanum_drive_controller/share/mecanum_drive_controller/hook/ld_library_path_lib.dsv'
[2.789s] INFO:colcon.colcon_core.shell:Creating environment hook '/home/pi/omnicar_ws/install/mecanum_drive_controller/share/mecanum_drive_controller/hook/ld_library_path_lib.sh'
[2.791s] Level 1:colcon.colcon_core.environment:checking '/home/pi/omnicar_ws/install/mecanum_drive_controller/bin'
[2.792s] Level 1:colcon.colcon_core.environment:checking '/home/pi/omnicar_ws/install/mecanum_drive_controller/lib/pkgconfig/mecanum_drive_controller.pc'
[2.793s] Level 1:colcon.colcon_core.environment:checking '/home/pi/omnicar_ws/install/mecanum_drive_controller/lib/python3.10/site-packages'
[2.794s] Level 1:colcon.colcon_core.environment:checking '/home/pi/omnicar_ws/install/mecanum_drive_controller/bin'
[2.796s] INFO:colcon.colcon_core.shell:Creating package script '/home/pi/omnicar_ws/install/mecanum_drive_controller/share/mecanum_drive_controller/package.ps1'
[2.798s] INFO:colcon.colcon_core.shell:Creating package descriptor '/home/pi/omnicar_ws/install/mecanum_drive_controller/share/mecanum_drive_controller/package.dsv'
[2.801s] INFO:colcon.colcon_core.shell:Creating package script '/home/pi/omnicar_ws/install/mecanum_drive_controller/share/mecanum_drive_controller/package.sh'
[2.803s] INFO:colcon.colcon_core.shell:Creating package script '/home/pi/omnicar_ws/install/mecanum_drive_controller/share/mecanum_drive_controller/package.bash'
[2.805s] INFO:colcon.colcon_core.shell:Creating package script '/home/pi/omnicar_ws/install/mecanum_drive_controller/share/mecanum_drive_controller/package.zsh'
[2.807s] Level 1:colcon.colcon_core.environment:create_file_with_runtime_dependencies(/home/pi/omnicar_ws/install/mecanum_drive_controller/share/colcon-core/packages/mecanum_drive_controller)
[2.810s] Level 1:colcon.colcon_core.environment:create_environment_scripts_only(mecanum_drive_controller)
[2.811s] Level 1:colcon.colcon_core.environment:checking '/home/pi/omnicar_ws/install/mecanum_drive_controller' for CMake module files
[2.814s] Level 1:colcon.colcon_core.environment:checking '/home/pi/omnicar_ws/install/mecanum_drive_controller' for CMake config files
[2.818s] Level 1:colcon.colcon_core.shell:create_environment_hook('mecanum_drive_controller', 'cmake_prefix_path')
[2.819s] INFO:colcon.colcon_core.shell:Creating environment hook '/home/pi/omnicar_ws/install/mecanum_drive_controller/share/mecanum_drive_controller/hook/cmake_prefix_path.ps1'
[2.821s] INFO:colcon.colcon_core.shell:Creating environment descriptor '/home/pi/omnicar_ws/install/mecanum_drive_controller/share/mecanum_drive_controller/hook/cmake_prefix_path.dsv'
[2.823s] INFO:colcon.colcon_core.shell:Creating environment hook '/home/pi/omnicar_ws/install/mecanum_drive_controller/share/mecanum_drive_controller/hook/cmake_prefix_path.sh'
[2.825s] Level 1:colcon.colcon_core.environment:checking '/home/pi/omnicar_ws/install/mecanum_drive_controller/lib'
[2.826s] Level 1:colcon.colcon_core.shell:create_environment_hook('mecanum_drive_controller', 'ld_library_path_lib')
[2.827s] INFO:colcon.colcon_core.shell:Creating environment hook '/home/pi/omnicar_ws/install/mecanum_drive_controller/share/mecanum_drive_controller/hook/ld_library_path_lib.ps1'
[2.829s] INFO:colcon.colcon_core.shell:Creating environment descriptor '/home/pi/omnicar_ws/install/mecanum_drive_controller/share/mecanum_drive_controller/hook/ld_library_path_lib.dsv'
[2.831s] INFO:colcon.colcon_core.shell:Creating environment hook '/home/pi/omnicar_ws/install/mecanum_drive_controller/share/mecanum_drive_controller/hook/ld_library_path_lib.sh'
[2.833s] Level 1:colcon.colcon_core.environment:checking '/home/pi/omnicar_ws/install/mecanum_drive_controller/bin'
[2.833s] Level 1:colcon.colcon_core.environment:checking '/home/pi/omnicar_ws/install/mecanum_drive_controller/lib/pkgconfig/mecanum_drive_controller.pc'
[2.834s] Level 1:colcon.colcon_core.environment:checking '/home/pi/omnicar_ws/install/mecanum_drive_controller/lib/python3.10/site-packages'
[2.835s] Level 1:colcon.colcon_core.environment:checking '/home/pi/omnicar_ws/install/mecanum_drive_controller/bin'
[2.837s] INFO:colcon.colcon_core.shell:Creating package script '/home/pi/omnicar_ws/install/mecanum_drive_controller/share/mecanum_drive_controller/package.ps1'
[2.839s] INFO:colcon.colcon_core.shell:Creating package descriptor '/home/pi/omnicar_ws/install/mecanum_drive_controller/share/mecanum_drive_controller/package.dsv'
[2.842s] INFO:colcon.colcon_core.shell:Creating package script '/home/pi/omnicar_ws/install/mecanum_drive_controller/share/mecanum_drive_controller/package.sh'
[2.844s] INFO:colcon.colcon_core.shell:Creating package script '/home/pi/omnicar_ws/install/mecanum_drive_controller/share/mecanum_drive_controller/package.bash'
[2.846s] INFO:colcon.colcon_core.shell:Creating package script '/home/pi/omnicar_ws/install/mecanum_drive_controller/share/mecanum_drive_controller/package.zsh'
[2.849s] Level 1:colcon.colcon_core.environment:create_file_with_runtime_dependencies(/home/pi/omnicar_ws/install/mecanum_drive_controller/share/colcon-core/packages/mecanum_drive_controller)
[2.850s] DEBUG:colcon.colcon_parallel_executor.executor.parallel:closing loop
[2.851s] DEBUG:colcon.colcon_parallel_executor.executor.parallel:loop closed
[2.852s] DEBUG:colcon.colcon_parallel_executor.executor.parallel:run_until_complete finished with '0'
[2.852s] DEBUG:colcon.colcon_core.event_reactor:joining thread
[2.873s] INFO:colcon.colcon_core.plugin_system:Skipping extension 'colcon_notification.desktop_notification.terminal_notifier': Not used on non-Darwin systems
[2.873s] INFO:colcon.colcon_core.plugin_system:Skipping extension 'colcon_notification.desktop_notification.win32': Not used on non-Windows systems
[2.873s] INFO:colcon.colcon_notification.desktop_notification:Sending desktop notification using 'notify2'
[2.917s] DEBUG:colcon.colcon_core.event_reactor:joined thread
[2.918s] INFO:colcon.colcon_core.shell:Creating prefix script '/home/pi/omnicar_ws/install/local_setup.ps1'
[2.922s] INFO:colcon.colcon_core.shell:Creating prefix util module '/home/pi/omnicar_ws/install/_local_setup_util_ps1.py'
[2.929s] INFO:colcon.colcon_core.shell:Creating prefix chain script '/home/pi/omnicar_ws/install/setup.ps1'
[2.934s] INFO:colcon.colcon_core.shell:Creating prefix script '/home/pi/omnicar_ws/install/local_setup.sh'
[2.937s] INFO:colcon.colcon_core.shell:Creating prefix util module '/home/pi/omnicar_ws/install/_local_setup_util_sh.py'
[2.940s] INFO:colcon.colcon_core.shell:Creating prefix chain script '/home/pi/omnicar_ws/install/setup.sh'
[2.945s] INFO:colcon.colcon_core.shell:Creating prefix script '/home/pi/omnicar_ws/install/local_setup.bash'
[2.948s] INFO:colcon.colcon_core.shell:Creating prefix chain script '/home/pi/omnicar_ws/install/setup.bash'
[2.953s] INFO:colcon.colcon_core.shell:Creating prefix script '/home/pi/omnicar_ws/install/local_setup.zsh'
[2.955s] INFO:colcon.colcon_core.shell:Creating prefix chain script '/home/pi/omnicar_ws/install/setup.zsh'
