[0.102s] Invoking command in '/home/pi/omnicar_ws/build/diffdrive_arduino': CMAKE_PREFIX_PATH=${CMAKE_PREFIX_PATH}:/opt/ros/humble /usr/bin/cmake --build /home/pi/omnicar_ws/build/diffdrive_arduino -- -j4 -l4
[0.483s] [ 50%] [32mBuilding CXX object CMakeFiles/diffdrive_arduino.dir/hardware/diffbot_system.cpp.o[0m
[5.583s] In file included from [01m[K/home/pi/omnicar_ws/src/diffdrive_arduino/hardware/include/diffdrive_arduino/diffbot_system.hpp:34[m[K,
[5.584s]                  from [01m[K/home/pi/omnicar_ws/src/diffdrive_arduino/hardware/diffbot_system.cpp:15[m[K:
[5.585s] [01m[K/home/pi/omnicar_ws/src/diffdrive_arduino/hardware/include/diffdrive_arduino/arduino_comms.hpp:[m[K In member function ‘[01m[Kstd::string ArduinoComms::send_msg(const string&, bool)[m[K’:
[5.585s] [01m[K/home/pi/omnicar_ws/src/diffdrive_arduino/hardware/include/diffdrive_arduino/arduino_comms.hpp:57:61:[m[K [01;35m[Kwarning: [m[Kunused parameter ‘[01m[Kprint_output[m[K’ [[01;35m[K]8;;https://gcc.gnu.org/onlinedocs/gcc/Warning-Options.html#index-Wunused-parameter-Wunused-parameter]8;;[m[K]
[5.586s]    57 |   std::string send_msg(const std::string &msg_to_send, [01;35m[Kbool print_output = false[m[K)
[5.586s]       |                                                        [01;35m[K~~~~~^~~~~~~~~~~~~~~~~~~~[m[K
[16.380s] [100%] [32m[1mLinking CXX shared library libdiffdrive_arduino.so[0m
[17.730s] [100%] Built target diffdrive_arduino
[17.779s] Invoked command in '/home/pi/omnicar_ws/build/diffdrive_arduino' returned '0': CMAKE_PREFIX_PATH=${CMAKE_PREFIX_PATH}:/opt/ros/humble /usr/bin/cmake --build /home/pi/omnicar_ws/build/diffdrive_arduino -- -j4 -l4
[17.797s] Invoking command in '/home/pi/omnicar_ws/build/diffdrive_arduino': CMAKE_PREFIX_PATH=${CMAKE_PREFIX_PATH}:/opt/ros/humble /usr/bin/cmake --install /home/pi/omnicar_ws/build/diffdrive_arduino
[17.828s] -- Install configuration: ""
[17.831s] -- Execute custom install script
[17.833s] -- Up-to-date symlink: /home/pi/omnicar_ws/install/diffdrive_arduino/share/diffdrive_arduino//diffdrive_arduino.xml
[17.836s] -- Up-to-date symlink: /home/pi/omnicar_ws/install/diffdrive_arduino/include/diffdrive_arduino/diffdrive_arduino/arduino_comms.hpp
[17.837s] -- Up-to-date symlink: /home/pi/omnicar_ws/install/diffdrive_arduino/include/diffdrive_arduino/diffdrive_arduino/diffbot_system.hpp
[17.838s] -- Up-to-date symlink: /home/pi/omnicar_ws/install/diffdrive_arduino/include/diffdrive_arduino/diffdrive_arduino/visibility_control.h
[17.840s] -- Up-to-date symlink: /home/pi/omnicar_ws/install/diffdrive_arduino/include/diffdrive_arduino/diffdrive_arduino/wheel.hpp
[17.843s] -- Up-to-date symlink: /home/pi/omnicar_ws/install/diffdrive_arduino/share/diffdrive_arduino/launch/view_robot.launch.py
[17.845s] -- Up-to-date symlink: /home/pi/omnicar_ws/install/diffdrive_arduino/share/diffdrive_arduino/ros2_control/diffbot.ros2_control.xacro
[17.847s] -- Up-to-date symlink: /home/pi/omnicar_ws/install/diffdrive_arduino/share/diffdrive_arduino/urdf/diffbot.materials.xacro
[17.849s] -- Up-to-date symlink: /home/pi/omnicar_ws/install/diffdrive_arduino/share/diffdrive_arduino/urdf/diffbot.urdf.xacro
[17.850s] -- Up-to-date symlink: /home/pi/omnicar_ws/install/diffdrive_arduino/share/diffdrive_arduino/urdf/diffbot_description.urdf.xacro
[17.853s] -- Up-to-date symlink: /home/pi/omnicar_ws/install/diffdrive_arduino/share/diffdrive_arduino/rviz/diffbot.rviz
[17.854s] -- Up-to-date symlink: /home/pi/omnicar_ws/install/diffdrive_arduino/share/diffdrive_arduino/rviz/diffbot_view.rviz
[17.856s] -- Up-to-date symlink: /home/pi/omnicar_ws/install/diffdrive_arduino/share/diffdrive_arduino/launch/diffbot.launch.py
[17.858s] -- Up-to-date symlink: /home/pi/omnicar_ws/install/diffdrive_arduino/share/diffdrive_arduino/config/diffbot_controllers.yaml
[17.866s] -- Up-to-date symlink: /home/pi/omnicar_ws/install/diffdrive_arduino/share/diffdrive_arduino/environment/library_path.sh
[17.869s] -- Up-to-date symlink: /home/pi/omnicar_ws/install/diffdrive_arduino/share/diffdrive_arduino/environment/library_path.dsv
[17.871s] -- Up-to-date symlink: /home/pi/omnicar_ws/install/diffdrive_arduino/share/ament_index/resource_index/package_run_dependencies/diffdrive_arduino
[17.873s] -- Up-to-date symlink: /home/pi/omnicar_ws/install/diffdrive_arduino/share/ament_index/resource_index/parent_prefix_path/diffdrive_arduino
[17.878s] -- Up-to-date symlink: /home/pi/omnicar_ws/install/diffdrive_arduino/share/diffdrive_arduino/environment/ament_prefix_path.sh
[17.880s] -- Up-to-date symlink: /home/pi/omnicar_ws/install/diffdrive_arduino/share/diffdrive_arduino/environment/ament_prefix_path.dsv
[17.882s] -- Up-to-date symlink: /home/pi/omnicar_ws/install/diffdrive_arduino/share/diffdrive_arduino/environment/path.sh
[17.883s] -- Up-to-date symlink: /home/pi/omnicar_ws/install/diffdrive_arduino/share/diffdrive_arduino/environment/path.dsv
[17.885s] -- Up-to-date symlink: /home/pi/omnicar_ws/install/diffdrive_arduino/share/diffdrive_arduino/local_setup.bash
[17.887s] -- Up-to-date symlink: /home/pi/omnicar_ws/install/diffdrive_arduino/share/diffdrive_arduino/local_setup.sh
[17.889s] -- Up-to-date symlink: /home/pi/omnicar_ws/install/diffdrive_arduino/share/diffdrive_arduino/local_setup.zsh
[17.890s] -- Up-to-date symlink: /home/pi/omnicar_ws/install/diffdrive_arduino/share/diffdrive_arduino/local_setup.dsv
[17.891s] -- Symlinking: /home/pi/omnicar_ws/install/diffdrive_arduino/share/diffdrive_arduino/package.dsv
[17.930s] -- Up-to-date symlink: /home/pi/omnicar_ws/install/diffdrive_arduino/share/ament_index/resource_index/packages/diffdrive_arduino
[17.932s] -- Up-to-date symlink: /home/pi/omnicar_ws/install/diffdrive_arduino/share/ament_index/resource_index/hardware_interface__pluginlib__plugin/diffdrive_arduino
[17.934s] -- Up-to-date symlink: /home/pi/omnicar_ws/install/diffdrive_arduino/share/diffdrive_arduino/cmake/ament_cmake_export_targets-extras.cmake
[17.936s] -- Up-to-date symlink: /home/pi/omnicar_ws/install/diffdrive_arduino/share/diffdrive_arduino/cmake/ament_cmake_export_dependencies-extras.cmake
[17.938s] -- Up-to-date symlink: /home/pi/omnicar_ws/install/diffdrive_arduino/share/diffdrive_arduino/cmake/diffdrive_arduinoConfig.cmake
[17.940s] -- Up-to-date symlink: /home/pi/omnicar_ws/install/diffdrive_arduino/share/diffdrive_arduino/cmake/diffdrive_arduinoConfig-version.cmake
[17.941s] -- Up-to-date symlink: /home/pi/omnicar_ws/install/diffdrive_arduino/share/diffdrive_arduino/package.xml
[17.945s] -- Installing: /home/pi/omnicar_ws/install/diffdrive_arduino/lib/libdiffdrive_arduino.so
[17.955s] -- Set runtime path of "/home/pi/omnicar_ws/install/diffdrive_arduino/lib/libdiffdrive_arduino.so" to ""
[17.959s] -- Up-to-date: /home/pi/omnicar_ws/install/diffdrive_arduino/share/diffdrive_arduino/cmake/export_diffdrive_arduinoExport.cmake
[17.959s] -- Up-to-date: /home/pi/omnicar_ws/install/diffdrive_arduino/share/diffdrive_arduino/cmake/export_diffdrive_arduinoExport-noconfig.cmake
[17.969s] Invoked command in '/home/pi/omnicar_ws/build/diffdrive_arduino' returned '0': CMAKE_PREFIX_PATH=${CMAKE_PREFIX_PATH}:/opt/ros/humble /usr/bin/cmake --install /home/pi/omnicar_ws/build/diffdrive_arduino
