[0.081s] Invoking command in '/home/pi/omnicar_ws/build/mecanum_drive_controller': CMAKE_PREFIX_PATH=/opt/ros/humble /usr/bin/cmake /home/pi/omnicar_ws/src/mecanum_drive_controller -DCMAKE_INSTALL_PREFIX=/home/pi/omnicar_ws/install/mecanum_drive_controller
[0.126s] -- Found ament_cmake: 1.3.11 (/opt/ros/humble/share/ament_cmake/cmake)
[0.847s] -- Override CMake install command with custom implementation using symlinks instead of copying resources
[0.921s] -- Found controller_interface: 2.49.0 (/opt/ros/humble/share/controller_interface/cmake)
[1.108s] -- Found rosidl_generator_c: 3.1.6 (/opt/ros/humble/share/rosidl_generator_c/cmake)
[1.127s] -- Found rosidl_adapter: 3.1.6 (/opt/ros/humble/share/rosidl_adapter/cmake)
[1.151s] -- Found rosidl_generator_cpp: 3.1.6 (/opt/ros/humble/share/rosidl_generator_cpp/cmake)
[1.194s] -- Using all available rosidl_typesupport_c: rosidl_typesupport_fastrtps_c;rosidl_typesupport_introspection_c
[1.254s] -- Using all available rosidl_typesupport_cpp: rosidl_typesupport_fastrtps_cpp;rosidl_typesupport_introspection_cpp
[2.090s] -- Found rmw_implementation_cmake: 6.1.2 (/opt/ros/humble/share/rmw_implementation_cmake/cmake)
[2.096s] -- Found rmw_fastrtps_cpp: 6.2.7 (/opt/ros/humble/share/rmw_fastrtps_cpp/cmake)
[2.175s] -- Found TinyXML2 via Config file: TinyXML2_DIR-NOTFOUND
[2.206s] -- Found TinyXML2 via Config file: TinyXML2_DIR-NOTFOUND
[2.288s] -- Found TinyXML2 via Config file: TinyXML2_DIR-NOTFOUND
[2.320s] -- Found TinyXML2 via Config file: TinyXML2_DIR-NOTFOUND
[2.352s] -- Using RMW implementation 'rmw_fastrtps_cpp' as default
[2.634s] -- Found generate_parameter_library: 0.4.0 (/opt/ros/humble/share/generate_parameter_library/cmake)
[2.640s] -- Found parameter_traits: 0.4.0 (/opt/ros/humble/share/parameter_traits/cmake)
[2.705s] -- Found nav_msgs: 4.8.0 (/opt/ros/humble/share/nav_msgs/cmake)
[2.805s] -- Found realtime_tools: 2.12.0 (/opt/ros/humble/share/realtime_tools/cmake)
[2.875s] -- Found std_srvs: 4.8.0 (/opt/ros/humble/share/std_srvs/cmake)
[2.937s] -- Found tf2: 0.25.12 (/opt/ros/humble/share/tf2/cmake)
[2.970s] -- Found tf2_geometry_msgs: 0.25.12 (/opt/ros/humble/share/tf2_geometry_msgs/cmake)
[2.999s] -- Found eigen3_cmake_module: 0.1.1 (/opt/ros/humble/share/eigen3_cmake_module/cmake)
[3.007s] -- Ensuring Eigen3 include directory is part of orocos-kdl CMake target
[3.352s] -- Found ament_cmake_gmock: 1.3.11 (/opt/ros/humble/share/ament_cmake_gmock/cmake)
[3.367s] -- Found controller_manager: 2.49.0 (/opt/ros/humble/share/controller_manager/cmake)
[3.923s] -- Found ros2_control_test_assets: 2.49.0 (/opt/ros/humble/share/ros2_control_test_assets/cmake)
[3.930s] -- Found gmock sources under '/opt/ros/humble/src/gmock_vendor': C++ tests using 'Google Mock' will be built
[3.961s] -- Found ament_cmake_gtest: 1.3.11 (/opt/ros/humble/share/ament_cmake_gtest/cmake)
[3.969s] -- Found gtest sources under '/opt/ros/humble/src/gtest_vendor': C++ tests using 'Google Test' will be built
[4.640s] -- Configuring done
[5.444s] -- Generating done
[5.516s] -- Build files have been written to: /home/pi/omnicar_ws/build/mecanum_drive_controller
[5.567s] Invoked command in '/home/pi/omnicar_ws/build/mecanum_drive_controller' returned '0': CMAKE_PREFIX_PATH=/opt/ros/humble /usr/bin/cmake /home/pi/omnicar_ws/src/mecanum_drive_controller -DCMAKE_INSTALL_PREFIX=/home/pi/omnicar_ws/install/mecanum_drive_controller
[5.575s] Invoking command in '/home/pi/omnicar_ws/build/mecanum_drive_controller': CMAKE_PREFIX_PATH=/opt/ros/humble /usr/bin/cmake --build /home/pi/omnicar_ws/build/mecanum_drive_controller -- -j4 -l4
[5.761s] [35m[1mConsolidate compiler generated dependencies of target gmock_main[0m
[5.777s] [35m[1mConsolidate compiler generated dependencies of target gmock[0m
[5.809s] [ 12%] Built target mecanum_drive_controller_parameters
[5.864s] [ 31%] Built target gmock
[5.870s] [35m[1mConsolidate compiler generated dependencies of target mecanum_drive_controller[0m
[5.873s] [ 43%] Built target gmock_main
[5.925s] [35m[1mConsolidate compiler generated dependencies of target test_load_mecanum_drive_controller[0m
[6.050s] [ 56%] Built target test_load_mecanum_drive_controller
[6.056s] [ 75%] Built target mecanum_drive_controller
[6.102s] [35m[1mConsolidate compiler generated dependencies of target test_mecanum_drive_controller_preceeding[0m
[6.103s] [35m[1mConsolidate compiler generated dependencies of target test_mecanum_drive_controller[0m
[6.212s] [100%] Built target test_mecanum_drive_controller_preceeding
[6.213s] [100%] Built target test_mecanum_drive_controller
[6.251s] Invoked command in '/home/pi/omnicar_ws/build/mecanum_drive_controller' returned '0': CMAKE_PREFIX_PATH=/opt/ros/humble /usr/bin/cmake --build /home/pi/omnicar_ws/build/mecanum_drive_controller -- -j4 -l4
[6.259s] Invoking command in '/home/pi/omnicar_ws/build/mecanum_drive_controller': CMAKE_PREFIX_PATH=/opt/ros/humble /usr/bin/cmake --install /home/pi/omnicar_ws/build/mecanum_drive_controller
[6.286s] -- Install configuration: ""
[6.288s] -- Execute custom install script
[6.290s] -- Up-to-date symlink: /home/pi/omnicar_ws/install/mecanum_drive_controller/include/mecanum_drive_controller/mecanum_drive_controller_parameters.hpp
[6.291s] -- Up-to-date symlink: /home/pi/omnicar_ws/install/mecanum_drive_controller/share/mecanum_drive_controller//mecanum_drive_controller.xml
[6.293s] -- Up-to-date symlink: /home/pi/omnicar_ws/install/mecanum_drive_controller/include/mecanum_drive_controller/mecanum_drive_controller/mecanum_drive_controller.hpp
[6.294s] -- Up-to-date symlink: /home/pi/omnicar_ws/install/mecanum_drive_controller/include/mecanum_drive_controller/mecanum_drive_controller/odometry.hpp
[6.295s] -- Up-to-date symlink: /home/pi/omnicar_ws/install/mecanum_drive_controller/include/mecanum_drive_controller/mecanum_drive_controller/visibility_control.h
[6.296s] -- Up-to-date symlink: /home/pi/omnicar_ws/install/mecanum_drive_controller/share/mecanum_drive_controller/environment/library_path.sh
[6.297s] -- Up-to-date symlink: /home/pi/omnicar_ws/install/mecanum_drive_controller/share/mecanum_drive_controller/environment/library_path.dsv
[6.298s] -- Up-to-date symlink: /home/pi/omnicar_ws/install/mecanum_drive_controller/share/ament_index/resource_index/package_run_dependencies/mecanum_drive_controller
[6.299s] -- Up-to-date symlink: /home/pi/omnicar_ws/install/mecanum_drive_controller/share/ament_index/resource_index/parent_prefix_path/mecanum_drive_controller
[6.300s] -- Up-to-date symlink: /home/pi/omnicar_ws/install/mecanum_drive_controller/share/mecanum_drive_controller/environment/ament_prefix_path.sh
[6.301s] -- Up-to-date symlink: /home/pi/omnicar_ws/install/mecanum_drive_controller/share/mecanum_drive_controller/environment/ament_prefix_path.dsv
[6.302s] -- Up-to-date symlink: /home/pi/omnicar_ws/install/mecanum_drive_controller/share/mecanum_drive_controller/environment/path.sh
[6.303s] -- Up-to-date symlink: /home/pi/omnicar_ws/install/mecanum_drive_controller/share/mecanum_drive_controller/environment/path.dsv
[6.304s] -- Up-to-date symlink: /home/pi/omnicar_ws/install/mecanum_drive_controller/share/mecanum_drive_controller/local_setup.bash
[6.305s] -- Up-to-date symlink: /home/pi/omnicar_ws/install/mecanum_drive_controller/share/mecanum_drive_controller/local_setup.sh
[6.306s] -- Up-to-date symlink: /home/pi/omnicar_ws/install/mecanum_drive_controller/share/mecanum_drive_controller/local_setup.zsh
[6.306s] -- Up-to-date symlink: /home/pi/omnicar_ws/install/mecanum_drive_controller/share/mecanum_drive_controller/local_setup.dsv
[6.307s] -- Symlinking: /home/pi/omnicar_ws/install/mecanum_drive_controller/share/mecanum_drive_controller/package.dsv
[6.338s] -- Up-to-date symlink: /home/pi/omnicar_ws/install/mecanum_drive_controller/share/ament_index/resource_index/packages/mecanum_drive_controller
[6.339s] -- Up-to-date symlink: /home/pi/omnicar_ws/install/mecanum_drive_controller/share/ament_index/resource_index/controller_interface__pluginlib__plugin/mecanum_drive_controller
[6.340s] -- Up-to-date symlink: /home/pi/omnicar_ws/install/mecanum_drive_controller/share/mecanum_drive_controller/cmake/ament_cmake_export_dependencies-extras.cmake
[6.341s] -- Up-to-date symlink: /home/pi/omnicar_ws/install/mecanum_drive_controller/share/mecanum_drive_controller/cmake/ament_cmake_export_targets-extras.cmake
[6.342s] -- Up-to-date symlink: /home/pi/omnicar_ws/install/mecanum_drive_controller/share/mecanum_drive_controller/cmake/mecanum_drive_controllerConfig.cmake
[6.343s] -- Up-to-date symlink: /home/pi/omnicar_ws/install/mecanum_drive_controller/share/mecanum_drive_controller/cmake/mecanum_drive_controllerConfig-version.cmake
[6.344s] -- Up-to-date symlink: /home/pi/omnicar_ws/install/mecanum_drive_controller/share/mecanum_drive_controller/package.xml
[6.346s] -- Up-to-date: /home/pi/omnicar_ws/install/mecanum_drive_controller/lib/libmecanum_drive_controller.so
[6.348s] -- Up-to-date: /home/pi/omnicar_ws/install/mecanum_drive_controller/share/mecanum_drive_controller/cmake/export_mecanum_drive_controllerExport.cmake
[6.349s] -- Up-to-date: /home/pi/omnicar_ws/install/mecanum_drive_controller/share/mecanum_drive_controller/cmake/export_mecanum_drive_controllerExport-noconfig.cmake
[6.356s] Invoked command in '/home/pi/omnicar_ws/build/mecanum_drive_controller' returned '0': CMAKE_PREFIX_PATH=/opt/ros/humble /usr/bin/cmake --install /home/pi/omnicar_ws/build/mecanum_drive_controller
