[0.304s] DEBUG:colcon:Command line arguments: ['/usr/bin/colcon', 'build']
[0.304s] DEBUG:colcon:Parsed command line arguments: Namespace(log_base=None, log_level=None, verb_name='build', build_base='build', install_base='install', merge_install=False, symlink_install=False, test_result_base=None, continue_on_error=False, executor='parallel', parallel_workers=8, event_handlers=None, ignore_user_meta=False, metas=['./colcon.meta'], base_paths=['.'], packages_ignore=None, packages_ignore_regex=None, paths=None, packages_up_to=None, packages_up_to_regex=None, packages_above=None, packages_above_and_dependencies=None, packages_above_depth=None, packages_select_by_dep=None, packages_skip_by_dep=None, packages_skip_up_to=None, packages_select_build_failed=False, packages_skip_build_finished=False, packages_select_test_failures=False, packages_skip_test_passed=False, packages_select=None, packages_skip=None, packages_select_regex=None, packages_skip_regex=None, packages_start=None, packages_end=None, allow_overriding=[], cmake_args=None, cmake_target=None, cmake_target_skip_unavailable=False, cmake_clean_cache=False, cmake_clean_first=False, cmake_force_configure=False, ament_cmake_args=None, catkin_cmake_args=None, catkin_skip_building_tests=False, mixin_files=None, mixin=None, verb_parser=<colcon_mixin.mixin.mixin_argument.MixinArgumentDecorator object at 0x7ffaa0785870>, verb_extension=<colcon_core.verb.build.BuildVerb object at 0x7ffaa07851e0>, main=<bound method BuildVerb.main of <colcon_core.verb.build.BuildVerb object at 0x7ffaa07851e0>>, mixin_verb=('build',))
[0.470s] Level 1:colcon.colcon_core.package_discovery:discover_packages(colcon_meta) check parameters
[0.470s] Level 1:colcon.colcon_core.package_discovery:discover_packages(recursive) check parameters
[0.470s] Level 1:colcon.colcon_core.package_discovery:discover_packages(ignore) check parameters
[0.470s] Level 1:colcon.colcon_core.package_discovery:discover_packages(path) check parameters
[0.470s] Level 1:colcon.colcon_core.package_discovery:discover_packages(colcon_meta) discover
[0.470s] Level 1:colcon.colcon_core.package_discovery:discover_packages(recursive) discover
[0.471s] INFO:colcon.colcon_core.package_discovery:Crawling recursively for packages in '/home/nwhit210/omnicar_2_ws'
[0.471s] Level 1:colcon.colcon_core.package_identification:_identify(.) by extensions ['ignore', 'ignore_ament_install']
[0.471s] Level 1:colcon.colcon_core.package_identification:_identify(.) by extension 'ignore'
[0.471s] Level 1:colcon.colcon_core.package_identification:_identify(.) by extension 'ignore_ament_install'
[0.471s] Level 1:colcon.colcon_core.package_identification:_identify(.) by extensions ['colcon_pkg']
[0.471s] Level 1:colcon.colcon_core.package_identification:_identify(.) by extension 'colcon_pkg'
[0.471s] Level 1:colcon.colcon_core.package_identification:_identify(.) by extensions ['colcon_meta']
[0.471s] Level 1:colcon.colcon_core.package_identification:_identify(.) by extension 'colcon_meta'
[0.471s] Level 1:colcon.colcon_core.package_identification:_identify(.) by extensions ['ros']
[0.471s] Level 1:colcon.colcon_core.package_identification:_identify(.) by extension 'ros'
[0.487s] Level 1:colcon.colcon_core.package_identification:_identify(.) by extensions ['cmake', 'python']
[0.487s] Level 1:colcon.colcon_core.package_identification:_identify(.) by extension 'cmake'
[0.487s] Level 1:colcon.colcon_core.package_identification:_identify(.) by extension 'python'
[0.487s] Level 1:colcon.colcon_core.package_identification:_identify(.) by extensions ['python_setup_py']
[0.487s] Level 1:colcon.colcon_core.package_identification:_identify(.) by extension 'python_setup_py'
[0.488s] Level 1:colcon.colcon_core.package_identification:_identify(build) by extensions ['ignore', 'ignore_ament_install']
[0.488s] Level 1:colcon.colcon_core.package_identification:_identify(build) by extension 'ignore'
[0.488s] Level 1:colcon.colcon_core.package_identification:_identify(build) ignored
[0.488s] Level 1:colcon.colcon_core.package_identification:_identify(install) by extensions ['ignore', 'ignore_ament_install']
[0.488s] Level 1:colcon.colcon_core.package_identification:_identify(install) by extension 'ignore'
[0.488s] Level 1:colcon.colcon_core.package_identification:_identify(install) ignored
[0.488s] Level 1:colcon.colcon_core.package_identification:_identify(log) by extensions ['ignore', 'ignore_ament_install']
[0.488s] Level 1:colcon.colcon_core.package_identification:_identify(log) by extension 'ignore'
[0.488s] Level 1:colcon.colcon_core.package_identification:_identify(log) ignored
[0.488s] Level 1:colcon.colcon_core.package_identification:_identify(src) by extensions ['ignore', 'ignore_ament_install']
[0.488s] Level 1:colcon.colcon_core.package_identification:_identify(src) by extension 'ignore'
[0.488s] Level 1:colcon.colcon_core.package_identification:_identify(src) by extension 'ignore_ament_install'
[0.488s] Level 1:colcon.colcon_core.package_identification:_identify(src) by extensions ['colcon_pkg']
[0.488s] Level 1:colcon.colcon_core.package_identification:_identify(src) by extension 'colcon_pkg'
[0.488s] Level 1:colcon.colcon_core.package_identification:_identify(src) by extensions ['colcon_meta']
[0.488s] Level 1:colcon.colcon_core.package_identification:_identify(src) by extension 'colcon_meta'
[0.488s] Level 1:colcon.colcon_core.package_identification:_identify(src) by extensions ['ros']
[0.488s] Level 1:colcon.colcon_core.package_identification:_identify(src) by extension 'ros'
[0.488s] Level 1:colcon.colcon_core.package_identification:_identify(src) by extensions ['cmake', 'python']
[0.488s] Level 1:colcon.colcon_core.package_identification:_identify(src) by extension 'cmake'
[0.488s] Level 1:colcon.colcon_core.package_identification:_identify(src) by extension 'python'
[0.488s] Level 1:colcon.colcon_core.package_identification:_identify(src) by extensions ['python_setup_py']
[0.488s] Level 1:colcon.colcon_core.package_identification:_identify(src) by extension 'python_setup_py'
[0.489s] Level 1:colcon.colcon_core.package_identification:_identify(src/arduino_controller) by extensions ['ignore', 'ignore_ament_install']
[0.489s] Level 1:colcon.colcon_core.package_identification:_identify(src/arduino_controller) by extension 'ignore'
[0.489s] Level 1:colcon.colcon_core.package_identification:_identify(src/arduino_controller) by extension 'ignore_ament_install'
[0.489s] Level 1:colcon.colcon_core.package_identification:_identify(src/arduino_controller) by extensions ['colcon_pkg']
[0.489s] Level 1:colcon.colcon_core.package_identification:_identify(src/arduino_controller) by extension 'colcon_pkg'
[0.489s] Level 1:colcon.colcon_core.package_identification:_identify(src/arduino_controller) by extensions ['colcon_meta']
[0.489s] Level 1:colcon.colcon_core.package_identification:_identify(src/arduino_controller) by extension 'colcon_meta'
[0.489s] Level 1:colcon.colcon_core.package_identification:_identify(src/arduino_controller) by extensions ['ros']
[0.489s] Level 1:colcon.colcon_core.package_identification:_identify(src/arduino_controller) by extension 'ros'
[0.491s] DEBUG:colcon.colcon_core.package_identification:Package 'src/arduino_controller' with type 'ros.ament_cmake' and name 'arduino_hardware_controller'
[0.491s] Level 1:colcon.colcon_core.package_identification:_identify(src/mecanum_drive_controller) by extensions ['ignore', 'ignore_ament_install']
[0.492s] Level 1:colcon.colcon_core.package_identification:_identify(src/mecanum_drive_controller) by extension 'ignore'
[0.492s] Level 1:colcon.colcon_core.package_identification:_identify(src/mecanum_drive_controller) by extension 'ignore_ament_install'
[0.492s] Level 1:colcon.colcon_core.package_identification:_identify(src/mecanum_drive_controller) by extensions ['colcon_pkg']
[0.492s] Level 1:colcon.colcon_core.package_identification:_identify(src/mecanum_drive_controller) by extension 'colcon_pkg'
[0.492s] Level 1:colcon.colcon_core.package_identification:_identify(src/mecanum_drive_controller) by extensions ['colcon_meta']
[0.492s] Level 1:colcon.colcon_core.package_identification:_identify(src/mecanum_drive_controller) by extension 'colcon_meta'
[0.492s] Level 1:colcon.colcon_core.package_identification:_identify(src/mecanum_drive_controller) by extensions ['ros']
[0.492s] Level 1:colcon.colcon_core.package_identification:_identify(src/mecanum_drive_controller) by extension 'ros'
[0.494s] DEBUG:colcon.colcon_core.package_identification:Package 'src/mecanum_drive_controller' with type 'ros.ament_cmake' and name 'mecanum_drive_controller'
[0.494s] Level 1:colcon.colcon_core.package_identification:_identify(src/omnicar) by extensions ['ignore', 'ignore_ament_install']
[0.495s] Level 1:colcon.colcon_core.package_identification:_identify(src/omnicar) by extension 'ignore'
[0.495s] Level 1:colcon.colcon_core.package_identification:_identify(src/omnicar) by extension 'ignore_ament_install'
[0.495s] Level 1:colcon.colcon_core.package_identification:_identify(src/omnicar) by extensions ['colcon_pkg']
[0.495s] Level 1:colcon.colcon_core.package_identification:_identify(src/omnicar) by extension 'colcon_pkg'
[0.495s] Level 1:colcon.colcon_core.package_identification:_identify(src/omnicar) by extensions ['colcon_meta']
[0.495s] Level 1:colcon.colcon_core.package_identification:_identify(src/omnicar) by extension 'colcon_meta'
[0.495s] Level 1:colcon.colcon_core.package_identification:_identify(src/omnicar) by extensions ['ros']
[0.495s] Level 1:colcon.colcon_core.package_identification:_identify(src/omnicar) by extension 'ros'
[0.496s] DEBUG:colcon.colcon_core.package_identification:Package 'src/omnicar' with type 'ros.ament_cmake' and name 'omnicar'
[0.496s] Level 1:colcon.colcon_core.package_discovery:discover_packages(recursive) using defaults
[0.496s] Level 1:colcon.colcon_core.package_discovery:discover_packages(ignore) discover
[0.496s] Level 1:colcon.colcon_core.package_discovery:discover_packages(ignore) using defaults
[0.496s] Level 1:colcon.colcon_core.package_discovery:discover_packages(path) discover
[0.496s] Level 1:colcon.colcon_core.package_discovery:discover_packages(path) using defaults
[0.534s] Level 1:colcon.colcon_core.package_discovery:discover_packages(prefix_path) check parameters
[0.534s] Level 1:colcon.colcon_core.package_discovery:discover_packages(prefix_path) discover
[0.536s] DEBUG:colcon.colcon_installed_package_information.package_discovery:Found 3 installed packages in /home/nwhit210/omnicar_2_ws/install
[0.538s] DEBUG:colcon.colcon_installed_package_information.package_discovery:Found 376 installed packages in /opt/ros/humble
[0.542s] Level 1:colcon.colcon_core.package_discovery:discover_packages(prefix_path) using defaults
[0.595s] Level 5:colcon.colcon_core.verb:set package 'arduino_hardware_controller' build argument 'cmake_args' from command line to 'None'
[0.595s] Level 5:colcon.colcon_core.verb:set package 'arduino_hardware_controller' build argument 'cmake_target' from command line to 'None'
[0.595s] Level 5:colcon.colcon_core.verb:set package 'arduino_hardware_controller' build argument 'cmake_target_skip_unavailable' from command line to 'False'
[0.595s] Level 5:colcon.colcon_core.verb:set package 'arduino_hardware_controller' build argument 'cmake_clean_cache' from command line to 'False'
[0.595s] Level 5:colcon.colcon_core.verb:set package 'arduino_hardware_controller' build argument 'cmake_clean_first' from command line to 'False'
[0.595s] Level 5:colcon.colcon_core.verb:set package 'arduino_hardware_controller' build argument 'cmake_force_configure' from command line to 'False'
[0.595s] Level 5:colcon.colcon_core.verb:set package 'arduino_hardware_controller' build argument 'ament_cmake_args' from command line to 'None'
[0.595s] Level 5:colcon.colcon_core.verb:set package 'arduino_hardware_controller' build argument 'catkin_cmake_args' from command line to 'None'
[0.596s] Level 5:colcon.colcon_core.verb:set package 'arduino_hardware_controller' build argument 'catkin_skip_building_tests' from command line to 'False'
[0.596s] DEBUG:colcon.colcon_core.verb:Building package 'arduino_hardware_controller' with the following arguments: {'ament_cmake_args': None, 'build_base': '/home/nwhit210/omnicar_2_ws/build/arduino_hardware_controller', 'catkin_cmake_args': None, 'catkin_skip_building_tests': False, 'cmake_args': None, 'cmake_clean_cache': False, 'cmake_clean_first': False, 'cmake_force_configure': False, 'cmake_target': None, 'cmake_target_skip_unavailable': False, 'install_base': '/home/nwhit210/omnicar_2_ws/install/arduino_hardware_controller', 'merge_install': False, 'path': '/home/nwhit210/omnicar_2_ws/src/arduino_controller', 'symlink_install': False, 'test_result_base': None}
[0.596s] Level 5:colcon.colcon_core.verb:set package 'mecanum_drive_controller' build argument 'cmake_args' from command line to 'None'
[0.596s] Level 5:colcon.colcon_core.verb:set package 'mecanum_drive_controller' build argument 'cmake_target' from command line to 'None'
[0.596s] Level 5:colcon.colcon_core.verb:set package 'mecanum_drive_controller' build argument 'cmake_target_skip_unavailable' from command line to 'False'
[0.596s] Level 5:colcon.colcon_core.verb:set package 'mecanum_drive_controller' build argument 'cmake_clean_cache' from command line to 'False'
[0.596s] Level 5:colcon.colcon_core.verb:set package 'mecanum_drive_controller' build argument 'cmake_clean_first' from command line to 'False'
[0.596s] Level 5:colcon.colcon_core.verb:set package 'mecanum_drive_controller' build argument 'cmake_force_configure' from command line to 'False'
[0.596s] Level 5:colcon.colcon_core.verb:set package 'mecanum_drive_controller' build argument 'ament_cmake_args' from command line to 'None'
[0.596s] Level 5:colcon.colcon_core.verb:set package 'mecanum_drive_controller' build argument 'catkin_cmake_args' from command line to 'None'
[0.596s] Level 5:colcon.colcon_core.verb:set package 'mecanum_drive_controller' build argument 'catkin_skip_building_tests' from command line to 'False'
[0.596s] DEBUG:colcon.colcon_core.verb:Building package 'mecanum_drive_controller' with the following arguments: {'ament_cmake_args': None, 'build_base': '/home/nwhit210/omnicar_2_ws/build/mecanum_drive_controller', 'catkin_cmake_args': None, 'catkin_skip_building_tests': False, 'cmake_args': None, 'cmake_clean_cache': False, 'cmake_clean_first': False, 'cmake_force_configure': False, 'cmake_target': None, 'cmake_target_skip_unavailable': False, 'install_base': '/home/nwhit210/omnicar_2_ws/install/mecanum_drive_controller', 'merge_install': False, 'path': '/home/nwhit210/omnicar_2_ws/src/mecanum_drive_controller', 'symlink_install': False, 'test_result_base': None}
[0.597s] Level 5:colcon.colcon_core.verb:set package 'omnicar' build argument 'cmake_args' from command line to 'None'
[0.597s] Level 5:colcon.colcon_core.verb:set package 'omnicar' build argument 'cmake_target' from command line to 'None'
[0.597s] Level 5:colcon.colcon_core.verb:set package 'omnicar' build argument 'cmake_target_skip_unavailable' from command line to 'False'
[0.597s] Level 5:colcon.colcon_core.verb:set package 'omnicar' build argument 'cmake_clean_cache' from command line to 'False'
[0.597s] Level 5:colcon.colcon_core.verb:set package 'omnicar' build argument 'cmake_clean_first' from command line to 'False'
[0.597s] Level 5:colcon.colcon_core.verb:set package 'omnicar' build argument 'cmake_force_configure' from command line to 'False'
[0.597s] Level 5:colcon.colcon_core.verb:set package 'omnicar' build argument 'ament_cmake_args' from command line to 'None'
[0.597s] Level 5:colcon.colcon_core.verb:set package 'omnicar' build argument 'catkin_cmake_args' from command line to 'None'
[0.597s] Level 5:colcon.colcon_core.verb:set package 'omnicar' build argument 'catkin_skip_building_tests' from command line to 'False'
[0.597s] DEBUG:colcon.colcon_core.verb:Building package 'omnicar' with the following arguments: {'ament_cmake_args': None, 'build_base': '/home/nwhit210/omnicar_2_ws/build/omnicar', 'catkin_cmake_args': None, 'catkin_skip_building_tests': False, 'cmake_args': None, 'cmake_clean_cache': False, 'cmake_clean_first': False, 'cmake_force_configure': False, 'cmake_target': None, 'cmake_target_skip_unavailable': False, 'install_base': '/home/nwhit210/omnicar_2_ws/install/omnicar', 'merge_install': False, 'path': '/home/nwhit210/omnicar_2_ws/src/omnicar', 'symlink_install': False, 'test_result_base': None}
[0.597s] INFO:colcon.colcon_core.executor:Executing jobs using 'parallel' executor
[0.599s] DEBUG:colcon.colcon_parallel_executor.executor.parallel:run_until_complete
[0.599s] INFO:colcon.colcon_ros.task.ament_cmake.build:Building ROS package in '/home/nwhit210/omnicar_2_ws/src/arduino_controller' with build type 'ament_cmake'
[0.600s] INFO:colcon.colcon_cmake.task.cmake.build:Building CMake package in '/home/nwhit210/omnicar_2_ws/src/arduino_controller'
[0.603s] INFO:colcon.colcon_core.plugin_system:Skipping extension 'colcon_core.shell.bat': Not used on non-Windows systems
[0.603s] INFO:colcon.colcon_core.shell:Skip shell extension 'powershell' for command environment: Not usable outside of PowerShell
[0.603s] DEBUG:colcon.colcon_core.shell:Skip shell extension 'dsv' for command environment
[0.609s] INFO:colcon.colcon_ros.task.ament_cmake.build:Building ROS package in '/home/nwhit210/omnicar_2_ws/src/mecanum_drive_controller' with build type 'ament_cmake'
[0.610s] INFO:colcon.colcon_cmake.task.cmake.build:Building CMake package in '/home/nwhit210/omnicar_2_ws/src/mecanum_drive_controller'
[0.610s] INFO:colcon.colcon_core.shell:Skip shell extension 'powershell' for command environment: Not usable outside of PowerShell
[0.610s] DEBUG:colcon.colcon_core.shell:Skip shell extension 'dsv' for command environment
[0.617s] INFO:colcon.colcon_ros.task.ament_cmake.build:Building ROS package in '/home/nwhit210/omnicar_2_ws/src/omnicar' with build type 'ament_cmake'
[0.617s] INFO:colcon.colcon_cmake.task.cmake.build:Building CMake package in '/home/nwhit210/omnicar_2_ws/src/omnicar'
[0.618s] INFO:colcon.colcon_core.shell:Skip shell extension 'powershell' for command environment: Not usable outside of PowerShell
[0.618s] DEBUG:colcon.colcon_core.shell:Skip shell extension 'dsv' for command environment
[0.630s] DEBUG:colcon.colcon_core.event_handler.log_command:Invoking command in '/home/nwhit210/omnicar_2_ws/build/arduino_hardware_controller': CMAKE_PREFIX_PATH=${CMAKE_PREFIX_PATH}:/opt/ros/humble /usr/bin/cmake --build /home/nwhit210/omnicar_2_ws/build/arduino_hardware_controller -- -j8 -l8
[0.636s] DEBUG:colcon.colcon_core.event_handler.log_command:Invoking command in '/home/nwhit210/omnicar_2_ws/build/mecanum_drive_controller': CMAKE_PREFIX_PATH=${CMAKE_PREFIX_PATH}:/opt/ros/humble /usr/bin/cmake --build /home/nwhit210/omnicar_2_ws/build/mecanum_drive_controller -- -j8 -l8
[0.651s] DEBUG:colcon.colcon_core.event_handler.log_command:Invoking command in '/home/nwhit210/omnicar_2_ws/build/omnicar': CMAKE_PREFIX_PATH=${CMAKE_PREFIX_PATH}:/opt/ros/humble /usr/bin/cmake --build /home/nwhit210/omnicar_2_ws/build/omnicar -- -j8 -l8
[0.691s] DEBUG:colcon.colcon_core.event_handler.log_command:Invoked command in '/home/nwhit210/omnicar_2_ws/build/omnicar' returned '0': CMAKE_PREFIX_PATH=${CMAKE_PREFIX_PATH}:/opt/ros/humble /usr/bin/cmake --build /home/nwhit210/omnicar_2_ws/build/omnicar -- -j8 -l8
[0.701s] DEBUG:colcon.colcon_core.event_handler.log_command:Invoking command in '/home/nwhit210/omnicar_2_ws/build/omnicar': CMAKE_PREFIX_PATH=${CMAKE_PREFIX_PATH}:/opt/ros/humble /usr/bin/cmake --install /home/nwhit210/omnicar_2_ws/build/omnicar
[0.705s] DEBUG:colcon.colcon_core.event_handler.log_command:Invoked command in '/home/nwhit210/omnicar_2_ws/build/arduino_hardware_controller' returned '0': CMAKE_PREFIX_PATH=${CMAKE_PREFIX_PATH}:/opt/ros/humble /usr/bin/cmake --build /home/nwhit210/omnicar_2_ws/build/arduino_hardware_controller -- -j8 -l8
[0.706s] DEBUG:colcon.colcon_core.event_handler.log_command:Invoking command in '/home/nwhit210/omnicar_2_ws/build/arduino_hardware_controller': CMAKE_PREFIX_PATH=${CMAKE_PREFIX_PATH}:/opt/ros/humble /usr/bin/cmake --install /home/nwhit210/omnicar_2_ws/build/arduino_hardware_controller
[0.715s] Level 1:colcon.colcon_core.environment:create_environment_scripts_only(omnicar)
[0.723s] DEBUG:colcon.colcon_core.event_handler.log_command:Invoked command in '/home/nwhit210/omnicar_2_ws/build/omnicar' returned '0': CMAKE_PREFIX_PATH=${CMAKE_PREFIX_PATH}:/opt/ros/humble /usr/bin/cmake --install /home/nwhit210/omnicar_2_ws/build/omnicar
[0.731s] Level 1:colcon.colcon_core.environment:checking '/home/nwhit210/omnicar_2_ws/install/omnicar' for CMake module files
[0.732s] Level 1:colcon.colcon_core.environment:checking '/home/nwhit210/omnicar_2_ws/install/omnicar' for CMake config files
[0.732s] Level 1:colcon.colcon_core.shell:create_environment_hook('omnicar', 'cmake_prefix_path')
[0.732s] INFO:colcon.colcon_core.shell:Creating environment hook '/home/nwhit210/omnicar_2_ws/install/omnicar/share/omnicar/hook/cmake_prefix_path.ps1'
[0.733s] INFO:colcon.colcon_core.shell:Creating environment descriptor '/home/nwhit210/omnicar_2_ws/install/omnicar/share/omnicar/hook/cmake_prefix_path.dsv'
[0.734s] INFO:colcon.colcon_core.shell:Creating environment hook '/home/nwhit210/omnicar_2_ws/install/omnicar/share/omnicar/hook/cmake_prefix_path.sh'
[0.735s] Level 1:colcon.colcon_core.environment:checking '/home/nwhit210/omnicar_2_ws/install/omnicar/bin'
[0.736s] Level 1:colcon.colcon_core.environment:checking '/home/nwhit210/omnicar_2_ws/install/omnicar/lib/pkgconfig/omnicar.pc'
[0.736s] Level 1:colcon.colcon_core.environment:checking '/home/nwhit210/omnicar_2_ws/install/omnicar/lib/python3.10/site-packages'
[0.736s] Level 1:colcon.colcon_core.environment:checking '/home/nwhit210/omnicar_2_ws/install/omnicar/bin'
[0.736s] INFO:colcon.colcon_core.shell:Creating package script '/home/nwhit210/omnicar_2_ws/install/omnicar/share/omnicar/package.ps1'
[0.737s] INFO:colcon.colcon_core.shell:Creating package descriptor '/home/nwhit210/omnicar_2_ws/install/omnicar/share/omnicar/package.dsv'
[0.738s] INFO:colcon.colcon_core.shell:Creating package script '/home/nwhit210/omnicar_2_ws/install/omnicar/share/omnicar/package.sh'
[0.739s] INFO:colcon.colcon_core.shell:Creating package script '/home/nwhit210/omnicar_2_ws/install/omnicar/share/omnicar/package.bash'
[0.739s] INFO:colcon.colcon_core.shell:Creating package script '/home/nwhit210/omnicar_2_ws/install/omnicar/share/omnicar/package.zsh'
[0.740s] Level 1:colcon.colcon_core.environment:create_file_with_runtime_dependencies(/home/nwhit210/omnicar_2_ws/install/omnicar/share/colcon-core/packages/omnicar)
[0.740s] Level 1:colcon.colcon_core.environment:create_environment_scripts_only(omnicar)
[0.741s] Level 1:colcon.colcon_core.environment:checking '/home/nwhit210/omnicar_2_ws/install/omnicar' for CMake module files
[0.741s] Level 1:colcon.colcon_core.environment:checking '/home/nwhit210/omnicar_2_ws/install/omnicar' for CMake config files
[0.741s] Level 1:colcon.colcon_core.shell:create_environment_hook('omnicar', 'cmake_prefix_path')
[0.741s] INFO:colcon.colcon_core.shell:Creating environment hook '/home/nwhit210/omnicar_2_ws/install/omnicar/share/omnicar/hook/cmake_prefix_path.ps1'
[0.742s] INFO:colcon.colcon_core.shell:Creating environment descriptor '/home/nwhit210/omnicar_2_ws/install/omnicar/share/omnicar/hook/cmake_prefix_path.dsv'
[0.742s] INFO:colcon.colcon_core.shell:Creating environment hook '/home/nwhit210/omnicar_2_ws/install/omnicar/share/omnicar/hook/cmake_prefix_path.sh'
[0.743s] Level 1:colcon.colcon_core.environment:checking '/home/nwhit210/omnicar_2_ws/install/omnicar/bin'
[0.743s] Level 1:colcon.colcon_core.environment:checking '/home/nwhit210/omnicar_2_ws/install/omnicar/lib/pkgconfig/omnicar.pc'
[0.743s] Level 1:colcon.colcon_core.environment:checking '/home/nwhit210/omnicar_2_ws/install/omnicar/lib/python3.10/site-packages'
[0.743s] Level 1:colcon.colcon_core.environment:checking '/home/nwhit210/omnicar_2_ws/install/omnicar/bin'
[0.744s] INFO:colcon.colcon_core.shell:Creating package script '/home/nwhit210/omnicar_2_ws/install/omnicar/share/omnicar/package.ps1'
[0.744s] INFO:colcon.colcon_core.shell:Creating package descriptor '/home/nwhit210/omnicar_2_ws/install/omnicar/share/omnicar/package.dsv'
[0.745s] INFO:colcon.colcon_core.shell:Creating package script '/home/nwhit210/omnicar_2_ws/install/omnicar/share/omnicar/package.sh'
[0.745s] INFO:colcon.colcon_core.shell:Creating package script '/home/nwhit210/omnicar_2_ws/install/omnicar/share/omnicar/package.bash'
[0.746s] INFO:colcon.colcon_core.shell:Creating package script '/home/nwhit210/omnicar_2_ws/install/omnicar/share/omnicar/package.zsh'
[0.746s] Level 1:colcon.colcon_core.environment:create_file_with_runtime_dependencies(/home/nwhit210/omnicar_2_ws/install/omnicar/share/colcon-core/packages/omnicar)
[0.748s] Level 1:colcon.colcon_core.environment:create_environment_scripts_only(arduino_hardware_controller)
[0.748s] DEBUG:colcon.colcon_core.event_handler.log_command:Invoked command in '/home/nwhit210/omnicar_2_ws/build/arduino_hardware_controller' returned '0': CMAKE_PREFIX_PATH=${CMAKE_PREFIX_PATH}:/opt/ros/humble /usr/bin/cmake --install /home/nwhit210/omnicar_2_ws/build/arduino_hardware_controller
[0.749s] Level 1:colcon.colcon_core.environment:checking '/home/nwhit210/omnicar_2_ws/install/arduino_hardware_controller' for CMake module files
[0.750s] Level 1:colcon.colcon_core.environment:checking '/home/nwhit210/omnicar_2_ws/install/arduino_hardware_controller' for CMake config files
[0.750s] Level 1:colcon.colcon_core.shell:create_environment_hook('arduino_hardware_controller', 'cmake_prefix_path')
[0.750s] INFO:colcon.colcon_core.shell:Creating environment hook '/home/nwhit210/omnicar_2_ws/install/arduino_hardware_controller/share/arduino_hardware_controller/hook/cmake_prefix_path.ps1'
[0.751s] INFO:colcon.colcon_core.shell:Creating environment descriptor '/home/nwhit210/omnicar_2_ws/install/arduino_hardware_controller/share/arduino_hardware_controller/hook/cmake_prefix_path.dsv'
[0.752s] INFO:colcon.colcon_core.shell:Creating environment hook '/home/nwhit210/omnicar_2_ws/install/arduino_hardware_controller/share/arduino_hardware_controller/hook/cmake_prefix_path.sh'
[0.753s] Level 1:colcon.colcon_core.environment:checking '/home/nwhit210/omnicar_2_ws/install/arduino_hardware_controller/lib'
[0.754s] Level 1:colcon.colcon_core.shell:create_environment_hook('arduino_hardware_controller', 'ld_library_path_lib')
[0.755s] INFO:colcon.colcon_core.shell:Creating environment hook '/home/nwhit210/omnicar_2_ws/install/arduino_hardware_controller/share/arduino_hardware_controller/hook/ld_library_path_lib.ps1'
[0.756s] INFO:colcon.colcon_core.shell:Creating environment descriptor '/home/nwhit210/omnicar_2_ws/install/arduino_hardware_controller/share/arduino_hardware_controller/hook/ld_library_path_lib.dsv'
[0.757s] INFO:colcon.colcon_core.shell:Creating environment hook '/home/nwhit210/omnicar_2_ws/install/arduino_hardware_controller/share/arduino_hardware_controller/hook/ld_library_path_lib.sh'
[0.758s] Level 1:colcon.colcon_core.environment:checking '/home/nwhit210/omnicar_2_ws/install/arduino_hardware_controller/bin'
[0.758s] Level 1:colcon.colcon_core.environment:checking '/home/nwhit210/omnicar_2_ws/install/arduino_hardware_controller/lib/pkgconfig/arduino_hardware_controller.pc'
[0.758s] Level 1:colcon.colcon_core.environment:checking '/home/nwhit210/omnicar_2_ws/install/arduino_hardware_controller/lib/python3.10/site-packages'
[0.759s] Level 1:colcon.colcon_core.environment:checking '/home/nwhit210/omnicar_2_ws/install/arduino_hardware_controller/bin'
[0.760s] INFO:colcon.colcon_core.shell:Creating package script '/home/nwhit210/omnicar_2_ws/install/arduino_hardware_controller/share/arduino_hardware_controller/package.ps1'
[0.762s] INFO:colcon.colcon_core.shell:Creating package descriptor '/home/nwhit210/omnicar_2_ws/install/arduino_hardware_controller/share/arduino_hardware_controller/package.dsv'
[0.763s] INFO:colcon.colcon_core.shell:Creating package script '/home/nwhit210/omnicar_2_ws/install/arduino_hardware_controller/share/arduino_hardware_controller/package.sh'
[0.764s] INFO:colcon.colcon_core.shell:Creating package script '/home/nwhit210/omnicar_2_ws/install/arduino_hardware_controller/share/arduino_hardware_controller/package.bash'
[0.765s] INFO:colcon.colcon_core.shell:Creating package script '/home/nwhit210/omnicar_2_ws/install/arduino_hardware_controller/share/arduino_hardware_controller/package.zsh'
[0.766s] Level 1:colcon.colcon_core.environment:create_file_with_runtime_dependencies(/home/nwhit210/omnicar_2_ws/install/arduino_hardware_controller/share/colcon-core/packages/arduino_hardware_controller)
[0.767s] Level 1:colcon.colcon_core.environment:create_environment_scripts_only(arduino_hardware_controller)
[0.767s] Level 1:colcon.colcon_core.environment:checking '/home/nwhit210/omnicar_2_ws/install/arduino_hardware_controller' for CMake module files
[0.768s] Level 1:colcon.colcon_core.environment:checking '/home/nwhit210/omnicar_2_ws/install/arduino_hardware_controller' for CMake config files
[0.769s] Level 1:colcon.colcon_core.shell:create_environment_hook('arduino_hardware_controller', 'cmake_prefix_path')
[0.769s] INFO:colcon.colcon_core.shell:Creating environment hook '/home/nwhit210/omnicar_2_ws/install/arduino_hardware_controller/share/arduino_hardware_controller/hook/cmake_prefix_path.ps1'
[0.769s] INFO:colcon.colcon_core.shell:Creating environment descriptor '/home/nwhit210/omnicar_2_ws/install/arduino_hardware_controller/share/arduino_hardware_controller/hook/cmake_prefix_path.dsv'
[0.770s] INFO:colcon.colcon_core.shell:Creating environment hook '/home/nwhit210/omnicar_2_ws/install/arduino_hardware_controller/share/arduino_hardware_controller/hook/cmake_prefix_path.sh'
[0.770s] Level 1:colcon.colcon_core.environment:checking '/home/nwhit210/omnicar_2_ws/install/arduino_hardware_controller/lib'
[0.771s] Level 1:colcon.colcon_core.shell:create_environment_hook('arduino_hardware_controller', 'ld_library_path_lib')
[0.771s] INFO:colcon.colcon_core.shell:Creating environment hook '/home/nwhit210/omnicar_2_ws/install/arduino_hardware_controller/share/arduino_hardware_controller/hook/ld_library_path_lib.ps1'
[0.771s] INFO:colcon.colcon_core.shell:Creating environment descriptor '/home/nwhit210/omnicar_2_ws/install/arduino_hardware_controller/share/arduino_hardware_controller/hook/ld_library_path_lib.dsv'
[0.772s] INFO:colcon.colcon_core.shell:Creating environment hook '/home/nwhit210/omnicar_2_ws/install/arduino_hardware_controller/share/arduino_hardware_controller/hook/ld_library_path_lib.sh'
[0.772s] Level 1:colcon.colcon_core.environment:checking '/home/nwhit210/omnicar_2_ws/install/arduino_hardware_controller/bin'
[0.772s] Level 1:colcon.colcon_core.environment:checking '/home/nwhit210/omnicar_2_ws/install/arduino_hardware_controller/lib/pkgconfig/arduino_hardware_controller.pc'
[0.772s] Level 1:colcon.colcon_core.environment:checking '/home/nwhit210/omnicar_2_ws/install/arduino_hardware_controller/lib/python3.10/site-packages'
[0.772s] Level 1:colcon.colcon_core.environment:checking '/home/nwhit210/omnicar_2_ws/install/arduino_hardware_controller/bin'
[0.773s] INFO:colcon.colcon_core.shell:Creating package script '/home/nwhit210/omnicar_2_ws/install/arduino_hardware_controller/share/arduino_hardware_controller/package.ps1'
[0.773s] INFO:colcon.colcon_core.shell:Creating package descriptor '/home/nwhit210/omnicar_2_ws/install/arduino_hardware_controller/share/arduino_hardware_controller/package.dsv'
[0.774s] INFO:colcon.colcon_core.shell:Creating package script '/home/nwhit210/omnicar_2_ws/install/arduino_hardware_controller/share/arduino_hardware_controller/package.sh'
[0.774s] INFO:colcon.colcon_core.shell:Creating package script '/home/nwhit210/omnicar_2_ws/install/arduino_hardware_controller/share/arduino_hardware_controller/package.bash'
[0.774s] INFO:colcon.colcon_core.shell:Creating package script '/home/nwhit210/omnicar_2_ws/install/arduino_hardware_controller/share/arduino_hardware_controller/package.zsh'
[0.774s] Level 1:colcon.colcon_core.environment:create_file_with_runtime_dependencies(/home/nwhit210/omnicar_2_ws/install/arduino_hardware_controller/share/colcon-core/packages/arduino_hardware_controller)
[0.782s] DEBUG:colcon.colcon_core.event_handler.log_command:Invoked command in '/home/nwhit210/omnicar_2_ws/build/mecanum_drive_controller' returned '0': CMAKE_PREFIX_PATH=${CMAKE_PREFIX_PATH}:/opt/ros/humble /usr/bin/cmake --build /home/nwhit210/omnicar_2_ws/build/mecanum_drive_controller -- -j8 -l8
[0.786s] DEBUG:colcon.colcon_core.event_handler.log_command:Invoking command in '/home/nwhit210/omnicar_2_ws/build/mecanum_drive_controller': CMAKE_PREFIX_PATH=${CMAKE_PREFIX_PATH}:/opt/ros/humble /usr/bin/cmake --install /home/nwhit210/omnicar_2_ws/build/mecanum_drive_controller
[0.797s] Level 1:colcon.colcon_core.environment:create_environment_scripts_only(mecanum_drive_controller)
[0.798s] Level 1:colcon.colcon_core.environment:checking '/home/nwhit210/omnicar_2_ws/install/mecanum_drive_controller' for CMake module files
[0.806s] Level 1:colcon.colcon_core.environment:checking '/home/nwhit210/omnicar_2_ws/install/mecanum_drive_controller' for CMake config files
[0.810s] DEBUG:colcon.colcon_core.event_handler.log_command:Invoked command in '/home/nwhit210/omnicar_2_ws/build/mecanum_drive_controller' returned '0': CMAKE_PREFIX_PATH=${CMAKE_PREFIX_PATH}:/opt/ros/humble /usr/bin/cmake --install /home/nwhit210/omnicar_2_ws/build/mecanum_drive_controller
[0.810s] Level 1:colcon.colcon_core.shell:create_environment_hook('mecanum_drive_controller', 'cmake_prefix_path')
[0.811s] INFO:colcon.colcon_core.shell:Creating environment hook '/home/nwhit210/omnicar_2_ws/install/mecanum_drive_controller/share/mecanum_drive_controller/hook/cmake_prefix_path.ps1'
[0.811s] INFO:colcon.colcon_core.shell:Creating environment descriptor '/home/nwhit210/omnicar_2_ws/install/mecanum_drive_controller/share/mecanum_drive_controller/hook/cmake_prefix_path.dsv'
[0.812s] INFO:colcon.colcon_core.shell:Creating environment hook '/home/nwhit210/omnicar_2_ws/install/mecanum_drive_controller/share/mecanum_drive_controller/hook/cmake_prefix_path.sh'
[0.813s] Level 1:colcon.colcon_core.environment:checking '/home/nwhit210/omnicar_2_ws/install/mecanum_drive_controller/lib'
[0.813s] Level 1:colcon.colcon_core.shell:create_environment_hook('mecanum_drive_controller', 'ld_library_path_lib')
[0.813s] INFO:colcon.colcon_core.shell:Creating environment hook '/home/nwhit210/omnicar_2_ws/install/mecanum_drive_controller/share/mecanum_drive_controller/hook/ld_library_path_lib.ps1'
[0.814s] INFO:colcon.colcon_core.shell:Creating environment descriptor '/home/nwhit210/omnicar_2_ws/install/mecanum_drive_controller/share/mecanum_drive_controller/hook/ld_library_path_lib.dsv'
[0.815s] INFO:colcon.colcon_core.shell:Creating environment hook '/home/nwhit210/omnicar_2_ws/install/mecanum_drive_controller/share/mecanum_drive_controller/hook/ld_library_path_lib.sh'
[0.816s] Level 1:colcon.colcon_core.environment:checking '/home/nwhit210/omnicar_2_ws/install/mecanum_drive_controller/bin'
[0.816s] Level 1:colcon.colcon_core.environment:checking '/home/nwhit210/omnicar_2_ws/install/mecanum_drive_controller/lib/pkgconfig/mecanum_drive_controller.pc'
[0.816s] Level 1:colcon.colcon_core.environment:checking '/home/nwhit210/omnicar_2_ws/install/mecanum_drive_controller/lib/python3.10/site-packages'
[0.817s] Level 1:colcon.colcon_core.environment:checking '/home/nwhit210/omnicar_2_ws/install/mecanum_drive_controller/bin'
[0.817s] INFO:colcon.colcon_core.shell:Creating package script '/home/nwhit210/omnicar_2_ws/install/mecanum_drive_controller/share/mecanum_drive_controller/package.ps1'
[0.819s] INFO:colcon.colcon_core.shell:Creating package descriptor '/home/nwhit210/omnicar_2_ws/install/mecanum_drive_controller/share/mecanum_drive_controller/package.dsv'
[0.820s] INFO:colcon.colcon_core.shell:Creating package script '/home/nwhit210/omnicar_2_ws/install/mecanum_drive_controller/share/mecanum_drive_controller/package.sh'
[0.820s] INFO:colcon.colcon_core.shell:Creating package script '/home/nwhit210/omnicar_2_ws/install/mecanum_drive_controller/share/mecanum_drive_controller/package.bash'
[0.821s] INFO:colcon.colcon_core.shell:Creating package script '/home/nwhit210/omnicar_2_ws/install/mecanum_drive_controller/share/mecanum_drive_controller/package.zsh'
[0.821s] Level 1:colcon.colcon_core.environment:create_file_with_runtime_dependencies(/home/nwhit210/omnicar_2_ws/install/mecanum_drive_controller/share/colcon-core/packages/mecanum_drive_controller)
[0.822s] Level 1:colcon.colcon_core.environment:create_environment_scripts_only(mecanum_drive_controller)
[0.823s] Level 1:colcon.colcon_core.environment:checking '/home/nwhit210/omnicar_2_ws/install/mecanum_drive_controller' for CMake module files
[0.823s] Level 1:colcon.colcon_core.environment:checking '/home/nwhit210/omnicar_2_ws/install/mecanum_drive_controller' for CMake config files
[0.824s] Level 1:colcon.colcon_core.shell:create_environment_hook('mecanum_drive_controller', 'cmake_prefix_path')
[0.824s] INFO:colcon.colcon_core.shell:Creating environment hook '/home/nwhit210/omnicar_2_ws/install/mecanum_drive_controller/share/mecanum_drive_controller/hook/cmake_prefix_path.ps1'
[0.825s] INFO:colcon.colcon_core.shell:Creating environment descriptor '/home/nwhit210/omnicar_2_ws/install/mecanum_drive_controller/share/mecanum_drive_controller/hook/cmake_prefix_path.dsv'
[0.825s] INFO:colcon.colcon_core.shell:Creating environment hook '/home/nwhit210/omnicar_2_ws/install/mecanum_drive_controller/share/mecanum_drive_controller/hook/cmake_prefix_path.sh'
[0.826s] Level 1:colcon.colcon_core.environment:checking '/home/nwhit210/omnicar_2_ws/install/mecanum_drive_controller/lib'
[0.826s] Level 1:colcon.colcon_core.shell:create_environment_hook('mecanum_drive_controller', 'ld_library_path_lib')
[0.827s] INFO:colcon.colcon_core.shell:Creating environment hook '/home/nwhit210/omnicar_2_ws/install/mecanum_drive_controller/share/mecanum_drive_controller/hook/ld_library_path_lib.ps1'
[0.827s] INFO:colcon.colcon_core.shell:Creating environment descriptor '/home/nwhit210/omnicar_2_ws/install/mecanum_drive_controller/share/mecanum_drive_controller/hook/ld_library_path_lib.dsv'
[0.828s] INFO:colcon.colcon_core.shell:Creating environment hook '/home/nwhit210/omnicar_2_ws/install/mecanum_drive_controller/share/mecanum_drive_controller/hook/ld_library_path_lib.sh'
[0.828s] Level 1:colcon.colcon_core.environment:checking '/home/nwhit210/omnicar_2_ws/install/mecanum_drive_controller/bin'
[0.829s] Level 1:colcon.colcon_core.environment:checking '/home/nwhit210/omnicar_2_ws/install/mecanum_drive_controller/lib/pkgconfig/mecanum_drive_controller.pc'
[0.829s] Level 1:colcon.colcon_core.environment:checking '/home/nwhit210/omnicar_2_ws/install/mecanum_drive_controller/lib/python3.10/site-packages'
[0.829s] Level 1:colcon.colcon_core.environment:checking '/home/nwhit210/omnicar_2_ws/install/mecanum_drive_controller/bin'
[0.830s] INFO:colcon.colcon_core.shell:Creating package script '/home/nwhit210/omnicar_2_ws/install/mecanum_drive_controller/share/mecanum_drive_controller/package.ps1'
[0.831s] INFO:colcon.colcon_core.shell:Creating package descriptor '/home/nwhit210/omnicar_2_ws/install/mecanum_drive_controller/share/mecanum_drive_controller/package.dsv'
[0.831s] INFO:colcon.colcon_core.shell:Creating package script '/home/nwhit210/omnicar_2_ws/install/mecanum_drive_controller/share/mecanum_drive_controller/package.sh'
[0.832s] INFO:colcon.colcon_core.shell:Creating package script '/home/nwhit210/omnicar_2_ws/install/mecanum_drive_controller/share/mecanum_drive_controller/package.bash'
[0.833s] INFO:colcon.colcon_core.shell:Creating package script '/home/nwhit210/omnicar_2_ws/install/mecanum_drive_controller/share/mecanum_drive_controller/package.zsh'
[0.833s] Level 1:colcon.colcon_core.environment:create_file_with_runtime_dependencies(/home/nwhit210/omnicar_2_ws/install/mecanum_drive_controller/share/colcon-core/packages/mecanum_drive_controller)
[0.834s] DEBUG:colcon.colcon_parallel_executor.executor.parallel:closing loop
[0.835s] DEBUG:colcon.colcon_parallel_executor.executor.parallel:loop closed
[0.836s] DEBUG:colcon.colcon_parallel_executor.executor.parallel:run_until_complete finished with '0'
[0.836s] DEBUG:colcon.colcon_core.event_reactor:joining thread
[0.921s] INFO:colcon.colcon_core.plugin_system:Skipping extension 'colcon_notification.desktop_notification.notify_send': Could not find 'notify-send'
[0.921s] INFO:colcon.colcon_core.plugin_system:Skipping extension 'colcon_notification.desktop_notification.terminal_notifier': Not used on non-Darwin systems
[0.921s] INFO:colcon.colcon_core.plugin_system:Skipping extension 'colcon_notification.desktop_notification.win32': Not used on non-Windows systems
[0.921s] INFO:colcon.colcon_notification.desktop_notification:Sending desktop notification using 'notify2'
[0.921s] DEBUG:colcon.colcon_notification.desktop_notification.notify2:Failed to initialize notify2: org.freedesktop.DBus.Error.FileNotFound: Failed to connect to socket /run/user/1000/bus: No such file or directory
[0.922s] DEBUG:colcon.colcon_core.event_reactor:joined thread
[0.922s] INFO:colcon.colcon_core.shell:Creating prefix script '/home/nwhit210/omnicar_2_ws/install/local_setup.ps1'
[0.924s] INFO:colcon.colcon_core.shell:Creating prefix util module '/home/nwhit210/omnicar_2_ws/install/_local_setup_util_ps1.py'
[0.925s] INFO:colcon.colcon_core.shell:Creating prefix chain script '/home/nwhit210/omnicar_2_ws/install/setup.ps1'
[0.926s] INFO:colcon.colcon_core.shell:Creating prefix script '/home/nwhit210/omnicar_2_ws/install/local_setup.sh'
[0.927s] INFO:colcon.colcon_core.shell:Creating prefix util module '/home/nwhit210/omnicar_2_ws/install/_local_setup_util_sh.py'
[0.927s] INFO:colcon.colcon_core.shell:Creating prefix chain script '/home/nwhit210/omnicar_2_ws/install/setup.sh'
[0.928s] INFO:colcon.colcon_core.shell:Creating prefix script '/home/nwhit210/omnicar_2_ws/install/local_setup.bash'
[0.928s] INFO:colcon.colcon_core.shell:Creating prefix chain script '/home/nwhit210/omnicar_2_ws/install/setup.bash'
[0.929s] INFO:colcon.colcon_core.shell:Creating prefix script '/home/nwhit210/omnicar_2_ws/install/local_setup.zsh'
[0.929s] INFO:colcon.colcon_core.shell:Creating prefix chain script '/home/nwhit210/omnicar_2_ws/install/setup.zsh'
