[0.086s] Invoking command in '/home/pi/omnicar_ws/build/omnicar': CMAKE_PREFIX_PATH=${CMAKE_PREFIX_PATH}:/opt/ros/humble /usr/bin/cmake --build /home/pi/omnicar_ws/build/omnicar -- -j4 -l4
[0.275s] Invoked command in '/home/pi/omnicar_ws/build/omnicar' returned '0': CMAKE_PREFIX_PATH=${CMAKE_PREFIX_PATH}:/opt/ros/humble /usr/bin/cmake --build /home/pi/omnicar_ws/build/omnicar -- -j4 -l4
[0.325s] Invoking command in '/home/pi/omnicar_ws/build/omnicar': CMAKE_PREFIX_PATH=${CMAKE_PREFIX_PATH}:/opt/ros/humble /usr/bin/cmake --install /home/pi/omnicar_ws/build/omnicar
[0.356s] -- Install configuration: ""
[0.357s] -- Up-to-date: /home/pi/omnicar_ws/install/omnicar/share/omnicar/config
[0.360s] -- Up-to-date: /home/pi/omnicar_ws/install/omnicar/share/omnicar/config/my_controllers.yaml
[0.362s] -- Up-to-date: /home/pi/omnicar_ws/install/omnicar/share/omnicar/config/joystick.yaml
[0.364s] -- Up-to-date: /home/pi/omnicar_ws/install/omnicar/share/omnicar/config/sim.yaml
[0.367s] -- Up-to-date: /home/pi/omnicar_ws/install/omnicar/share/omnicar/config/empty.yaml
[0.368s] -- Up-to-date: /home/pi/omnicar_ws/install/omnicar/share/omnicar/description
[0.370s] -- Installing: /home/pi/omnicar_ws/install/omnicar/share/omnicar/description/ros2_control.xacro
[0.370s] -- Up-to-date: /home/pi/omnicar_ws/install/omnicar/share/omnicar/description/urdf
[0.375s] -- Up-to-date: /home/pi/omnicar_ws/install/omnicar/share/omnicar/description/urdf/mecanum_wheel.urdf.xacro
[0.376s] -- Up-to-date: /home/pi/omnicar_ws/install/omnicar/share/omnicar/description/urdf/rollers.xacro
[0.377s] -- Up-to-date: /home/pi/omnicar_ws/install/omnicar/share/omnicar/description/urdf/wheel.xacro
[0.378s] -- Up-to-date: /home/pi/omnicar_ws/install/omnicar/share/omnicar/description/urdf/mecanum_wheel_macro.xacro
[0.378s] -- Up-to-date: /home/pi/omnicar_ws/install/omnicar/share/omnicar/description/camera.xacro
[0.378s] -- Up-to-date: /home/pi/omnicar_ws/install/omnicar/share/omnicar/description/robot.urdf.xacro
[0.379s] -- Up-to-date: /home/pi/omnicar_ws/install/omnicar/share/omnicar/description/robot_core.xacro
[0.390s] -- Up-to-date: /home/pi/omnicar_ws/install/omnicar/share/omnicar/description/mesh
[0.391s] -- Up-to-date: /home/pi/omnicar_ws/install/omnicar/share/omnicar/description/mesh/collision
[0.391s] -- Up-to-date: /home/pi/omnicar_ws/install/omnicar/share/omnicar/description/mesh/collision/wheel.stl
[0.392s] -- Up-to-date: /home/pi/omnicar_ws/install/omnicar/share/omnicar/description/mesh/collision/roller.stl
[0.393s] -- Up-to-date: /home/pi/omnicar_ws/install/omnicar/share/omnicar/description/mesh/visual
[0.393s] -- Up-to-date: /home/pi/omnicar_ws/install/omnicar/share/omnicar/description/mesh/visual/wheel.dae
[0.394s] -- Up-to-date: /home/pi/omnicar_ws/install/omnicar/share/omnicar/description/mesh/visual/roller.dae
[0.394s] -- Up-to-date: /home/pi/omnicar_ws/install/omnicar/share/omnicar/launch
[0.395s] -- Up-to-date: /home/pi/omnicar_ws/install/omnicar/share/omnicar/launch/__pycache__
[0.411s] -- Up-to-date: /home/pi/omnicar_ws/install/omnicar/share/omnicar/launch/__pycache__/launch_sim.cpython-310.pyc
[0.412s] -- Up-to-date: /home/pi/omnicar_ws/install/omnicar/share/omnicar/launch/__pycache__/launch.cpython-310.pyc
[0.413s] -- Up-to-date: /home/pi/omnicar_ws/install/omnicar/share/omnicar/launch/launch_bot.launch.py
[0.415s] -- Up-to-date: /home/pi/omnicar_ws/install/omnicar/share/omnicar/launch/joystick.launch.py
[0.416s] -- Up-to-date: /home/pi/omnicar_ws/install/omnicar/share/omnicar/launch/launch_sim.launch.py
[0.416s] -- Up-to-date: /home/pi/omnicar_ws/install/omnicar/share/omnicar/launch/rsp.launch.py
[0.417s] -- Up-to-date: /home/pi/omnicar_ws/install/omnicar/share/omnicar/launch/joint_pub.launch.py
[0.417s] -- Up-to-date: /home/pi/omnicar_ws/install/omnicar/share/omnicar/worlds
[0.418s] -- Up-to-date: /home/pi/omnicar_ws/install/omnicar/share/omnicar/worlds/empty.world
[0.418s] -- Up-to-date: /home/pi/omnicar_ws/install/omnicar/share/ament_index/resource_index/package_run_dependencies/omnicar
[0.419s] -- Up-to-date: /home/pi/omnicar_ws/install/omnicar/share/ament_index/resource_index/parent_prefix_path/omnicar
[0.420s] -- Up-to-date: /home/pi/omnicar_ws/install/omnicar/share/omnicar/environment/ament_prefix_path.sh
[0.421s] -- Up-to-date: /home/pi/omnicar_ws/install/omnicar/share/omnicar/environment/ament_prefix_path.dsv
[0.421s] -- Up-to-date: /home/pi/omnicar_ws/install/omnicar/share/omnicar/environment/path.sh
[0.421s] -- Up-to-date: /home/pi/omnicar_ws/install/omnicar/share/omnicar/environment/path.dsv
[0.422s] -- Up-to-date: /home/pi/omnicar_ws/install/omnicar/share/omnicar/local_setup.bash
[0.422s] -- Up-to-date: /home/pi/omnicar_ws/install/omnicar/share/omnicar/local_setup.sh
[0.422s] -- Up-to-date: /home/pi/omnicar_ws/install/omnicar/share/omnicar/local_setup.zsh
[0.423s] -- Up-to-date: /home/pi/omnicar_ws/install/omnicar/share/omnicar/local_setup.dsv
[0.424s] -- Installing: /home/pi/omnicar_ws/install/omnicar/share/omnicar/package.dsv
[0.424s] -- Up-to-date: /home/pi/omnicar_ws/install/omnicar/share/ament_index/resource_index/packages/omnicar
[0.425s] -- Up-to-date: /home/pi/omnicar_ws/install/omnicar/share/omnicar/cmake/omnicarConfig.cmake
[0.425s] -- Up-to-date: /home/pi/omnicar_ws/install/omnicar/share/omnicar/cmake/omnicarConfig-version.cmake
[0.426s] -- Up-to-date: /home/pi/omnicar_ws/install/omnicar/share/omnicar/package.xml
[0.426s] Invoked command in '/home/pi/omnicar_ws/build/omnicar' returned '0': CMAKE_PREFIX_PATH=${CMAKE_PREFIX_PATH}:/opt/ros/humble /usr/bin/cmake --install /home/pi/omnicar_ws/build/omnicar
