[0.032s] Invoking command in '/home/nwhit210/omnicar_ws/build/omnicar': CMAKE_PREFIX_PATH=${CMAKE_PREFIX_PATH}:/opt/ros/humble /usr/bin/cmake /home/nwhit210/omnicar_ws/src/omnicar -DCMAKE_INSTALL_PREFIX=/home/nwhit210/omnicar_ws/install/omnicar
[0.507s] -- The C compiler identification is GNU 11.4.0
[2.667s] -- The CXX compiler identification is GNU 11.4.0
[3.953s] -- Detecting C compiler ABI info
[4.509s] -- Detecting C compiler ABI info - done
[4.526s] -- Check for working C compiler: /usr/bin/cc - skipped
[4.527s] -- Detecting C compile features
[4.527s] -- Detecting C compile features - done
[4.536s] -- Detecting CXX compiler ABI info
[5.134s] -- Detecting CXX compiler ABI info - done
[5.149s] -- Check for working CXX compiler: /usr/bin/c++ - skipped
[5.150s] -- Detecting CXX compile features
[5.151s] -- Detecting CXX compile features - done
[5.156s] -- Found ament_cmake: 1.3.11 (/opt/ros/humble/share/ament_cmake/cmake)
[5.558s] -- Found Python3: /usr/bin/python3 (found version "3.10.12") found components: Interpreter 
[5.813s] -- Found ament_lint_auto: 0.12.11 (/opt/ros/humble/share/ament_lint_auto/cmake)
[6.025s] -- Added test 'copyright' to check source files copyright and LICENSE
[6.036s] -- Added test 'flake8' to check Python code syntax and style conventions
[6.038s] -- Added test 'lint_cmake' to check CMake code style
[6.041s] -- Added test 'pep257' to check Python code against some of the docstring style conventions in PEP 257
[6.048s] -- Added test 'xmllint' to check XML markup files
[6.054s] -- Configuring done
[6.066s] -- Generating done
[6.075s] -- Build files have been written to: /home/nwhit210/omnicar_ws/build/omnicar
[6.086s] Invoked command in '/home/nwhit210/omnicar_ws/build/omnicar' returned '0': CMAKE_PREFIX_PATH=${CMAKE_PREFIX_PATH}:/opt/ros/humble /usr/bin/cmake /home/nwhit210/omnicar_ws/src/omnicar -DCMAKE_INSTALL_PREFIX=/home/nwhit210/omnicar_ws/install/omnicar
[6.094s] Invoking command in '/home/nwhit210/omnicar_ws/build/omnicar': CMAKE_PREFIX_PATH=${CMAKE_PREFIX_PATH}:/opt/ros/humble /usr/bin/cmake --build /home/nwhit210/omnicar_ws/build/omnicar -- -j8 -l8
[6.170s] Invoked command in '/home/nwhit210/omnicar_ws/build/omnicar' returned '0': CMAKE_PREFIX_PATH=${CMAKE_PREFIX_PATH}:/opt/ros/humble /usr/bin/cmake --build /home/nwhit210/omnicar_ws/build/omnicar -- -j8 -l8
[6.198s] Invoking command in '/home/nwhit210/omnicar_ws/build/omnicar': CMAKE_PREFIX_PATH=${CMAKE_PREFIX_PATH}:/opt/ros/humble /usr/bin/cmake --install /home/nwhit210/omnicar_ws/build/omnicar
[6.210s] -- Install configuration: ""
[6.211s] -- Installing: /home/nwhit210/omnicar_ws/install/omnicar/share/omnicar/config
[6.213s] -- Installing: /home/nwhit210/omnicar_ws/install/omnicar/share/omnicar/config/my_controllers.yaml
[6.215s] -- Installing: /home/nwhit210/omnicar_ws/install/omnicar/share/omnicar/config/empty.yaml
[6.216s] -- Installing: /home/nwhit210/omnicar_ws/install/omnicar/share/omnicar/config/joystick.yaml
[6.217s] -- Installing: /home/nwhit210/omnicar_ws/install/omnicar/share/omnicar/config/sim.yaml
[6.218s] -- Installing: /home/nwhit210/omnicar_ws/install/omnicar/share/omnicar/description
[6.219s] -- Installing: /home/nwhit210/omnicar_ws/install/omnicar/share/omnicar/description/robot.urdf.xacro
[6.220s] -- Installing: /home/nwhit210/omnicar_ws/install/omnicar/share/omnicar/description/robot_core.xacro
[6.220s] -- Installing: /home/nwhit210/omnicar_ws/install/omnicar/share/omnicar/description/ros2_control.xacro
[6.221s] -- Installing: /home/nwhit210/omnicar_ws/install/omnicar/share/omnicar/description/mesh
[6.221s] -- Installing: /home/nwhit210/omnicar_ws/install/omnicar/share/omnicar/description/mesh/collision
[6.222s] -- Installing: /home/nwhit210/omnicar_ws/install/omnicar/share/omnicar/description/mesh/collision/roller.stl
[6.222s] -- Installing: /home/nwhit210/omnicar_ws/install/omnicar/share/omnicar/description/mesh/collision/wheel.stl
[6.223s] -- Installing: /home/nwhit210/omnicar_ws/install/omnicar/share/omnicar/description/mesh/visual
[6.223s] -- Installing: /home/nwhit210/omnicar_ws/install/omnicar/share/omnicar/description/mesh/visual/wheel.dae
[6.225s] -- Installing: /home/nwhit210/omnicar_ws/install/omnicar/share/omnicar/description/mesh/visual/roller.dae
[6.226s] -- Installing: /home/nwhit210/omnicar_ws/install/omnicar/share/omnicar/description/urdf
[6.227s] -- Installing: /home/nwhit210/omnicar_ws/install/omnicar/share/omnicar/description/urdf/wheel.xacro
[6.227s] -- Installing: /home/nwhit210/omnicar_ws/install/omnicar/share/omnicar/description/urdf/mecanum_wheel_macro.xacro
[6.227s] -- Installing: /home/nwhit210/omnicar_ws/install/omnicar/share/omnicar/description/urdf/rollers.xacro
[6.228s] -- Installing: /home/nwhit210/omnicar_ws/install/omnicar/share/omnicar/description/urdf/mecanum_wheel.urdf.xacro
[6.228s] -- Installing: /home/nwhit210/omnicar_ws/install/omnicar/share/omnicar/description/camera.xacro
[6.230s] -- Installing: /home/nwhit210/omnicar_ws/install/omnicar/share/omnicar/launch
[6.230s] -- Installing: /home/nwhit210/omnicar_ws/install/omnicar/share/omnicar/launch/launch_bot.launch.py
[6.230s] -- Installing: /home/nwhit210/omnicar_ws/install/omnicar/share/omnicar/launch/launch_sim.launch.py
[6.231s] -- Installing: /home/nwhit210/omnicar_ws/install/omnicar/share/omnicar/launch/joint_pub.launch.py
[6.232s] -- Installing: /home/nwhit210/omnicar_ws/install/omnicar/share/omnicar/launch/__pycache__
[6.232s] -- Installing: /home/nwhit210/omnicar_ws/install/omnicar/share/omnicar/launch/__pycache__/launch_sim.cpython-310.pyc
[6.235s] -- Installing: /home/nwhit210/omnicar_ws/install/omnicar/share/omnicar/launch/__pycache__/launch.cpython-310.pyc
[6.237s] -- Installing: /home/nwhit210/omnicar_ws/install/omnicar/share/omnicar/launch/rsp.launch.py
[6.238s] -- Installing: /home/nwhit210/omnicar_ws/install/omnicar/share/omnicar/launch/joystick.launch.py
[6.239s] -- Installing: /home/nwhit210/omnicar_ws/install/omnicar/share/omnicar/worlds
[6.240s] -- Installing: /home/nwhit210/omnicar_ws/install/omnicar/share/omnicar/worlds/empty.world
[6.241s] -- Installing: /home/nwhit210/omnicar_ws/install/omnicar/share/ament_index/resource_index/package_run_dependencies/omnicar
[6.242s] -- Installing: /home/nwhit210/omnicar_ws/install/omnicar/share/ament_index/resource_index/parent_prefix_path/omnicar
[6.242s] -- Installing: /home/nwhit210/omnicar_ws/install/omnicar/share/omnicar/environment/ament_prefix_path.sh
[6.243s] -- Installing: /home/nwhit210/omnicar_ws/install/omnicar/share/omnicar/environment/ament_prefix_path.dsv
[6.243s] -- Installing: /home/nwhit210/omnicar_ws/install/omnicar/share/omnicar/environment/path.sh
[6.243s] -- Installing: /home/nwhit210/omnicar_ws/install/omnicar/share/omnicar/environment/path.dsv
[6.244s] -- Installing: /home/nwhit210/omnicar_ws/install/omnicar/share/omnicar/local_setup.bash
[6.244s] -- Installing: /home/nwhit210/omnicar_ws/install/omnicar/share/omnicar/local_setup.sh
[6.244s] -- Installing: /home/nwhit210/omnicar_ws/install/omnicar/share/omnicar/local_setup.zsh
[6.244s] -- Installing: /home/nwhit210/omnicar_ws/install/omnicar/share/omnicar/local_setup.dsv
[6.245s] -- Installing: /home/nwhit210/omnicar_ws/install/omnicar/share/omnicar/package.dsv
[6.245s] -- Installing: /home/nwhit210/omnicar_ws/install/omnicar/share/ament_index/resource_index/packages/omnicar
[6.245s] -- Installing: /home/nwhit210/omnicar_ws/install/omnicar/share/omnicar/cmake/omnicarConfig.cmake
[6.246s] -- Installing: /home/nwhit210/omnicar_ws/install/omnicar/share/omnicar/cmake/omnicarConfig-version.cmake
[6.246s] -- Installing: /home/nwhit210/omnicar_ws/install/omnicar/share/omnicar/package.xml
[6.267s] Invoked command in '/home/nwhit210/omnicar_ws/build/omnicar' returned '0': CMAKE_PREFIX_PATH=${CMAKE_PREFIX_PATH}:/opt/ros/humble /usr/bin/cmake --install /home/nwhit210/omnicar_ws/build/omnicar
