[0.027s] Invoking command in '/home/nwhit210/omnicar_2_ws/build/arduino_hardware_controller': CMAKE_PREFIX_PATH=${CMAKE_PREFIX_PATH}:/opt/ros/humble /usr/bin/cmake --build /home/nwhit210/omnicar_2_ws/build/arduino_hardware_controller -- -j8 -l8
[0.092s] [ 50%] [32mBuilding CXX object CMakeFiles/arduino_hardware_controller.dir/hardware/arduino_hardware.cpp.o[0m
[0.708s] [01m[K/home/nwhit210/omnicar_2_ws/src/arduino_controller/hardware/arduino_hardware.cpp:134:7:[m[K [01;35m[Kwarning: [m[Kcharacter constant too long for its type
[0.708s]   134 |       [01;35m[K'front_left_wheel_joint'[m[K, hardware_interface::HW_IF_VELOCITY, &flw_.cmd));
[0.708s]       |       [01;35m[K^~~~~~~~~~~~~~~~~~~~~~~~[m[K
[3.344s] [01m[K/home/nwhit210/omnicar_2_ws/src/arduino_controller/hardware/arduino_hardware.cpp:[m[K In member function ‘[01m[Kvirtual std::vector<hardware_interface::CommandInterface> arduino_hardware_controller::ArduinoSysHardware::export_command_interfaces()[m[K’:
[3.344s] [01m[K/home/nwhit210/omnicar_2_ws/src/arduino_controller/hardware/arduino_hardware.cpp:134:78:[m[K [01;31m[Kerror: [m[Kno matching function for call to ‘[01m[Khardware_interface::CommandInterface::CommandInterface(int, const char [9], double*)[m[K’
[3.344s]   134 |       'front_left_wheel_joint', hardware_interface::HW_IF_VELOCITY, &flw_.cmd[01;31m[K)[m[K);
[3.344s]       |                                                                              [01;31m[K^[m[K
[3.344s] In file included from [01m[K/home/nwhit210/omnicar_2_ws/src/arduino_controller/hardware/include/arduino_hardware_controller/arduino_hardware.hpp:22[m[K,
[3.344s]                  from [01m[K/home/nwhit210/omnicar_2_ws/src/arduino_controller/hardware/arduino_hardware.cpp:15[m[K:
[3.344s] [01m[K/opt/ros/humble/include/hardware_interface/handle.hpp:88:3:[m[K [01;36m[Knote: [m[Kcandidate: ‘[01m[Khardware_interface::ReadWriteHandle::ReadWriteHandle(const string&, const string&, double*)[m[K’
[3.344s]    88 |   [01;36m[KReadWriteHandle[m[K(
[3.344s]       |   [01;36m[K^~~~~~~~~~~~~~~[m[K
[3.344s] [01m[K/opt/ros/humble/include/hardware_interface/handle.hpp:139:26:[m[K [01;36m[Knote: [m[K  inherited here
[3.345s]   139 |   using ReadWriteHandle::[01;36m[KReadWriteHandle[m[K;
[3.345s]       |                          [01;36m[K^~~~~~~~~~~~~~~[m[K
[3.345s] [01m[K/opt/ros/humble/include/hardware_interface/handle.hpp:89:25:[m[K [01;36m[Knote: [m[K  no known conversion for argument 1 from ‘[01m[Kint[m[K’ to ‘[01m[Kconst string&[m[K’ {aka ‘[01m[Kconst std::__cxx11::basic_string<char>&[m[K’}
[3.345s]    89 |     [01;36m[Kconst std::string & prefix_name[m[K, const std::string & interface_name,
[3.345s]       |     [01;36m[K~~~~~~~~~~~~~~~~~~~~^~~~~~~~~~~[m[K
[3.345s] [01m[K/opt/ros/humble/include/hardware_interface/handle.hpp:95:12:[m[K [01;36m[Knote: [m[Kcandidate: ‘[01m[Khardware_interface::ReadWriteHandle::ReadWriteHandle(const string&)[m[K’
[3.345s]    95 |   explicit [01;36m[KReadWriteHandle[m[K(const std::string & interface_name) : ReadOnlyHandle(interface_name) {}
[3.345s]       |            [01;36m[K^~~~~~~~~~~~~~~[m[K
[3.345s] [01m[K/opt/ros/humble/include/hardware_interface/handle.hpp:139:26:[m[K [01;36m[Knote: [m[K  inherited here
[3.345s]   139 |   using ReadWriteHandle::[01;36m[KReadWriteHandle[m[K;
[3.345s]       |                          [01;36m[K^~~~~~~~~~~~~~~[m[K
[3.347s] [01m[K/opt/ros/humble/include/hardware_interface/handle.hpp:139:26:[m[K [01;36m[Knote: [m[K  candidate expects 1 argument, 3 provided
[3.347s] [01m[K/opt/ros/humble/include/hardware_interface/handle.hpp:97:12:[m[K [01;36m[Knote: [m[Kcandidate: ‘[01m[Khardware_interface::ReadWriteHandle::ReadWriteHandle(const char*)[m[K’
[3.347s]    97 |   explicit [01;36m[KReadWriteHandle[m[K(const char * interface_name) : ReadOnlyHandle(interface_name) {}
[3.347s]       |            [01;36m[K^~~~~~~~~~~~~~~[m[K
[3.347s] [01m[K/opt/ros/humble/include/hardware_interface/handle.hpp:139:26:[m[K [01;36m[Knote: [m[K  inherited here
[3.347s]   139 |   using ReadWriteHandle::[01;36m[KReadWriteHandle[m[K;
[3.347s]       |                          [01;36m[K^~~~~~~~~~~~~~~[m[K
[3.347s] [01m[K/opt/ros/humble/include/hardware_interface/handle.hpp:139:26:[m[K [01;36m[Knote: [m[K  candidate expects 1 argument, 3 provided
[3.347s] [01m[K/opt/ros/humble/include/hardware_interface/handle.hpp:99:3:[m[K [01;36m[Knote: [m[Kcandidate: ‘[01m[Khardware_interface::ReadWriteHandle::ReadWriteHandle(const hardware_interface::ReadWriteHandle&)[m[K’
[3.347s]    99 |   [01;36m[KReadWriteHandle[m[K(const ReadWriteHandle & other) = default;
[3.347s]       |   [01;36m[K^~~~~~~~~~~~~~~[m[K
[3.347s] [01m[K/opt/ros/humble/include/hardware_interface/handle.hpp:139:26:[m[K [01;36m[Knote: [m[K  inherited here
[3.347s]   139 |   using ReadWriteHandle::[01;36m[KReadWriteHandle[m[K;
[3.348s]       |                          [01;36m[K^~~~~~~~~~~~~~~[m[K
[3.348s] [01m[K/opt/ros/humble/include/hardware_interface/handle.hpp:139:26:[m[K [01;36m[Knote: [m[K  candidate expects 1 argument, 3 provided
[3.348s] [01m[K/opt/ros/humble/include/hardware_interface/handle.hpp:101:3:[m[K [01;36m[Knote: [m[Kcandidate: ‘[01m[Khardware_interface::ReadWriteHandle::ReadWriteHandle(hardware_interface::ReadWriteHandle&&)[m[K’
[3.348s]   101 |   [01;36m[KReadWriteHandle[m[K(ReadWriteHandle && other) = default;
[3.348s]       |   [01;36m[K^~~~~~~~~~~~~~~[m[K
[3.348s] [01m[K/opt/ros/humble/include/hardware_interface/handle.hpp:139:26:[m[K [01;36m[Knote: [m[K  inherited here
[3.348s]   139 |   using ReadWriteHandle::[01;36m[KReadWriteHandle[m[K;
[3.348s]       |                          [01;36m[K^~~~~~~~~~~~~~~[m[K
[3.348s] [01m[K/opt/ros/humble/include/hardware_interface/handle.hpp:139:26:[m[K [01;36m[Knote: [m[K  candidate expects 1 argument, 3 provided
[3.348s] [01m[K/opt/ros/humble/include/hardware_interface/handle.hpp:137:3:[m[K [01;36m[Knote: [m[Kcandidate: ‘[01m[Khardware_interface::CommandInterface::CommandInterface(hardware_interface::CommandInterface&&)[m[K’
[3.348s]   137 |   [01;36m[KCommandInterface[m[K(CommandInterface && other) = default;
[3.348s]       |   [01;36m[K^~~~~~~~~~~~~~~~[m[K
[3.348s] [01m[K/opt/ros/humble/include/hardware_interface/handle.hpp:137:3:[m[K [01;36m[Knote: [m[K  candidate expects 1 argument, 3 provided
[4.127s] gmake[2]: *** [CMakeFiles/arduino_hardware_controller.dir/build.make:76: CMakeFiles/arduino_hardware_controller.dir/hardware/arduino_hardware.cpp.o] Error 1
[4.127s] gmake[1]: *** [CMakeFiles/Makefile2:137: CMakeFiles/arduino_hardware_controller.dir/all] Error 2
[4.127s] gmake: *** [Makefile:146: all] Error 2
[4.132s] Invoked command in '/home/nwhit210/omnicar_2_ws/build/arduino_hardware_controller' returned '2': CMAKE_PREFIX_PATH=${CMAKE_PREFIX_PATH}:/opt/ros/humble /usr/bin/cmake --build /home/nwhit210/omnicar_2_ws/build/arduino_hardware_controller -- -j8 -l8
