[0.100s] Invoking command in '/home/pi/omnicar_ws/build/mecanum_drive_controller': CMAKE_PREFIX_PATH=${CMAKE_PREFIX_PATH}:/opt/ros/humble /usr/bin/cmake --build /home/pi/omnicar_ws/build/mecanum_drive_controller -- -j4 -l4
[0.724s] [ 12%] Built target mecanum_drive_controller_parameters
[0.845s] [ 25%] Built target gmock_main
[0.876s] [ 43%] Built target gmock
[1.049s] [ 62%] Built target mecanum_drive_controller
[1.107s] [ 75%] Built target test_load_mecanum_drive_controller
[1.214s] [100%] Built target test_mecanum_drive_controller_preceeding
[1.214s] [100%] Built target test_mecanum_drive_controller
[1.257s] Invoked command in '/home/pi/omnicar_ws/build/mecanum_drive_controller' returned '0': CMAKE_PREFIX_PATH=${CMAKE_PREFIX_PATH}:/opt/ros/humble /usr/bin/cmake --build /home/pi/omnicar_ws/build/mecanum_drive_controller -- -j4 -l4
[1.271s] Invoking command in '/home/pi/omnicar_ws/build/mecanum_drive_controller': CMAKE_PREFIX_PATH=${CMAKE_PREFIX_PATH}:/opt/ros/humble /usr/bin/cmake --install /home/pi/omnicar_ws/build/mecanum_drive_controller
[1.302s] -- Install configuration: ""
[1.305s] -- Execute custom install script
[1.308s] -- Up-to-date symlink: /home/pi/omnicar_ws/install/mecanum_drive_controller/include/mecanum_drive_controller/mecanum_drive_controller_parameters.hpp
[1.310s] -- Up-to-date symlink: /home/pi/omnicar_ws/install/mecanum_drive_controller/share/mecanum_drive_controller//mecanum_drive_controller.xml
[1.313s] -- Up-to-date symlink: /home/pi/omnicar_ws/install/mecanum_drive_controller/include/mecanum_drive_controller/mecanum_drive_controller/mecanum_drive_controller.hpp
[1.314s] -- Up-to-date symlink: /home/pi/omnicar_ws/install/mecanum_drive_controller/include/mecanum_drive_controller/mecanum_drive_controller/odometry.hpp
[1.316s] -- Up-to-date symlink: /home/pi/omnicar_ws/install/mecanum_drive_controller/include/mecanum_drive_controller/mecanum_drive_controller/visibility_control.h
[1.317s] -- Up-to-date symlink: /home/pi/omnicar_ws/install/mecanum_drive_controller/share/mecanum_drive_controller/environment/library_path.sh
[1.318s] -- Up-to-date symlink: /home/pi/omnicar_ws/install/mecanum_drive_controller/share/mecanum_drive_controller/environment/library_path.dsv
[1.319s] -- Up-to-date symlink: /home/pi/omnicar_ws/install/mecanum_drive_controller/share/ament_index/resource_index/package_run_dependencies/mecanum_drive_controller
[1.321s] -- Up-to-date symlink: /home/pi/omnicar_ws/install/mecanum_drive_controller/share/ament_index/resource_index/parent_prefix_path/mecanum_drive_controller
[1.322s] -- Up-to-date symlink: /home/pi/omnicar_ws/install/mecanum_drive_controller/share/mecanum_drive_controller/environment/ament_prefix_path.sh
[1.323s] -- Up-to-date symlink: /home/pi/omnicar_ws/install/mecanum_drive_controller/share/mecanum_drive_controller/environment/ament_prefix_path.dsv
[1.324s] -- Up-to-date symlink: /home/pi/omnicar_ws/install/mecanum_drive_controller/share/mecanum_drive_controller/environment/path.sh
[1.325s] -- Up-to-date symlink: /home/pi/omnicar_ws/install/mecanum_drive_controller/share/mecanum_drive_controller/environment/path.dsv
[1.326s] -- Up-to-date symlink: /home/pi/omnicar_ws/install/mecanum_drive_controller/share/mecanum_drive_controller/local_setup.bash
[1.327s] -- Up-to-date symlink: /home/pi/omnicar_ws/install/mecanum_drive_controller/share/mecanum_drive_controller/local_setup.sh
[1.328s] -- Up-to-date symlink: /home/pi/omnicar_ws/install/mecanum_drive_controller/share/mecanum_drive_controller/local_setup.zsh
[1.329s] -- Up-to-date symlink: /home/pi/omnicar_ws/install/mecanum_drive_controller/share/mecanum_drive_controller/local_setup.dsv
[1.330s] -- Symlinking: /home/pi/omnicar_ws/install/mecanum_drive_controller/share/mecanum_drive_controller/package.dsv
[1.366s] -- Up-to-date symlink: /home/pi/omnicar_ws/install/mecanum_drive_controller/share/ament_index/resource_index/packages/mecanum_drive_controller
[1.368s] -- Up-to-date symlink: /home/pi/omnicar_ws/install/mecanum_drive_controller/share/ament_index/resource_index/controller_interface__pluginlib__plugin/mecanum_drive_controller
[1.369s] -- Up-to-date symlink: /home/pi/omnicar_ws/install/mecanum_drive_controller/share/mecanum_drive_controller/cmake/ament_cmake_export_dependencies-extras.cmake
[1.370s] -- Up-to-date symlink: /home/pi/omnicar_ws/install/mecanum_drive_controller/share/mecanum_drive_controller/cmake/ament_cmake_export_targets-extras.cmake
[1.371s] -- Up-to-date symlink: /home/pi/omnicar_ws/install/mecanum_drive_controller/share/mecanum_drive_controller/cmake/mecanum_drive_controllerConfig.cmake
[1.372s] -- Up-to-date symlink: /home/pi/omnicar_ws/install/mecanum_drive_controller/share/mecanum_drive_controller/cmake/mecanum_drive_controllerConfig-version.cmake
[1.374s] -- Up-to-date symlink: /home/pi/omnicar_ws/install/mecanum_drive_controller/share/mecanum_drive_controller/package.xml
[1.380s] -- Up-to-date: /home/pi/omnicar_ws/install/mecanum_drive_controller/lib/libmecanum_drive_controller.so
[1.385s] -- Up-to-date: /home/pi/omnicar_ws/install/mecanum_drive_controller/share/mecanum_drive_controller/cmake/export_mecanum_drive_controllerExport.cmake
[1.386s] -- Up-to-date: /home/pi/omnicar_ws/install/mecanum_drive_controller/share/mecanum_drive_controller/cmake/export_mecanum_drive_controllerExport-noconfig.cmake
[1.394s] Invoked command in '/home/pi/omnicar_ws/build/mecanum_drive_controller' returned '0': CMAKE_PREFIX_PATH=${CMAKE_PREFIX_PATH}:/opt/ros/humble /usr/bin/cmake --install /home/pi/omnicar_ws/build/mecanum_drive_controller
