[0.100s] Invoking command in '/home/pi/omnicar_ws/build/omnicar': CMAKE_PREFIX_PATH=${CMAKE_PREFIX_PATH}:/opt/ros/humble /usr/bin/cmake --build /home/pi/omnicar_ws/build/omnicar -- -j4 -l4
[0.338s] Invoked command in '/home/pi/omnicar_ws/build/omnicar' returned '0': CMAKE_PREFIX_PATH=${CMAKE_PREFIX_PATH}:/opt/ros/humble /usr/bin/cmake --build /home/pi/omnicar_ws/build/omnicar -- -j4 -l4
[0.387s] Invoking command in '/home/pi/omnicar_ws/build/omnicar': CMAKE_PREFIX_PATH=${CMAKE_PREFIX_PATH}:/opt/ros/humble /usr/bin/cmake --install /home/pi/omnicar_ws/build/omnicar
[0.421s] -- Install configuration: ""
[0.424s] -- Execute custom install script
[0.430s] -- Up-to-date symlink: /home/pi/omnicar_ws/install/omnicar/share/omnicar/config/empty.yaml
[0.431s] -- Up-to-date symlink: /home/pi/omnicar_ws/install/omnicar/share/omnicar/config/joystick.yaml
[0.435s] -- Up-to-date symlink: /home/pi/omnicar_ws/install/omnicar/share/omnicar/config/my_controllers.yaml
[0.437s] -- Up-to-date symlink: /home/pi/omnicar_ws/install/omnicar/share/omnicar/config/sim.yaml
[0.440s] -- Up-to-date symlink: /home/pi/omnicar_ws/install/omnicar/share/omnicar/description/camera.xacro
[0.442s] -- Up-to-date symlink: /home/pi/omnicar_ws/install/omnicar/share/omnicar/description/mesh/collision/roller.stl
[0.445s] -- Up-to-date symlink: /home/pi/omnicar_ws/install/omnicar/share/omnicar/description/mesh/collision/wheel.stl
[0.445s] -- Up-to-date symlink: /home/pi/omnicar_ws/install/omnicar/share/omnicar/description/mesh/visual/roller.dae
[0.446s] -- Up-to-date symlink: /home/pi/omnicar_ws/install/omnicar/share/omnicar/description/mesh/visual/wheel.dae
[0.446s] -- Up-to-date symlink: /home/pi/omnicar_ws/install/omnicar/share/omnicar/description/robot.urdf.xacro
[0.447s] -- Up-to-date symlink: /home/pi/omnicar_ws/install/omnicar/share/omnicar/description/robot_core.xacro
[0.447s] -- Up-to-date symlink: /home/pi/omnicar_ws/install/omnicar/share/omnicar/description/ros2_control.xacro
[0.451s] -- Up-to-date symlink: /home/pi/omnicar_ws/install/omnicar/share/omnicar/description/urdf/mecanum_wheel.urdf.xacro
[0.455s] -- Up-to-date symlink: /home/pi/omnicar_ws/install/omnicar/share/omnicar/description/urdf/mecanum_wheel_macro.xacro
[0.458s] -- Up-to-date symlink: /home/pi/omnicar_ws/install/omnicar/share/omnicar/description/urdf/rollers.xacro
[0.461s] -- Up-to-date symlink: /home/pi/omnicar_ws/install/omnicar/share/omnicar/description/urdf/wheel.xacro
[0.463s] -- Up-to-date symlink: /home/pi/omnicar_ws/install/omnicar/share/omnicar/launch/__pycache__/launch.cpython-310.pyc
[0.465s] -- Up-to-date symlink: /home/pi/omnicar_ws/install/omnicar/share/omnicar/launch/__pycache__/launch_sim.cpython-310.pyc
[0.468s] -- Up-to-date symlink: /home/pi/omnicar_ws/install/omnicar/share/omnicar/launch/joint_pub.launch.py
[0.471s] -- Up-to-date symlink: /home/pi/omnicar_ws/install/omnicar/share/omnicar/launch/joystick.launch.py
[0.473s] -- Up-to-date symlink: /home/pi/omnicar_ws/install/omnicar/share/omnicar/launch/launch_bot.launch.py
[0.476s] -- Up-to-date symlink: /home/pi/omnicar_ws/install/omnicar/share/omnicar/launch/launch_sim.launch.py
[0.478s] -- Up-to-date symlink: /home/pi/omnicar_ws/install/omnicar/share/omnicar/launch/rsp.launch.py
[0.482s] -- Up-to-date symlink: /home/pi/omnicar_ws/install/omnicar/share/omnicar/worlds/empty.world
[0.485s] -- Up-to-date symlink: /home/pi/omnicar_ws/install/omnicar/share/ament_index/resource_index/package_run_dependencies/omnicar
[0.488s] -- Up-to-date symlink: /home/pi/omnicar_ws/install/omnicar/share/ament_index/resource_index/parent_prefix_path/omnicar
[0.490s] -- Up-to-date symlink: /home/pi/omnicar_ws/install/omnicar/share/omnicar/environment/ament_prefix_path.sh
[0.493s] -- Up-to-date symlink: /home/pi/omnicar_ws/install/omnicar/share/omnicar/environment/ament_prefix_path.dsv
[0.495s] -- Up-to-date symlink: /home/pi/omnicar_ws/install/omnicar/share/omnicar/environment/path.sh
[0.497s] -- Up-to-date symlink: /home/pi/omnicar_ws/install/omnicar/share/omnicar/environment/path.dsv
[0.500s] -- Up-to-date symlink: /home/pi/omnicar_ws/install/omnicar/share/omnicar/local_setup.bash
[0.502s] -- Up-to-date symlink: /home/pi/omnicar_ws/install/omnicar/share/omnicar/local_setup.sh
[0.505s] -- Up-to-date symlink: /home/pi/omnicar_ws/install/omnicar/share/omnicar/local_setup.zsh
[0.507s] -- Up-to-date symlink: /home/pi/omnicar_ws/install/omnicar/share/omnicar/local_setup.dsv
[0.510s] -- Symlinking: /home/pi/omnicar_ws/install/omnicar/share/omnicar/package.dsv
[0.549s] -- Up-to-date symlink: /home/pi/omnicar_ws/install/omnicar/share/ament_index/resource_index/packages/omnicar
[0.550s] -- Up-to-date symlink: /home/pi/omnicar_ws/install/omnicar/share/omnicar/cmake/omnicarConfig.cmake
[0.556s] -- Up-to-date symlink: /home/pi/omnicar_ws/install/omnicar/share/omnicar/cmake/omnicarConfig-version.cmake
[0.557s] -- Up-to-date symlink: /home/pi/omnicar_ws/install/omnicar/share/omnicar/package.xml
[0.562s] Invoked command in '/home/pi/omnicar_ws/build/omnicar' returned '0': CMAKE_PREFIX_PATH=${CMAKE_PREFIX_PATH}:/opt/ros/humble /usr/bin/cmake --install /home/pi/omnicar_ws/build/omnicar
