[0.114s] Invoking command in '/home/pi/omnicar_ws/build/diffdrive_arduino': CMAKE_PREFIX_PATH=${CMAKE_PREFIX_PATH}:/opt/ros/humble /usr/bin/cmake --build /home/pi/omnicar_ws/build/diffdrive_arduino -- -j4 -l4
[0.902s] [35m[1mConsolidate compiler generated dependencies of target diffdrive_arduino[0m
[1.290s] [100%] Built target diffdrive_arduino
[1.335s] Invoked command in '/home/pi/omnicar_ws/build/diffdrive_arduino' returned '0': CMAKE_PREFIX_PATH=${CMAKE_PREFIX_PATH}:/opt/ros/humble /usr/bin/cmake --build /home/pi/omnicar_ws/build/diffdrive_arduino -- -j4 -l4
[1.355s] Invoking command in '/home/pi/omnicar_ws/build/diffdrive_arduino': CMAKE_PREFIX_PATH=${CMAKE_PREFIX_PATH}:/opt/ros/humble /usr/bin/cmake --install /home/pi/omnicar_ws/build/diffdrive_arduino
[1.395s] -- Install configuration: ""
[1.395s] -- Up-to-date: /home/pi/omnicar_ws/install/diffdrive_arduino/share/diffdrive_arduino/diffdrive_arduino.xml
[1.396s] -- Up-to-date: /home/pi/omnicar_ws/install/diffdrive_arduino/include/diffdrive_arduino
[1.397s] -- Up-to-date: /home/pi/omnicar_ws/install/diffdrive_arduino/include/diffdrive_arduino/diffdrive_arduino
[1.401s] -- Up-to-date: /home/pi/omnicar_ws/install/diffdrive_arduino/include/diffdrive_arduino/diffdrive_arduino/wheel.hpp
[1.401s] -- Up-to-date: /home/pi/omnicar_ws/install/diffdrive_arduino/include/diffdrive_arduino/diffdrive_arduino/diffbot_system.hpp
[1.402s] -- Up-to-date: /home/pi/omnicar_ws/install/diffdrive_arduino/include/diffdrive_arduino/diffdrive_arduino/visibility_control.h
[1.403s] -- Up-to-date: /home/pi/omnicar_ws/install/diffdrive_arduino/include/diffdrive_arduino/diffdrive_arduino/arduino_comms.hpp
[1.404s] -- Up-to-date: /home/pi/omnicar_ws/install/diffdrive_arduino/share/diffdrive_arduino/launch
[1.405s] -- Up-to-date: /home/pi/omnicar_ws/install/diffdrive_arduino/share/diffdrive_arduino/launch/view_robot.launch.py
[1.406s] -- Up-to-date: /home/pi/omnicar_ws/install/diffdrive_arduino/share/diffdrive_arduino/ros2_control
[1.406s] -- Up-to-date: /home/pi/omnicar_ws/install/diffdrive_arduino/share/diffdrive_arduino/ros2_control/diffbot.ros2_control.xacro
[1.407s] -- Up-to-date: /home/pi/omnicar_ws/install/diffdrive_arduino/share/diffdrive_arduino/urdf
[1.408s] -- Up-to-date: /home/pi/omnicar_ws/install/diffdrive_arduino/share/diffdrive_arduino/urdf/diffbot_description.urdf.xacro
[1.409s] -- Up-to-date: /home/pi/omnicar_ws/install/diffdrive_arduino/share/diffdrive_arduino/urdf/diffbot.urdf.xacro
[1.410s] -- Up-to-date: /home/pi/omnicar_ws/install/diffdrive_arduino/share/diffdrive_arduino/urdf/diffbot.materials.xacro
[1.410s] -- Up-to-date: /home/pi/omnicar_ws/install/diffdrive_arduino/share/diffdrive_arduino/rviz
[1.411s] -- Up-to-date: /home/pi/omnicar_ws/install/diffdrive_arduino/share/diffdrive_arduino/rviz/diffbot.rviz
[1.411s] -- Up-to-date: /home/pi/omnicar_ws/install/diffdrive_arduino/share/diffdrive_arduino/rviz/diffbot_view.rviz
[1.412s] -- Up-to-date: /home/pi/omnicar_ws/install/diffdrive_arduino/share/diffdrive_arduino/launch
[1.412s] -- Up-to-date: /home/pi/omnicar_ws/install/diffdrive_arduino/share/diffdrive_arduino/launch/diffbot.launch.py
[1.413s] -- Up-to-date: /home/pi/omnicar_ws/install/diffdrive_arduino/share/diffdrive_arduino/config
[1.414s] -- Up-to-date: /home/pi/omnicar_ws/install/diffdrive_arduino/share/diffdrive_arduino/config/diffbot_controllers.yaml
[1.415s] -- Up-to-date: /home/pi/omnicar_ws/install/diffdrive_arduino/lib/libdiffdrive_arduino.so
[1.416s] -- Up-to-date: /home/pi/omnicar_ws/install/diffdrive_arduino/share/diffdrive_arduino/environment/library_path.sh
[1.417s] -- Up-to-date: /home/pi/omnicar_ws/install/diffdrive_arduino/share/diffdrive_arduino/environment/library_path.dsv
[1.417s] -- Up-to-date: /home/pi/omnicar_ws/install/diffdrive_arduino/share/ament_index/resource_index/package_run_dependencies/diffdrive_arduino
[1.419s] -- Up-to-date: /home/pi/omnicar_ws/install/diffdrive_arduino/share/ament_index/resource_index/parent_prefix_path/diffdrive_arduino
[1.420s] -- Up-to-date: /home/pi/omnicar_ws/install/diffdrive_arduino/share/diffdrive_arduino/environment/ament_prefix_path.sh
[1.427s] -- Up-to-date: /home/pi/omnicar_ws/install/diffdrive_arduino/share/diffdrive_arduino/environment/ament_prefix_path.dsv
[1.427s] -- Up-to-date: /home/pi/omnicar_ws/install/diffdrive_arduino/share/diffdrive_arduino/environment/path.sh
[1.428s] -- Up-to-date: /home/pi/omnicar_ws/install/diffdrive_arduino/share/diffdrive_arduino/environment/path.dsv
[1.428s] -- Up-to-date: /home/pi/omnicar_ws/install/diffdrive_arduino/share/diffdrive_arduino/local_setup.bash
[1.428s] -- Up-to-date: /home/pi/omnicar_ws/install/diffdrive_arduino/share/diffdrive_arduino/local_setup.sh
[1.429s] -- Up-to-date: /home/pi/omnicar_ws/install/diffdrive_arduino/share/diffdrive_arduino/local_setup.zsh
[1.430s] -- Up-to-date: /home/pi/omnicar_ws/install/diffdrive_arduino/share/diffdrive_arduino/local_setup.dsv
[1.430s] -- Installing: /home/pi/omnicar_ws/install/diffdrive_arduino/share/diffdrive_arduino/package.dsv
[1.431s] -- Up-to-date: /home/pi/omnicar_ws/install/diffdrive_arduino/share/ament_index/resource_index/packages/diffdrive_arduino
[1.433s] -- Up-to-date: /home/pi/omnicar_ws/install/diffdrive_arduino/share/ament_index/resource_index/hardware_interface__pluginlib__plugin/diffdrive_arduino
[1.434s] -- Up-to-date: /home/pi/omnicar_ws/install/diffdrive_arduino/share/diffdrive_arduino/cmake/export_diffdrive_arduinoExport.cmake
[1.434s] -- Up-to-date: /home/pi/omnicar_ws/install/diffdrive_arduino/share/diffdrive_arduino/cmake/export_diffdrive_arduinoExport-noconfig.cmake
[1.435s] -- Up-to-date: /home/pi/omnicar_ws/install/diffdrive_arduino/share/diffdrive_arduino/cmake/ament_cmake_export_targets-extras.cmake
[1.436s] -- Up-to-date: /home/pi/omnicar_ws/install/diffdrive_arduino/share/diffdrive_arduino/cmake/ament_cmake_export_dependencies-extras.cmake
[1.436s] -- Up-to-date: /home/pi/omnicar_ws/install/diffdrive_arduino/share/diffdrive_arduino/cmake/diffdrive_arduinoConfig.cmake
[1.437s] -- Up-to-date: /home/pi/omnicar_ws/install/diffdrive_arduino/share/diffdrive_arduino/cmake/diffdrive_arduinoConfig-version.cmake
[1.438s] -- Up-to-date: /home/pi/omnicar_ws/install/diffdrive_arduino/share/diffdrive_arduino/package.xml
[1.450s] Invoked command in '/home/pi/omnicar_ws/build/diffdrive_arduino' returned '0': CMAKE_PREFIX_PATH=${CMAKE_PREFIX_PATH}:/opt/ros/humble /usr/bin/cmake --install /home/pi/omnicar_ws/build/diffdrive_arduino
