[0.075s] Invoking command in '/home/nwhit210/omnicar_ws/build/mecanum_drive_controller': CMAKE_PREFIX_PATH=${CMAKE_PREFIX_PATH}:/opt/ros/humble /usr/bin/cmake --build /home/nwhit210/omnicar_ws/build/mecanum_drive_controller -- -j8 -l8
[0.498s] [ 12%] Built target mecanum_drive_controller_parameters
[0.539s] [ 25%] Built target gmock_main
[0.540s] [ 43%] Built target gmock
[0.662s] [ 56%] Built target test_load_mecanum_drive_controller
[0.678s] [ 75%] Built target mecanum_drive_controller
[0.795s] [ 87%] Built target test_mecanum_drive_controller
[0.821s] [100%] Built target test_mecanum_drive_controller_preceeding
[0.862s] Invoked command in '/home/nwhit210/omnicar_ws/build/mecanum_drive_controller' returned '0': CMAKE_PREFIX_PATH=${CMAKE_PREFIX_PATH}:/opt/ros/humble /usr/bin/cmake --build /home/nwhit210/omnicar_ws/build/mecanum_drive_controller -- -j8 -l8
[0.875s] Invoking command in '/home/nwhit210/omnicar_ws/build/mecanum_drive_controller': CMAKE_PREFIX_PATH=${CMAKE_PREFIX_PATH}:/opt/ros/humble /usr/bin/cmake --install /home/nwhit210/omnicar_ws/build/mecanum_drive_controller
[0.919s] -- Install configuration: ""
[0.920s] -- Up-to-date: /home/nwhit210/omnicar_ws/install/mecanum_drive_controller/include/mecanum_drive_controller
[0.920s] -- Up-to-date: /home/nwhit210/omnicar_ws/install/mecanum_drive_controller/include/mecanum_drive_controller/mecanum_drive_controller_parameters.hpp
[0.921s] -- Up-to-date: /home/nwhit210/omnicar_ws/install/mecanum_drive_controller/share/mecanum_drive_controller/mecanum_drive_controller.xml
[0.925s] -- Up-to-date: /home/nwhit210/omnicar_ws/install/mecanum_drive_controller/include/mecanum_drive_controller
[0.926s] -- Up-to-date: /home/nwhit210/omnicar_ws/install/mecanum_drive_controller/include/mecanum_drive_controller/mecanum_drive_controller
[0.928s] -- Up-to-date: /home/nwhit210/omnicar_ws/install/mecanum_drive_controller/include/mecanum_drive_controller/mecanum_drive_controller/visibility_control.h
[0.928s] -- Up-to-date: /home/nwhit210/omnicar_ws/install/mecanum_drive_controller/include/mecanum_drive_controller/mecanum_drive_controller/mecanum_drive_controller.hpp
[0.928s] -- Up-to-date: /home/nwhit210/omnicar_ws/install/mecanum_drive_controller/include/mecanum_drive_controller/mecanum_drive_controller/odometry.hpp
[0.929s] -- Up-to-date: /home/nwhit210/omnicar_ws/install/mecanum_drive_controller/lib/libmecanum_drive_controller.so
[0.931s] -- Up-to-date: /home/nwhit210/omnicar_ws/install/mecanum_drive_controller/share/mecanum_drive_controller/environment/library_path.sh
[0.931s] -- Up-to-date: /home/nwhit210/omnicar_ws/install/mecanum_drive_controller/share/mecanum_drive_controller/environment/library_path.dsv
[0.931s] -- Up-to-date: /home/nwhit210/omnicar_ws/install/mecanum_drive_controller/share/ament_index/resource_index/package_run_dependencies/mecanum_drive_controller
[0.933s] -- Up-to-date: /home/nwhit210/omnicar_ws/install/mecanum_drive_controller/share/ament_index/resource_index/parent_prefix_path/mecanum_drive_controller
[0.934s] -- Up-to-date: /home/nwhit210/omnicar_ws/install/mecanum_drive_controller/share/mecanum_drive_controller/environment/ament_prefix_path.sh
[0.934s] -- Up-to-date: /home/nwhit210/omnicar_ws/install/mecanum_drive_controller/share/mecanum_drive_controller/environment/ament_prefix_path.dsv
[0.935s] -- Up-to-date: /home/nwhit210/omnicar_ws/install/mecanum_drive_controller/share/mecanum_drive_controller/environment/path.sh
[0.936s] -- Up-to-date: /home/nwhit210/omnicar_ws/install/mecanum_drive_controller/share/mecanum_drive_controller/environment/path.dsv
[0.937s] -- Up-to-date: /home/nwhit210/omnicar_ws/install/mecanum_drive_controller/share/mecanum_drive_controller/local_setup.bash
[0.937s] -- Up-to-date: /home/nwhit210/omnicar_ws/install/mecanum_drive_controller/share/mecanum_drive_controller/local_setup.sh
[0.938s] -- Up-to-date: /home/nwhit210/omnicar_ws/install/mecanum_drive_controller/share/mecanum_drive_controller/local_setup.zsh
[0.939s] -- Up-to-date: /home/nwhit210/omnicar_ws/install/mecanum_drive_controller/share/mecanum_drive_controller/local_setup.dsv
[0.940s] -- Installing: /home/nwhit210/omnicar_ws/install/mecanum_drive_controller/share/mecanum_drive_controller/package.dsv
[0.940s] -- Up-to-date: /home/nwhit210/omnicar_ws/install/mecanum_drive_controller/share/ament_index/resource_index/packages/mecanum_drive_controller
[0.941s] -- Up-to-date: /home/nwhit210/omnicar_ws/install/mecanum_drive_controller/share/ament_index/resource_index/controller_interface__pluginlib__plugin/mecanum_drive_controller
[0.941s] -- Up-to-date: /home/nwhit210/omnicar_ws/install/mecanum_drive_controller/share/mecanum_drive_controller/cmake/export_mecanum_drive_controllerExport.cmake
[0.942s] -- Up-to-date: /home/nwhit210/omnicar_ws/install/mecanum_drive_controller/share/mecanum_drive_controller/cmake/export_mecanum_drive_controllerExport-noconfig.cmake
[0.944s] -- Up-to-date: /home/nwhit210/omnicar_ws/install/mecanum_drive_controller/share/mecanum_drive_controller/cmake/ament_cmake_export_dependencies-extras.cmake
[0.947s] -- Up-to-date: /home/nwhit210/omnicar_ws/install/mecanum_drive_controller/share/mecanum_drive_controller/cmake/ament_cmake_export_targets-extras.cmake
[0.963s] -- Up-to-date: /home/nwhit210/omnicar_ws/install/mecanum_drive_controller/share/mecanum_drive_controller/cmake/mecanum_drive_controllerConfig.cmake
[0.963s] -- Up-to-date: /home/nwhit210/omnicar_ws/install/mecanum_drive_controller/share/mecanum_drive_controller/cmake/mecanum_drive_controllerConfig-version.cmake
[0.964s] -- Up-to-date: /home/nwhit210/omnicar_ws/install/mecanum_drive_controller/share/mecanum_drive_controller/package.xml
[0.964s] Invoked command in '/home/nwhit210/omnicar_ws/build/mecanum_drive_controller' returned '0': CMAKE_PREFIX_PATH=${CMAKE_PREFIX_PATH}:/opt/ros/humble /usr/bin/cmake --install /home/nwhit210/omnicar_ws/build/mecanum_drive_controller
