[0.033s] Invoking command in '/home/nwhit210/omnicar_2_ws/build/arduino_hardware_controller': CMAKE_PREFIX_PATH=${CMAKE_PREFIX_PATH}:/opt/ros/humble /usr/bin/cmake --build /home/nwhit210/omnicar_2_ws/build/arduino_hardware_controller -- -j8 -l8
[0.082s] -- Found ament_cmake: 1.3.11 (/opt/ros/humble/share/ament_cmake/cmake)
[0.289s] -- Found hardware_interface: 2.48.0 (/opt/ros/humble/share/hardware_interface/cmake)
[0.636s] -- Found rosidl_generator_c: 3.1.6 (/opt/ros/humble/share/rosidl_generator_c/cmake)
[0.640s] -- Found rosidl_adapter: 3.1.6 (/opt/ros/humble/share/rosidl_adapter/cmake)
[0.653s] -- Found rosidl_generator_cpp: 3.1.6 (/opt/ros/humble/share/rosidl_generator_cpp/cmake)
[0.674s] -- Using all available rosidl_typesupport_c: rosidl_typesupport_fastrtps_c;rosidl_typesupport_introspection_c
[0.696s] -- Using all available rosidl_typesupport_cpp: rosidl_typesupport_fastrtps_cpp;rosidl_typesupport_introspection_cpp
[3.448s] -- Found rmw_implementation_cmake: 6.1.2 (/opt/ros/humble/share/rmw_implementation_cmake/cmake)
[3.454s] -- Found rmw_fastrtps_cpp: 6.2.7 (/opt/ros/humble/share/rmw_fastrtps_cpp/cmake)
[3.503s] -- Found TinyXML2 via Config file: TinyXML2_DIR-NOTFOUND
[3.527s] -- Found TinyXML2 via Config file: TinyXML2_DIR-NOTFOUND
[3.718s] -- Found TinyXML2 via Config file: TinyXML2_DIR-NOTFOUND
[3.726s] -- Found TinyXML2 via Config file: TinyXML2_DIR-NOTFOUND
[3.900s] -- Using RMW implementation 'rmw_fastrtps_cpp' as default
[4.017s] -- Found ament_cmake_pytest: 1.3.11 (/opt/ros/humble/share/ament_cmake_pytest/cmake)
[5.296s] -- Configuring done
[5.340s] -- Generating done
[5.350s] -- Build files have been written to: /home/nwhit210/omnicar_2_ws/build/arduino_hardware_controller
[5.375s] [35m[1mConsolidate compiler generated dependencies of target arduino_hardware_controller[0m
[5.393s] [ 50%] [32mBuilding CXX object CMakeFiles/arduino_hardware_controller.dir/hardware/arduino_hardware.cpp.o[0m
[9.440s] [100%] [32m[1mLinking CXX shared library libarduino_hardware_controller.so[0m
[9.760s] [100%] Built target arduino_hardware_controller
[9.773s] Invoked command in '/home/nwhit210/omnicar_2_ws/build/arduino_hardware_controller' returned '0': CMAKE_PREFIX_PATH=${CMAKE_PREFIX_PATH}:/opt/ros/humble /usr/bin/cmake --build /home/nwhit210/omnicar_2_ws/build/arduino_hardware_controller -- -j8 -l8
[9.776s] Invoking command in '/home/nwhit210/omnicar_2_ws/build/arduino_hardware_controller': CMAKE_PREFIX_PATH=${CMAKE_PREFIX_PATH}:/opt/ros/humble /usr/bin/cmake --install /home/nwhit210/omnicar_2_ws/build/arduino_hardware_controller
[9.783s] -- Install configuration: ""
[9.784s] -- Up-to-date: /home/nwhit210/omnicar_2_ws/install/arduino_hardware_controller/share/arduino_hardware_controller/arduino_hardware_controller.xml
[9.784s] -- Up-to-date: /home/nwhit210/omnicar_2_ws/install/arduino_hardware_controller/include/arduino_hardware_controller
[9.784s] -- Up-to-date: /home/nwhit210/omnicar_2_ws/install/arduino_hardware_controller/include/arduino_hardware_controller/arduino_hardware_controller
[9.784s] -- Up-to-date: /home/nwhit210/omnicar_2_ws/install/arduino_hardware_controller/include/arduino_hardware_controller/arduino_hardware_controller/arduino_hardware.hpp
[9.784s] -- Up-to-date: /home/nwhit210/omnicar_2_ws/install/arduino_hardware_controller/include/arduino_hardware_controller/arduino_hardware_controller/arduino_comms.hpp
[9.784s] -- Up-to-date: /home/nwhit210/omnicar_2_ws/install/arduino_hardware_controller/share/arduino_hardware_controller/launch
[9.785s] -- Up-to-date: /home/nwhit210/omnicar_2_ws/install/arduino_hardware_controller/share/arduino_hardware_controller/launch/view_robot.launch.py
[9.785s] -- Up-to-date: /home/nwhit210/omnicar_2_ws/install/arduino_hardware_controller/share/arduino_hardware_controller/ros2_control
[9.785s] -- Up-to-date: /home/nwhit210/omnicar_2_ws/install/arduino_hardware_controller/share/arduino_hardware_controller/ros2_control/diffbot.ros2_control.xacro
[9.785s] -- Up-to-date: /home/nwhit210/omnicar_2_ws/install/arduino_hardware_controller/share/arduino_hardware_controller/urdf
[9.785s] -- Up-to-date: /home/nwhit210/omnicar_2_ws/install/arduino_hardware_controller/share/arduino_hardware_controller/urdf/diffbot.urdf.xacro
[9.785s] -- Up-to-date: /home/nwhit210/omnicar_2_ws/install/arduino_hardware_controller/share/arduino_hardware_controller/launch
[9.785s] -- Up-to-date: /home/nwhit210/omnicar_2_ws/install/arduino_hardware_controller/share/arduino_hardware_controller/launch/view_robot.launch.py
[9.785s] -- Up-to-date: /home/nwhit210/omnicar_2_ws/install/arduino_hardware_controller/share/arduino_hardware_controller/launch/arduino.launch.py
[9.786s] -- Up-to-date: /home/nwhit210/omnicar_2_ws/install/arduino_hardware_controller/share/arduino_hardware_controller/config
[9.786s] -- Up-to-date: /home/nwhit210/omnicar_2_ws/install/arduino_hardware_controller/share/arduino_hardware_controller/config/diffbot_controllers.yaml
[9.786s] -- Installing: /home/nwhit210/omnicar_2_ws/install/arduino_hardware_controller/lib/libarduino_hardware_controller.so
[9.789s] -- Set runtime path of "/home/nwhit210/omnicar_2_ws/install/arduino_hardware_controller/lib/libarduino_hardware_controller.so" to ""
[9.789s] -- Up-to-date: /home/nwhit210/omnicar_2_ws/install/arduino_hardware_controller/share/arduino_hardware_controller/environment/library_path.sh
[9.789s] -- Installing: /home/nwhit210/omnicar_2_ws/install/arduino_hardware_controller/share/arduino_hardware_controller/environment/library_path.dsv
[9.789s] -- Installing: /home/nwhit210/omnicar_2_ws/install/arduino_hardware_controller/share/ament_index/resource_index/package_run_dependencies/arduino_hardware_controller
[9.789s] -- Installing: /home/nwhit210/omnicar_2_ws/install/arduino_hardware_controller/share/ament_index/resource_index/parent_prefix_path/arduino_hardware_controller
[9.790s] -- Up-to-date: /home/nwhit210/omnicar_2_ws/install/arduino_hardware_controller/share/arduino_hardware_controller/environment/ament_prefix_path.sh
[9.790s] -- Installing: /home/nwhit210/omnicar_2_ws/install/arduino_hardware_controller/share/arduino_hardware_controller/environment/ament_prefix_path.dsv
[9.790s] -- Up-to-date: /home/nwhit210/omnicar_2_ws/install/arduino_hardware_controller/share/arduino_hardware_controller/environment/path.sh
[9.790s] -- Installing: /home/nwhit210/omnicar_2_ws/install/arduino_hardware_controller/share/arduino_hardware_controller/environment/path.dsv
[9.791s] -- Up-to-date: /home/nwhit210/omnicar_2_ws/install/arduino_hardware_controller/share/arduino_hardware_controller/local_setup.bash
[9.791s] -- Up-to-date: /home/nwhit210/omnicar_2_ws/install/arduino_hardware_controller/share/arduino_hardware_controller/local_setup.sh
[9.791s] -- Up-to-date: /home/nwhit210/omnicar_2_ws/install/arduino_hardware_controller/share/arduino_hardware_controller/local_setup.zsh
[9.791s] -- Installing: /home/nwhit210/omnicar_2_ws/install/arduino_hardware_controller/share/arduino_hardware_controller/local_setup.dsv
[9.791s] -- Installing: /home/nwhit210/omnicar_2_ws/install/arduino_hardware_controller/share/arduino_hardware_controller/package.dsv
[9.792s] -- Up-to-date: /home/nwhit210/omnicar_2_ws/install/arduino_hardware_controller/share/ament_index/resource_index/packages/arduino_hardware_controller
[9.792s] -- Up-to-date: /home/nwhit210/omnicar_2_ws/install/arduino_hardware_controller/share/ament_index/resource_index/hardware_interface__pluginlib__plugin/arduino_hardware_controller
[9.792s] -- Up-to-date: /home/nwhit210/omnicar_2_ws/install/arduino_hardware_controller/share/arduino_hardware_controller/cmake/export_arduino_hardware_controllerExport.cmake
[9.792s] -- Up-to-date: /home/nwhit210/omnicar_2_ws/install/arduino_hardware_controller/share/arduino_hardware_controller/cmake/export_arduino_hardware_controllerExport-noconfig.cmake
[9.793s] -- Up-to-date: /home/nwhit210/omnicar_2_ws/install/arduino_hardware_controller/share/arduino_hardware_controller/cmake/ament_cmake_export_targets-extras.cmake
[9.793s] -- Up-to-date: /home/nwhit210/omnicar_2_ws/install/arduino_hardware_controller/share/arduino_hardware_controller/cmake/ament_cmake_export_dependencies-extras.cmake
[9.794s] -- Up-to-date: /home/nwhit210/omnicar_2_ws/install/arduino_hardware_controller/share/arduino_hardware_controller/cmake/arduino_hardware_controllerConfig.cmake
[9.795s] -- Up-to-date: /home/nwhit210/omnicar_2_ws/install/arduino_hardware_controller/share/arduino_hardware_controller/cmake/arduino_hardware_controllerConfig-version.cmake
[9.796s] -- Installing: /home/nwhit210/omnicar_2_ws/install/arduino_hardware_controller/share/arduino_hardware_controller/package.xml
[9.796s] Invoked command in '/home/nwhit210/omnicar_2_ws/build/arduino_hardware_controller' returned '0': CMAKE_PREFIX_PATH=${CMAKE_PREFIX_PATH}:/opt/ros/humble /usr/bin/cmake --install /home/nwhit210/omnicar_2_ws/build/arduino_hardware_controller
