[0.114s] Invoking command in '/home/pi/omnicar_ws/build/ros2_control_demo_example_2': /usr/bin/cmake --build /home/pi/omnicar_ws/build/ros2_control_demo_example_2 -- -j4 -l4
[1.107s] [100%] Built target ros2_control_demo_example_2
[1.149s] Invoked command in '/home/pi/omnicar_ws/build/ros2_control_demo_example_2' returned '0': /usr/bin/cmake --build /home/pi/omnicar_ws/build/ros2_control_demo_example_2 -- -j4 -l4
[1.168s] Invoking command in '/home/pi/omnicar_ws/build/ros2_control_demo_example_2': /usr/bin/cmake --install /home/pi/omnicar_ws/build/ros2_control_demo_example_2
[1.203s] -- Install configuration: ""
[1.205s] -- Up-to-date: /home/pi/omnicar_ws/install/ros2_control_demo_example_2/share/ros2_control_demo_example_2/ros2_control_demo_example_2.xml
[1.207s] -- Up-to-date: /home/pi/omnicar_ws/install/ros2_control_demo_example_2/include/ros2_control_demo_example_2
[1.208s] -- Up-to-date: /home/pi/omnicar_ws/install/ros2_control_demo_example_2/include/ros2_control_demo_example_2/ros2_control_demo_example_2
[1.210s] -- Up-to-date: /home/pi/omnicar_ws/install/ros2_control_demo_example_2/include/ros2_control_demo_example_2/ros2_control_demo_example_2/diffbot_system.hpp
[1.212s] -- Up-to-date: /home/pi/omnicar_ws/install/ros2_control_demo_example_2/include/ros2_control_demo_example_2/ros2_control_demo_example_2/arduino_comms.hpp
[1.213s] -- Up-to-date: /home/pi/omnicar_ws/install/ros2_control_demo_example_2/share/ros2_control_demo_example_2/launch
[1.221s] -- Up-to-date: /home/pi/omnicar_ws/install/ros2_control_demo_example_2/share/ros2_control_demo_example_2/launch/view_robot.launch.py
[1.222s] -- Up-to-date: /home/pi/omnicar_ws/install/ros2_control_demo_example_2/share/ros2_control_demo_example_2/ros2_control
[1.224s] -- Up-to-date: /home/pi/omnicar_ws/install/ros2_control_demo_example_2/share/ros2_control_demo_example_2/ros2_control/diffbot.ros2_control.xacro
[1.225s] -- Up-to-date: /home/pi/omnicar_ws/install/ros2_control_demo_example_2/share/ros2_control_demo_example_2/urdf
[1.225s] -- Up-to-date: /home/pi/omnicar_ws/install/ros2_control_demo_example_2/share/ros2_control_demo_example_2/urdf/diffbot.urdf.xacro
[1.226s] -- Up-to-date: /home/pi/omnicar_ws/install/ros2_control_demo_example_2/share/ros2_control_demo_example_2/launch
[1.227s] -- Up-to-date: /home/pi/omnicar_ws/install/ros2_control_demo_example_2/share/ros2_control_demo_example_2/launch/diffbot.launch.py
[1.228s] -- Up-to-date: /home/pi/omnicar_ws/install/ros2_control_demo_example_2/share/ros2_control_demo_example_2/config
[1.228s] -- Up-to-date: /home/pi/omnicar_ws/install/ros2_control_demo_example_2/share/ros2_control_demo_example_2/config/diffbot_controllers.yaml
[1.232s] -- Up-to-date: /home/pi/omnicar_ws/install/ros2_control_demo_example_2/lib/libros2_control_demo_example_2.so
[1.235s] -- Up-to-date: /home/pi/omnicar_ws/install/ros2_control_demo_example_2/share/ros2_control_demo_example_2/environment/library_path.sh
[1.235s] -- Up-to-date: /home/pi/omnicar_ws/install/ros2_control_demo_example_2/share/ros2_control_demo_example_2/environment/library_path.dsv
[1.238s] -- Up-to-date: /home/pi/omnicar_ws/install/ros2_control_demo_example_2/share/ament_index/resource_index/package_run_dependencies/ros2_control_demo_example_2
[1.239s] -- Up-to-date: /home/pi/omnicar_ws/install/ros2_control_demo_example_2/share/ament_index/resource_index/parent_prefix_path/ros2_control_demo_example_2
[1.240s] -- Up-to-date: /home/pi/omnicar_ws/install/ros2_control_demo_example_2/share/ros2_control_demo_example_2/environment/ament_prefix_path.sh
[1.241s] -- Up-to-date: /home/pi/omnicar_ws/install/ros2_control_demo_example_2/share/ros2_control_demo_example_2/environment/ament_prefix_path.dsv
[1.241s] -- Up-to-date: /home/pi/omnicar_ws/install/ros2_control_demo_example_2/share/ros2_control_demo_example_2/environment/path.sh
[1.242s] -- Up-to-date: /home/pi/omnicar_ws/install/ros2_control_demo_example_2/share/ros2_control_demo_example_2/environment/path.dsv
[1.242s] -- Up-to-date: /home/pi/omnicar_ws/install/ros2_control_demo_example_2/share/ros2_control_demo_example_2/local_setup.bash
[1.243s] -- Up-to-date: /home/pi/omnicar_ws/install/ros2_control_demo_example_2/share/ros2_control_demo_example_2/local_setup.sh
[1.243s] -- Up-to-date: /home/pi/omnicar_ws/install/ros2_control_demo_example_2/share/ros2_control_demo_example_2/local_setup.zsh
[1.244s] -- Up-to-date: /home/pi/omnicar_ws/install/ros2_control_demo_example_2/share/ros2_control_demo_example_2/local_setup.dsv
[1.244s] -- Installing: /home/pi/omnicar_ws/install/ros2_control_demo_example_2/share/ros2_control_demo_example_2/package.dsv
[1.246s] -- Up-to-date: /home/pi/omnicar_ws/install/ros2_control_demo_example_2/share/ament_index/resource_index/packages/ros2_control_demo_example_2
[1.247s] -- Up-to-date: /home/pi/omnicar_ws/install/ros2_control_demo_example_2/share/ament_index/resource_index/hardware_interface__pluginlib__plugin/ros2_control_demo_example_2
[1.252s] -- Up-to-date: /home/pi/omnicar_ws/install/ros2_control_demo_example_2/share/ros2_control_demo_example_2/cmake/export_ros2_control_demo_example_2Export.cmake
[1.253s] -- Up-to-date: /home/pi/omnicar_ws/install/ros2_control_demo_example_2/share/ros2_control_demo_example_2/cmake/export_ros2_control_demo_example_2Export-noconfig.cmake
[1.253s] -- Up-to-date: /home/pi/omnicar_ws/install/ros2_control_demo_example_2/share/ros2_control_demo_example_2/cmake/ament_cmake_export_targets-extras.cmake
[1.254s] -- Up-to-date: /home/pi/omnicar_ws/install/ros2_control_demo_example_2/share/ros2_control_demo_example_2/cmake/ament_cmake_export_dependencies-extras.cmake
[1.254s] -- Up-to-date: /home/pi/omnicar_ws/install/ros2_control_demo_example_2/share/ros2_control_demo_example_2/cmake/ros2_control_demo_example_2Config.cmake
[1.255s] -- Up-to-date: /home/pi/omnicar_ws/install/ros2_control_demo_example_2/share/ros2_control_demo_example_2/cmake/ros2_control_demo_example_2Config-version.cmake
[1.255s] -- Up-to-date: /home/pi/omnicar_ws/install/ros2_control_demo_example_2/share/ros2_control_demo_example_2/package.xml
[1.263s] Invoked command in '/home/pi/omnicar_ws/build/ros2_control_demo_example_2' returned '0': /usr/bin/cmake --install /home/pi/omnicar_ws/build/ros2_control_demo_example_2
