[0.099s] Invoking command in '/home/nwhit210/omnicar_ws/build/omnicar': CMAKE_PREFIX_PATH=${CMAKE_PREFIX_PATH}:/opt/ros/humble /usr/bin/cmake --build /home/nwhit210/omnicar_ws/build/omnicar -- -j8 -l8
[0.308s] Invoked command in '/home/nwhit210/omnicar_ws/build/omnicar' returned '0': CMAKE_PREFIX_PATH=${CMAKE_PREFIX_PATH}:/opt/ros/humble /usr/bin/cmake --build /home/nwhit210/omnicar_ws/build/omnicar -- -j8 -l8
[0.338s] Invoking command in '/home/nwhit210/omnicar_ws/build/omnicar': CMAKE_PREFIX_PATH=${CMAKE_PREFIX_PATH}:/opt/ros/humble /usr/bin/cmake --install /home/nwhit210/omnicar_ws/build/omnicar
[0.371s] -- Install configuration: ""
[0.378s] -- Up-to-date: /home/nwhit210/omnicar_ws/install/omnicar/share/omnicar/config
[0.381s] -- Up-to-date: /home/nwhit210/omnicar_ws/install/omnicar/share/omnicar/config/my_controllers.yaml
[0.383s] -- Up-to-date: /home/nwhit210/omnicar_ws/install/omnicar/share/omnicar/config/empty.yaml
[0.384s] -- Up-to-date: /home/nwhit210/omnicar_ws/install/omnicar/share/omnicar/config/joystick.yaml
[0.386s] -- Up-to-date: /home/nwhit210/omnicar_ws/install/omnicar/share/omnicar/config/sim.yaml
[0.388s] -- Up-to-date: /home/nwhit210/omnicar_ws/install/omnicar/share/omnicar/description
[0.389s] -- Up-to-date: /home/nwhit210/omnicar_ws/install/omnicar/share/omnicar/description/robot.urdf.xacro
[0.391s] -- Up-to-date: /home/nwhit210/omnicar_ws/install/omnicar/share/omnicar/description/robot_core.xacro
[0.392s] -- Up-to-date: /home/nwhit210/omnicar_ws/install/omnicar/share/omnicar/description/ros2_control.xacro
[0.393s] -- Up-to-date: /home/nwhit210/omnicar_ws/install/omnicar/share/omnicar/description/mesh
[0.396s] -- Up-to-date: /home/nwhit210/omnicar_ws/install/omnicar/share/omnicar/description/mesh/collision
[0.399s] -- Up-to-date: /home/nwhit210/omnicar_ws/install/omnicar/share/omnicar/description/mesh/collision/roller.stl
[0.402s] -- Up-to-date: /home/nwhit210/omnicar_ws/install/omnicar/share/omnicar/description/mesh/collision/wheel.stl
[0.403s] -- Up-to-date: /home/nwhit210/omnicar_ws/install/omnicar/share/omnicar/description/mesh/visual
[0.405s] -- Up-to-date: /home/nwhit210/omnicar_ws/install/omnicar/share/omnicar/description/mesh/visual/wheel.dae
[0.407s] -- Up-to-date: /home/nwhit210/omnicar_ws/install/omnicar/share/omnicar/description/mesh/visual/roller.dae
[0.409s] -- Up-to-date: /home/nwhit210/omnicar_ws/install/omnicar/share/omnicar/description/urdf
[0.410s] -- Up-to-date: /home/nwhit210/omnicar_ws/install/omnicar/share/omnicar/description/urdf/wheel.xacro
[0.410s] -- Up-to-date: /home/nwhit210/omnicar_ws/install/omnicar/share/omnicar/description/urdf/mecanum_wheel_macro.xacro
[0.414s] -- Up-to-date: /home/nwhit210/omnicar_ws/install/omnicar/share/omnicar/description/urdf/rollers.xacro
[0.415s] -- Up-to-date: /home/nwhit210/omnicar_ws/install/omnicar/share/omnicar/description/urdf/mecanum_wheel.urdf.xacro
[0.415s] -- Up-to-date: /home/nwhit210/omnicar_ws/install/omnicar/share/omnicar/description/camera.xacro
[0.416s] -- Up-to-date: /home/nwhit210/omnicar_ws/install/omnicar/share/omnicar/launch
[0.418s] -- Installing: /home/nwhit210/omnicar_ws/install/omnicar/share/omnicar/launch/launch_bot.launch.py
[0.420s] -- Up-to-date: /home/nwhit210/omnicar_ws/install/omnicar/share/omnicar/launch/launch_sim.launch.py
[0.426s] -- Up-to-date: /home/nwhit210/omnicar_ws/install/omnicar/share/omnicar/launch/joint_pub.launch.py
[0.427s] -- Up-to-date: /home/nwhit210/omnicar_ws/install/omnicar/share/omnicar/launch/__pycache__
[0.428s] -- Up-to-date: /home/nwhit210/omnicar_ws/install/omnicar/share/omnicar/launch/__pycache__/launch_sim.cpython-310.pyc
[0.429s] -- Up-to-date: /home/nwhit210/omnicar_ws/install/omnicar/share/omnicar/launch/__pycache__/launch.cpython-310.pyc
[0.431s] -- Up-to-date: /home/nwhit210/omnicar_ws/install/omnicar/share/omnicar/launch/rsp.launch.py
[0.432s] -- Up-to-date: /home/nwhit210/omnicar_ws/install/omnicar/share/omnicar/launch/joystick.launch.py
[0.433s] -- Up-to-date: /home/nwhit210/omnicar_ws/install/omnicar/share/omnicar/worlds
[0.434s] -- Up-to-date: /home/nwhit210/omnicar_ws/install/omnicar/share/omnicar/worlds/empty.world
[0.434s] -- Up-to-date: /home/nwhit210/omnicar_ws/install/omnicar/share/ament_index/resource_index/package_run_dependencies/omnicar
[0.436s] -- Up-to-date: /home/nwhit210/omnicar_ws/install/omnicar/share/ament_index/resource_index/parent_prefix_path/omnicar
[0.436s] -- Up-to-date: /home/nwhit210/omnicar_ws/install/omnicar/share/omnicar/environment/ament_prefix_path.sh
[0.452s] -- Up-to-date: /home/nwhit210/omnicar_ws/install/omnicar/share/omnicar/environment/ament_prefix_path.dsv
[0.454s] -- Up-to-date: /home/nwhit210/omnicar_ws/install/omnicar/share/omnicar/environment/path.sh
[0.455s] -- Up-to-date: /home/nwhit210/omnicar_ws/install/omnicar/share/omnicar/environment/path.dsv
[0.456s] -- Up-to-date: /home/nwhit210/omnicar_ws/install/omnicar/share/omnicar/local_setup.bash
[0.459s] -- Up-to-date: /home/nwhit210/omnicar_ws/install/omnicar/share/omnicar/local_setup.sh
[0.469s] -- Up-to-date: /home/nwhit210/omnicar_ws/install/omnicar/share/omnicar/local_setup.zsh
[0.470s] -- Up-to-date: /home/nwhit210/omnicar_ws/install/omnicar/share/omnicar/local_setup.dsv
[0.470s] -- Installing: /home/nwhit210/omnicar_ws/install/omnicar/share/omnicar/package.dsv
[0.470s] -- Up-to-date: /home/nwhit210/omnicar_ws/install/omnicar/share/ament_index/resource_index/packages/omnicar
[0.470s] -- Up-to-date: /home/nwhit210/omnicar_ws/install/omnicar/share/omnicar/cmake/omnicarConfig.cmake
[0.471s] -- Up-to-date: /home/nwhit210/omnicar_ws/install/omnicar/share/omnicar/cmake/omnicarConfig-version.cmake
[0.471s] -- Up-to-date: /home/nwhit210/omnicar_ws/install/omnicar/share/omnicar/package.xml
[0.471s] Invoked command in '/home/nwhit210/omnicar_ws/build/omnicar' returned '0': CMAKE_PREFIX_PATH=${CMAKE_PREFIX_PATH}:/opt/ros/humble /usr/bin/cmake --install /home/nwhit210/omnicar_ws/build/omnicar
