[0.090s] Invoking command in '/home/pi/omnicar_ws/build/diffdrive_arduino': CMAKE_PREFIX_PATH=/opt/ros/humble /usr/bin/cmake /home/pi/omnicar_ws/src/diffdrive_arduino -DCMAKE_INSTALL_PREFIX=/home/pi/omnicar_ws/install/diffdrive_arduino
[1.495s] -- The CXX compiler identification is GNU 11.4.0
[1.549s] -- Detecting CXX compiler ABI info
[1.940s] -- Detecting CXX compiler ABI info - done
[1.968s] -- Check for working CXX compiler: /usr/bin/c++ - skipped
[1.970s] -- Detecting CXX compile features
[1.973s] -- Detecting CXX compile features - done
[2.009s] -- Found ament_cmake: 1.3.11 (/opt/ros/humble/share/ament_cmake/cmake)
[2.761s] -- Found Python3: /usr/bin/python3 (found version "3.10.12") found components: Interpreter 
[3.403s] -- Found hardware_interface: 2.49.0 (/opt/ros/humble/share/hardware_interface/cmake)
[3.815s] -- Found rosidl_generator_c: 3.1.6 (/opt/ros/humble/share/rosidl_generator_c/cmake)
[3.868s] -- Found rosidl_adapter: 3.1.6 (/opt/ros/humble/share/rosidl_adapter/cmake)
[3.946s] -- Found rosidl_generator_cpp: 3.1.6 (/opt/ros/humble/share/rosidl_generator_cpp/cmake)
[4.043s] -- Using all available rosidl_typesupport_c: rosidl_typesupport_fastrtps_c;rosidl_typesupport_introspection_c
[4.169s] -- Using all available rosidl_typesupport_cpp: rosidl_typesupport_fastrtps_cpp;rosidl_typesupport_introspection_cpp
[5.803s] -- Found rmw_implementation_cmake: 6.1.2 (/opt/ros/humble/share/rmw_implementation_cmake/cmake)
[5.834s] -- Found rmw_fastrtps_cpp: 6.2.7 (/opt/ros/humble/share/rmw_fastrtps_cpp/cmake)
[6.040s] -- Found TinyXML2 via Config file: TinyXML2_DIR-NOTFOUND
[6.305s] -- Found OpenSSL: /usr/lib/aarch64-linux-gnu/libcrypto.so (found version "3.0.2")  
[6.324s] -- Found TinyXML2 via Config file: TinyXML2_DIR-NOTFOUND
[6.402s] -- Found FastRTPS: /opt/ros/humble/include  
[6.415s] -- Found TinyXML2 via Config file: TinyXML2_DIR-NOTFOUND
[6.448s] -- Found TinyXML2 via Config file: TinyXML2_DIR-NOTFOUND
[6.484s] -- Using RMW implementation 'rmw_fastrtps_cpp' as default
[6.573s] -- Looking for C++ include pthread.h
[7.006s] -- Looking for C++ include pthread.h - found
[7.009s] -- Performing Test CMAKE_HAVE_LIBC_PTHREAD
[7.410s] -- Performing Test CMAKE_HAVE_LIBC_PTHREAD - Success
[7.415s] -- Found Threads: TRUE  
[7.750s] -- Found ament_cmake_gtest: 1.3.11 (/opt/ros/humble/share/ament_cmake_gtest/cmake)
[8.077s] -- Configuring done
[8.431s] -- Generating done
[8.452s] -- Build files have been written to: /home/pi/omnicar_ws/build/diffdrive_arduino
[8.491s] Invoked command in '/home/pi/omnicar_ws/build/diffdrive_arduino' returned '0': CMAKE_PREFIX_PATH=/opt/ros/humble /usr/bin/cmake /home/pi/omnicar_ws/src/diffdrive_arduino -DCMAKE_INSTALL_PREFIX=/home/pi/omnicar_ws/install/diffdrive_arduino
[8.499s] Invoking command in '/home/pi/omnicar_ws/build/diffdrive_arduino': CMAKE_PREFIX_PATH=/opt/ros/humble /usr/bin/cmake --build /home/pi/omnicar_ws/build/diffdrive_arduino -- -j4 -l4
[8.703s] [ 50%] [32mBuilding CXX object CMakeFiles/diffdrive_arduino.dir/hardware/diffbot_system.cpp.o[0m
[24.433s] [100%] [32m[1mLinking CXX shared library libdiffdrive_arduino.so[0m
[25.624s] [100%] Built target diffdrive_arduino
[25.679s] Invoked command in '/home/pi/omnicar_ws/build/diffdrive_arduino' returned '0': CMAKE_PREFIX_PATH=/opt/ros/humble /usr/bin/cmake --build /home/pi/omnicar_ws/build/diffdrive_arduino -- -j4 -l4
[25.702s] Invoking command in '/home/pi/omnicar_ws/build/diffdrive_arduino': CMAKE_PREFIX_PATH=/opt/ros/humble /usr/bin/cmake --install /home/pi/omnicar_ws/build/diffdrive_arduino
[25.729s] -- Install configuration: ""
[25.731s] -- Installing: /home/pi/omnicar_ws/install/diffdrive_arduino/share/diffdrive_arduino/diffdrive_arduino.xml
[25.732s] -- Installing: /home/pi/omnicar_ws/install/diffdrive_arduino/include/diffdrive_arduino
[25.732s] -- Installing: /home/pi/omnicar_ws/install/diffdrive_arduino/include/diffdrive_arduino/diffdrive_arduino
[25.733s] -- Installing: /home/pi/omnicar_ws/install/diffdrive_arduino/include/diffdrive_arduino/diffdrive_arduino/wheel.hpp
[25.734s] -- Installing: /home/pi/omnicar_ws/install/diffdrive_arduino/include/diffdrive_arduino/diffdrive_arduino/diffbot_system.hpp
[25.735s] -- Installing: /home/pi/omnicar_ws/install/diffdrive_arduino/include/diffdrive_arduino/diffdrive_arduino/visibility_control.h
[25.736s] -- Installing: /home/pi/omnicar_ws/install/diffdrive_arduino/include/diffdrive_arduino/diffdrive_arduino/arduino_comms.hpp
[25.738s] -- Installing: /home/pi/omnicar_ws/install/diffdrive_arduino/share/diffdrive_arduino/launch
[25.738s] -- Installing: /home/pi/omnicar_ws/install/diffdrive_arduino/share/diffdrive_arduino/launch/view_robot.launch.py
[25.739s] -- Installing: /home/pi/omnicar_ws/install/diffdrive_arduino/share/diffdrive_arduino/ros2_control
[25.740s] -- Installing: /home/pi/omnicar_ws/install/diffdrive_arduino/share/diffdrive_arduino/ros2_control/diffbot.ros2_control.xacro
[25.741s] -- Installing: /home/pi/omnicar_ws/install/diffdrive_arduino/share/diffdrive_arduino/urdf
[25.742s] -- Installing: /home/pi/omnicar_ws/install/diffdrive_arduino/share/diffdrive_arduino/urdf/diffbot_description.urdf.xacro
[25.743s] -- Installing: /home/pi/omnicar_ws/install/diffdrive_arduino/share/diffdrive_arduino/urdf/diffbot.urdf.xacro
[25.744s] -- Installing: /home/pi/omnicar_ws/install/diffdrive_arduino/share/diffdrive_arduino/urdf/diffbot.materials.xacro
[25.745s] -- Installing: /home/pi/omnicar_ws/install/diffdrive_arduino/share/diffdrive_arduino/rviz
[25.745s] -- Installing: /home/pi/omnicar_ws/install/diffdrive_arduino/share/diffdrive_arduino/rviz/diffbot.rviz
[25.746s] -- Installing: /home/pi/omnicar_ws/install/diffdrive_arduino/share/diffdrive_arduino/rviz/diffbot_view.rviz
[25.748s] -- Up-to-date: /home/pi/omnicar_ws/install/diffdrive_arduino/share/diffdrive_arduino/launch
[25.748s] -- Installing: /home/pi/omnicar_ws/install/diffdrive_arduino/share/diffdrive_arduino/launch/diffbot.launch.py
[25.749s] -- Installing: /home/pi/omnicar_ws/install/diffdrive_arduino/share/diffdrive_arduino/config
[25.749s] -- Installing: /home/pi/omnicar_ws/install/diffdrive_arduino/share/diffdrive_arduino/config/diffbot_controllers.yaml
[25.751s] -- Installing: /home/pi/omnicar_ws/install/diffdrive_arduino/lib/libdiffdrive_arduino.so
[25.759s] -- Set runtime path of "/home/pi/omnicar_ws/install/diffdrive_arduino/lib/libdiffdrive_arduino.so" to ""
[25.760s] -- Installing: /home/pi/omnicar_ws/install/diffdrive_arduino/share/diffdrive_arduino/environment/library_path.sh
[25.762s] -- Installing: /home/pi/omnicar_ws/install/diffdrive_arduino/share/diffdrive_arduino/environment/library_path.dsv
[25.765s] -- Installing: /home/pi/omnicar_ws/install/diffdrive_arduino/share/ament_index/resource_index/package_run_dependencies/diffdrive_arduino
[25.767s] -- Installing: /home/pi/omnicar_ws/install/diffdrive_arduino/share/ament_index/resource_index/parent_prefix_path/diffdrive_arduino
[25.769s] -- Installing: /home/pi/omnicar_ws/install/diffdrive_arduino/share/diffdrive_arduino/environment/ament_prefix_path.sh
[25.771s] -- Installing: /home/pi/omnicar_ws/install/diffdrive_arduino/share/diffdrive_arduino/environment/ament_prefix_path.dsv
[25.772s] -- Installing: /home/pi/omnicar_ws/install/diffdrive_arduino/share/diffdrive_arduino/environment/path.sh
[25.774s] -- Installing: /home/pi/omnicar_ws/install/diffdrive_arduino/share/diffdrive_arduino/environment/path.dsv
[25.776s] -- Installing: /home/pi/omnicar_ws/install/diffdrive_arduino/share/diffdrive_arduino/local_setup.bash
[25.778s] -- Installing: /home/pi/omnicar_ws/install/diffdrive_arduino/share/diffdrive_arduino/local_setup.sh
[25.780s] -- Installing: /home/pi/omnicar_ws/install/diffdrive_arduino/share/diffdrive_arduino/local_setup.zsh
[25.782s] -- Installing: /home/pi/omnicar_ws/install/diffdrive_arduino/share/diffdrive_arduino/local_setup.dsv
[25.784s] -- Installing: /home/pi/omnicar_ws/install/diffdrive_arduino/share/diffdrive_arduino/package.dsv
[25.786s] -- Installing: /home/pi/omnicar_ws/install/diffdrive_arduino/share/ament_index/resource_index/packages/diffdrive_arduino
[25.788s] -- Installing: /home/pi/omnicar_ws/install/diffdrive_arduino/share/ament_index/resource_index/hardware_interface__pluginlib__plugin/diffdrive_arduino
[25.790s] -- Installing: /home/pi/omnicar_ws/install/diffdrive_arduino/share/diffdrive_arduino/cmake/export_diffdrive_arduinoExport.cmake
[25.792s] -- Installing: /home/pi/omnicar_ws/install/diffdrive_arduino/share/diffdrive_arduino/cmake/export_diffdrive_arduinoExport-noconfig.cmake
[25.795s] -- Installing: /home/pi/omnicar_ws/install/diffdrive_arduino/share/diffdrive_arduino/cmake/ament_cmake_export_targets-extras.cmake
[25.796s] -- Installing: /home/pi/omnicar_ws/install/diffdrive_arduino/share/diffdrive_arduino/cmake/ament_cmake_export_dependencies-extras.cmake
[25.798s] -- Installing: /home/pi/omnicar_ws/install/diffdrive_arduino/share/diffdrive_arduino/cmake/diffdrive_arduinoConfig.cmake
[25.800s] -- Installing: /home/pi/omnicar_ws/install/diffdrive_arduino/share/diffdrive_arduino/cmake/diffdrive_arduinoConfig-version.cmake
[25.802s] -- Installing: /home/pi/omnicar_ws/install/diffdrive_arduino/share/diffdrive_arduino/package.xml
[25.816s] Invoked command in '/home/pi/omnicar_ws/build/diffdrive_arduino' returned '0': CMAKE_PREFIX_PATH=/opt/ros/humble /usr/bin/cmake --install /home/pi/omnicar_ws/build/diffdrive_arduino
