[0.083s] Invoking command in '/home/pi/omnicar_ws/build/omnicar': CMAKE_PREFIX_PATH=${CMAKE_PREFIX_PATH}:/opt/ros/humble /usr/bin/cmake /home/pi/omnicar_ws/src/omnicar -DAMENT_CMAKE_SYMLINK_INSTALL=1 -DCMAKE_INSTALL_PREFIX=/home/pi/omnicar_ws/install/omnicar
[0.142s] -- Found ament_cmake: 1.3.11 (/opt/ros/humble/share/ament_cmake/cmake)
[0.971s] -- Override CMake install command with custom implementation using symlinks instead of copying resources
[1.063s] -- Found ament_lint_auto: 0.12.12 (/opt/ros/humble/share/ament_lint_auto/cmake)
[1.500s] -- Added test 'copyright' to check source files copyright and LICENSE
[1.544s] -- Added test 'flake8' to check Python code syntax and style conventions
[1.551s] -- Added test 'lint_cmake' to check CMake code style
[1.557s] -- Added test 'pep257' to check Python code against some of the docstring style conventions in PEP 257
[1.581s] -- Added test 'xmllint' to check XML markup files
[1.596s] -- Configuring done
[1.635s] -- Generating done
[1.652s] -- Build files have been written to: /home/pi/omnicar_ws/build/omnicar
[1.667s] Invoked command in '/home/pi/omnicar_ws/build/omnicar' returned '0': CMAKE_PREFIX_PATH=${CMAKE_PREFIX_PATH}:/opt/ros/humble /usr/bin/cmake /home/pi/omnicar_ws/src/omnicar -DAMENT_CMAKE_SYMLINK_INSTALL=1 -DCMAKE_INSTALL_PREFIX=/home/pi/omnicar_ws/install/omnicar
[1.673s] Invoking command in '/home/pi/omnicar_ws/build/omnicar': CMAKE_PREFIX_PATH=${CMAKE_PREFIX_PATH}:/opt/ros/humble /usr/bin/cmake --build /home/pi/omnicar_ws/build/omnicar -- -j4 -l4
[1.840s] Invoked command in '/home/pi/omnicar_ws/build/omnicar' returned '0': CMAKE_PREFIX_PATH=${CMAKE_PREFIX_PATH}:/opt/ros/humble /usr/bin/cmake --build /home/pi/omnicar_ws/build/omnicar -- -j4 -l4
[1.901s] Invoking command in '/home/pi/omnicar_ws/build/omnicar': CMAKE_PREFIX_PATH=${CMAKE_PREFIX_PATH}:/opt/ros/humble /usr/bin/cmake --install /home/pi/omnicar_ws/build/omnicar
[1.935s] -- Install configuration: ""
[1.938s] -- Execute custom install script
[1.942s] -- Up-to-date symlink: /home/pi/omnicar_ws/install/omnicar/share/omnicar/config/empty.yaml
[1.944s] -- Up-to-date symlink: /home/pi/omnicar_ws/install/omnicar/share/omnicar/config/joystick.yaml
[1.951s] -- Up-to-date symlink: /home/pi/omnicar_ws/install/omnicar/share/omnicar/config/my_controllers.yaml
[1.954s] -- Up-to-date symlink: /home/pi/omnicar_ws/install/omnicar/share/omnicar/config/sim.yaml
[1.956s] -- Up-to-date symlink: /home/pi/omnicar_ws/install/omnicar/share/omnicar/description/camera.xacro
[1.959s] -- Up-to-date symlink: /home/pi/omnicar_ws/install/omnicar/share/omnicar/description/mesh/collision/roller.stl
[1.962s] -- Up-to-date symlink: /home/pi/omnicar_ws/install/omnicar/share/omnicar/description/mesh/collision/wheel.stl
[1.964s] -- Up-to-date symlink: /home/pi/omnicar_ws/install/omnicar/share/omnicar/description/mesh/visual/roller.dae
[1.967s] -- Up-to-date symlink: /home/pi/omnicar_ws/install/omnicar/share/omnicar/description/mesh/visual/wheel.dae
[1.969s] -- Up-to-date symlink: /home/pi/omnicar_ws/install/omnicar/share/omnicar/description/robot.urdf.xacro
[1.972s] -- Up-to-date symlink: /home/pi/omnicar_ws/install/omnicar/share/omnicar/description/robot_core.xacro
[1.975s] -- Up-to-date symlink: /home/pi/omnicar_ws/install/omnicar/share/omnicar/description/ros2_control.xacro
[1.978s] -- Up-to-date symlink: /home/pi/omnicar_ws/install/omnicar/share/omnicar/description/urdf/mecanum_wheel.urdf.xacro
[1.981s] -- Up-to-date symlink: /home/pi/omnicar_ws/install/omnicar/share/omnicar/description/urdf/mecanum_wheel_macro.xacro
[1.984s] -- Up-to-date symlink: /home/pi/omnicar_ws/install/omnicar/share/omnicar/description/urdf/rollers.xacro
[1.987s] -- Up-to-date symlink: /home/pi/omnicar_ws/install/omnicar/share/omnicar/description/urdf/wheel.xacro
[1.990s] -- Up-to-date symlink: /home/pi/omnicar_ws/install/omnicar/share/omnicar/launch/__pycache__/launch.cpython-310.pyc
[1.993s] -- Up-to-date symlink: /home/pi/omnicar_ws/install/omnicar/share/omnicar/launch/__pycache__/launch_sim.cpython-310.pyc
[1.996s] -- Up-to-date symlink: /home/pi/omnicar_ws/install/omnicar/share/omnicar/launch/joint_pub.launch.py
[1.999s] -- Up-to-date symlink: /home/pi/omnicar_ws/install/omnicar/share/omnicar/launch/joystick.launch.py
[2.002s] -- Up-to-date symlink: /home/pi/omnicar_ws/install/omnicar/share/omnicar/launch/launch_bot.launch.py
[2.005s] -- Up-to-date symlink: /home/pi/omnicar_ws/install/omnicar/share/omnicar/launch/launch_sim.launch.py
[2.009s] -- Up-to-date symlink: /home/pi/omnicar_ws/install/omnicar/share/omnicar/launch/rsp.launch.py
[2.012s] -- Up-to-date symlink: /home/pi/omnicar_ws/install/omnicar/share/omnicar/worlds/empty.world
[2.015s] -- Up-to-date symlink: /home/pi/omnicar_ws/install/omnicar/share/ament_index/resource_index/package_run_dependencies/omnicar
[2.017s] -- Up-to-date symlink: /home/pi/omnicar_ws/install/omnicar/share/ament_index/resource_index/parent_prefix_path/omnicar
[2.019s] -- Up-to-date symlink: /home/pi/omnicar_ws/install/omnicar/share/omnicar/environment/ament_prefix_path.sh
[2.022s] -- Up-to-date symlink: /home/pi/omnicar_ws/install/omnicar/share/omnicar/environment/ament_prefix_path.dsv
[2.024s] -- Up-to-date symlink: /home/pi/omnicar_ws/install/omnicar/share/omnicar/environment/path.sh
[2.027s] -- Up-to-date symlink: /home/pi/omnicar_ws/install/omnicar/share/omnicar/environment/path.dsv
[2.029s] -- Up-to-date symlink: /home/pi/omnicar_ws/install/omnicar/share/omnicar/local_setup.bash
[2.031s] -- Up-to-date symlink: /home/pi/omnicar_ws/install/omnicar/share/omnicar/local_setup.sh
[2.034s] -- Up-to-date symlink: /home/pi/omnicar_ws/install/omnicar/share/omnicar/local_setup.zsh
[2.035s] -- Up-to-date symlink: /home/pi/omnicar_ws/install/omnicar/share/omnicar/local_setup.dsv
[2.035s] -- Symlinking: /home/pi/omnicar_ws/install/omnicar/share/omnicar/package.dsv
[2.037s] -- Up-to-date symlink: /home/pi/omnicar_ws/install/omnicar/share/ament_index/resource_index/packages/omnicar
[2.040s] -- Up-to-date symlink: /home/pi/omnicar_ws/install/omnicar/share/omnicar/cmake/omnicarConfig.cmake
[2.041s] -- Up-to-date symlink: /home/pi/omnicar_ws/install/omnicar/share/omnicar/cmake/omnicarConfig-version.cmake
[2.041s] -- Up-to-date symlink: /home/pi/omnicar_ws/install/omnicar/share/omnicar/package.xml
[2.042s] Invoked command in '/home/pi/omnicar_ws/build/omnicar' returned '0': CMAKE_PREFIX_PATH=${CMAKE_PREFIX_PATH}:/opt/ros/humble /usr/bin/cmake --install /home/pi/omnicar_ws/build/omnicar
