[0.991s] DEBUG:colcon:Command line arguments: ['/usr/bin/colcon', 'build']
[0.991s] DEBUG:colcon:Parsed command line arguments: Namespace(log_base=None, log_level=None, verb_name='build', build_base='build', install_base='install', merge_install=False, symlink_install=False, test_result_base=None, continue_on_error=False, executor='parallel', parallel_workers=8, event_handlers=None, ignore_user_meta=False, metas=['./colcon.meta'], base_paths=['.'], packages_ignore=None, packages_ignore_regex=None, paths=None, packages_up_to=None, packages_up_to_regex=None, packages_above=None, packages_above_and_dependencies=None, packages_above_depth=None, packages_select_by_dep=None, packages_skip_by_dep=None, packages_skip_up_to=None, packages_select_build_failed=False, packages_skip_build_finished=False, packages_select_test_failures=False, packages_skip_test_passed=False, packages_select=None, packages_skip=None, packages_select_regex=None, packages_skip_regex=None, packages_start=None, packages_end=None, allow_overriding=[], cmake_args=None, cmake_target=None, cmake_target_skip_unavailable=False, cmake_clean_cache=False, cmake_clean_first=False, cmake_force_configure=False, ament_cmake_args=None, catkin_cmake_args=None, catkin_skip_building_tests=False, mixin_files=None, mixin=None, verb_parser=<colcon_mixin.mixin.mixin_argument.MixinArgumentDecorator object at 0x7fea03df9810>, verb_extension=<colcon_core.verb.build.BuildVerb object at 0x7fea03df9180>, main=<bound method BuildVerb.main of <colcon_core.verb.build.BuildVerb object at 0x7fea03df9180>>, mixin_verb=('build',))
[2.208s] Level 1:colcon.colcon_core.package_discovery:discover_packages(colcon_meta) check parameters
[2.209s] Level 1:colcon.colcon_core.package_discovery:discover_packages(recursive) check parameters
[2.209s] Level 1:colcon.colcon_core.package_discovery:discover_packages(ignore) check parameters
[2.210s] Level 1:colcon.colcon_core.package_discovery:discover_packages(path) check parameters
[2.210s] Level 1:colcon.colcon_core.package_discovery:discover_packages(colcon_meta) discover
[2.210s] Level 1:colcon.colcon_core.package_discovery:discover_packages(recursive) discover
[2.211s] INFO:colcon.colcon_core.package_discovery:Crawling recursively for packages in '/home/nwhit210/omnicar_ws'
[2.211s] Level 1:colcon.colcon_core.package_identification:_identify(.) by extensions ['ignore', 'ignore_ament_install']
[2.212s] Level 1:colcon.colcon_core.package_identification:_identify(.) by extension 'ignore'
[2.213s] Level 1:colcon.colcon_core.package_identification:_identify(.) by extension 'ignore_ament_install'
[2.213s] Level 1:colcon.colcon_core.package_identification:_identify(.) by extensions ['colcon_pkg']
[2.214s] Level 1:colcon.colcon_core.package_identification:_identify(.) by extension 'colcon_pkg'
[2.214s] Level 1:colcon.colcon_core.package_identification:_identify(.) by extensions ['colcon_meta']
[2.214s] Level 1:colcon.colcon_core.package_identification:_identify(.) by extension 'colcon_meta'
[2.215s] Level 1:colcon.colcon_core.package_identification:_identify(.) by extensions ['ros']
[2.215s] Level 1:colcon.colcon_core.package_identification:_identify(.) by extension 'ros'
[2.284s] Level 1:colcon.colcon_core.package_identification:_identify(.) by extensions ['cmake', 'python']
[2.286s] Level 1:colcon.colcon_core.package_identification:_identify(.) by extension 'cmake'
[2.286s] Level 1:colcon.colcon_core.package_identification:_identify(.) by extension 'python'
[2.287s] Level 1:colcon.colcon_core.package_identification:_identify(.) by extensions ['python_setup_py']
[2.287s] Level 1:colcon.colcon_core.package_identification:_identify(.) by extension 'python_setup_py'
[2.289s] Level 1:colcon.colcon_core.package_identification:_identify(build) by extensions ['ignore', 'ignore_ament_install']
[2.289s] Level 1:colcon.colcon_core.package_identification:_identify(build) by extension 'ignore'
[2.290s] Level 1:colcon.colcon_core.package_identification:_identify(build) ignored
[2.291s] Level 1:colcon.colcon_core.package_identification:_identify(install) by extensions ['ignore', 'ignore_ament_install']
[2.292s] Level 1:colcon.colcon_core.package_identification:_identify(install) by extension 'ignore'
[2.292s] Level 1:colcon.colcon_core.package_identification:_identify(install) ignored
[2.294s] Level 1:colcon.colcon_core.package_identification:_identify(log) by extensions ['ignore', 'ignore_ament_install']
[2.295s] Level 1:colcon.colcon_core.package_identification:_identify(log) by extension 'ignore'
[2.295s] Level 1:colcon.colcon_core.package_identification:_identify(log) ignored
[2.296s] Level 1:colcon.colcon_core.package_identification:_identify(src) by extensions ['ignore', 'ignore_ament_install']
[2.297s] Level 1:colcon.colcon_core.package_identification:_identify(src) by extension 'ignore'
[2.297s] Level 1:colcon.colcon_core.package_identification:_identify(src) by extension 'ignore_ament_install'
[2.297s] Level 1:colcon.colcon_core.package_identification:_identify(src) by extensions ['colcon_pkg']
[2.298s] Level 1:colcon.colcon_core.package_identification:_identify(src) by extension 'colcon_pkg'
[2.298s] Level 1:colcon.colcon_core.package_identification:_identify(src) by extensions ['colcon_meta']
[2.299s] Level 1:colcon.colcon_core.package_identification:_identify(src) by extension 'colcon_meta'
[2.299s] Level 1:colcon.colcon_core.package_identification:_identify(src) by extensions ['ros']
[2.299s] Level 1:colcon.colcon_core.package_identification:_identify(src) by extension 'ros'
[2.300s] Level 1:colcon.colcon_core.package_identification:_identify(src) by extensions ['cmake', 'python']
[2.300s] Level 1:colcon.colcon_core.package_identification:_identify(src) by extension 'cmake'
[2.301s] Level 1:colcon.colcon_core.package_identification:_identify(src) by extension 'python'
[2.301s] Level 1:colcon.colcon_core.package_identification:_identify(src) by extensions ['python_setup_py']
[2.302s] Level 1:colcon.colcon_core.package_identification:_identify(src) by extension 'python_setup_py'
[2.303s] Level 1:colcon.colcon_core.package_identification:_identify(src/arduino_controller) by extensions ['ignore', 'ignore_ament_install']
[2.304s] Level 1:colcon.colcon_core.package_identification:_identify(src/arduino_controller) by extension 'ignore'
[2.304s] Level 1:colcon.colcon_core.package_identification:_identify(src/arduino_controller) by extension 'ignore_ament_install'
[2.305s] Level 1:colcon.colcon_core.package_identification:_identify(src/arduino_controller) by extensions ['colcon_pkg']
[2.306s] Level 1:colcon.colcon_core.package_identification:_identify(src/arduino_controller) by extension 'colcon_pkg'
[2.306s] Level 1:colcon.colcon_core.package_identification:_identify(src/arduino_controller) by extensions ['colcon_meta']
[2.307s] Level 1:colcon.colcon_core.package_identification:_identify(src/arduino_controller) by extension 'colcon_meta'
[2.307s] Level 1:colcon.colcon_core.package_identification:_identify(src/arduino_controller) by extensions ['ros']
[2.307s] Level 1:colcon.colcon_core.package_identification:_identify(src/arduino_controller) by extension 'ros'
[2.327s] DEBUG:colcon.colcon_core.package_identification:Package 'src/arduino_controller' with type 'ros.ament_cmake' and name 'arduino_hardware_controller'
[2.328s] Level 1:colcon.colcon_core.package_identification:_identify(src/mecanum_drive_controller) by extensions ['ignore', 'ignore_ament_install']
[2.328s] Level 1:colcon.colcon_core.package_identification:_identify(src/mecanum_drive_controller) by extension 'ignore'
[2.329s] Level 1:colcon.colcon_core.package_identification:_identify(src/mecanum_drive_controller) by extension 'ignore_ament_install'
[2.329s] Level 1:colcon.colcon_core.package_identification:_identify(src/mecanum_drive_controller) by extensions ['colcon_pkg']
[2.330s] Level 1:colcon.colcon_core.package_identification:_identify(src/mecanum_drive_controller) by extension 'colcon_pkg'
[2.330s] Level 1:colcon.colcon_core.package_identification:_identify(src/mecanum_drive_controller) by extensions ['colcon_meta']
[2.330s] Level 1:colcon.colcon_core.package_identification:_identify(src/mecanum_drive_controller) by extension 'colcon_meta'
[2.331s] Level 1:colcon.colcon_core.package_identification:_identify(src/mecanum_drive_controller) by extensions ['ros']
[2.331s] Level 1:colcon.colcon_core.package_identification:_identify(src/mecanum_drive_controller) by extension 'ros'
[2.341s] DEBUG:colcon.colcon_core.package_identification:Package 'src/mecanum_drive_controller' with type 'ros.ament_cmake' and name 'mecanum_drive_controller'
[2.342s] Level 1:colcon.colcon_core.package_identification:_identify(src/omnicar) by extensions ['ignore', 'ignore_ament_install']
[2.342s] Level 1:colcon.colcon_core.package_identification:_identify(src/omnicar) by extension 'ignore'
[2.343s] Level 1:colcon.colcon_core.package_identification:_identify(src/omnicar) by extension 'ignore_ament_install'
[2.344s] Level 1:colcon.colcon_core.package_identification:_identify(src/omnicar) by extensions ['colcon_pkg']
[2.344s] Level 1:colcon.colcon_core.package_identification:_identify(src/omnicar) by extension 'colcon_pkg'
[2.344s] Level 1:colcon.colcon_core.package_identification:_identify(src/omnicar) by extensions ['colcon_meta']
[2.345s] Level 1:colcon.colcon_core.package_identification:_identify(src/omnicar) by extension 'colcon_meta'
[2.345s] Level 1:colcon.colcon_core.package_identification:_identify(src/omnicar) by extensions ['ros']
[2.346s] Level 1:colcon.colcon_core.package_identification:_identify(src/omnicar) by extension 'ros'
[2.348s] DEBUG:colcon.colcon_core.package_identification:Package 'src/omnicar' with type 'ros.ament_cmake' and name 'omnicar'
[2.349s] Level 1:colcon.colcon_core.package_discovery:discover_packages(recursive) using defaults
[2.349s] Level 1:colcon.colcon_core.package_discovery:discover_packages(ignore) discover
[2.350s] Level 1:colcon.colcon_core.package_discovery:discover_packages(ignore) using defaults
[2.350s] Level 1:colcon.colcon_core.package_discovery:discover_packages(path) discover
[2.350s] Level 1:colcon.colcon_core.package_discovery:discover_packages(path) using defaults
[2.537s] Level 1:colcon.colcon_core.package_discovery:discover_packages(prefix_path) check parameters
[2.537s] Level 1:colcon.colcon_core.package_discovery:discover_packages(prefix_path) discover
[2.552s] DEBUG:colcon.colcon_installed_package_information.package_discovery:Found 4 installed packages in /home/nwhit210/omnicar_ws/install
[2.554s] DEBUG:colcon.colcon_installed_package_information.package_discovery:Found 2 installed packages in /home/nwhit210/articubot_ws/install
[2.561s] DEBUG:colcon.colcon_installed_package_information.package_discovery:Found 378 installed packages in /opt/ros/humble
[2.571s] Level 1:colcon.colcon_core.package_discovery:discover_packages(prefix_path) using defaults
[2.778s] Level 5:colcon.colcon_core.verb:set package 'arduino_hardware_controller' build argument 'cmake_args' from command line to 'None'
[2.778s] Level 5:colcon.colcon_core.verb:set package 'arduino_hardware_controller' build argument 'cmake_target' from command line to 'None'
[2.778s] Level 5:colcon.colcon_core.verb:set package 'arduino_hardware_controller' build argument 'cmake_target_skip_unavailable' from command line to 'False'
[2.779s] Level 5:colcon.colcon_core.verb:set package 'arduino_hardware_controller' build argument 'cmake_clean_cache' from command line to 'False'
[2.779s] Level 5:colcon.colcon_core.verb:set package 'arduino_hardware_controller' build argument 'cmake_clean_first' from command line to 'False'
[2.779s] Level 5:colcon.colcon_core.verb:set package 'arduino_hardware_controller' build argument 'cmake_force_configure' from command line to 'False'
[2.779s] Level 5:colcon.colcon_core.verb:set package 'arduino_hardware_controller' build argument 'ament_cmake_args' from command line to 'None'
[2.779s] Level 5:colcon.colcon_core.verb:set package 'arduino_hardware_controller' build argument 'catkin_cmake_args' from command line to 'None'
[2.779s] Level 5:colcon.colcon_core.verb:set package 'arduino_hardware_controller' build argument 'catkin_skip_building_tests' from command line to 'False'
[2.779s] DEBUG:colcon.colcon_core.verb:Building package 'arduino_hardware_controller' with the following arguments: {'ament_cmake_args': None, 'build_base': '/home/nwhit210/omnicar_ws/build/arduino_hardware_controller', 'catkin_cmake_args': None, 'catkin_skip_building_tests': False, 'cmake_args': None, 'cmake_clean_cache': False, 'cmake_clean_first': False, 'cmake_force_configure': False, 'cmake_target': None, 'cmake_target_skip_unavailable': False, 'install_base': '/home/nwhit210/omnicar_ws/install/arduino_hardware_controller', 'merge_install': False, 'path': '/home/nwhit210/omnicar_ws/src/arduino_controller', 'symlink_install': False, 'test_result_base': None}
[2.780s] Level 5:colcon.colcon_core.verb:set package 'mecanum_drive_controller' build argument 'cmake_args' from command line to 'None'
[2.781s] Level 5:colcon.colcon_core.verb:set package 'mecanum_drive_controller' build argument 'cmake_target' from command line to 'None'
[2.781s] Level 5:colcon.colcon_core.verb:set package 'mecanum_drive_controller' build argument 'cmake_target_skip_unavailable' from command line to 'False'
[2.781s] Level 5:colcon.colcon_core.verb:set package 'mecanum_drive_controller' build argument 'cmake_clean_cache' from command line to 'False'
[2.781s] Level 5:colcon.colcon_core.verb:set package 'mecanum_drive_controller' build argument 'cmake_clean_first' from command line to 'False'
[2.781s] Level 5:colcon.colcon_core.verb:set package 'mecanum_drive_controller' build argument 'cmake_force_configure' from command line to 'False'
[2.781s] Level 5:colcon.colcon_core.verb:set package 'mecanum_drive_controller' build argument 'ament_cmake_args' from command line to 'None'
[2.781s] Level 5:colcon.colcon_core.verb:set package 'mecanum_drive_controller' build argument 'catkin_cmake_args' from command line to 'None'
[2.781s] Level 5:colcon.colcon_core.verb:set package 'mecanum_drive_controller' build argument 'catkin_skip_building_tests' from command line to 'False'
[2.782s] DEBUG:colcon.colcon_core.verb:Building package 'mecanum_drive_controller' with the following arguments: {'ament_cmake_args': None, 'build_base': '/home/nwhit210/omnicar_ws/build/mecanum_drive_controller', 'catkin_cmake_args': None, 'catkin_skip_building_tests': False, 'cmake_args': None, 'cmake_clean_cache': False, 'cmake_clean_first': False, 'cmake_force_configure': False, 'cmake_target': None, 'cmake_target_skip_unavailable': False, 'install_base': '/home/nwhit210/omnicar_ws/install/mecanum_drive_controller', 'merge_install': False, 'path': '/home/nwhit210/omnicar_ws/src/mecanum_drive_controller', 'symlink_install': False, 'test_result_base': None}
[2.783s] Level 5:colcon.colcon_core.verb:set package 'omnicar' build argument 'cmake_args' from command line to 'None'
[2.783s] Level 5:colcon.colcon_core.verb:set package 'omnicar' build argument 'cmake_target' from command line to 'None'
[2.783s] Level 5:colcon.colcon_core.verb:set package 'omnicar' build argument 'cmake_target_skip_unavailable' from command line to 'False'
[2.783s] Level 5:colcon.colcon_core.verb:set package 'omnicar' build argument 'cmake_clean_cache' from command line to 'False'
[2.784s] Level 5:colcon.colcon_core.verb:set package 'omnicar' build argument 'cmake_clean_first' from command line to 'False'
[2.784s] Level 5:colcon.colcon_core.verb:set package 'omnicar' build argument 'cmake_force_configure' from command line to 'False'
[2.784s] Level 5:colcon.colcon_core.verb:set package 'omnicar' build argument 'ament_cmake_args' from command line to 'None'
[2.784s] Level 5:colcon.colcon_core.verb:set package 'omnicar' build argument 'catkin_cmake_args' from command line to 'None'
[2.785s] Level 5:colcon.colcon_core.verb:set package 'omnicar' build argument 'catkin_skip_building_tests' from command line to 'False'
[2.785s] DEBUG:colcon.colcon_core.verb:Building package 'omnicar' with the following arguments: {'ament_cmake_args': None, 'build_base': '/home/nwhit210/omnicar_ws/build/omnicar', 'catkin_cmake_args': None, 'catkin_skip_building_tests': False, 'cmake_args': None, 'cmake_clean_cache': False, 'cmake_clean_first': False, 'cmake_force_configure': False, 'cmake_target': None, 'cmake_target_skip_unavailable': False, 'install_base': '/home/nwhit210/omnicar_ws/install/omnicar', 'merge_install': False, 'path': '/home/nwhit210/omnicar_ws/src/omnicar', 'symlink_install': False, 'test_result_base': None}
[2.786s] INFO:colcon.colcon_core.executor:Executing jobs using 'parallel' executor
[2.790s] DEBUG:colcon.colcon_parallel_executor.executor.parallel:run_until_complete
[2.792s] INFO:colcon.colcon_ros.task.ament_cmake.build:Building ROS package in '/home/nwhit210/omnicar_ws/src/arduino_controller' with build type 'ament_cmake'
[2.796s] INFO:colcon.colcon_cmake.task.cmake.build:Building CMake package in '/home/nwhit210/omnicar_ws/src/arduino_controller'
[2.813s] INFO:colcon.colcon_core.plugin_system:Skipping extension 'colcon_core.shell.bat': Not used on non-Windows systems
[2.814s] INFO:colcon.colcon_core.shell:Skip shell extension 'powershell' for command environment: Not usable outside of PowerShell
[2.815s] DEBUG:colcon.colcon_core.shell:Skip shell extension 'dsv' for command environment
[2.834s] INFO:colcon.colcon_ros.task.ament_cmake.build:Building ROS package in '/home/nwhit210/omnicar_ws/src/mecanum_drive_controller' with build type 'ament_cmake'
[2.836s] INFO:colcon.colcon_cmake.task.cmake.build:Building CMake package in '/home/nwhit210/omnicar_ws/src/mecanum_drive_controller'
[2.838s] INFO:colcon.colcon_core.shell:Skip shell extension 'powershell' for command environment: Not usable outside of PowerShell
[2.838s] DEBUG:colcon.colcon_core.shell:Skip shell extension 'dsv' for command environment
[2.854s] INFO:colcon.colcon_ros.task.ament_cmake.build:Building ROS package in '/home/nwhit210/omnicar_ws/src/omnicar' with build type 'ament_cmake'
[2.855s] INFO:colcon.colcon_cmake.task.cmake.build:Building CMake package in '/home/nwhit210/omnicar_ws/src/omnicar'
[2.857s] INFO:colcon.colcon_core.shell:Skip shell extension 'powershell' for command environment: Not usable outside of PowerShell
[2.858s] DEBUG:colcon.colcon_core.shell:Skip shell extension 'dsv' for command environment
[2.898s] DEBUG:colcon.colcon_core.event_handler.log_command:Invoking command in '/home/nwhit210/omnicar_ws/build/arduino_hardware_controller': CMAKE_PREFIX_PATH=${CMAKE_PREFIX_PATH}:/opt/ros/humble /usr/bin/cmake --build /home/nwhit210/omnicar_ws/build/arduino_hardware_controller -- -j8 -l8
[2.910s] DEBUG:colcon.colcon_core.event_handler.log_command:Invoking command in '/home/nwhit210/omnicar_ws/build/mecanum_drive_controller': CMAKE_PREFIX_PATH=${CMAKE_PREFIX_PATH}:/opt/ros/humble /usr/bin/cmake --build /home/nwhit210/omnicar_ws/build/mecanum_drive_controller -- -j8 -l8
[2.954s] DEBUG:colcon.colcon_core.event_handler.log_command:Invoking command in '/home/nwhit210/omnicar_ws/build/omnicar': CMAKE_PREFIX_PATH=${CMAKE_PREFIX_PATH}:/opt/ros/humble /usr/bin/cmake --build /home/nwhit210/omnicar_ws/build/omnicar -- -j8 -l8
[3.163s] DEBUG:colcon.colcon_core.event_handler.log_command:Invoked command in '/home/nwhit210/omnicar_ws/build/omnicar' returned '0': CMAKE_PREFIX_PATH=${CMAKE_PREFIX_PATH}:/opt/ros/humble /usr/bin/cmake --build /home/nwhit210/omnicar_ws/build/omnicar -- -j8 -l8
[3.192s] DEBUG:colcon.colcon_core.event_handler.log_command:Invoking command in '/home/nwhit210/omnicar_ws/build/omnicar': CMAKE_PREFIX_PATH=${CMAKE_PREFIX_PATH}:/opt/ros/humble /usr/bin/cmake --install /home/nwhit210/omnicar_ws/build/omnicar
[3.304s] Level 1:colcon.colcon_core.environment:create_environment_scripts_only(omnicar)
[3.326s] DEBUG:colcon.colcon_core.event_handler.log_command:Invoked command in '/home/nwhit210/omnicar_ws/build/omnicar' returned '0': CMAKE_PREFIX_PATH=${CMAKE_PREFIX_PATH}:/opt/ros/humble /usr/bin/cmake --install /home/nwhit210/omnicar_ws/build/omnicar
[3.328s] Level 1:colcon.colcon_core.environment:checking '/home/nwhit210/omnicar_ws/install/omnicar' for CMake module files
[3.330s] Level 1:colcon.colcon_core.environment:checking '/home/nwhit210/omnicar_ws/install/omnicar' for CMake config files
[3.331s] Level 1:colcon.colcon_core.shell:create_environment_hook('omnicar', 'cmake_prefix_path')
[3.332s] INFO:colcon.colcon_core.shell:Creating environment hook '/home/nwhit210/omnicar_ws/install/omnicar/share/omnicar/hook/cmake_prefix_path.ps1'
[3.337s] INFO:colcon.colcon_core.shell:Creating environment descriptor '/home/nwhit210/omnicar_ws/install/omnicar/share/omnicar/hook/cmake_prefix_path.dsv'
[3.340s] INFO:colcon.colcon_core.shell:Creating environment hook '/home/nwhit210/omnicar_ws/install/omnicar/share/omnicar/hook/cmake_prefix_path.sh'
[3.344s] Level 1:colcon.colcon_core.environment:checking '/home/nwhit210/omnicar_ws/install/omnicar/bin'
[3.345s] Level 1:colcon.colcon_core.environment:checking '/home/nwhit210/omnicar_ws/install/omnicar/lib/pkgconfig/omnicar.pc'
[3.346s] Level 1:colcon.colcon_core.environment:checking '/home/nwhit210/omnicar_ws/install/omnicar/lib/python3.10/site-packages'
[3.347s] Level 1:colcon.colcon_core.environment:checking '/home/nwhit210/omnicar_ws/install/omnicar/bin'
[3.349s] INFO:colcon.colcon_core.shell:Creating package script '/home/nwhit210/omnicar_ws/install/omnicar/share/omnicar/package.ps1'
[3.358s] INFO:colcon.colcon_core.shell:Creating package descriptor '/home/nwhit210/omnicar_ws/install/omnicar/share/omnicar/package.dsv'
[3.362s] INFO:colcon.colcon_core.shell:Creating package script '/home/nwhit210/omnicar_ws/install/omnicar/share/omnicar/package.sh'
[3.371s] INFO:colcon.colcon_core.shell:Creating package script '/home/nwhit210/omnicar_ws/install/omnicar/share/omnicar/package.bash'
[3.388s] INFO:colcon.colcon_core.shell:Creating package script '/home/nwhit210/omnicar_ws/install/omnicar/share/omnicar/package.zsh'
[3.407s] Level 1:colcon.colcon_core.environment:create_file_with_runtime_dependencies(/home/nwhit210/omnicar_ws/install/omnicar/share/colcon-core/packages/omnicar)
[3.411s] Level 1:colcon.colcon_core.environment:create_environment_scripts_only(omnicar)
[3.412s] Level 1:colcon.colcon_core.environment:checking '/home/nwhit210/omnicar_ws/install/omnicar' for CMake module files
[3.414s] Level 1:colcon.colcon_core.environment:checking '/home/nwhit210/omnicar_ws/install/omnicar' for CMake config files
[3.415s] Level 1:colcon.colcon_core.shell:create_environment_hook('omnicar', 'cmake_prefix_path')
[3.416s] INFO:colcon.colcon_core.shell:Creating environment hook '/home/nwhit210/omnicar_ws/install/omnicar/share/omnicar/hook/cmake_prefix_path.ps1'
[3.419s] INFO:colcon.colcon_core.shell:Creating environment descriptor '/home/nwhit210/omnicar_ws/install/omnicar/share/omnicar/hook/cmake_prefix_path.dsv'
[3.421s] INFO:colcon.colcon_core.shell:Creating environment hook '/home/nwhit210/omnicar_ws/install/omnicar/share/omnicar/hook/cmake_prefix_path.sh'
[3.424s] Level 1:colcon.colcon_core.environment:checking '/home/nwhit210/omnicar_ws/install/omnicar/bin'
[3.425s] Level 1:colcon.colcon_core.environment:checking '/home/nwhit210/omnicar_ws/install/omnicar/lib/pkgconfig/omnicar.pc'
[3.426s] Level 1:colcon.colcon_core.environment:checking '/home/nwhit210/omnicar_ws/install/omnicar/lib/python3.10/site-packages'
[3.427s] Level 1:colcon.colcon_core.environment:checking '/home/nwhit210/omnicar_ws/install/omnicar/bin'
[3.429s] INFO:colcon.colcon_core.shell:Creating package script '/home/nwhit210/omnicar_ws/install/omnicar/share/omnicar/package.ps1'
[3.431s] INFO:colcon.colcon_core.shell:Creating package descriptor '/home/nwhit210/omnicar_ws/install/omnicar/share/omnicar/package.dsv'
[3.438s] INFO:colcon.colcon_core.shell:Creating package script '/home/nwhit210/omnicar_ws/install/omnicar/share/omnicar/package.sh'
[3.439s] INFO:colcon.colcon_core.shell:Creating package script '/home/nwhit210/omnicar_ws/install/omnicar/share/omnicar/package.bash'
[3.441s] INFO:colcon.colcon_core.shell:Creating package script '/home/nwhit210/omnicar_ws/install/omnicar/share/omnicar/package.zsh'
[3.444s] Level 1:colcon.colcon_core.environment:create_file_with_runtime_dependencies(/home/nwhit210/omnicar_ws/install/omnicar/share/colcon-core/packages/omnicar)
[3.697s] DEBUG:colcon.colcon_core.event_handler.log_command:Invoked command in '/home/nwhit210/omnicar_ws/build/mecanum_drive_controller' returned '0': CMAKE_PREFIX_PATH=${CMAKE_PREFIX_PATH}:/opt/ros/humble /usr/bin/cmake --build /home/nwhit210/omnicar_ws/build/mecanum_drive_controller -- -j8 -l8
[3.710s] DEBUG:colcon.colcon_core.event_handler.log_command:Invoking command in '/home/nwhit210/omnicar_ws/build/mecanum_drive_controller': CMAKE_PREFIX_PATH=${CMAKE_PREFIX_PATH}:/opt/ros/humble /usr/bin/cmake --install /home/nwhit210/omnicar_ws/build/mecanum_drive_controller
[3.781s] Level 1:colcon.colcon_core.environment:create_environment_scripts_only(mecanum_drive_controller)
[3.784s] Level 1:colcon.colcon_core.environment:checking '/home/nwhit210/omnicar_ws/install/mecanum_drive_controller' for CMake module files
[3.788s] Level 1:colcon.colcon_core.environment:checking '/home/nwhit210/omnicar_ws/install/mecanum_drive_controller' for CMake config files
[3.789s] Level 1:colcon.colcon_core.shell:create_environment_hook('mecanum_drive_controller', 'cmake_prefix_path')
[3.790s] INFO:colcon.colcon_core.shell:Creating environment hook '/home/nwhit210/omnicar_ws/install/mecanum_drive_controller/share/mecanum_drive_controller/hook/cmake_prefix_path.ps1'
[3.792s] INFO:colcon.colcon_core.shell:Creating environment descriptor '/home/nwhit210/omnicar_ws/install/mecanum_drive_controller/share/mecanum_drive_controller/hook/cmake_prefix_path.dsv'
[3.794s] INFO:colcon.colcon_core.shell:Creating environment hook '/home/nwhit210/omnicar_ws/install/mecanum_drive_controller/share/mecanum_drive_controller/hook/cmake_prefix_path.sh'
[3.799s] DEBUG:colcon.colcon_core.event_handler.log_command:Invoked command in '/home/nwhit210/omnicar_ws/build/mecanum_drive_controller' returned '0': CMAKE_PREFIX_PATH=${CMAKE_PREFIX_PATH}:/opt/ros/humble /usr/bin/cmake --install /home/nwhit210/omnicar_ws/build/mecanum_drive_controller
[3.803s] Level 1:colcon.colcon_core.environment:checking '/home/nwhit210/omnicar_ws/install/mecanum_drive_controller/lib'
[3.804s] Level 1:colcon.colcon_core.shell:create_environment_hook('mecanum_drive_controller', 'ld_library_path_lib')
[3.805s] INFO:colcon.colcon_core.shell:Creating environment hook '/home/nwhit210/omnicar_ws/install/mecanum_drive_controller/share/mecanum_drive_controller/hook/ld_library_path_lib.ps1'
[3.808s] INFO:colcon.colcon_core.shell:Creating environment descriptor '/home/nwhit210/omnicar_ws/install/mecanum_drive_controller/share/mecanum_drive_controller/hook/ld_library_path_lib.dsv'
[3.813s] INFO:colcon.colcon_core.shell:Creating environment hook '/home/nwhit210/omnicar_ws/install/mecanum_drive_controller/share/mecanum_drive_controller/hook/ld_library_path_lib.sh'
[3.817s] Level 1:colcon.colcon_core.environment:checking '/home/nwhit210/omnicar_ws/install/mecanum_drive_controller/bin'
[3.818s] Level 1:colcon.colcon_core.environment:checking '/home/nwhit210/omnicar_ws/install/mecanum_drive_controller/lib/pkgconfig/mecanum_drive_controller.pc'
[3.820s] Level 1:colcon.colcon_core.environment:checking '/home/nwhit210/omnicar_ws/install/mecanum_drive_controller/lib/python3.10/site-packages'
[3.822s] Level 1:colcon.colcon_core.environment:checking '/home/nwhit210/omnicar_ws/install/mecanum_drive_controller/bin'
[3.824s] INFO:colcon.colcon_core.shell:Creating package script '/home/nwhit210/omnicar_ws/install/mecanum_drive_controller/share/mecanum_drive_controller/package.ps1'
[3.828s] INFO:colcon.colcon_core.shell:Creating package descriptor '/home/nwhit210/omnicar_ws/install/mecanum_drive_controller/share/mecanum_drive_controller/package.dsv'
[3.830s] INFO:colcon.colcon_core.shell:Creating package script '/home/nwhit210/omnicar_ws/install/mecanum_drive_controller/share/mecanum_drive_controller/package.sh'
[3.832s] INFO:colcon.colcon_core.shell:Creating package script '/home/nwhit210/omnicar_ws/install/mecanum_drive_controller/share/mecanum_drive_controller/package.bash'
[3.836s] INFO:colcon.colcon_core.shell:Creating package script '/home/nwhit210/omnicar_ws/install/mecanum_drive_controller/share/mecanum_drive_controller/package.zsh'
[3.838s] Level 1:colcon.colcon_core.environment:create_file_with_runtime_dependencies(/home/nwhit210/omnicar_ws/install/mecanum_drive_controller/share/colcon-core/packages/mecanum_drive_controller)
[3.842s] Level 1:colcon.colcon_core.environment:create_environment_scripts_only(mecanum_drive_controller)
[3.844s] Level 1:colcon.colcon_core.environment:checking '/home/nwhit210/omnicar_ws/install/mecanum_drive_controller' for CMake module files
[3.848s] Level 1:colcon.colcon_core.environment:checking '/home/nwhit210/omnicar_ws/install/mecanum_drive_controller' for CMake config files
[3.851s] Level 1:colcon.colcon_core.shell:create_environment_hook('mecanum_drive_controller', 'cmake_prefix_path')
[3.853s] INFO:colcon.colcon_core.shell:Creating environment hook '/home/nwhit210/omnicar_ws/install/mecanum_drive_controller/share/mecanum_drive_controller/hook/cmake_prefix_path.ps1'
[3.855s] INFO:colcon.colcon_core.shell:Creating environment descriptor '/home/nwhit210/omnicar_ws/install/mecanum_drive_controller/share/mecanum_drive_controller/hook/cmake_prefix_path.dsv'
[3.857s] INFO:colcon.colcon_core.shell:Creating environment hook '/home/nwhit210/omnicar_ws/install/mecanum_drive_controller/share/mecanum_drive_controller/hook/cmake_prefix_path.sh'
[3.860s] Level 1:colcon.colcon_core.environment:checking '/home/nwhit210/omnicar_ws/install/mecanum_drive_controller/lib'
[3.860s] Level 1:colcon.colcon_core.shell:create_environment_hook('mecanum_drive_controller', 'ld_library_path_lib')
[3.861s] INFO:colcon.colcon_core.shell:Creating environment hook '/home/nwhit210/omnicar_ws/install/mecanum_drive_controller/share/mecanum_drive_controller/hook/ld_library_path_lib.ps1'
[3.863s] INFO:colcon.colcon_core.shell:Creating environment descriptor '/home/nwhit210/omnicar_ws/install/mecanum_drive_controller/share/mecanum_drive_controller/hook/ld_library_path_lib.dsv'
[3.864s] INFO:colcon.colcon_core.shell:Creating environment hook '/home/nwhit210/omnicar_ws/install/mecanum_drive_controller/share/mecanum_drive_controller/hook/ld_library_path_lib.sh'
[3.866s] Level 1:colcon.colcon_core.environment:checking '/home/nwhit210/omnicar_ws/install/mecanum_drive_controller/bin'
[3.869s] Level 1:colcon.colcon_core.environment:checking '/home/nwhit210/omnicar_ws/install/mecanum_drive_controller/lib/pkgconfig/mecanum_drive_controller.pc'
[3.871s] Level 1:colcon.colcon_core.environment:checking '/home/nwhit210/omnicar_ws/install/mecanum_drive_controller/lib/python3.10/site-packages'
[3.872s] Level 1:colcon.colcon_core.environment:checking '/home/nwhit210/omnicar_ws/install/mecanum_drive_controller/bin'
[3.875s] INFO:colcon.colcon_core.shell:Creating package script '/home/nwhit210/omnicar_ws/install/mecanum_drive_controller/share/mecanum_drive_controller/package.ps1'
[3.879s] INFO:colcon.colcon_core.shell:Creating package descriptor '/home/nwhit210/omnicar_ws/install/mecanum_drive_controller/share/mecanum_drive_controller/package.dsv'
[3.885s] INFO:colcon.colcon_core.shell:Creating package script '/home/nwhit210/omnicar_ws/install/mecanum_drive_controller/share/mecanum_drive_controller/package.sh'
[3.888s] INFO:colcon.colcon_core.shell:Creating package script '/home/nwhit210/omnicar_ws/install/mecanum_drive_controller/share/mecanum_drive_controller/package.bash'
[3.893s] INFO:colcon.colcon_core.shell:Creating package script '/home/nwhit210/omnicar_ws/install/mecanum_drive_controller/share/mecanum_drive_controller/package.zsh'
[3.894s] Level 1:colcon.colcon_core.environment:create_file_with_runtime_dependencies(/home/nwhit210/omnicar_ws/install/mecanum_drive_controller/share/colcon-core/packages/mecanum_drive_controller)
[22.559s] DEBUG:colcon.colcon_core.event_handler.log_command:Invoked command in '/home/nwhit210/omnicar_ws/build/arduino_hardware_controller' returned '0': CMAKE_PREFIX_PATH=${CMAKE_PREFIX_PATH}:/opt/ros/humble /usr/bin/cmake --build /home/nwhit210/omnicar_ws/build/arduino_hardware_controller -- -j8 -l8
[22.560s] DEBUG:colcon.colcon_core.event_handler.log_command:Invoking command in '/home/nwhit210/omnicar_ws/build/arduino_hardware_controller': CMAKE_PREFIX_PATH=${CMAKE_PREFIX_PATH}:/opt/ros/humble /usr/bin/cmake --install /home/nwhit210/omnicar_ws/build/arduino_hardware_controller
[22.606s] Level 1:colcon.colcon_core.environment:create_environment_scripts_only(arduino_hardware_controller)
[22.607s] Level 1:colcon.colcon_core.environment:checking '/home/nwhit210/omnicar_ws/install/arduino_hardware_controller' for CMake module files
[22.608s] Level 1:colcon.colcon_core.environment:checking '/home/nwhit210/omnicar_ws/install/arduino_hardware_controller' for CMake config files
[22.610s] Level 1:colcon.colcon_core.shell:create_environment_hook('arduino_hardware_controller', 'cmake_prefix_path')
[22.612s] INFO:colcon.colcon_core.shell:Creating environment hook '/home/nwhit210/omnicar_ws/install/arduino_hardware_controller/share/arduino_hardware_controller/hook/cmake_prefix_path.ps1'
[22.617s] INFO:colcon.colcon_core.shell:Creating environment descriptor '/home/nwhit210/omnicar_ws/install/arduino_hardware_controller/share/arduino_hardware_controller/hook/cmake_prefix_path.dsv'
[22.632s] INFO:colcon.colcon_core.shell:Creating environment hook '/home/nwhit210/omnicar_ws/install/arduino_hardware_controller/share/arduino_hardware_controller/hook/cmake_prefix_path.sh'
[22.639s] Level 1:colcon.colcon_core.environment:checking '/home/nwhit210/omnicar_ws/install/arduino_hardware_controller/lib'
[22.642s] DEBUG:colcon.colcon_core.event_handler.log_command:Invoked command in '/home/nwhit210/omnicar_ws/build/arduino_hardware_controller' returned '0': CMAKE_PREFIX_PATH=${CMAKE_PREFIX_PATH}:/opt/ros/humble /usr/bin/cmake --install /home/nwhit210/omnicar_ws/build/arduino_hardware_controller
[22.643s] Level 1:colcon.colcon_core.shell:create_environment_hook('arduino_hardware_controller', 'ld_library_path_lib')
[22.645s] INFO:colcon.colcon_core.shell:Creating environment hook '/home/nwhit210/omnicar_ws/install/arduino_hardware_controller/share/arduino_hardware_controller/hook/ld_library_path_lib.ps1'
[22.647s] INFO:colcon.colcon_core.shell:Creating environment descriptor '/home/nwhit210/omnicar_ws/install/arduino_hardware_controller/share/arduino_hardware_controller/hook/ld_library_path_lib.dsv'
[22.650s] INFO:colcon.colcon_core.shell:Creating environment hook '/home/nwhit210/omnicar_ws/install/arduino_hardware_controller/share/arduino_hardware_controller/hook/ld_library_path_lib.sh'
[22.653s] Level 1:colcon.colcon_core.environment:checking '/home/nwhit210/omnicar_ws/install/arduino_hardware_controller/bin'
[22.654s] Level 1:colcon.colcon_core.environment:checking '/home/nwhit210/omnicar_ws/install/arduino_hardware_controller/lib/pkgconfig/arduino_hardware_controller.pc'
[22.656s] Level 1:colcon.colcon_core.environment:checking '/home/nwhit210/omnicar_ws/install/arduino_hardware_controller/lib/python3.10/site-packages'
[22.658s] Level 1:colcon.colcon_core.environment:checking '/home/nwhit210/omnicar_ws/install/arduino_hardware_controller/bin'
[22.660s] INFO:colcon.colcon_core.shell:Creating package script '/home/nwhit210/omnicar_ws/install/arduino_hardware_controller/share/arduino_hardware_controller/package.ps1'
[22.665s] INFO:colcon.colcon_core.shell:Creating package descriptor '/home/nwhit210/omnicar_ws/install/arduino_hardware_controller/share/arduino_hardware_controller/package.dsv'
[22.668s] INFO:colcon.colcon_core.shell:Creating package script '/home/nwhit210/omnicar_ws/install/arduino_hardware_controller/share/arduino_hardware_controller/package.sh'
[22.671s] INFO:colcon.colcon_core.shell:Creating package script '/home/nwhit210/omnicar_ws/install/arduino_hardware_controller/share/arduino_hardware_controller/package.bash'
[22.673s] INFO:colcon.colcon_core.shell:Creating package script '/home/nwhit210/omnicar_ws/install/arduino_hardware_controller/share/arduino_hardware_controller/package.zsh'
[22.674s] Level 1:colcon.colcon_core.environment:create_file_with_runtime_dependencies(/home/nwhit210/omnicar_ws/install/arduino_hardware_controller/share/colcon-core/packages/arduino_hardware_controller)
[22.678s] Level 1:colcon.colcon_core.environment:create_environment_scripts_only(arduino_hardware_controller)
[22.679s] Level 1:colcon.colcon_core.environment:checking '/home/nwhit210/omnicar_ws/install/arduino_hardware_controller' for CMake module files
[22.684s] Level 1:colcon.colcon_core.environment:checking '/home/nwhit210/omnicar_ws/install/arduino_hardware_controller' for CMake config files
[22.685s] Level 1:colcon.colcon_core.shell:create_environment_hook('arduino_hardware_controller', 'cmake_prefix_path')
[22.686s] INFO:colcon.colcon_core.shell:Creating environment hook '/home/nwhit210/omnicar_ws/install/arduino_hardware_controller/share/arduino_hardware_controller/hook/cmake_prefix_path.ps1'
[22.688s] INFO:colcon.colcon_core.shell:Creating environment descriptor '/home/nwhit210/omnicar_ws/install/arduino_hardware_controller/share/arduino_hardware_controller/hook/cmake_prefix_path.dsv'
[22.689s] INFO:colcon.colcon_core.shell:Creating environment hook '/home/nwhit210/omnicar_ws/install/arduino_hardware_controller/share/arduino_hardware_controller/hook/cmake_prefix_path.sh'
[22.691s] Level 1:colcon.colcon_core.environment:checking '/home/nwhit210/omnicar_ws/install/arduino_hardware_controller/lib'
[22.691s] Level 1:colcon.colcon_core.shell:create_environment_hook('arduino_hardware_controller', 'ld_library_path_lib')
[22.692s] INFO:colcon.colcon_core.shell:Creating environment hook '/home/nwhit210/omnicar_ws/install/arduino_hardware_controller/share/arduino_hardware_controller/hook/ld_library_path_lib.ps1'
[22.693s] INFO:colcon.colcon_core.shell:Creating environment descriptor '/home/nwhit210/omnicar_ws/install/arduino_hardware_controller/share/arduino_hardware_controller/hook/ld_library_path_lib.dsv'
[22.695s] INFO:colcon.colcon_core.shell:Creating environment hook '/home/nwhit210/omnicar_ws/install/arduino_hardware_controller/share/arduino_hardware_controller/hook/ld_library_path_lib.sh'
[22.696s] Level 1:colcon.colcon_core.environment:checking '/home/nwhit210/omnicar_ws/install/arduino_hardware_controller/bin'
[22.697s] Level 1:colcon.colcon_core.environment:checking '/home/nwhit210/omnicar_ws/install/arduino_hardware_controller/lib/pkgconfig/arduino_hardware_controller.pc'
[22.698s] Level 1:colcon.colcon_core.environment:checking '/home/nwhit210/omnicar_ws/install/arduino_hardware_controller/lib/python3.10/site-packages'
[22.702s] Level 1:colcon.colcon_core.environment:checking '/home/nwhit210/omnicar_ws/install/arduino_hardware_controller/bin'
[22.704s] INFO:colcon.colcon_core.shell:Creating package script '/home/nwhit210/omnicar_ws/install/arduino_hardware_controller/share/arduino_hardware_controller/package.ps1'
[22.709s] INFO:colcon.colcon_core.shell:Creating package descriptor '/home/nwhit210/omnicar_ws/install/arduino_hardware_controller/share/arduino_hardware_controller/package.dsv'
[22.713s] INFO:colcon.colcon_core.shell:Creating package script '/home/nwhit210/omnicar_ws/install/arduino_hardware_controller/share/arduino_hardware_controller/package.sh'
[22.721s] INFO:colcon.colcon_core.shell:Creating package script '/home/nwhit210/omnicar_ws/install/arduino_hardware_controller/share/arduino_hardware_controller/package.bash'
[22.724s] INFO:colcon.colcon_core.shell:Creating package script '/home/nwhit210/omnicar_ws/install/arduino_hardware_controller/share/arduino_hardware_controller/package.zsh'
[22.727s] Level 1:colcon.colcon_core.environment:create_file_with_runtime_dependencies(/home/nwhit210/omnicar_ws/install/arduino_hardware_controller/share/colcon-core/packages/arduino_hardware_controller)
[22.728s] DEBUG:colcon.colcon_parallel_executor.executor.parallel:closing loop
[22.729s] DEBUG:colcon.colcon_parallel_executor.executor.parallel:loop closed
[22.730s] DEBUG:colcon.colcon_parallel_executor.executor.parallel:run_until_complete finished with '0'
[22.734s] DEBUG:colcon.colcon_core.event_reactor:joining thread
[23.103s] INFO:colcon.colcon_core.plugin_system:Skipping extension 'colcon_notification.desktop_notification.notify_send': Could not find 'notify-send'
[23.104s] INFO:colcon.colcon_core.plugin_system:Skipping extension 'colcon_notification.desktop_notification.terminal_notifier': Not used on non-Darwin systems
[23.105s] INFO:colcon.colcon_core.plugin_system:Skipping extension 'colcon_notification.desktop_notification.win32': Not used on non-Windows systems
[23.105s] INFO:colcon.colcon_notification.desktop_notification:Sending desktop notification using 'notify2'
[23.108s] DEBUG:colcon.colcon_notification.desktop_notification.notify2:Failed to initialize notify2: org.freedesktop.DBus.Error.FileNotFound: Failed to connect to socket /run/user/1000/bus: No such file or directory
[23.108s] DEBUG:colcon.colcon_core.event_reactor:joined thread
[23.110s] INFO:colcon.colcon_core.shell:Creating prefix script '/home/nwhit210/omnicar_ws/install/local_setup.ps1'
[23.116s] INFO:colcon.colcon_core.shell:Creating prefix util module '/home/nwhit210/omnicar_ws/install/_local_setup_util_ps1.py'
[23.125s] INFO:colcon.colcon_core.shell:Creating prefix chain script '/home/nwhit210/omnicar_ws/install/setup.ps1'
[23.131s] INFO:colcon.colcon_core.shell:Creating prefix script '/home/nwhit210/omnicar_ws/install/local_setup.sh'
[23.136s] INFO:colcon.colcon_core.shell:Creating prefix util module '/home/nwhit210/omnicar_ws/install/_local_setup_util_sh.py'
[23.139s] INFO:colcon.colcon_core.shell:Creating prefix chain script '/home/nwhit210/omnicar_ws/install/setup.sh'
[23.146s] INFO:colcon.colcon_core.shell:Creating prefix script '/home/nwhit210/omnicar_ws/install/local_setup.bash'
[23.149s] INFO:colcon.colcon_core.shell:Creating prefix chain script '/home/nwhit210/omnicar_ws/install/setup.bash'
[23.155s] INFO:colcon.colcon_core.shell:Creating prefix script '/home/nwhit210/omnicar_ws/install/local_setup.zsh'
[23.159s] INFO:colcon.colcon_core.shell:Creating prefix chain script '/home/nwhit210/omnicar_ws/install/setup.zsh'
