[35m[1mConsolidate compiler generated dependencies of target arduino_hardware_controller[0m
[ 50%] [32mBuilding CXX object CMakeFiles/arduino_hardware_controller.dir/hardware/arduino_hardware.cpp.o[0m
[100%] [32m[1mLinking CXX shared library libarduino_hardware_controller.so[0m
[100%] Built target arduino_hardware_controller
-- Install configuration: ""
-- Up-to-date: /home/nwhit210/omnicar_2_ws/install/arduino_hardware_controller/share/arduino_hardware_controller/arduino_hardware_controller.xml
-- Up-to-date: /home/nwhit210/omnicar_2_ws/install/arduino_hardware_controller/include/arduino_hardware_controller
-- Up-to-date: /home/nwhit210/omnicar_2_ws/install/arduino_hardware_controller/include/arduino_hardware_controller/arduino_hardware_controller
-- Up-to-date: /home/nwhit210/omnicar_2_ws/install/arduino_hardware_controller/include/arduino_hardware_controller/arduino_hardware_controller/arduino_hardware.hpp
-- Up-to-date: /home/nwhit210/omnicar_2_ws/install/arduino_hardware_controller/include/arduino_hardware_controller/arduino_hardware_controller/arduino_comms.hpp
-- Up-to-date: /home/nwhit210/omnicar_2_ws/install/arduino_hardware_controller/share/arduino_hardware_controller/launch
-- Up-to-date: /home/nwhit210/omnicar_2_ws/install/arduino_hardware_controller/share/arduino_hardware_controller/launch/view_robot.launch.py
-- Up-to-date: /home/nwhit210/omnicar_2_ws/install/arduino_hardware_controller/share/arduino_hardware_controller/ros2_control
-- Up-to-date: /home/nwhit210/omnicar_2_ws/install/arduino_hardware_controller/share/arduino_hardware_controller/ros2_control/diffbot.ros2_control.xacro
-- Up-to-date: /home/nwhit210/omnicar_2_ws/install/arduino_hardware_controller/share/arduino_hardware_controller/urdf
-- Up-to-date: /home/nwhit210/omnicar_2_ws/install/arduino_hardware_controller/share/arduino_hardware_controller/urdf/diffbot.urdf.xacro
-- Up-to-date: /home/nwhit210/omnicar_2_ws/install/arduino_hardware_controller/share/arduino_hardware_controller/launch
-- Up-to-date: /home/nwhit210/omnicar_2_ws/install/arduino_hardware_controller/share/arduino_hardware_controller/launch/view_robot.launch.py
-- Up-to-date: /home/nwhit210/omnicar_2_ws/install/arduino_hardware_controller/share/arduino_hardware_controller/launch/arduino.launch.py
-- Up-to-date: /home/nwhit210/omnicar_2_ws/install/arduino_hardware_controller/share/arduino_hardware_controller/config
-- Up-to-date: /home/nwhit210/omnicar_2_ws/install/arduino_hardware_controller/share/arduino_hardware_controller/config/diffbot_controllers.yaml
-- Installing: /home/nwhit210/omnicar_2_ws/install/arduino_hardware_controller/lib/libarduino_hardware_controller.so
-- Set runtime path of "/home/nwhit210/omnicar_2_ws/install/arduino_hardware_controller/lib/libarduino_hardware_controller.so" to ""
-- Up-to-date: /home/nwhit210/omnicar_2_ws/install/arduino_hardware_controller/share/arduino_hardware_controller/environment/library_path.sh
-- Up-to-date: /home/nwhit210/omnicar_2_ws/install/arduino_hardware_controller/share/arduino_hardware_controller/environment/library_path.dsv
-- Up-to-date: /home/nwhit210/omnicar_2_ws/install/arduino_hardware_controller/share/ament_index/resource_index/package_run_dependencies/arduino_hardware_controller
-- Up-to-date: /home/nwhit210/omnicar_2_ws/install/arduino_hardware_controller/share/ament_index/resource_index/parent_prefix_path/arduino_hardware_controller
-- Up-to-date: /home/nwhit210/omnicar_2_ws/install/arduino_hardware_controller/share/arduino_hardware_controller/environment/ament_prefix_path.sh
-- Up-to-date: /home/nwhit210/omnicar_2_ws/install/arduino_hardware_controller/share/arduino_hardware_controller/environment/ament_prefix_path.dsv
-- Up-to-date: /home/nwhit210/omnicar_2_ws/install/arduino_hardware_controller/share/arduino_hardware_controller/environment/path.sh
-- Up-to-date: /home/nwhit210/omnicar_2_ws/install/arduino_hardware_controller/share/arduino_hardware_controller/environment/path.dsv
-- Up-to-date: /home/nwhit210/omnicar_2_ws/install/arduino_hardware_controller/share/arduino_hardware_controller/local_setup.bash
-- Up-to-date: /home/nwhit210/omnicar_2_ws/install/arduino_hardware_controller/share/arduino_hardware_controller/local_setup.sh
-- Up-to-date: /home/nwhit210/omnicar_2_ws/install/arduino_hardware_controller/share/arduino_hardware_controller/local_setup.zsh
-- Up-to-date: /home/nwhit210/omnicar_2_ws/install/arduino_hardware_controller/share/arduino_hardware_controller/local_setup.dsv
-- Installing: /home/nwhit210/omnicar_2_ws/install/arduino_hardware_controller/share/arduino_hardware_controller/package.dsv
-- Up-to-date: /home/nwhit210/omnicar_2_ws/install/arduino_hardware_controller/share/ament_index/resource_index/packages/arduino_hardware_controller
-- Up-to-date: /home/nwhit210/omnicar_2_ws/install/arduino_hardware_controller/share/ament_index/resource_index/hardware_interface__pluginlib__plugin/arduino_hardware_controller
-- Up-to-date: /home/nwhit210/omnicar_2_ws/install/arduino_hardware_controller/share/arduino_hardware_controller/cmake/export_arduino_hardware_controllerExport.cmake
-- Up-to-date: /home/nwhit210/omnicar_2_ws/install/arduino_hardware_controller/share/arduino_hardware_controller/cmake/export_arduino_hardware_controllerExport-noconfig.cmake
-- Up-to-date: /home/nwhit210/omnicar_2_ws/install/arduino_hardware_controller/share/arduino_hardware_controller/cmake/ament_cmake_export_targets-extras.cmake
-- Up-to-date: /home/nwhit210/omnicar_2_ws/install/arduino_hardware_controller/share/arduino_hardware_controller/cmake/ament_cmake_export_dependencies-extras.cmake
-- Up-to-date: /home/nwhit210/omnicar_2_ws/install/arduino_hardware_controller/share/arduino_hardware_controller/cmake/arduino_hardware_controllerConfig.cmake
-- Up-to-date: /home/nwhit210/omnicar_2_ws/install/arduino_hardware_controller/share/arduino_hardware_controller/cmake/arduino_hardware_controllerConfig-version.cmake
-- Up-to-date: /home/nwhit210/omnicar_2_ws/install/arduino_hardware_controller/share/arduino_hardware_controller/package.xml
